[0.035s] Invoking command in '/ros2_ws/build/graph_visual_control': CMAKE_PREFIX_PATH=/ros2_ws/install/graph_msgs:/ros2_ws/install/anscer_msgs:/ros2_ws/install/start_robot_bringup:/ros2_ws/install/anscer_agv_bringup:/ros2_ws/install/lower_level_controller:/ros2_ws/install/wms_data:/ros2_ws/install/twist_mux:/ros2_ws/install/tag_monitor:/ros2_ws/install/rosbridge_server:/ros2_ws/install/robot_pose_publisher:/ros2_ws/install/reader_modules:/ros2_ws/install/qr_navigation:/ros2_ws/install/qr_mission_scheduler:/ros2_ws/install/power_control:/ros2_ws/install/navigation_speed_control:/ros2_ws/install/lift_action:/ros2_ws/install/graph_visual_control:/ros2_ws/install/graph_server:/ros2_ws/install/global_path_graph_planner:/ros2_ws/install/global_path_graph:/ros2_ws/install/graph_creator:/ros2_ws/install/graph_creator_msgs:/ros2_ws/install/graph_control:/ros2_ws/install/graph_creator_rviz_plugin:/ros2_ws/install/emergency_handler:/ros2_ws/install/brake_action:/ros2_ws/install/anscer_teleop:/ros2_ws/install/acr_robot_controller:/ros2_ws/install/anscer_description:/opt/ros/humble LD_LIBRARY_PATH=/ros2_ws/install/graph_msgs/lib:/ros2_ws/install/anscer_msgs/lib:/ros2_ws/install/wms_data/lib:/ros2_ws/install/twist_mux/lib:/ros2_ws/install/rosbridge_server/lib:/ros2_ws/install/qr_navigation/lib:/ros2_ws/install/qr_mission_scheduler/lib:/ros2_ws/install/lift_action/lib:/ros2_ws/install/global_path_graph_planner/lib:/ros2_ws/install/global_path_graph/lib:/ros2_ws/install/graph_creator/lib:/ros2_ws/install/graph_creator_msgs/lib:/ros2_ws/install/graph_control/lib:/ros2_ws/install/graph_creator_rviz_plugin/lib:/opt/ros/humble/opt/rviz_ogre_vendor/lib:/opt/ros/humble/lib/aarch64-linux-gnu:/opt/ros/humble/lib /usr/bin/cmake /ros2_ws/src/graph_visual_control -DCMAKE_INSTALL_PREFIX=/ros2_ws/install/graph_visual_control
[0.125s] -- The C compiler identification is GNU 11.4.0
[0.213s] -- The CXX compiler identification is GNU 11.4.0
[0.224s] -- Detecting C compiler ABI info
[0.345s] -- Detecting C compiler ABI info - done
[0.356s] -- Check for working C compiler: /usr/bin/cc - skipped
[0.357s] -- Detecting C compile features
[0.358s] -- Detecting C compile features - done
[0.362s] -- Detecting CXX compiler ABI info
[0.497s] -- Detecting CXX compiler ABI info - done
[0.506s] -- Check for working CXX compiler: /usr/bin/c++ - skipped
[0.506s] -- Detecting CXX compile features
[0.507s] -- Detecting CXX compile features - done
[0.513s] -- Found ament_cmake: 1.3.12 (/opt/ros/humble/share/ament_cmake/cmake)
[0.801s] -- Found Python3: /usr/bin/python3 (found version "3.10.12") found components: Interpreter 
[1.005s] -- Found rclcpp: 16.0.15 (/opt/ros/humble/share/rclcpp/cmake)
[1.089s] -- Found rosidl_generator_c: 3.1.7 (/opt/ros/humble/share/rosidl_generator_c/cmake)
[1.101s] -- Found rosidl_adapter: 3.1.7 (/opt/ros/humble/share/rosidl_adapter/cmake)
[1.119s] -- Found rosidl_generator_cpp: 3.1.7 (/opt/ros/humble/share/rosidl_generator_cpp/cmake)
[1.142s] -- Using all available rosidl_typesupport_c: rosidl_typesupport_fastrtps_c;rosidl_typesupport_introspection_c
[1.173s] -- Using all available rosidl_typesupport_cpp: rosidl_typesupport_fastrtps_cpp;rosidl_typesupport_introspection_cpp
[1.261s] -- Found rmw_implementation_cmake: 6.1.2 (/opt/ros/humble/share/rmw_implementation_cmake/cmake)
[1.268s] -- Found rmw_fastrtps_cpp: 6.2.8 (/opt/ros/humble/share/rmw_fastrtps_cpp/cmake)
[1.430s] -- Found OpenSSL: /usr/lib/aarch64-linux-gnu/libcrypto.so (found version "3.0.2")  
[1.474s] -- Found FastRTPS: /opt/ros/humble/include  
[1.543s] -- Using RMW implementation 'rmw_fastrtps_cpp' as default
[1.564s] -- Looking for pthread.h
[1.700s] -- Looking for pthread.h - found
[1.700s] -- Performing Test CMAKE_HAVE_LIBC_PTHREAD
[1.827s] -- Performing Test CMAKE_HAVE_LIBC_PTHREAD - Success
[1.827s] -- Found Threads: TRUE  
[1.915s] -- Found rclcpp_action: 16.0.15 (/opt/ros/humble/share/rclcpp_action/cmake)
[1.972s] -- Found rclcpp_components: 16.0.15 (/opt/ros/humble/share/rclcpp_components/cmake)
[2.021s] -- Found geometry_msgs: 4.9.0 (/opt/ros/humble/share/geometry_msgs/cmake)
[2.042s] -- Found nav_msgs: 4.9.0 (/opt/ros/humble/share/nav_msgs/cmake)
[2.067s] -- Found visualization_msgs: 4.9.0 (/opt/ros/humble/share/visualization_msgs/cmake)
[2.127s] -- Found interactive_markers: 2.3.2 (/opt/ros/humble/share/interactive_markers/cmake)
[2.142s] -- Found nav2_msgs: 1.1.18 (/opt/ros/humble/share/nav2_msgs/cmake)
[2.178s] -- Found tf2_ros: 0.25.16 (/opt/ros/humble/share/tf2_ros/cmake)
[2.229s] -- Found tf2_geometry_msgs: 0.25.16 (/opt/ros/humble/share/tf2_geometry_msgs/cmake)
[2.258s] -- Found eigen3_cmake_module: 0.1.1 (/opt/ros/humble/share/eigen3_cmake_module/cmake)
[2.261s] -- Found Eigen3: TRUE (found version "3.4.0") 
[2.262s] -- Ensuring Eigen3 include directory is part of orocos-kdl CMake target
[2.266s] -- Found graph_msgs: 1.0.0 (/ros2_ws/install/graph_msgs/share/graph_msgs/cmake)
[2.296s] -- Found anscer_msgs: 0.0.0 (/ros2_ws/install/anscer_msgs/share/anscer_msgs/cmake)
[2.349s] -- Found ament_lint_auto: 0.12.14 (/opt/ros/humble/share/ament_lint_auto/cmake)
[2.526s] -- Added test 'copyright' to check source files copyright and LICENSE
[2.545s] -- Added test 'cppcheck' to perform static code analysis on C / C++ code
[2.547s] -- Configured cppcheck include dirs: /ros2_ws/src/graph_visual_control/include
[2.547s] -- Configured cppcheck exclude dirs and/or files: 
[2.568s] -- Added test 'cpplint' to check C / C++ code against the Google style
[2.569s] -- Configured cpplint exclude dirs and/or files: 
[2.573s] -- Added test 'flake8' to check Python code syntax and style conventions
[2.579s] -- Added test 'lint_cmake' to check CMake code style
[2.584s] -- Added test 'pep257' to check Python code against some of the docstring style conventions in PEP 257
[2.605s] -- Added test 'uncrustify' to check C / C++ code style
[2.605s] -- Configured uncrustify additional arguments: 
[2.610s] -- Added test 'xmllint' to check XML markup files
[2.613s] -- Configuring done
[2.661s] -- Generating done
[2.673s] -- Build files have been written to: /ros2_ws/build/graph_visual_control
[2.712s] Invoked command in '/ros2_ws/build/graph_visual_control' returned '0': CMAKE_PREFIX_PATH=/ros2_ws/install/graph_msgs:/ros2_ws/install/anscer_msgs:/ros2_ws/install/start_robot_bringup:/ros2_ws/install/anscer_agv_bringup:/ros2_ws/install/lower_level_controller:/ros2_ws/install/wms_data:/ros2_ws/install/twist_mux:/ros2_ws/install/tag_monitor:/ros2_ws/install/rosbridge_server:/ros2_ws/install/robot_pose_publisher:/ros2_ws/install/reader_modules:/ros2_ws/install/qr_navigation:/ros2_ws/install/qr_mission_scheduler:/ros2_ws/install/power_control:/ros2_ws/install/navigation_speed_control:/ros2_ws/install/lift_action:/ros2_ws/install/graph_visual_control:/ros2_ws/install/graph_server:/ros2_ws/install/global_path_graph_planner:/ros2_ws/install/global_path_graph:/ros2_ws/install/graph_creator:/ros2_ws/install/graph_creator_msgs:/ros2_ws/install/graph_control:/ros2_ws/install/graph_creator_rviz_plugin:/ros2_ws/install/emergency_handler:/ros2_ws/install/brake_action:/ros2_ws/install/anscer_teleop:/ros2_ws/install/acr_robot_controller:/ros2_ws/install/anscer_description:/opt/ros/humble LD_LIBRARY_PATH=/ros2_ws/install/graph_msgs/lib:/ros2_ws/install/anscer_msgs/lib:/ros2_ws/install/wms_data/lib:/ros2_ws/install/twist_mux/lib:/ros2_ws/install/rosbridge_server/lib:/ros2_ws/install/qr_navigation/lib:/ros2_ws/install/qr_mission_scheduler/lib:/ros2_ws/install/lift_action/lib:/ros2_ws/install/global_path_graph_planner/lib:/ros2_ws/install/global_path_graph/lib:/ros2_ws/install/graph_creator/lib:/ros2_ws/install/graph_creator_msgs/lib:/ros2_ws/install/graph_control/lib:/ros2_ws/install/graph_creator_rviz_plugin/lib:/opt/ros/humble/opt/rviz_ogre_vendor/lib:/opt/ros/humble/lib/aarch64-linux-gnu:/opt/ros/humble/lib /usr/bin/cmake /ros2_ws/src/graph_visual_control -DCMAKE_INSTALL_PREFIX=/ros2_ws/install/graph_visual_control
[2.712s] Invoking command in '/ros2_ws/build/graph_visual_control': CMAKE_PREFIX_PATH=/ros2_ws/install/graph_msgs:/ros2_ws/install/anscer_msgs:/ros2_ws/install/start_robot_bringup:/ros2_ws/install/anscer_agv_bringup:/ros2_ws/install/lower_level_controller:/ros2_ws/install/wms_data:/ros2_ws/install/twist_mux:/ros2_ws/install/tag_monitor:/ros2_ws/install/rosbridge_server:/ros2_ws/install/robot_pose_publisher:/ros2_ws/install/reader_modules:/ros2_ws/install/qr_navigation:/ros2_ws/install/qr_mission_scheduler:/ros2_ws/install/power_control:/ros2_ws/install/navigation_speed_control:/ros2_ws/install/lift_action:/ros2_ws/install/graph_visual_control:/ros2_ws/install/graph_server:/ros2_ws/install/global_path_graph_planner:/ros2_ws/install/global_path_graph:/ros2_ws/install/graph_creator:/ros2_ws/install/graph_creator_msgs:/ros2_ws/install/graph_control:/ros2_ws/install/graph_creator_rviz_plugin:/ros2_ws/install/emergency_handler:/ros2_ws/install/brake_action:/ros2_ws/install/anscer_teleop:/ros2_ws/install/acr_robot_controller:/ros2_ws/install/anscer_description:/opt/ros/humble LD_LIBRARY_PATH=/ros2_ws/install/graph_msgs/lib:/ros2_ws/install/anscer_msgs/lib:/ros2_ws/install/wms_data/lib:/ros2_ws/install/twist_mux/lib:/ros2_ws/install/rosbridge_server/lib:/ros2_ws/install/qr_navigation/lib:/ros2_ws/install/qr_mission_scheduler/lib:/ros2_ws/install/lift_action/lib:/ros2_ws/install/global_path_graph_planner/lib:/ros2_ws/install/global_path_graph/lib:/ros2_ws/install/graph_creator/lib:/ros2_ws/install/graph_creator_msgs/lib:/ros2_ws/install/graph_control/lib:/ros2_ws/install/graph_creator_rviz_plugin/lib:/opt/ros/humble/opt/rviz_ogre_vendor/lib:/opt/ros/humble/lib/aarch64-linux-gnu:/opt/ros/humble/lib /usr/bin/cmake --build /ros2_ws/build/graph_visual_control -- -j12 -l12
[3.171s] [ 50%] [32mBuilding CXX object CMakeFiles/graph_viz_ctrl.dir/src/graph_viz_ctrl.cpp.o[0m
[31.823s] [100%] [32m[1mLinking CXX executable graph_viz_ctrl[0m
[33.406s] [100%] Built target graph_viz_ctrl
[34.166s] Invoked command in '/ros2_ws/build/graph_visual_control' returned '0': CMAKE_PREFIX_PATH=/ros2_ws/install/graph_msgs:/ros2_ws/install/anscer_msgs:/ros2_ws/install/start_robot_bringup:/ros2_ws/install/anscer_agv_bringup:/ros2_ws/install/lower_level_controller:/ros2_ws/install/wms_data:/ros2_ws/install/twist_mux:/ros2_ws/install/tag_monitor:/ros2_ws/install/rosbridge_server:/ros2_ws/install/robot_pose_publisher:/ros2_ws/install/reader_modules:/ros2_ws/install/qr_navigation:/ros2_ws/install/qr_mission_scheduler:/ros2_ws/install/power_control:/ros2_ws/install/navigation_speed_control:/ros2_ws/install/lift_action:/ros2_ws/install/graph_visual_control:/ros2_ws/install/graph_server:/ros2_ws/install/global_path_graph_planner:/ros2_ws/install/global_path_graph:/ros2_ws/install/graph_creator:/ros2_ws/install/graph_creator_msgs:/ros2_ws/install/graph_control:/ros2_ws/install/graph_creator_rviz_plugin:/ros2_ws/install/emergency_handler:/ros2_ws/install/brake_action:/ros2_ws/install/anscer_teleop:/ros2_ws/install/acr_robot_controller:/ros2_ws/install/anscer_description:/opt/ros/humble LD_LIBRARY_PATH=/ros2_ws/install/graph_msgs/lib:/ros2_ws/install/anscer_msgs/lib:/ros2_ws/install/wms_data/lib:/ros2_ws/install/twist_mux/lib:/ros2_ws/install/rosbridge_server/lib:/ros2_ws/install/qr_navigation/lib:/ros2_ws/install/qr_mission_scheduler/lib:/ros2_ws/install/lift_action/lib:/ros2_ws/install/global_path_graph_planner/lib:/ros2_ws/install/global_path_graph/lib:/ros2_ws/install/graph_creator/lib:/ros2_ws/install/graph_creator_msgs/lib:/ros2_ws/install/graph_control/lib:/ros2_ws/install/graph_creator_rviz_plugin/lib:/opt/ros/humble/opt/rviz_ogre_vendor/lib:/opt/ros/humble/lib/aarch64-linux-gnu:/opt/ros/humble/lib /usr/bin/cmake --build /ros2_ws/build/graph_visual_control -- -j12 -l12
[34.169s] Invoking command in '/ros2_ws/build/graph_visual_control': CMAKE_PREFIX_PATH=/ros2_ws/install/graph_msgs:/ros2_ws/install/anscer_msgs:/ros2_ws/install/start_robot_bringup:/ros2_ws/install/anscer_agv_bringup:/ros2_ws/install/lower_level_controller:/ros2_ws/install/wms_data:/ros2_ws/install/twist_mux:/ros2_ws/install/tag_monitor:/ros2_ws/install/rosbridge_server:/ros2_ws/install/robot_pose_publisher:/ros2_ws/install/reader_modules:/ros2_ws/install/qr_navigation:/ros2_ws/install/qr_mission_scheduler:/ros2_ws/install/power_control:/ros2_ws/install/navigation_speed_control:/ros2_ws/install/lift_action:/ros2_ws/install/graph_visual_control:/ros2_ws/install/graph_server:/ros2_ws/install/global_path_graph_planner:/ros2_ws/install/global_path_graph:/ros2_ws/install/graph_creator:/ros2_ws/install/graph_creator_msgs:/ros2_ws/install/graph_control:/ros2_ws/install/graph_creator_rviz_plugin:/ros2_ws/install/emergency_handler:/ros2_ws/install/brake_action:/ros2_ws/install/anscer_teleop:/ros2_ws/install/acr_robot_controller:/ros2_ws/install/anscer_description:/opt/ros/humble LD_LIBRARY_PATH=/ros2_ws/install/graph_msgs/lib:/ros2_ws/install/anscer_msgs/lib:/ros2_ws/install/wms_data/lib:/ros2_ws/install/twist_mux/lib:/ros2_ws/install/rosbridge_server/lib:/ros2_ws/install/qr_navigation/lib:/ros2_ws/install/qr_mission_scheduler/lib:/ros2_ws/install/lift_action/lib:/ros2_ws/install/global_path_graph_planner/lib:/ros2_ws/install/global_path_graph/lib:/ros2_ws/install/graph_creator/lib:/ros2_ws/install/graph_creator_msgs/lib:/ros2_ws/install/graph_control/lib:/ros2_ws/install/graph_creator_rviz_plugin/lib:/opt/ros/humble/opt/rviz_ogre_vendor/lib:/opt/ros/humble/lib/aarch64-linux-gnu:/opt/ros/humble/lib /usr/bin/cmake --install /ros2_ws/build/graph_visual_control
[34.183s] -- Install configuration: ""
[34.183s] -- Installing: /ros2_ws/install/graph_visual_control/lib/graph_visual_control/graph_viz_ctrl
[34.191s] -- Set runtime path of "/ros2_ws/install/graph_visual_control/lib/graph_visual_control/graph_viz_ctrl" to ""
[34.191s] -- Installing: /ros2_ws/install/graph_visual_control/include/graph_visual_control
[34.191s] -- Installing: /ros2_ws/install/graph_visual_control/include/graph_visual_control/graph_visual_control
[34.191s] -- Installing: /ros2_ws/install/graph_visual_control/include/graph_visual_control/graph_visual_control/graph_viz_ctrl.hpp
[34.191s] -- Installing: /ros2_ws/install/graph_visual_control/share/graph_visual_control/launch
[34.191s] -- Installing: /ros2_ws/install/graph_visual_control/share/graph_visual_control/launch/graph_visual_control.launch.py
[34.241s] -- Installing: /ros2_ws/install/graph_visual_control/share/ament_index/resource_index/package_run_dependencies/graph_visual_control
[34.241s] -- Installing: /ros2_ws/install/graph_visual_control/share/ament_index/resource_index/parent_prefix_path/graph_visual_control
[34.241s] -- Installing: /ros2_ws/install/graph_visual_control/share/graph_visual_control/environment/ament_prefix_path.sh
[34.241s] -- Installing: /ros2_ws/install/graph_visual_control/share/graph_visual_control/environment/ament_prefix_path.dsv
[34.242s] -- Installing: /ros2_ws/install/graph_visual_control/share/graph_visual_control/environment/path.sh
[34.242s] -- Installing: /ros2_ws/install/graph_visual_control/share/graph_visual_control/environment/path.dsv
[34.242s] -- Installing: /ros2_ws/install/graph_visual_control/share/graph_visual_control/local_setup.bash
[34.242s] -- Installing: /ros2_ws/install/graph_visual_control/share/graph_visual_control/local_setup.sh
[34.242s] -- Installing: /ros2_ws/install/graph_visual_control/share/graph_visual_control/local_setup.zsh
[34.243s] -- Installing: /ros2_ws/install/graph_visual_control/share/graph_visual_control/local_setup.dsv
[34.243s] -- Installing: /ros2_ws/install/graph_visual_control/share/graph_visual_control/package.dsv
[34.243s] -- Installing: /ros2_ws/install/graph_visual_control/share/ament_index/resource_index/packages/graph_visual_control
[34.243s] -- Installing: /ros2_ws/install/graph_visual_control/share/graph_visual_control/cmake/graph_visual_controlConfig.cmake
[34.243s] -- Installing: /ros2_ws/install/graph_visual_control/share/graph_visual_control/cmake/graph_visual_controlConfig-version.cmake
[34.244s] -- Installing: /ros2_ws/install/graph_visual_control/share/graph_visual_control/package.xml
[34.249s] Invoked command in '/ros2_ws/build/graph_visual_control' returned '0': CMAKE_PREFIX_PATH=/ros2_ws/install/graph_msgs:/ros2_ws/install/anscer_msgs:/ros2_ws/install/start_robot_bringup:/ros2_ws/install/anscer_agv_bringup:/ros2_ws/install/lower_level_controller:/ros2_ws/install/wms_data:/ros2_ws/install/twist_mux:/ros2_ws/install/tag_monitor:/ros2_ws/install/rosbridge_server:/ros2_ws/install/robot_pose_publisher:/ros2_ws/install/reader_modules:/ros2_ws/install/qr_navigation:/ros2_ws/install/qr_mission_scheduler:/ros2_ws/install/power_control:/ros2_ws/install/navigation_speed_control:/ros2_ws/install/lift_action:/ros2_ws/install/graph_visual_control:/ros2_ws/install/graph_server:/ros2_ws/install/global_path_graph_planner:/ros2_ws/install/global_path_graph:/ros2_ws/install/graph_creator:/ros2_ws/install/graph_creator_msgs:/ros2_ws/install/graph_control:/ros2_ws/install/graph_creator_rviz_plugin:/ros2_ws/install/emergency_handler:/ros2_ws/install/brake_action:/ros2_ws/install/anscer_teleop:/ros2_ws/install/acr_robot_controller:/ros2_ws/install/anscer_description:/opt/ros/humble LD_LIBRARY_PATH=/ros2_ws/install/graph_msgs/lib:/ros2_ws/install/anscer_msgs/lib:/ros2_ws/install/wms_data/lib:/ros2_ws/install/twist_mux/lib:/ros2_ws/install/rosbridge_server/lib:/ros2_ws/install/qr_navigation/lib:/ros2_ws/install/qr_mission_scheduler/lib:/ros2_ws/install/lift_action/lib:/ros2_ws/install/global_path_graph_planner/lib:/ros2_ws/install/global_path_graph/lib:/ros2_ws/install/graph_creator/lib:/ros2_ws/install/graph_creator_msgs/lib:/ros2_ws/install/graph_control/lib:/ros2_ws/install/graph_creator_rviz_plugin/lib:/opt/ros/humble/opt/rviz_ogre_vendor/lib:/opt/ros/humble/lib/aarch64-linux-gnu:/opt/ros/humble/lib /usr/bin/cmake --install /ros2_ws/build/graph_visual_control
