-- The C compiler identification is GNU 11.4.0
-- The CXX compiler identification is GNU 11.4.0
-- Detecting C compiler ABI info
-- Detecting C compiler ABI info - done
-- Check for working C compiler: /usr/bin/cc - skipped
-- Detecting C compile features
-- Detecting C compile features - done
-- Detecting CXX compiler ABI info
-- Detecting CXX compiler ABI info - done
-- Check for working CXX compiler: /usr/bin/c++ - skipped
-- Detecting CXX compile features
-- Detecting CXX compile features - done
-- Found ament_cmake: 1.3.12 (/opt/ros/humble/share/ament_cmake/cmake)
-- Found Python3: /usr/bin/python3 (found version "3.10.12") found components: Interpreter 
-- Found rclcpp: 16.0.15 (/opt/ros/humble/share/rclcpp/cmake)
-- Found rosidl_generator_c: 3.1.7 (/opt/ros/humble/share/rosidl_generator_c/cmake)
-- Found rosidl_adapter: 3.1.7 (/opt/ros/humble/share/rosidl_adapter/cmake)
-- Found rosidl_generator_cpp: 3.1.7 (/opt/ros/humble/share/rosidl_generator_cpp/cmake)
-- Using all available rosidl_typesupport_c: rosidl_typesupport_fastrtps_c;rosidl_typesupport_introspection_c
-- Using all available rosidl_typesupport_cpp: rosidl_typesupport_fastrtps_cpp;rosidl_typesupport_introspection_cpp
-- Found rmw_implementation_cmake: 6.1.2 (/opt/ros/humble/share/rmw_implementation_cmake/cmake)
-- Found rmw_fastrtps_cpp: 6.2.8 (/opt/ros/humble/share/rmw_fastrtps_cpp/cmake)
-- Found OpenSSL: /usr/lib/aarch64-linux-gnu/libcrypto.so (found version "3.0.2")  
-- Found FastRTPS: /opt/ros/humble/include  
-- Using RMW implementation 'rmw_fastrtps_cpp' as default
-- Looking for pthread.h
-- Looking for pthread.h - found
-- Performing Test CMAKE_HAVE_LIBC_PTHREAD
-- Performing Test CMAKE_HAVE_LIBC_PTHREAD - Success
-- Found Threads: TRUE  
-- Found rosidl_default_generators: 1.2.0 (/opt/ros/humble/share/rosidl_default_generators/cmake)
-- Found ament_cmake_ros: 0.10.0 (/opt/ros/humble/share/ament_cmake_ros/cmake)
-- Using all available rosidl_typesupport_c: rosidl_typesupport_fastrtps_c;rosidl_typesupport_introspection_c
-- Using all available rosidl_typesupport_cpp: rosidl_typesupport_fastrtps_cpp;rosidl_typesupport_introspection_cpp
-- Found PythonInterp: /usr/bin/python3 (found suitable version "3.10.12", minimum required is "3.6") 
-- Found python_cmake_module: 0.10.0 (/opt/ros/humble/share/python_cmake_module/cmake)
-- Found PythonLibs: /usr/lib/aarch64-linux-gnu/libpython3.10.so (found suitable version "3.10.12", minimum required is "3.5") 
-- Using PYTHON_EXECUTABLE: /usr/bin/python3
-- Using PYTHON_INCLUDE_DIRS: /usr/include/python3.10
-- Using PYTHON_LIBRARIES: /usr/lib/aarch64-linux-gnu/libpython3.10.so
-- Found PythonExtra: .so  
-- Found ament_lint_auto: 0.12.14 (/opt/ros/humble/share/ament_lint_auto/cmake)
-- Added test 'copyright' to check source files copyright and LICENSE
-- Added test 'cppcheck' to perform static code analysis on C / C++ code
-- Configured cppcheck include dirs: /ros2_ws/src/lift_action/include
-- Configured cppcheck exclude dirs and/or files: 
-- Added test 'cpplint' to check C / C++ code against the Google style
-- Configured cpplint exclude dirs and/or files: 
-- Added test 'flake8' to check Python code syntax and style conventions
-- Added test 'lint_cmake' to check CMake code style
-- Added test 'pep257' to check Python code against some of the docstring style conventions in PEP 257
-- Added test 'uncrustify' to check C / C++ code style
-- Configured uncrustify additional arguments: 
-- Added test 'xmllint' to check XML markup files
-- Configuring done
-- Generating done
-- Build files have been written to: /ros2_ws/build/lift_action
[  1%] [34m[1mGenerating C code for ROS interfaces[0m
[  1%] Built target ament_cmake_python_copy_lift_action
[  2%] [34m[1mGenerating C++ code for ROS interfaces[0m
running egg_info
creating lift_action.egg-info
writing lift_action.egg-info/PKG-INFO
writing dependency_links to lift_action.egg-info/dependency_links.txt
writing top-level names to lift_action.egg-info/top_level.txt
writing manifest file 'lift_action.egg-info/SOURCES.txt'
reading manifest file 'lift_action.egg-info/SOURCES.txt'
writing manifest file 'lift_action.egg-info/SOURCES.txt'
[  2%] Built target ament_cmake_python_build_lift_action_egg
[  3%] [32mBuilding C object CMakeFiles/lift_action__rosidl_generator_c.dir/rosidl_generator_c/lift_action/msg/detail/lift_feedback__functions.c.o[0m
[  5%] [32mBuilding C object CMakeFiles/lift_action__rosidl_generator_c.dir/rosidl_generator_c/lift_action/msg/detail/lift_action__functions.c.o[0m
[  6%] [32mBuilding C object CMakeFiles/lift_action__rosidl_generator_c.dir/rosidl_generator_c/lift_action/msg/detail/ui_interface__functions.c.o[0m
[  7%] [32mBuilding C object CMakeFiles/lift_action__rosidl_generator_c.dir/rosidl_generator_c/lift_action/msg/detail/homing_status__functions.c.o[0m
[  9%] [32mBuilding C object CMakeFiles/lift_action__rosidl_generator_c.dir/rosidl_generator_c/lift_action/msg/detail/error_status__functions.c.o[0m
[ 10%] [32mBuilding C object CMakeFiles/lift_action__rosidl_generator_c.dir/rosidl_generator_c/lift_action/msg/detail/home_sensor__functions.c.o[0m
[ 10%] Built target lift_action__cpp
[ 11%] [34m[1mGenerating C++ type support dispatch for ROS interfaces[0m
[ 12%] [34m[1mGenerating C++ type support for eProsima Fast-RTPS[0m
[ 14%] [34m[1mGenerating C++ introspection for ROS interfaces[0m
[ 15%] [32m[1mLinking C shared library liblift_action__rosidl_generator_c.so[0m
[ 15%] Built target lift_action__rosidl_generator_c
[ 16%] [34m[1mGenerating C type support for eProsima Fast-RTPS[0m
[ 18%] [34m[1mGenerating C type support dispatch for ROS interfaces[0m
[ 19%] [34m[1mGenerating C introspection for ROS interfaces[0m
[ 20%] [32mBuilding CXX object CMakeFiles/lift_action__rosidl_typesupport_cpp.dir/rosidl_typesupport_cpp/lift_action/msg/lift_feedback__type_support.cpp.o[0m
[ 22%] [32mBuilding CXX object CMakeFiles/lift_action__rosidl_typesupport_cpp.dir/rosidl_typesupport_cpp/lift_action/msg/lift_action__type_support.cpp.o[0m
[ 23%] [32mBuilding CXX object CMakeFiles/lift_action__rosidl_typesupport_cpp.dir/rosidl_typesupport_cpp/lift_action/msg/ui_interface__type_support.cpp.o[0m
[ 24%] [32mBuilding CXX object CMakeFiles/lift_action__rosidl_typesupport_introspection_cpp.dir/rosidl_typesupport_introspection_cpp/lift_action/msg/detail/homing_status__type_support.cpp.o[0m
[ 27%] [32mBuilding CXX object CMakeFiles/lift_action__rosidl_typesupport_introspection_cpp.dir/rosidl_typesupport_introspection_cpp/lift_action/msg/detail/lift_feedback__type_support.cpp.o[0m
[ 25%] [32mBuilding CXX object CMakeFiles/lift_action__rosidl_typesupport_cpp.dir/rosidl_typesupport_cpp/lift_action/msg/homing_status__type_support.cpp.o[0m
[ 28%] [32mBuilding CXX object CMakeFiles/lift_action__rosidl_typesupport_introspection_cpp.dir/rosidl_typesupport_introspection_cpp/lift_action/msg/detail/ui_interface__type_support.cpp.o[0m
[ 29%] [32mBuilding CXX object CMakeFiles/lift_action__rosidl_typesupport_introspection_cpp.dir/rosidl_typesupport_introspection_cpp/lift_action/msg/detail/lift_action__type_support.cpp.o[0m
[ 31%] [32mBuilding CXX object CMakeFiles/lift_action__rosidl_typesupport_cpp.dir/rosidl_typesupport_cpp/lift_action/msg/home_sensor__type_support.cpp.o[0m
[ 32%] [32mBuilding CXX object CMakeFiles/lift_action__rosidl_typesupport_fastrtps_c.dir/rosidl_typesupport_fastrtps_c/lift_action/msg/detail/lift_feedback__type_support_c.cpp.o[0m
[ 33%] [32mBuilding CXX object CMakeFiles/lift_action__rosidl_typesupport_cpp.dir/rosidl_typesupport_cpp/lift_action/msg/error_status__type_support.cpp.o[0m
[ 35%] [32mBuilding CXX object CMakeFiles/lift_action__rosidl_typesupport_c.dir/rosidl_typesupport_c/lift_action/msg/lift_feedback__type_support.cpp.o[0m
[ 36%] [32mBuilding CXX object CMakeFiles/lift_action__rosidl_typesupport_introspection_cpp.dir/rosidl_typesupport_introspection_cpp/lift_action/msg/detail/home_sensor__type_support.cpp.o[0m
[ 37%] [32mBuilding C object CMakeFiles/lift_action__rosidl_typesupport_introspection_c.dir/rosidl_typesupport_introspection_c/lift_action/msg/detail/lift_feedback__type_support.c.o[0m
[ 38%] [32mBuilding CXX object CMakeFiles/lift_action__rosidl_typesupport_c.dir/rosidl_typesupport_c/lift_action/msg/lift_action__type_support.cpp.o[0m
[ 40%] [32mBuilding C object CMakeFiles/lift_action__rosidl_typesupport_introspection_c.dir/rosidl_typesupport_introspection_c/lift_action/msg/detail/lift_action__type_support.c.o[0m
[ 41%] [32mBuilding CXX object CMakeFiles/lift_action__rosidl_typesupport_c.dir/rosidl_typesupport_c/lift_action/msg/ui_interface__type_support.cpp.o[0m
[ 42%] [32mBuilding CXX object CMakeFiles/lift_action__rosidl_typesupport_introspection_cpp.dir/rosidl_typesupport_introspection_cpp/lift_action/msg/detail/error_status__type_support.cpp.o[0m
[ 44%] [32mBuilding CXX object CMakeFiles/lift_action__rosidl_typesupport_fastrtps_cpp.dir/rosidl_typesupport_fastrtps_cpp/lift_action/msg/detail/dds_fastrtps/lift_feedback__type_support.cpp.o[0m
[ 45%] [32mBuilding CXX object CMakeFiles/lift_action__rosidl_typesupport_c.dir/rosidl_typesupport_c/lift_action/msg/homing_status__type_support.cpp.o[0m
[ 46%] [32mBuilding CXX object CMakeFiles/lift_action__rosidl_typesupport_c.dir/rosidl_typesupport_c/lift_action/msg/home_sensor__type_support.cpp.o[0m
[ 48%] [32mBuilding CXX object CMakeFiles/lift_action__rosidl_typesupport_c.dir/rosidl_typesupport_c/lift_action/msg/error_status__type_support.cpp.o[0m
[ 49%] [32mBuilding C object CMakeFiles/lift_action__rosidl_typesupport_introspection_c.dir/rosidl_typesupport_introspection_c/lift_action/msg/detail/homing_status__type_support.c.o[0m
[ 50%] [32mBuilding C object CMakeFiles/lift_action__rosidl_typesupport_introspection_c.dir/rosidl_typesupport_introspection_c/lift_action/msg/detail/ui_interface__type_support.c.o[0m
[ 51%] [32mBuilding C object CMakeFiles/lift_action__rosidl_typesupport_introspection_c.dir/rosidl_typesupport_introspection_c/lift_action/msg/detail/home_sensor__type_support.c.o[0m
[ 53%] [32mBuilding CXX object CMakeFiles/lift_action__rosidl_typesupport_fastrtps_cpp.dir/rosidl_typesupport_fastrtps_cpp/lift_action/msg/detail/dds_fastrtps/lift_action__type_support.cpp.o[0m
[ 54%] [32m[1mLinking CXX shared library liblift_action__rosidl_typesupport_c.so[0m
[ 54%] Built target lift_action__rosidl_typesupport_c
[ 55%] [32mBuilding CXX object CMakeFiles/lift_action__rosidl_typesupport_fastrtps_cpp.dir/rosidl_typesupport_fastrtps_cpp/lift_action/msg/detail/dds_fastrtps/ui_interface__type_support.cpp.o[0m
[ 58%] [32mBuilding CXX object CMakeFiles/lift_action__rosidl_typesupport_fastrtps_cpp.dir/rosidl_typesupport_fastrtps_cpp/lift_action/msg/detail/dds_fastrtps/homing_status__type_support.cpp.o[0m
[ 58%] [32mBuilding C object CMakeFiles/lift_action__rosidl_typesupport_introspection_c.dir/rosidl_typesupport_introspection_c/lift_action/msg/detail/error_status__type_support.c.o[0m
[ 59%] [32mBuilding CXX object CMakeFiles/lift_action__rosidl_typesupport_fastrtps_cpp.dir/rosidl_typesupport_fastrtps_cpp/lift_action/msg/detail/dds_fastrtps/home_sensor__type_support.cpp.o[0m
[ 61%] [32mBuilding CXX object CMakeFiles/lift_action__rosidl_typesupport_fastrtps_c.dir/rosidl_typesupport_fastrtps_c/lift_action/msg/detail/lift_action__type_support_c.cpp.o[0m
[ 62%] [32m[1mLinking C shared library liblift_action__rosidl_typesupport_introspection_c.so[0m
[ 63%] [32m[1mLinking CXX shared library liblift_action__rosidl_typesupport_cpp.so[0m
[ 63%] Built target lift_action__rosidl_typesupport_introspection_c
[ 64%] [32mBuilding CXX object CMakeFiles/lift_action__rosidl_typesupport_fastrtps_c.dir/rosidl_typesupport_fastrtps_c/lift_action/msg/detail/ui_interface__type_support_c.cpp.o[0m
[ 66%] [32mBuilding CXX object CMakeFiles/lift_action__rosidl_typesupport_fastrtps_c.dir/rosidl_typesupport_fastrtps_c/lift_action/msg/detail/homing_status__type_support_c.cpp.o[0m
[ 67%] [32mBuilding CXX object CMakeFiles/lift_action__rosidl_typesupport_fastrtps_cpp.dir/rosidl_typesupport_fastrtps_cpp/lift_action/msg/detail/dds_fastrtps/error_status__type_support.cpp.o[0m
[ 67%] Built target lift_action__rosidl_typesupport_cpp
[ 68%] [32mBuilding CXX object CMakeFiles/lift_action__rosidl_typesupport_fastrtps_c.dir/rosidl_typesupport_fastrtps_c/lift_action/msg/detail/home_sensor__type_support_c.cpp.o[0m
[ 70%] [32mBuilding CXX object CMakeFiles/lift_action__rosidl_typesupport_fastrtps_c.dir/rosidl_typesupport_fastrtps_c/lift_action/msg/detail/error_status__type_support_c.cpp.o[0m
[ 71%] [32mBuilding CXX object CMakeFiles/modbus_communicator_lib.dir/src/ModbusComunicator.cpp.o[0m
[ 72%] [32m[1mLinking CXX shared library liblift_action__rosidl_typesupport_introspection_cpp.so[0m
[ 72%] Built target lift_action__rosidl_typesupport_introspection_cpp
[ 74%] [32m[1mLinking CXX shared library liblift_action__rosidl_typesupport_fastrtps_c.so[0m
[ 74%] Built target lift_action__rosidl_typesupport_fastrtps_c
[ 75%] [32m[1mLinking CXX shared library liblift_action__rosidl_typesupport_fastrtps_cpp.so[0m
[ 75%] Built target lift_action__rosidl_typesupport_fastrtps_cpp
[ 76%] [32m[1mLinking CXX shared library libmodbus_communicator_lib.so[0m
[ 76%] Built target modbus_communicator_lib
[ 76%] Built target lift_action
[ 77%] [32mBuilding CXX object CMakeFiles/ui_interface_lib.dir/src/UI_Interface.cpp.o[0m
[ 79%] [32m[1mLinking CXX shared library libui_interface_lib.so[0m
[ 79%] Built target ui_interface_lib
[ 80%] [34m[1mGenerating Python code for ROS interfaces[0m
[ 80%] Built target lift_action__py
[ 81%] [32mBuilding CXX object CMakeFiles/modbus_communicator.dir/src/HigherLevelInterface.cpp.o[0m
[ 83%] [32m[1mLinking CXX executable modbus_communicator[0m
[ 83%] Built target modbus_communicator
[ 89%] [32mBuilding C object CMakeFiles/lift_action__rosidl_generator_py.dir/rosidl_generator_py/lift_action/msg/_ui_interface_s.c.o[0m
[ 89%] [32mBuilding C object CMakeFiles/lift_action__rosidl_generator_py.dir/rosidl_generator_py/lift_action/msg/_lift_action_s.c.o[0m
[ 89%] [32mBuilding C object CMakeFiles/lift_action__rosidl_generator_py.dir/rosidl_generator_py/lift_action/msg/_homing_status_s.c.o[0m
[ 89%] [32mBuilding C object CMakeFiles/lift_action__rosidl_generator_py.dir/rosidl_generator_py/lift_action/msg/_home_sensor_s.c.o[0m
[ 89%] [32mBuilding C object CMakeFiles/lift_action__rosidl_generator_py.dir/rosidl_generator_py/lift_action/msg/_lift_feedback_s.c.o[0m
[ 90%] [32mBuilding C object CMakeFiles/lift_action__rosidl_generator_py.dir/rosidl_generator_py/lift_action/msg/_error_status_s.c.o[0m
[ 92%] [32m[1mLinking C shared library rosidl_generator_py/lift_action/liblift_action__rosidl_generator_py.so[0m
[ 92%] Built target lift_action__rosidl_generator_py
[ 96%] [32mBuilding C object CMakeFiles/lift_action__rosidl_typesupport_fastrtps_c__pyext.dir/rosidl_generator_py/lift_action/_lift_action_s.ep.rosidl_typesupport_fastrtps_c.c.o[0m
[ 96%] [32mBuilding C object CMakeFiles/lift_action__rosidl_typesupport_introspection_c__pyext.dir/rosidl_generator_py/lift_action/_lift_action_s.ep.rosidl_typesupport_introspection_c.c.o[0m
[ 96%] [32mBuilding C object CMakeFiles/lift_action__rosidl_typesupport_c__pyext.dir/rosidl_generator_py/lift_action/_lift_action_s.ep.rosidl_typesupport_c.c.o[0m
[ 97%] [32m[1mLinking C shared library rosidl_generator_py/lift_action/lift_action_s__rosidl_typesupport_fastrtps_c.cpython-310-aarch64-linux-gnu.so[0m
[100%] [32m[1mLinking C shared library rosidl_generator_py/lift_action/lift_action_s__rosidl_typesupport_introspection_c.cpython-310-aarch64-linux-gnu.so[0m
[100%] [32m[1mLinking C shared library rosidl_generator_py/lift_action/lift_action_s__rosidl_typesupport_c.cpython-310-aarch64-linux-gnu.so[0m
[100%] Built target lift_action__rosidl_typesupport_fastrtps_c__pyext
[100%] Built target lift_action__rosidl_typesupport_introspection_c__pyext
[100%] Built target lift_action__rosidl_typesupport_c__pyext
-- Install configuration: "Release"
-- Installing: /ros2_ws/install/lift_action/share/ament_index/resource_index/rosidl_interfaces/lift_action
-- Installing: /ros2_ws/install/lift_action/include/lift_action/lift_action
-- Installing: /ros2_ws/install/lift_action/include/lift_action/lift_action/msg
-- Installing: /ros2_ws/install/lift_action/include/lift_action/lift_action/msg/home_sensor.h
-- Installing: /ros2_ws/install/lift_action/include/lift_action/lift_action/msg/detail
-- Installing: /ros2_ws/install/lift_action/include/lift_action/lift_action/msg/detail/error_status__functions.h
-- Installing: /ros2_ws/install/lift_action/include/lift_action/lift_action/msg/detail/home_sensor__type_support.h
-- Installing: /ros2_ws/install/lift_action/include/lift_action/lift_action/msg/detail/ui_interface__functions.h
-- Installing: /ros2_ws/install/lift_action/include/lift_action/lift_action/msg/detail/error_status__functions.c
-- Installing: /ros2_ws/install/lift_action/include/lift_action/lift_action/msg/detail/ui_interface__type_support.h
-- Installing: /ros2_ws/install/lift_action/include/lift_action/lift_action/msg/detail/homing_status__functions.h
-- Installing: /ros2_ws/install/lift_action/include/lift_action/lift_action/msg/detail/lift_feedback__functions.c
-- Installing: /ros2_ws/install/lift_action/include/lift_action/lift_action/msg/detail/lift_action__struct.h
-- Installing: /ros2_ws/install/lift_action/include/lift_action/lift_action/msg/detail/lift_action__functions.c
-- Installing: /ros2_ws/install/lift_action/include/lift_action/lift_action/msg/detail/lift_feedback__type_support.h
-- Installing: /ros2_ws/install/lift_action/include/lift_action/lift_action/msg/detail/homing_status__functions.c
-- Installing: /ros2_ws/install/lift_action/include/lift_action/lift_action/msg/detail/home_sensor__functions.c
-- Installing: /ros2_ws/install/lift_action/include/lift_action/lift_action/msg/detail/lift_action__functions.h
-- Installing: /ros2_ws/install/lift_action/include/lift_action/lift_action/msg/detail/home_sensor__struct.h
-- Installing: /ros2_ws/install/lift_action/include/lift_action/lift_action/msg/detail/error_status__type_support.h
-- Installing: /ros2_ws/install/lift_action/include/lift_action/lift_action/msg/detail/ui_interface__struct.h
-- Installing: /ros2_ws/install/lift_action/include/lift_action/lift_action/msg/detail/ui_interface__functions.c
-- Installing: /ros2_ws/install/lift_action/include/lift_action/lift_action/msg/detail/error_status__struct.h
-- Installing: /ros2_ws/install/lift_action/include/lift_action/lift_action/msg/detail/homing_status__struct.h
-- Installing: /ros2_ws/install/lift_action/include/lift_action/lift_action/msg/detail/lift_feedback__struct.h
-- Installing: /ros2_ws/install/lift_action/include/lift_action/lift_action/msg/detail/lift_feedback__functions.h
-- Installing: /ros2_ws/install/lift_action/include/lift_action/lift_action/msg/detail/home_sensor__functions.h
-- Installing: /ros2_ws/install/lift_action/include/lift_action/lift_action/msg/detail/homing_status__type_support.h
-- Installing: /ros2_ws/install/lift_action/include/lift_action/lift_action/msg/detail/lift_action__type_support.h
-- Installing: /ros2_ws/install/lift_action/include/lift_action/lift_action/msg/error_status.h
-- Installing: /ros2_ws/install/lift_action/include/lift_action/lift_action/msg/lift_feedback.h
-- Installing: /ros2_ws/install/lift_action/include/lift_action/lift_action/msg/lift_action.h
-- Installing: /ros2_ws/install/lift_action/include/lift_action/lift_action/msg/rosidl_generator_c__visibility_control.h
-- Installing: /ros2_ws/install/lift_action/include/lift_action/lift_action/msg/homing_status.h
-- Installing: /ros2_ws/install/lift_action/include/lift_action/lift_action/msg/ui_interface.h
-- Installing: /ros2_ws/install/lift_action/share/lift_action/environment/library_path.sh
-- Installing: /ros2_ws/install/lift_action/share/lift_action/environment/library_path.dsv
-- Installing: /ros2_ws/install/lift_action/lib/liblift_action__rosidl_generator_c.so
-- Set runtime path of "/ros2_ws/install/lift_action/lib/liblift_action__rosidl_generator_c.so" to ""
-- Up-to-date: /ros2_ws/install/lift_action/include/lift_action/lift_action
-- Up-to-date: /ros2_ws/install/lift_action/include/lift_action/lift_action/msg
-- Up-to-date: /ros2_ws/install/lift_action/include/lift_action/lift_action/msg/detail
-- Installing: /ros2_ws/install/lift_action/include/lift_action/lift_action/msg/detail/homing_status__rosidl_typesupport_fastrtps_c.h
-- Installing: /ros2_ws/install/lift_action/include/lift_action/lift_action/msg/detail/lift_feedback__rosidl_typesupport_fastrtps_c.h
-- Installing: /ros2_ws/install/lift_action/include/lift_action/lift_action/msg/detail/home_sensor__rosidl_typesupport_fastrtps_c.h
-- Installing: /ros2_ws/install/lift_action/include/lift_action/lift_action/msg/detail/ui_interface__rosidl_typesupport_fastrtps_c.h
-- Installing: /ros2_ws/install/lift_action/include/lift_action/lift_action/msg/detail/lift_action__rosidl_typesupport_fastrtps_c.h
-- Installing: /ros2_ws/install/lift_action/include/lift_action/lift_action/msg/detail/error_status__rosidl_typesupport_fastrtps_c.h
-- Installing: /ros2_ws/install/lift_action/include/lift_action/lift_action/msg/rosidl_typesupport_fastrtps_c__visibility_control.h
-- Installing: /ros2_ws/install/lift_action/lib/liblift_action__rosidl_typesupport_fastrtps_c.so
-- Set runtime path of "/ros2_ws/install/lift_action/lib/liblift_action__rosidl_typesupport_fastrtps_c.so" to ""
-- Up-to-date: /ros2_ws/install/lift_action/include/lift_action/lift_action
-- Up-to-date: /ros2_ws/install/lift_action/include/lift_action/lift_action/msg
-- Installing: /ros2_ws/install/lift_action/include/lift_action/lift_action/msg/rosidl_generator_cpp__visibility_control.hpp
-- Installing: /ros2_ws/install/lift_action/include/lift_action/lift_action/msg/error_status.hpp
-- Installing: /ros2_ws/install/lift_action/include/lift_action/lift_action/msg/homing_status.hpp
-- Up-to-date: /ros2_ws/install/lift_action/include/lift_action/lift_action/msg/detail
-- Installing: /ros2_ws/install/lift_action/include/lift_action/lift_action/msg/detail/lift_action__struct.hpp
-- Installing: /ros2_ws/install/lift_action/include/lift_action/lift_action/msg/detail/home_sensor__traits.hpp
-- Installing: /ros2_ws/install/lift_action/include/lift_action/lift_action/msg/detail/home_sensor__struct.hpp
-- Installing: /ros2_ws/install/lift_action/include/lift_action/lift_action/msg/detail/ui_interface__type_support.hpp
-- Installing: /ros2_ws/install/lift_action/include/lift_action/lift_action/msg/detail/ui_interface__builder.hpp
-- Installing: /ros2_ws/install/lift_action/include/lift_action/lift_action/msg/detail/lift_feedback__type_support.hpp
-- Installing: /ros2_ws/install/lift_action/include/lift_action/lift_action/msg/detail/home_sensor__builder.hpp
-- Installing: /ros2_ws/install/lift_action/include/lift_action/lift_action/msg/detail/lift_action__type_support.hpp
-- Installing: /ros2_ws/install/lift_action/include/lift_action/lift_action/msg/detail/ui_interface__traits.hpp
-- Installing: /ros2_ws/install/lift_action/include/lift_action/lift_action/msg/detail/homing_status__traits.hpp
-- Installing: /ros2_ws/install/lift_action/include/lift_action/lift_action/msg/detail/lift_action__traits.hpp
-- Installing: /ros2_ws/install/lift_action/include/lift_action/lift_action/msg/detail/lift_action__builder.hpp
-- Installing: /ros2_ws/install/lift_action/include/lift_action/lift_action/msg/detail/homing_status__struct.hpp
-- Installing: /ros2_ws/install/lift_action/include/lift_action/lift_action/msg/detail/home_sensor__type_support.hpp
-- Installing: /ros2_ws/install/lift_action/include/lift_action/lift_action/msg/detail/error_status__struct.hpp
-- Installing: /ros2_ws/install/lift_action/include/lift_action/lift_action/msg/detail/lift_feedback__struct.hpp
-- Installing: /ros2_ws/install/lift_action/include/lift_action/lift_action/msg/detail/error_status__traits.hpp
-- Installing: /ros2_ws/install/lift_action/include/lift_action/lift_action/msg/detail/homing_status__builder.hpp
-- Installing: /ros2_ws/install/lift_action/include/lift_action/lift_action/msg/detail/lift_feedback__builder.hpp
-- Installing: /ros2_ws/install/lift_action/include/lift_action/lift_action/msg/detail/error_status__builder.hpp
-- Installing: /ros2_ws/install/lift_action/include/lift_action/lift_action/msg/detail/homing_status__type_support.hpp
-- Installing: /ros2_ws/install/lift_action/include/lift_action/lift_action/msg/detail/ui_interface__struct.hpp
-- Installing: /ros2_ws/install/lift_action/include/lift_action/lift_action/msg/detail/error_status__type_support.hpp
-- Installing: /ros2_ws/install/lift_action/include/lift_action/lift_action/msg/detail/lift_feedback__traits.hpp
-- Installing: /ros2_ws/install/lift_action/include/lift_action/lift_action/msg/ui_interface.hpp
-- Installing: /ros2_ws/install/lift_action/include/lift_action/lift_action/msg/home_sensor.hpp
-- Installing: /ros2_ws/install/lift_action/include/lift_action/lift_action/msg/lift_feedback.hpp
-- Installing: /ros2_ws/install/lift_action/include/lift_action/lift_action/msg/lift_action.hpp
-- Up-to-date: /ros2_ws/install/lift_action/include/lift_action/lift_action
-- Up-to-date: /ros2_ws/install/lift_action/include/lift_action/lift_action/msg
-- Up-to-date: /ros2_ws/install/lift_action/include/lift_action/lift_action/msg/detail
-- Installing: /ros2_ws/install/lift_action/include/lift_action/lift_action/msg/detail/home_sensor__rosidl_typesupport_fastrtps_cpp.hpp
-- Installing: /ros2_ws/install/lift_action/include/lift_action/lift_action/msg/detail/error_status__rosidl_typesupport_fastrtps_cpp.hpp
-- Installing: /ros2_ws/install/lift_action/include/lift_action/lift_action/msg/detail/dds_fastrtps
-- Installing: /ros2_ws/install/lift_action/include/lift_action/lift_action/msg/detail/lift_feedback__rosidl_typesupport_fastrtps_cpp.hpp
-- Installing: /ros2_ws/install/lift_action/include/lift_action/lift_action/msg/detail/lift_action__rosidl_typesupport_fastrtps_cpp.hpp
-- Installing: /ros2_ws/install/lift_action/include/lift_action/lift_action/msg/detail/ui_interface__rosidl_typesupport_fastrtps_cpp.hpp
-- Installing: /ros2_ws/install/lift_action/include/lift_action/lift_action/msg/detail/homing_status__rosidl_typesupport_fastrtps_cpp.hpp
-- Installing: /ros2_ws/install/lift_action/include/lift_action/lift_action/msg/rosidl_typesupport_fastrtps_cpp__visibility_control.h
-- Installing: /ros2_ws/install/lift_action/lib/liblift_action__rosidl_typesupport_fastrtps_cpp.so
-- Set runtime path of "/ros2_ws/install/lift_action/lib/liblift_action__rosidl_typesupport_fastrtps_cpp.so" to ""
-- Up-to-date: /ros2_ws/install/lift_action/include/lift_action/lift_action
-- Up-to-date: /ros2_ws/install/lift_action/include/lift_action/lift_action/msg
-- Installing: /ros2_ws/install/lift_action/include/lift_action/lift_action/msg/rosidl_typesupport_introspection_c__visibility_control.h
-- Up-to-date: /ros2_ws/install/lift_action/include/lift_action/lift_action/msg/detail
-- Installing: /ros2_ws/install/lift_action/include/lift_action/lift_action/msg/detail/ui_interface__type_support.c
-- Installing: /ros2_ws/install/lift_action/include/lift_action/lift_action/msg/detail/error_status__type_support.c
-- Installing: /ros2_ws/install/lift_action/include/lift_action/lift_action/msg/detail/home_sensor__type_support.c
-- Installing: /ros2_ws/install/lift_action/include/lift_action/lift_action/msg/detail/lift_feedback__type_support.c
-- Installing: /ros2_ws/install/lift_action/include/lift_action/lift_action/msg/detail/ui_interface__rosidl_typesupport_introspection_c.h
-- Installing: /ros2_ws/install/lift_action/include/lift_action/lift_action/msg/detail/lift_action__rosidl_typesupport_introspection_c.h
-- Installing: /ros2_ws/install/lift_action/include/lift_action/lift_action/msg/detail/lift_action__type_support.c
-- Installing: /ros2_ws/install/lift_action/include/lift_action/lift_action/msg/detail/lift_feedback__rosidl_typesupport_introspection_c.h
-- Installing: /ros2_ws/install/lift_action/include/lift_action/lift_action/msg/detail/homing_status__type_support.c
-- Installing: /ros2_ws/install/lift_action/include/lift_action/lift_action/msg/detail/home_sensor__rosidl_typesupport_introspection_c.h
-- Installing: /ros2_ws/install/lift_action/include/lift_action/lift_action/msg/detail/error_status__rosidl_typesupport_introspection_c.h
-- Installing: /ros2_ws/install/lift_action/include/lift_action/lift_action/msg/detail/homing_status__rosidl_typesupport_introspection_c.h
-- Installing: /ros2_ws/install/lift_action/lib/liblift_action__rosidl_typesupport_introspection_c.so
-- Set runtime path of "/ros2_ws/install/lift_action/lib/liblift_action__rosidl_typesupport_introspection_c.so" to ""
-- Installing: /ros2_ws/install/lift_action/lib/liblift_action__rosidl_typesupport_c.so
-- Set runtime path of "/ros2_ws/install/lift_action/lib/liblift_action__rosidl_typesupport_c.so" to ""
-- Up-to-date: /ros2_ws/install/lift_action/include/lift_action/lift_action
-- Up-to-date: /ros2_ws/install/lift_action/include/lift_action/lift_action/msg
-- Up-to-date: /ros2_ws/install/lift_action/include/lift_action/lift_action/msg/detail
-- Installing: /ros2_ws/install/lift_action/include/lift_action/lift_action/msg/detail/home_sensor__type_support.cpp
-- Installing: /ros2_ws/install/lift_action/include/lift_action/lift_action/msg/detail/ui_interface__type_support.cpp
-- Installing: /ros2_ws/install/lift_action/include/lift_action/lift_action/msg/detail/ui_interface__rosidl_typesupport_introspection_cpp.hpp
-- Installing: /ros2_ws/install/lift_action/include/lift_action/lift_action/msg/detail/error_status__rosidl_typesupport_introspection_cpp.hpp
-- Installing: /ros2_ws/install/lift_action/include/lift_action/lift_action/msg/detail/lift_action__rosidl_typesupport_introspection_cpp.hpp
-- Installing: /ros2_ws/install/lift_action/include/lift_action/lift_action/msg/detail/error_status__type_support.cpp
-- Installing: /ros2_ws/install/lift_action/include/lift_action/lift_action/msg/detail/homing_status__rosidl_typesupport_introspection_cpp.hpp
-- Installing: /ros2_ws/install/lift_action/include/lift_action/lift_action/msg/detail/homing_status__type_support.cpp
-- Installing: /ros2_ws/install/lift_action/include/lift_action/lift_action/msg/detail/lift_feedback__type_support.cpp
-- Installing: /ros2_ws/install/lift_action/include/lift_action/lift_action/msg/detail/home_sensor__rosidl_typesupport_introspection_cpp.hpp
-- Installing: /ros2_ws/install/lift_action/include/lift_action/lift_action/msg/detail/lift_feedback__rosidl_typesupport_introspection_cpp.hpp
-- Installing: /ros2_ws/install/lift_action/include/lift_action/lift_action/msg/detail/lift_action__type_support.cpp
-- Installing: /ros2_ws/install/lift_action/lib/liblift_action__rosidl_typesupport_introspection_cpp.so
-- Set runtime path of "/ros2_ws/install/lift_action/lib/liblift_action__rosidl_typesupport_introspection_cpp.so" to ""
-- Installing: /ros2_ws/install/lift_action/lib/liblift_action__rosidl_typesupport_cpp.so
-- Set runtime path of "/ros2_ws/install/lift_action/lib/liblift_action__rosidl_typesupport_cpp.so" to ""
-- Installing: /ros2_ws/install/lift_action/share/lift_action/environment/pythonpath.sh
-- Installing: /ros2_ws/install/lift_action/share/lift_action/environment/pythonpath.dsv
-- Installing: /ros2_ws/install/lift_action/local/lib/python3.10/dist-packages/lift_action-0.2.0-py3.10.egg-info
-- Installing: /ros2_ws/install/lift_action/local/lib/python3.10/dist-packages/lift_action-0.2.0-py3.10.egg-info/dependency_links.txt
-- Installing: /ros2_ws/install/lift_action/local/lib/python3.10/dist-packages/lift_action-0.2.0-py3.10.egg-info/PKG-INFO
-- Installing: /ros2_ws/install/lift_action/local/lib/python3.10/dist-packages/lift_action-0.2.0-py3.10.egg-info/SOURCES.txt
-- Installing: /ros2_ws/install/lift_action/local/lib/python3.10/dist-packages/lift_action-0.2.0-py3.10.egg-info/top_level.txt
-- Installing: /ros2_ws/install/lift_action/local/lib/python3.10/dist-packages/lift_action
-- Installing: /ros2_ws/install/lift_action/local/lib/python3.10/dist-packages/lift_action/_lift_action_s.ep.rosidl_typesupport_introspection_c.c
-- Installing: /ros2_ws/install/lift_action/local/lib/python3.10/dist-packages/lift_action/_lift_action_s.ep.rosidl_typesupport_c.c
-- Installing: /ros2_ws/install/lift_action/local/lib/python3.10/dist-packages/lift_action/msg
-- Installing: /ros2_ws/install/lift_action/local/lib/python3.10/dist-packages/lift_action/msg/_home_sensor_s.c
-- Installing: /ros2_ws/install/lift_action/local/lib/python3.10/dist-packages/lift_action/msg/_error_status_s.c
-- Installing: /ros2_ws/install/lift_action/local/lib/python3.10/dist-packages/lift_action/msg/_lift_feedback.py
-- Installing: /ros2_ws/install/lift_action/local/lib/python3.10/dist-packages/lift_action/msg/_ui_interface_s.c
-- Installing: /ros2_ws/install/lift_action/local/lib/python3.10/dist-packages/lift_action/msg/_home_sensor.py
-- Installing: /ros2_ws/install/lift_action/local/lib/python3.10/dist-packages/lift_action/msg/_ui_interface.py
-- Installing: /ros2_ws/install/lift_action/local/lib/python3.10/dist-packages/lift_action/msg/_lift_action_s.c
-- Installing: /ros2_ws/install/lift_action/local/lib/python3.10/dist-packages/lift_action/msg/_lift_action.py
-- Installing: /ros2_ws/install/lift_action/local/lib/python3.10/dist-packages/lift_action/msg/_error_status.py
-- Installing: /ros2_ws/install/lift_action/local/lib/python3.10/dist-packages/lift_action/msg/__init__.py
-- Installing: /ros2_ws/install/lift_action/local/lib/python3.10/dist-packages/lift_action/msg/_homing_status_s.c
-- Installing: /ros2_ws/install/lift_action/local/lib/python3.10/dist-packages/lift_action/msg/_lift_feedback_s.c
-- Installing: /ros2_ws/install/lift_action/local/lib/python3.10/dist-packages/lift_action/msg/_homing_status.py
-- Installing: /ros2_ws/install/lift_action/local/lib/python3.10/dist-packages/lift_action/lift_action_s__rosidl_typesupport_fastrtps_c.cpython-310-aarch64-linux-gnu.so
-- Installing: /ros2_ws/install/lift_action/local/lib/python3.10/dist-packages/lift_action/lift_action_s__rosidl_typesupport_c.cpython-310-aarch64-linux-gnu.so
-- Installing: /ros2_ws/install/lift_action/local/lib/python3.10/dist-packages/lift_action/__init__.py
-- Installing: /ros2_ws/install/lift_action/local/lib/python3.10/dist-packages/lift_action/lift_action_s__rosidl_typesupport_introspection_c.cpython-310-aarch64-linux-gnu.so
-- Installing: /ros2_ws/install/lift_action/local/lib/python3.10/dist-packages/lift_action/_lift_action_s.ep.rosidl_typesupport_fastrtps_c.c
-- Installing: /ros2_ws/install/lift_action/local/lib/python3.10/dist-packages/lift_action/liblift_action__rosidl_generator_py.so
Listing '/ros2_ws/install/lift_action/local/lib/python3.10/dist-packages/lift_action'...
Compiling '/ros2_ws/install/lift_action/local/lib/python3.10/dist-packages/lift_action/__init__.py'...
Listing '/ros2_ws/install/lift_action/local/lib/python3.10/dist-packages/lift_action/msg'...
Compiling '/ros2_ws/install/lift_action/local/lib/python3.10/dist-packages/lift_action/msg/__init__.py'...
Compiling '/ros2_ws/install/lift_action/local/lib/python3.10/dist-packages/lift_action/msg/_error_status.py'...
Compiling '/ros2_ws/install/lift_action/local/lib/python3.10/dist-packages/lift_action/msg/_home_sensor.py'...
Compiling '/ros2_ws/install/lift_action/local/lib/python3.10/dist-packages/lift_action/msg/_homing_status.py'...
Compiling '/ros2_ws/install/lift_action/local/lib/python3.10/dist-packages/lift_action/msg/_lift_action.py'...
Compiling '/ros2_ws/install/lift_action/local/lib/python3.10/dist-packages/lift_action/msg/_lift_feedback.py'...
Compiling '/ros2_ws/install/lift_action/local/lib/python3.10/dist-packages/lift_action/msg/_ui_interface.py'...
-- Installing: /ros2_ws/install/lift_action/local/lib/python3.10/dist-packages/lift_action/lift_action_s__rosidl_typesupport_fastrtps_c.cpython-310-aarch64-linux-gnu.so
-- Set runtime path of "/ros2_ws/install/lift_action/local/lib/python3.10/dist-packages/lift_action/lift_action_s__rosidl_typesupport_fastrtps_c.cpython-310-aarch64-linux-gnu.so" to ""
-- Installing: /ros2_ws/install/lift_action/local/lib/python3.10/dist-packages/lift_action/lift_action_s__rosidl_typesupport_introspection_c.cpython-310-aarch64-linux-gnu.so
-- Set runtime path of "/ros2_ws/install/lift_action/local/lib/python3.10/dist-packages/lift_action/lift_action_s__rosidl_typesupport_introspection_c.cpython-310-aarch64-linux-gnu.so" to ""
-- Installing: /ros2_ws/install/lift_action/local/lib/python3.10/dist-packages/lift_action/lift_action_s__rosidl_typesupport_c.cpython-310-aarch64-linux-gnu.so
-- Set runtime path of "/ros2_ws/install/lift_action/local/lib/python3.10/dist-packages/lift_action/lift_action_s__rosidl_typesupport_c.cpython-310-aarch64-linux-gnu.so" to ""
-- Installing: /ros2_ws/install/lift_action/lib/liblift_action__rosidl_generator_py.so
-- Set runtime path of "/ros2_ws/install/lift_action/lib/liblift_action__rosidl_generator_py.so" to ""
-- Installing: /ros2_ws/install/lift_action/share/lift_action/msg/LiftFeedback.idl
-- Installing: /ros2_ws/install/lift_action/share/lift_action/msg/LiftAction.idl
-- Installing: /ros2_ws/install/lift_action/share/lift_action/msg/UiInterface.idl
-- Installing: /ros2_ws/install/lift_action/share/lift_action/msg/HomingStatus.idl
-- Installing: /ros2_ws/install/lift_action/share/lift_action/msg/HomeSensor.idl
-- Installing: /ros2_ws/install/lift_action/share/lift_action/msg/ErrorStatus.idl
-- Installing: /ros2_ws/install/lift_action/share/lift_action/msg/LiftFeedback.msg
-- Installing: /ros2_ws/install/lift_action/share/lift_action/msg/LiftAction.msg
-- Installing: /ros2_ws/install/lift_action/share/lift_action/msg/UiInterface.msg
-- Installing: /ros2_ws/install/lift_action/share/lift_action/msg/HomingStatus.msg
-- Installing: /ros2_ws/install/lift_action/share/lift_action/msg/HomeSensor.msg
-- Installing: /ros2_ws/install/lift_action/share/lift_action/msg/ErrorStatus.msg
-- Installing: /ros2_ws/install/lift_action/lib/lift_action/modbus_communicator
-- Set runtime path of "/ros2_ws/install/lift_action/lib/lift_action/modbus_communicator" to ""
-- Installing: /ros2_ws/install/lift_action/lib/libmodbus_communicator_lib.so
-- Set runtime path of "/ros2_ws/install/lift_action/lib/libmodbus_communicator_lib.so" to ""
-- Installing: /ros2_ws/install/lift_action/lib/libui_interface_lib.so
-- Set runtime path of "/ros2_ws/install/lift_action/lib/libui_interface_lib.so" to ""
-- Installing: /ros2_ws/install/lift_action/share/lift_action/launch
-- Installing: /ros2_ws/install/lift_action/share/lift_action/launch/plc_communicator.launch.py
-- Installing: /ros2_ws/install/lift_action/share/lift_action/config
-- Installing: /ros2_ws/install/lift_action/share/lift_action/config/HigherLevelInterface.yaml
-- Installing: /ros2_ws/install/lift_action/share/lift_action/config/UI_Interface.yaml
-- Installing: /ros2_ws/install/lift_action/share/lift_action/config/ModbusCommunicator.yaml
-- Up-to-date: /ros2_ws/install/lift_action/include
-- Up-to-date: /ros2_ws/install/lift_action/include/lift_action
-- Installing: /ros2_ws/install/lift_action/include/lift_action/Ui_Interface.h
-- Installing: /ros2_ws/install/lift_action/include/lift_action/ModbusCommunicator.h
-- Installing: /ros2_ws/install/lift_action/include/lift_action/HigherLevelInterface.h
-- Installing: /ros2_ws/install/lift_action/share/ament_index/resource_index/package_run_dependencies/lift_action
-- Installing: /ros2_ws/install/lift_action/share/ament_index/resource_index/parent_prefix_path/lift_action
-- Installing: /ros2_ws/install/lift_action/share/lift_action/environment/ament_prefix_path.sh
-- Installing: /ros2_ws/install/lift_action/share/lift_action/environment/ament_prefix_path.dsv
-- Installing: /ros2_ws/install/lift_action/share/lift_action/environment/path.sh
-- Installing: /ros2_ws/install/lift_action/share/lift_action/environment/path.dsv
-- Installing: /ros2_ws/install/lift_action/share/lift_action/local_setup.bash
-- Installing: /ros2_ws/install/lift_action/share/lift_action/local_setup.sh
-- Installing: /ros2_ws/install/lift_action/share/lift_action/local_setup.zsh
-- Installing: /ros2_ws/install/lift_action/share/lift_action/local_setup.dsv
-- Installing: /ros2_ws/install/lift_action/share/lift_action/package.dsv
-- Installing: /ros2_ws/install/lift_action/share/ament_index/resource_index/packages/lift_action
-- Installing: /ros2_ws/install/lift_action/share/lift_action/cmake/export_lift_action__rosidl_generator_cExport.cmake
-- Installing: /ros2_ws/install/lift_action/share/lift_action/cmake/export_lift_action__rosidl_generator_cExport-release.cmake
-- Installing: /ros2_ws/install/lift_action/share/lift_action/cmake/export_lift_action__rosidl_typesupport_fastrtps_cExport.cmake
-- Installing: /ros2_ws/install/lift_action/share/lift_action/cmake/export_lift_action__rosidl_typesupport_fastrtps_cExport-release.cmake
-- Installing: /ros2_ws/install/lift_action/share/lift_action/cmake/export_lift_action__rosidl_generator_cppExport.cmake
-- Installing: /ros2_ws/install/lift_action/share/lift_action/cmake/export_lift_action__rosidl_typesupport_fastrtps_cppExport.cmake
-- Installing: /ros2_ws/install/lift_action/share/lift_action/cmake/export_lift_action__rosidl_typesupport_fastrtps_cppExport-release.cmake
-- Installing: /ros2_ws/install/lift_action/share/lift_action/cmake/lift_action__rosidl_typesupport_introspection_cExport.cmake
-- Installing: /ros2_ws/install/lift_action/share/lift_action/cmake/lift_action__rosidl_typesupport_introspection_cExport-release.cmake
-- Installing: /ros2_ws/install/lift_action/share/lift_action/cmake/lift_action__rosidl_typesupport_cExport.cmake
-- Installing: /ros2_ws/install/lift_action/share/lift_action/cmake/lift_action__rosidl_typesupport_cExport-release.cmake
-- Installing: /ros2_ws/install/lift_action/share/lift_action/cmake/lift_action__rosidl_typesupport_introspection_cppExport.cmake
-- Installing: /ros2_ws/install/lift_action/share/lift_action/cmake/lift_action__rosidl_typesupport_introspection_cppExport-release.cmake
-- Installing: /ros2_ws/install/lift_action/share/lift_action/cmake/lift_action__rosidl_typesupport_cppExport.cmake
-- Installing: /ros2_ws/install/lift_action/share/lift_action/cmake/lift_action__rosidl_typesupport_cppExport-release.cmake
-- Installing: /ros2_ws/install/lift_action/share/lift_action/cmake/export_lift_action__rosidl_generator_pyExport.cmake
-- Installing: /ros2_ws/install/lift_action/share/lift_action/cmake/export_lift_action__rosidl_generator_pyExport-release.cmake
-- Installing: /ros2_ws/install/lift_action/share/lift_action/cmake/rosidl_cmake-extras.cmake
-- Installing: /ros2_ws/install/lift_action/share/lift_action/cmake/ament_cmake_export_dependencies-extras.cmake
-- Installing: /ros2_ws/install/lift_action/share/lift_action/cmake/ament_cmake_export_include_directories-extras.cmake
-- Installing: /ros2_ws/install/lift_action/share/lift_action/cmake/ament_cmake_export_libraries-extras.cmake
-- Installing: /ros2_ws/install/lift_action/share/lift_action/cmake/ament_cmake_export_targets-extras.cmake
-- Installing: /ros2_ws/install/lift_action/share/lift_action/cmake/rosidl_cmake_export_typesupport_targets-extras.cmake
-- Installing: /ros2_ws/install/lift_action/share/lift_action/cmake/rosidl_cmake_export_typesupport_libraries-extras.cmake
-- Installing: /ros2_ws/install/lift_action/share/lift_action/cmake/lift_actionConfig.cmake
-- Installing: /ros2_ws/install/lift_action/share/lift_action/cmake/lift_actionConfig-version.cmake
-- Installing: /ros2_ws/install/lift_action/share/lift_action/package.xml
