[0.071s] Invoking command in '/ros2_ws/build/lift_action': CMAKE_PREFIX_PATH=${CMAKE_PREFIX_PATH}:/opt/ros/humble /usr/bin/cmake /ros2_ws/src/lift_action -DCMAKE_INSTALL_PREFIX=/ros2_ws/install/lift_action
[0.387s] -- The C compiler identification is GNU 11.4.0
[0.583s] -- The CXX compiler identification is GNU 11.4.0
[0.606s] -- Detecting C compiler ABI info
[0.753s] -- Detecting C compiler ABI info - done
[0.760s] -- Check for working C compiler: /usr/bin/cc - skipped
[0.762s] -- Detecting C compile features
[0.765s] -- Detecting C compile features - done
[0.770s] -- Detecting CXX compiler ABI info
[0.940s] -- Detecting CXX compiler ABI info - done
[0.948s] -- Check for working CXX compiler: /usr/bin/c++ - skipped
[0.949s] -- Detecting CXX compile features
[0.949s] -- Detecting CXX compile features - done
[0.956s] -- Found ament_cmake: 1.3.12 (/opt/ros/humble/share/ament_cmake/cmake)
[1.286s] -- Found Python3: /usr/bin/python3 (found version "3.10.12") found components: Interpreter 
[1.575s] -- Found rclcpp: 16.0.15 (/opt/ros/humble/share/rclcpp/cmake)
[1.696s] -- Found rosidl_generator_c: 3.1.7 (/opt/ros/humble/share/rosidl_generator_c/cmake)
[1.707s] -- Found rosidl_adapter: 3.1.7 (/opt/ros/humble/share/rosidl_adapter/cmake)
[1.722s] -- Found rosidl_generator_cpp: 3.1.7 (/opt/ros/humble/share/rosidl_generator_cpp/cmake)
[1.755s] -- Using all available rosidl_typesupport_c: rosidl_typesupport_fastrtps_c;rosidl_typesupport_introspection_c
[1.781s] -- Using all available rosidl_typesupport_cpp: rosidl_typesupport_fastrtps_cpp;rosidl_typesupport_introspection_cpp
[1.894s] -- Found rmw_implementation_cmake: 6.1.2 (/opt/ros/humble/share/rmw_implementation_cmake/cmake)
[1.904s] -- Found rmw_fastrtps_cpp: 6.2.8 (/opt/ros/humble/share/rmw_fastrtps_cpp/cmake)
[2.146s] -- Found OpenSSL: /usr/lib/aarch64-linux-gnu/libcrypto.so (found version "3.0.2")  
[2.201s] -- Found FastRTPS: /opt/ros/humble/include  
[2.277s] -- Using RMW implementation 'rmw_fastrtps_cpp' as default
[2.314s] -- Looking for pthread.h
[2.463s] -- Looking for pthread.h - found
[2.467s] -- Performing Test CMAKE_HAVE_LIBC_PTHREAD
[2.610s] -- Performing Test CMAKE_HAVE_LIBC_PTHREAD - Success
[2.619s] -- Found Threads: TRUE  
[2.729s] -- Found rosidl_default_generators: 1.2.0 (/opt/ros/humble/share/rosidl_default_generators/cmake)
[3.256s] -- Found ament_cmake_ros: 0.10.0 (/opt/ros/humble/share/ament_cmake_ros/cmake)
[4.164s] -- Using all available rosidl_typesupport_c: rosidl_typesupport_fastrtps_c;rosidl_typesupport_introspection_c
[4.559s] -- Using all available rosidl_typesupport_cpp: rosidl_typesupport_fastrtps_cpp;rosidl_typesupport_introspection_cpp
[4.623s] -- Found PythonInterp: /usr/bin/python3 (found suitable version "3.10.12", minimum required is "3.6") 
[4.627s] -- Found python_cmake_module: 0.10.0 (/opt/ros/humble/share/python_cmake_module/cmake)
[4.716s] -- Found PythonLibs: /usr/lib/aarch64-linux-gnu/libpython3.10.so (found suitable version "3.10.12", minimum required is "3.5") 
[4.716s] -- Using PYTHON_EXECUTABLE: /usr/bin/python3
[4.716s] -- Using PYTHON_INCLUDE_DIRS: /usr/include/python3.10
[4.716s] -- Using PYTHON_LIBRARIES: /usr/lib/aarch64-linux-gnu/libpython3.10.so
[4.791s] -- Found PythonExtra: .so  
[4.933s] -- Found ament_lint_auto: 0.12.14 (/opt/ros/humble/share/ament_lint_auto/cmake)
[4.987s] -- Added test 'copyright' to check source files copyright and LICENSE
[4.991s] -- Added test 'cppcheck' to perform static code analysis on C / C++ code
[4.992s] -- Configured cppcheck include dirs: /ros2_ws/src/lift_action/include
[4.992s] -- Configured cppcheck exclude dirs and/or files: 
[4.996s] -- Added test 'cpplint' to check C / C++ code against the Google style
[4.996s] -- Configured cpplint exclude dirs and/or files: 
[4.999s] -- Added test 'flake8' to check Python code syntax and style conventions
[5.001s] -- Added test 'lint_cmake' to check CMake code style
[5.003s] -- Added test 'pep257' to check Python code against some of the docstring style conventions in PEP 257
[5.006s] -- Added test 'uncrustify' to check C / C++ code style
[5.006s] -- Configured uncrustify additional arguments: 
[5.009s] -- Added test 'xmllint' to check XML markup files
[5.017s] -- Configuring done
[5.251s] -- Generating done
[5.301s] -- Build files have been written to: /ros2_ws/build/lift_action
[5.332s] Invoked command in '/ros2_ws/build/lift_action' returned '0': CMAKE_PREFIX_PATH=${CMAKE_PREFIX_PATH}:/opt/ros/humble /usr/bin/cmake /ros2_ws/src/lift_action -DCMAKE_INSTALL_PREFIX=/ros2_ws/install/lift_action
[5.351s] Invoking command in '/ros2_ws/build/lift_action': CMAKE_PREFIX_PATH=${CMAKE_PREFIX_PATH}:/opt/ros/humble /usr/bin/cmake --build /ros2_ws/build/lift_action -- -j12 -l12
[19.696s] [  1%] [34m[1mGenerating C code for ROS interfaces[0m
[19.696s] [  1%] Built target ament_cmake_python_copy_lift_action
[19.696s] [  2%] [34m[1mGenerating C++ code for ROS interfaces[0m
[19.697s] running egg_info
[19.697s] creating lift_action.egg-info
[19.697s] writing lift_action.egg-info/PKG-INFO
[19.697s] writing dependency_links to lift_action.egg-info/dependency_links.txt
[19.697s] writing top-level names to lift_action.egg-info/top_level.txt
[19.697s] writing manifest file 'lift_action.egg-info/SOURCES.txt'
[19.697s] reading manifest file 'lift_action.egg-info/SOURCES.txt'
[19.697s] writing manifest file 'lift_action.egg-info/SOURCES.txt'
[19.697s] [  2%] Built target ament_cmake_python_build_lift_action_egg
[19.697s] [  3%] [32mBuilding C object CMakeFiles/lift_action__rosidl_generator_c.dir/rosidl_generator_c/lift_action/msg/detail/lift_feedback__functions.c.o[0m
[19.697s] [  5%] [32mBuilding C object CMakeFiles/lift_action__rosidl_generator_c.dir/rosidl_generator_c/lift_action/msg/detail/lift_action__functions.c.o[0m
[19.698s] [  6%] [32mBuilding C object CMakeFiles/lift_action__rosidl_generator_c.dir/rosidl_generator_c/lift_action/msg/detail/ui_interface__functions.c.o[0m
[19.698s] [  7%] [32mBuilding C object CMakeFiles/lift_action__rosidl_generator_c.dir/rosidl_generator_c/lift_action/msg/detail/homing_status__functions.c.o[0m
[19.698s] [  9%] [32mBuilding C object CMakeFiles/lift_action__rosidl_generator_c.dir/rosidl_generator_c/lift_action/msg/detail/error_status__functions.c.o[0m
[19.698s] [ 10%] [32mBuilding C object CMakeFiles/lift_action__rosidl_generator_c.dir/rosidl_generator_c/lift_action/msg/detail/home_sensor__functions.c.o[0m
[19.698s] [ 10%] Built target lift_action__cpp
[19.719s] [ 11%] [34m[1mGenerating C++ type support dispatch for ROS interfaces[0m
[19.719s] [ 12%] [34m[1mGenerating C++ type support for eProsima Fast-RTPS[0m
[19.719s] [ 14%] [34m[1mGenerating C++ introspection for ROS interfaces[0m
[19.720s] [ 15%] [32m[1mLinking C shared library liblift_action__rosidl_generator_c.so[0m
[19.720s] [ 15%] Built target lift_action__rosidl_generator_c
[19.720s] [ 16%] [34m[1mGenerating C type support for eProsima Fast-RTPS[0m
[19.720s] [ 18%] [34m[1mGenerating C type support dispatch for ROS interfaces[0m
[19.720s] [ 19%] [34m[1mGenerating C introspection for ROS interfaces[0m
[19.720s] [ 20%] [32mBuilding CXX object CMakeFiles/lift_action__rosidl_typesupport_cpp.dir/rosidl_typesupport_cpp/lift_action/msg/lift_feedback__type_support.cpp.o[0m
[19.720s] [ 22%] [32mBuilding CXX object CMakeFiles/lift_action__rosidl_typesupport_cpp.dir/rosidl_typesupport_cpp/lift_action/msg/lift_action__type_support.cpp.o[0m
[19.720s] [ 23%] [32mBuilding CXX object CMakeFiles/lift_action__rosidl_typesupport_cpp.dir/rosidl_typesupport_cpp/lift_action/msg/ui_interface__type_support.cpp.o[0m
[19.720s] [ 24%] [32mBuilding CXX object CMakeFiles/lift_action__rosidl_typesupport_introspection_cpp.dir/rosidl_typesupport_introspection_cpp/lift_action/msg/detail/homing_status__type_support.cpp.o[0m
[19.720s] [ 27%] [32mBuilding CXX object CMakeFiles/lift_action__rosidl_typesupport_introspection_cpp.dir/rosidl_typesupport_introspection_cpp/lift_action/msg/detail/lift_feedback__type_support.cpp.o[0m
[19.720s] [ 25%] [32mBuilding CXX object CMakeFiles/lift_action__rosidl_typesupport_cpp.dir/rosidl_typesupport_cpp/lift_action/msg/homing_status__type_support.cpp.o[0m
[19.721s] [ 28%] [32mBuilding CXX object CMakeFiles/lift_action__rosidl_typesupport_introspection_cpp.dir/rosidl_typesupport_introspection_cpp/lift_action/msg/detail/ui_interface__type_support.cpp.o[0m
[19.721s] [ 29%] [32mBuilding CXX object CMakeFiles/lift_action__rosidl_typesupport_introspection_cpp.dir/rosidl_typesupport_introspection_cpp/lift_action/msg/detail/lift_action__type_support.cpp.o[0m
[19.721s] [ 31%] [32mBuilding CXX object CMakeFiles/lift_action__rosidl_typesupport_cpp.dir/rosidl_typesupport_cpp/lift_action/msg/home_sensor__type_support.cpp.o[0m
[19.721s] [ 32%] [32mBuilding CXX object CMakeFiles/lift_action__rosidl_typesupport_fastrtps_c.dir/rosidl_typesupport_fastrtps_c/lift_action/msg/detail/lift_feedback__type_support_c.cpp.o[0m
[19.721s] [ 33%] [32mBuilding CXX object CMakeFiles/lift_action__rosidl_typesupport_cpp.dir/rosidl_typesupport_cpp/lift_action/msg/error_status__type_support.cpp.o[0m
[19.721s] [ 35%] [32mBuilding CXX object CMakeFiles/lift_action__rosidl_typesupport_c.dir/rosidl_typesupport_c/lift_action/msg/lift_feedback__type_support.cpp.o[0m
[19.721s] [ 36%] [32mBuilding CXX object CMakeFiles/lift_action__rosidl_typesupport_introspection_cpp.dir/rosidl_typesupport_introspection_cpp/lift_action/msg/detail/home_sensor__type_support.cpp.o[0m
[19.721s] [ 37%] [32mBuilding C object CMakeFiles/lift_action__rosidl_typesupport_introspection_c.dir/rosidl_typesupport_introspection_c/lift_action/msg/detail/lift_feedback__type_support.c.o[0m
[19.721s] [ 38%] [32mBuilding CXX object CMakeFiles/lift_action__rosidl_typesupport_c.dir/rosidl_typesupport_c/lift_action/msg/lift_action__type_support.cpp.o[0m
[19.721s] [ 40%] [32mBuilding C object CMakeFiles/lift_action__rosidl_typesupport_introspection_c.dir/rosidl_typesupport_introspection_c/lift_action/msg/detail/lift_action__type_support.c.o[0m
[19.721s] [ 41%] [32mBuilding CXX object CMakeFiles/lift_action__rosidl_typesupport_c.dir/rosidl_typesupport_c/lift_action/msg/ui_interface__type_support.cpp.o[0m
[19.721s] [ 42%] [32mBuilding CXX object CMakeFiles/lift_action__rosidl_typesupport_introspection_cpp.dir/rosidl_typesupport_introspection_cpp/lift_action/msg/detail/error_status__type_support.cpp.o[0m
[19.721s] [ 44%] [32mBuilding CXX object CMakeFiles/lift_action__rosidl_typesupport_fastrtps_cpp.dir/rosidl_typesupport_fastrtps_cpp/lift_action/msg/detail/dds_fastrtps/lift_feedback__type_support.cpp.o[0m
[19.722s] [ 45%] [32mBuilding CXX object CMakeFiles/lift_action__rosidl_typesupport_c.dir/rosidl_typesupport_c/lift_action/msg/homing_status__type_support.cpp.o[0m
[19.722s] [ 46%] [32mBuilding CXX object CMakeFiles/lift_action__rosidl_typesupport_c.dir/rosidl_typesupport_c/lift_action/msg/home_sensor__type_support.cpp.o[0m
[19.722s] [ 48%] [32mBuilding CXX object CMakeFiles/lift_action__rosidl_typesupport_c.dir/rosidl_typesupport_c/lift_action/msg/error_status__type_support.cpp.o[0m
[19.722s] [ 49%] [32mBuilding C object CMakeFiles/lift_action__rosidl_typesupport_introspection_c.dir/rosidl_typesupport_introspection_c/lift_action/msg/detail/homing_status__type_support.c.o[0m
[19.722s] [ 50%] [32mBuilding C object CMakeFiles/lift_action__rosidl_typesupport_introspection_c.dir/rosidl_typesupport_introspection_c/lift_action/msg/detail/ui_interface__type_support.c.o[0m
[19.722s] [ 51%] [32mBuilding C object CMakeFiles/lift_action__rosidl_typesupport_introspection_c.dir/rosidl_typesupport_introspection_c/lift_action/msg/detail/home_sensor__type_support.c.o[0m
[19.722s] [ 53%] [32mBuilding CXX object CMakeFiles/lift_action__rosidl_typesupport_fastrtps_cpp.dir/rosidl_typesupport_fastrtps_cpp/lift_action/msg/detail/dds_fastrtps/lift_action__type_support.cpp.o[0m
[19.722s] [ 54%] [32m[1mLinking CXX shared library liblift_action__rosidl_typesupport_c.so[0m
[19.722s] [ 54%] Built target lift_action__rosidl_typesupport_c
[19.722s] [ 55%] [32mBuilding CXX object CMakeFiles/lift_action__rosidl_typesupport_fastrtps_cpp.dir/rosidl_typesupport_fastrtps_cpp/lift_action/msg/detail/dds_fastrtps/ui_interface__type_support.cpp.o[0m
[19.722s] [ 58%] [32mBuilding CXX object CMakeFiles/lift_action__rosidl_typesupport_fastrtps_cpp.dir/rosidl_typesupport_fastrtps_cpp/lift_action/msg/detail/dds_fastrtps/homing_status__type_support.cpp.o[0m
[19.723s] [ 58%] [32mBuilding C object CMakeFiles/lift_action__rosidl_typesupport_introspection_c.dir/rosidl_typesupport_introspection_c/lift_action/msg/detail/error_status__type_support.c.o[0m
[19.723s] [ 59%] [32mBuilding CXX object CMakeFiles/lift_action__rosidl_typesupport_fastrtps_cpp.dir/rosidl_typesupport_fastrtps_cpp/lift_action/msg/detail/dds_fastrtps/home_sensor__type_support.cpp.o[0m
[19.723s] [ 61%] [32mBuilding CXX object CMakeFiles/lift_action__rosidl_typesupport_fastrtps_c.dir/rosidl_typesupport_fastrtps_c/lift_action/msg/detail/lift_action__type_support_c.cpp.o[0m
[19.723s] [ 62%] [32m[1mLinking C shared library liblift_action__rosidl_typesupport_introspection_c.so[0m
[19.725s] [ 63%] [32m[1mLinking CXX shared library liblift_action__rosidl_typesupport_cpp.so[0m
[19.726s] [ 63%] Built target lift_action__rosidl_typesupport_introspection_c
[19.726s] [ 64%] [32mBuilding CXX object CMakeFiles/lift_action__rosidl_typesupport_fastrtps_c.dir/rosidl_typesupport_fastrtps_c/lift_action/msg/detail/ui_interface__type_support_c.cpp.o[0m
[19.726s] [ 66%] [32mBuilding CXX object CMakeFiles/lift_action__rosidl_typesupport_fastrtps_c.dir/rosidl_typesupport_fastrtps_c/lift_action/msg/detail/homing_status__type_support_c.cpp.o[0m
[19.726s] [ 67%] [32mBuilding CXX object CMakeFiles/lift_action__rosidl_typesupport_fastrtps_cpp.dir/rosidl_typesupport_fastrtps_cpp/lift_action/msg/detail/dds_fastrtps/error_status__type_support.cpp.o[0m
[19.726s] [ 67%] Built target lift_action__rosidl_typesupport_cpp
[19.726s] [ 68%] [32mBuilding CXX object CMakeFiles/lift_action__rosidl_typesupport_fastrtps_c.dir/rosidl_typesupport_fastrtps_c/lift_action/msg/detail/home_sensor__type_support_c.cpp.o[0m
[19.726s] [ 70%] [32mBuilding CXX object CMakeFiles/lift_action__rosidl_typesupport_fastrtps_c.dir/rosidl_typesupport_fastrtps_c/lift_action/msg/detail/error_status__type_support_c.cpp.o[0m
[19.726s] [ 71%] [32mBuilding CXX object CMakeFiles/modbus_communicator_lib.dir/src/ModbusComunicator.cpp.o[0m
[19.726s] [ 72%] [32m[1mLinking CXX shared library liblift_action__rosidl_typesupport_introspection_cpp.so[0m
[19.727s] [ 72%] Built target lift_action__rosidl_typesupport_introspection_cpp
[20.748s] [ 74%] [32m[1mLinking CXX shared library liblift_action__rosidl_typesupport_fastrtps_c.so[0m
[21.569s] [ 74%] Built target lift_action__rosidl_typesupport_fastrtps_c
[21.860s] [ 75%] [32m[1mLinking CXX shared library liblift_action__rosidl_typesupport_fastrtps_cpp.so[0m
[22.800s] [ 75%] Built target lift_action__rosidl_typesupport_fastrtps_cpp
[36.663s] [ 76%] [32m[1mLinking CXX shared library libmodbus_communicator_lib.so[0m
[36.984s] [ 76%] Built target modbus_communicator_lib
[37.091s] [ 76%] Built target lift_action
[37.243s] [ 77%] [32mBuilding CXX object CMakeFiles/ui_interface_lib.dir/src/UI_Interface.cpp.o[0m
[60.755s] [ 79%] [32m[1mLinking CXX shared library libui_interface_lib.so[0m
[61.017s] [ 79%] Built target ui_interface_lib
[61.058s] [ 80%] [34m[1mGenerating Python code for ROS interfaces[0m
[62.379s] [ 80%] Built target lift_action__py
[62.424s] [ 81%] [32mBuilding CXX object CMakeFiles/modbus_communicator.dir/src/HigherLevelInterface.cpp.o[0m
[102.119s] [ 83%] [32m[1mLinking CXX executable modbus_communicator[0m
[102.468s] [ 83%] Built target modbus_communicator
[102.505s] [ 89%] [32mBuilding C object CMakeFiles/lift_action__rosidl_generator_py.dir/rosidl_generator_py/lift_action/msg/_ui_interface_s.c.o[0m
[102.506s] [ 89%] [32mBuilding C object CMakeFiles/lift_action__rosidl_generator_py.dir/rosidl_generator_py/lift_action/msg/_lift_action_s.c.o[0m
[102.506s] [ 89%] [32mBuilding C object CMakeFiles/lift_action__rosidl_generator_py.dir/rosidl_generator_py/lift_action/msg/_homing_status_s.c.o[0m
[102.506s] [ 89%] [32mBuilding C object CMakeFiles/lift_action__rosidl_generator_py.dir/rosidl_generator_py/lift_action/msg/_home_sensor_s.c.o[0m
[102.506s] [ 89%] [32mBuilding C object CMakeFiles/lift_action__rosidl_generator_py.dir/rosidl_generator_py/lift_action/msg/_lift_feedback_s.c.o[0m
[102.736s] [ 90%] [32mBuilding C object CMakeFiles/lift_action__rosidl_generator_py.dir/rosidl_generator_py/lift_action/msg/_error_status_s.c.o[0m
[102.952s] [ 92%] [32m[1mLinking C shared library rosidl_generator_py/lift_action/liblift_action__rosidl_generator_py.so[0m
[103.014s] [ 92%] Built target lift_action__rosidl_generator_py
[103.054s] [ 96%] [32mBuilding C object CMakeFiles/lift_action__rosidl_typesupport_fastrtps_c__pyext.dir/rosidl_generator_py/lift_action/_lift_action_s.ep.rosidl_typesupport_fastrtps_c.c.o[0m
[103.054s] [ 96%] [32mBuilding C object CMakeFiles/lift_action__rosidl_typesupport_introspection_c__pyext.dir/rosidl_generator_py/lift_action/_lift_action_s.ep.rosidl_typesupport_introspection_c.c.o[0m
[103.055s] [ 96%] [32mBuilding C object CMakeFiles/lift_action__rosidl_typesupport_c__pyext.dir/rosidl_generator_py/lift_action/_lift_action_s.ep.rosidl_typesupport_c.c.o[0m
[103.373s] [ 97%] [32m[1mLinking C shared library rosidl_generator_py/lift_action/lift_action_s__rosidl_typesupport_fastrtps_c.cpython-310-aarch64-linux-gnu.so[0m
[103.378s] [100%] [32m[1mLinking C shared library rosidl_generator_py/lift_action/lift_action_s__rosidl_typesupport_introspection_c.cpython-310-aarch64-linux-gnu.so[0m
[103.378s] [100%] [32m[1mLinking C shared library rosidl_generator_py/lift_action/lift_action_s__rosidl_typesupport_c.cpython-310-aarch64-linux-gnu.so[0m
[103.442s] [100%] Built target lift_action__rosidl_typesupport_fastrtps_c__pyext
[103.442s] [100%] Built target lift_action__rosidl_typesupport_introspection_c__pyext
[103.442s] [100%] Built target lift_action__rosidl_typesupport_c__pyext
[103.465s] Invoked command in '/ros2_ws/build/lift_action' returned '0': CMAKE_PREFIX_PATH=${CMAKE_PREFIX_PATH}:/opt/ros/humble /usr/bin/cmake --build /ros2_ws/build/lift_action -- -j12 -l12
[103.467s] Invoking command in '/ros2_ws/build/lift_action': CMAKE_PREFIX_PATH=${CMAKE_PREFIX_PATH}:/opt/ros/humble /usr/bin/cmake --install /ros2_ws/build/lift_action
[103.480s] -- Install configuration: "Release"
[103.481s] -- Installing: /ros2_ws/install/lift_action/share/ament_index/resource_index/rosidl_interfaces/lift_action
[103.481s] -- Installing: /ros2_ws/install/lift_action/include/lift_action/lift_action
[103.481s] -- Installing: /ros2_ws/install/lift_action/include/lift_action/lift_action/msg
[103.481s] -- Installing: /ros2_ws/install/lift_action/include/lift_action/lift_action/msg/home_sensor.h
[103.481s] -- Installing: /ros2_ws/install/lift_action/include/lift_action/lift_action/msg/detail
[103.481s] -- Installing: /ros2_ws/install/lift_action/include/lift_action/lift_action/msg/detail/error_status__functions.h
[103.482s] -- Installing: /ros2_ws/install/lift_action/include/lift_action/lift_action/msg/detail/home_sensor__type_support.h
[103.482s] -- Installing: /ros2_ws/install/lift_action/include/lift_action/lift_action/msg/detail/ui_interface__functions.h
[103.482s] -- Installing: /ros2_ws/install/lift_action/include/lift_action/lift_action/msg/detail/error_status__functions.c
[103.482s] -- Installing: /ros2_ws/install/lift_action/include/lift_action/lift_action/msg/detail/ui_interface__type_support.h
[103.482s] -- Installing: /ros2_ws/install/lift_action/include/lift_action/lift_action/msg/detail/homing_status__functions.h
[103.482s] -- Installing: /ros2_ws/install/lift_action/include/lift_action/lift_action/msg/detail/lift_feedback__functions.c
[103.482s] -- Installing: /ros2_ws/install/lift_action/include/lift_action/lift_action/msg/detail/lift_action__struct.h
[103.483s] -- Installing: /ros2_ws/install/lift_action/include/lift_action/lift_action/msg/detail/lift_action__functions.c
[103.483s] -- Installing: /ros2_ws/install/lift_action/include/lift_action/lift_action/msg/detail/lift_feedback__type_support.h
[103.483s] -- Installing: /ros2_ws/install/lift_action/include/lift_action/lift_action/msg/detail/homing_status__functions.c
[103.483s] -- Installing: /ros2_ws/install/lift_action/include/lift_action/lift_action/msg/detail/home_sensor__functions.c
[103.483s] -- Installing: /ros2_ws/install/lift_action/include/lift_action/lift_action/msg/detail/lift_action__functions.h
[103.483s] -- Installing: /ros2_ws/install/lift_action/include/lift_action/lift_action/msg/detail/home_sensor__struct.h
[103.483s] -- Installing: /ros2_ws/install/lift_action/include/lift_action/lift_action/msg/detail/error_status__type_support.h
[103.484s] -- Installing: /ros2_ws/install/lift_action/include/lift_action/lift_action/msg/detail/ui_interface__struct.h
[103.484s] -- Installing: /ros2_ws/install/lift_action/include/lift_action/lift_action/msg/detail/ui_interface__functions.c
[103.484s] -- Installing: /ros2_ws/install/lift_action/include/lift_action/lift_action/msg/detail/error_status__struct.h
[103.484s] -- Installing: /ros2_ws/install/lift_action/include/lift_action/lift_action/msg/detail/homing_status__struct.h
[103.484s] -- Installing: /ros2_ws/install/lift_action/include/lift_action/lift_action/msg/detail/lift_feedback__struct.h
[103.484s] -- Installing: /ros2_ws/install/lift_action/include/lift_action/lift_action/msg/detail/lift_feedback__functions.h
[103.484s] -- Installing: /ros2_ws/install/lift_action/include/lift_action/lift_action/msg/detail/home_sensor__functions.h
[103.485s] -- Installing: /ros2_ws/install/lift_action/include/lift_action/lift_action/msg/detail/homing_status__type_support.h
[103.485s] -- Installing: /ros2_ws/install/lift_action/include/lift_action/lift_action/msg/detail/lift_action__type_support.h
[103.485s] -- Installing: /ros2_ws/install/lift_action/include/lift_action/lift_action/msg/error_status.h
[103.485s] -- Installing: /ros2_ws/install/lift_action/include/lift_action/lift_action/msg/lift_feedback.h
[103.485s] -- Installing: /ros2_ws/install/lift_action/include/lift_action/lift_action/msg/lift_action.h
[103.485s] -- Installing: /ros2_ws/install/lift_action/include/lift_action/lift_action/msg/rosidl_generator_c__visibility_control.h
[103.485s] -- Installing: /ros2_ws/install/lift_action/include/lift_action/lift_action/msg/homing_status.h
[103.486s] -- Installing: /ros2_ws/install/lift_action/include/lift_action/lift_action/msg/ui_interface.h
[103.486s] -- Installing: /ros2_ws/install/lift_action/share/lift_action/environment/library_path.sh
[103.486s] -- Installing: /ros2_ws/install/lift_action/share/lift_action/environment/library_path.dsv
[103.487s] -- Installing: /ros2_ws/install/lift_action/lib/liblift_action__rosidl_generator_c.so
[103.487s] -- Set runtime path of "/ros2_ws/install/lift_action/lib/liblift_action__rosidl_generator_c.so" to ""
[103.487s] -- Up-to-date: /ros2_ws/install/lift_action/include/lift_action/lift_action
[103.488s] -- Up-to-date: /ros2_ws/install/lift_action/include/lift_action/lift_action/msg
[103.488s] -- Up-to-date: /ros2_ws/install/lift_action/include/lift_action/lift_action/msg/detail
[103.488s] -- Installing: /ros2_ws/install/lift_action/include/lift_action/lift_action/msg/detail/homing_status__rosidl_typesupport_fastrtps_c.h
[103.488s] -- Installing: /ros2_ws/install/lift_action/include/lift_action/lift_action/msg/detail/lift_feedback__rosidl_typesupport_fastrtps_c.h
[103.488s] -- Installing: /ros2_ws/install/lift_action/include/lift_action/lift_action/msg/detail/home_sensor__rosidl_typesupport_fastrtps_c.h
[103.488s] -- Installing: /ros2_ws/install/lift_action/include/lift_action/lift_action/msg/detail/ui_interface__rosidl_typesupport_fastrtps_c.h
[103.488s] -- Installing: /ros2_ws/install/lift_action/include/lift_action/lift_action/msg/detail/lift_action__rosidl_typesupport_fastrtps_c.h
[103.488s] -- Installing: /ros2_ws/install/lift_action/include/lift_action/lift_action/msg/detail/error_status__rosidl_typesupport_fastrtps_c.h
[103.488s] -- Installing: /ros2_ws/install/lift_action/include/lift_action/lift_action/msg/rosidl_typesupport_fastrtps_c__visibility_control.h
[103.488s] -- Installing: /ros2_ws/install/lift_action/lib/liblift_action__rosidl_typesupport_fastrtps_c.so
[103.489s] -- Set runtime path of "/ros2_ws/install/lift_action/lib/liblift_action__rosidl_typesupport_fastrtps_c.so" to ""
[103.489s] -- Up-to-date: /ros2_ws/install/lift_action/include/lift_action/lift_action
[103.489s] -- Up-to-date: /ros2_ws/install/lift_action/include/lift_action/lift_action/msg
[103.489s] -- Installing: /ros2_ws/install/lift_action/include/lift_action/lift_action/msg/rosidl_generator_cpp__visibility_control.hpp
[103.489s] -- Installing: /ros2_ws/install/lift_action/include/lift_action/lift_action/msg/error_status.hpp
[103.490s] -- Installing: /ros2_ws/install/lift_action/include/lift_action/lift_action/msg/homing_status.hpp
[103.490s] -- Up-to-date: /ros2_ws/install/lift_action/include/lift_action/lift_action/msg/detail
[103.490s] -- Installing: /ros2_ws/install/lift_action/include/lift_action/lift_action/msg/detail/lift_action__struct.hpp
[103.490s] -- Installing: /ros2_ws/install/lift_action/include/lift_action/lift_action/msg/detail/home_sensor__traits.hpp
[103.490s] -- Installing: /ros2_ws/install/lift_action/include/lift_action/lift_action/msg/detail/home_sensor__struct.hpp
[103.490s] -- Installing: /ros2_ws/install/lift_action/include/lift_action/lift_action/msg/detail/ui_interface__type_support.hpp
[103.490s] -- Installing: /ros2_ws/install/lift_action/include/lift_action/lift_action/msg/detail/ui_interface__builder.hpp
[103.491s] -- Installing: /ros2_ws/install/lift_action/include/lift_action/lift_action/msg/detail/lift_feedback__type_support.hpp
[103.491s] -- Installing: /ros2_ws/install/lift_action/include/lift_action/lift_action/msg/detail/home_sensor__builder.hpp
[103.491s] -- Installing: /ros2_ws/install/lift_action/include/lift_action/lift_action/msg/detail/lift_action__type_support.hpp
[103.491s] -- Installing: /ros2_ws/install/lift_action/include/lift_action/lift_action/msg/detail/ui_interface__traits.hpp
[103.491s] -- Installing: /ros2_ws/install/lift_action/include/lift_action/lift_action/msg/detail/homing_status__traits.hpp
[103.491s] -- Installing: /ros2_ws/install/lift_action/include/lift_action/lift_action/msg/detail/lift_action__traits.hpp
[103.491s] -- Installing: /ros2_ws/install/lift_action/include/lift_action/lift_action/msg/detail/lift_action__builder.hpp
[103.491s] -- Installing: /ros2_ws/install/lift_action/include/lift_action/lift_action/msg/detail/homing_status__struct.hpp
[103.492s] -- Installing: /ros2_ws/install/lift_action/include/lift_action/lift_action/msg/detail/home_sensor__type_support.hpp
[103.492s] -- Installing: /ros2_ws/install/lift_action/include/lift_action/lift_action/msg/detail/error_status__struct.hpp
[103.492s] -- Installing: /ros2_ws/install/lift_action/include/lift_action/lift_action/msg/detail/lift_feedback__struct.hpp
[103.492s] -- Installing: /ros2_ws/install/lift_action/include/lift_action/lift_action/msg/detail/error_status__traits.hpp
[103.492s] -- Installing: /ros2_ws/install/lift_action/include/lift_action/lift_action/msg/detail/homing_status__builder.hpp
[103.492s] -- Installing: /ros2_ws/install/lift_action/include/lift_action/lift_action/msg/detail/lift_feedback__builder.hpp
[103.492s] -- Installing: /ros2_ws/install/lift_action/include/lift_action/lift_action/msg/detail/error_status__builder.hpp
[103.493s] -- Installing: /ros2_ws/install/lift_action/include/lift_action/lift_action/msg/detail/homing_status__type_support.hpp
[103.493s] -- Installing: /ros2_ws/install/lift_action/include/lift_action/lift_action/msg/detail/ui_interface__struct.hpp
[103.493s] -- Installing: /ros2_ws/install/lift_action/include/lift_action/lift_action/msg/detail/error_status__type_support.hpp
[103.493s] -- Installing: /ros2_ws/install/lift_action/include/lift_action/lift_action/msg/detail/lift_feedback__traits.hpp
[103.493s] -- Installing: /ros2_ws/install/lift_action/include/lift_action/lift_action/msg/ui_interface.hpp
[103.493s] -- Installing: /ros2_ws/install/lift_action/include/lift_action/lift_action/msg/home_sensor.hpp
[103.493s] -- Installing: /ros2_ws/install/lift_action/include/lift_action/lift_action/msg/lift_feedback.hpp
[103.493s] -- Installing: /ros2_ws/install/lift_action/include/lift_action/lift_action/msg/lift_action.hpp
[103.494s] -- Up-to-date: /ros2_ws/install/lift_action/include/lift_action/lift_action
[103.494s] -- Up-to-date: /ros2_ws/install/lift_action/include/lift_action/lift_action/msg
[103.494s] -- Up-to-date: /ros2_ws/install/lift_action/include/lift_action/lift_action/msg/detail
[103.494s] -- Installing: /ros2_ws/install/lift_action/include/lift_action/lift_action/msg/detail/home_sensor__rosidl_typesupport_fastrtps_cpp.hpp
[103.494s] -- Installing: /ros2_ws/install/lift_action/include/lift_action/lift_action/msg/detail/error_status__rosidl_typesupport_fastrtps_cpp.hpp
[103.494s] -- Installing: /ros2_ws/install/lift_action/include/lift_action/lift_action/msg/detail/dds_fastrtps
[103.494s] -- Installing: /ros2_ws/install/lift_action/include/lift_action/lift_action/msg/detail/lift_feedback__rosidl_typesupport_fastrtps_cpp.hpp
[103.494s] -- Installing: /ros2_ws/install/lift_action/include/lift_action/lift_action/msg/detail/lift_action__rosidl_typesupport_fastrtps_cpp.hpp
[103.495s] -- Installing: /ros2_ws/install/lift_action/include/lift_action/lift_action/msg/detail/ui_interface__rosidl_typesupport_fastrtps_cpp.hpp
[103.495s] -- Installing: /ros2_ws/install/lift_action/include/lift_action/lift_action/msg/detail/homing_status__rosidl_typesupport_fastrtps_cpp.hpp
[103.495s] -- Installing: /ros2_ws/install/lift_action/include/lift_action/lift_action/msg/rosidl_typesupport_fastrtps_cpp__visibility_control.h
[103.495s] -- Installing: /ros2_ws/install/lift_action/lib/liblift_action__rosidl_typesupport_fastrtps_cpp.so
[103.496s] -- Set runtime path of "/ros2_ws/install/lift_action/lib/liblift_action__rosidl_typesupport_fastrtps_cpp.so" to ""
[103.496s] -- Up-to-date: /ros2_ws/install/lift_action/include/lift_action/lift_action
[103.496s] -- Up-to-date: /ros2_ws/install/lift_action/include/lift_action/lift_action/msg
[103.496s] -- Installing: /ros2_ws/install/lift_action/include/lift_action/lift_action/msg/rosidl_typesupport_introspection_c__visibility_control.h
[103.496s] -- Up-to-date: /ros2_ws/install/lift_action/include/lift_action/lift_action/msg/detail
[103.496s] -- Installing: /ros2_ws/install/lift_action/include/lift_action/lift_action/msg/detail/ui_interface__type_support.c
[103.496s] -- Installing: /ros2_ws/install/lift_action/include/lift_action/lift_action/msg/detail/error_status__type_support.c
[103.496s] -- Installing: /ros2_ws/install/lift_action/include/lift_action/lift_action/msg/detail/home_sensor__type_support.c
[103.497s] -- Installing: /ros2_ws/install/lift_action/include/lift_action/lift_action/msg/detail/lift_feedback__type_support.c
[103.497s] -- Installing: /ros2_ws/install/lift_action/include/lift_action/lift_action/msg/detail/ui_interface__rosidl_typesupport_introspection_c.h
[103.497s] -- Installing: /ros2_ws/install/lift_action/include/lift_action/lift_action/msg/detail/lift_action__rosidl_typesupport_introspection_c.h
[103.497s] -- Installing: /ros2_ws/install/lift_action/include/lift_action/lift_action/msg/detail/lift_action__type_support.c
[103.497s] -- Installing: /ros2_ws/install/lift_action/include/lift_action/lift_action/msg/detail/lift_feedback__rosidl_typesupport_introspection_c.h
[103.497s] -- Installing: /ros2_ws/install/lift_action/include/lift_action/lift_action/msg/detail/homing_status__type_support.c
[103.497s] -- Installing: /ros2_ws/install/lift_action/include/lift_action/lift_action/msg/detail/home_sensor__rosidl_typesupport_introspection_c.h
[103.498s] -- Installing: /ros2_ws/install/lift_action/include/lift_action/lift_action/msg/detail/error_status__rosidl_typesupport_introspection_c.h
[103.498s] -- Installing: /ros2_ws/install/lift_action/include/lift_action/lift_action/msg/detail/homing_status__rosidl_typesupport_introspection_c.h
[103.498s] -- Installing: /ros2_ws/install/lift_action/lib/liblift_action__rosidl_typesupport_introspection_c.so
[103.498s] -- Set runtime path of "/ros2_ws/install/lift_action/lib/liblift_action__rosidl_typesupport_introspection_c.so" to ""
[103.499s] -- Installing: /ros2_ws/install/lift_action/lib/liblift_action__rosidl_typesupport_c.so
[103.499s] -- Set runtime path of "/ros2_ws/install/lift_action/lib/liblift_action__rosidl_typesupport_c.so" to ""
[103.499s] -- Up-to-date: /ros2_ws/install/lift_action/include/lift_action/lift_action
[103.499s] -- Up-to-date: /ros2_ws/install/lift_action/include/lift_action/lift_action/msg
[103.499s] -- Up-to-date: /ros2_ws/install/lift_action/include/lift_action/lift_action/msg/detail
[103.499s] -- Installing: /ros2_ws/install/lift_action/include/lift_action/lift_action/msg/detail/home_sensor__type_support.cpp
[103.499s] -- Installing: /ros2_ws/install/lift_action/include/lift_action/lift_action/msg/detail/ui_interface__type_support.cpp
[103.500s] -- Installing: /ros2_ws/install/lift_action/include/lift_action/lift_action/msg/detail/ui_interface__rosidl_typesupport_introspection_cpp.hpp
[103.500s] -- Installing: /ros2_ws/install/lift_action/include/lift_action/lift_action/msg/detail/error_status__rosidl_typesupport_introspection_cpp.hpp
[103.500s] -- Installing: /ros2_ws/install/lift_action/include/lift_action/lift_action/msg/detail/lift_action__rosidl_typesupport_introspection_cpp.hpp
[103.500s] -- Installing: /ros2_ws/install/lift_action/include/lift_action/lift_action/msg/detail/error_status__type_support.cpp
[103.500s] -- Installing: /ros2_ws/install/lift_action/include/lift_action/lift_action/msg/detail/homing_status__rosidl_typesupport_introspection_cpp.hpp
[103.500s] -- Installing: /ros2_ws/install/lift_action/include/lift_action/lift_action/msg/detail/homing_status__type_support.cpp
[103.500s] -- Installing: /ros2_ws/install/lift_action/include/lift_action/lift_action/msg/detail/lift_feedback__type_support.cpp
[103.501s] -- Installing: /ros2_ws/install/lift_action/include/lift_action/lift_action/msg/detail/home_sensor__rosidl_typesupport_introspection_cpp.hpp
[103.501s] -- Installing: /ros2_ws/install/lift_action/include/lift_action/lift_action/msg/detail/lift_feedback__rosidl_typesupport_introspection_cpp.hpp
[103.501s] -- Installing: /ros2_ws/install/lift_action/include/lift_action/lift_action/msg/detail/lift_action__type_support.cpp
[103.501s] -- Installing: /ros2_ws/install/lift_action/lib/liblift_action__rosidl_typesupport_introspection_cpp.so
[103.501s] -- Set runtime path of "/ros2_ws/install/lift_action/lib/liblift_action__rosidl_typesupport_introspection_cpp.so" to ""
[103.502s] -- Installing: /ros2_ws/install/lift_action/lib/liblift_action__rosidl_typesupport_cpp.so
[103.502s] -- Set runtime path of "/ros2_ws/install/lift_action/lib/liblift_action__rosidl_typesupport_cpp.so" to ""
[103.502s] -- Installing: /ros2_ws/install/lift_action/share/lift_action/environment/pythonpath.sh
[103.502s] -- Installing: /ros2_ws/install/lift_action/share/lift_action/environment/pythonpath.dsv
[103.502s] -- Installing: /ros2_ws/install/lift_action/local/lib/python3.10/dist-packages/lift_action-0.2.0-py3.10.egg-info
[103.503s] -- Installing: /ros2_ws/install/lift_action/local/lib/python3.10/dist-packages/lift_action-0.2.0-py3.10.egg-info/dependency_links.txt
[103.503s] -- Installing: /ros2_ws/install/lift_action/local/lib/python3.10/dist-packages/lift_action-0.2.0-py3.10.egg-info/PKG-INFO
[103.503s] -- Installing: /ros2_ws/install/lift_action/local/lib/python3.10/dist-packages/lift_action-0.2.0-py3.10.egg-info/SOURCES.txt
[103.503s] -- Installing: /ros2_ws/install/lift_action/local/lib/python3.10/dist-packages/lift_action-0.2.0-py3.10.egg-info/top_level.txt
[103.503s] -- Installing: /ros2_ws/install/lift_action/local/lib/python3.10/dist-packages/lift_action
[103.503s] -- Installing: /ros2_ws/install/lift_action/local/lib/python3.10/dist-packages/lift_action/_lift_action_s.ep.rosidl_typesupport_introspection_c.c
[103.504s] -- Installing: /ros2_ws/install/lift_action/local/lib/python3.10/dist-packages/lift_action/_lift_action_s.ep.rosidl_typesupport_c.c
[103.504s] -- Installing: /ros2_ws/install/lift_action/local/lib/python3.10/dist-packages/lift_action/msg
[103.504s] -- Installing: /ros2_ws/install/lift_action/local/lib/python3.10/dist-packages/lift_action/msg/_home_sensor_s.c
[103.504s] -- Installing: /ros2_ws/install/lift_action/local/lib/python3.10/dist-packages/lift_action/msg/_error_status_s.c
[103.504s] -- Installing: /ros2_ws/install/lift_action/local/lib/python3.10/dist-packages/lift_action/msg/_lift_feedback.py
[103.504s] -- Installing: /ros2_ws/install/lift_action/local/lib/python3.10/dist-packages/lift_action/msg/_ui_interface_s.c
[103.505s] -- Installing: /ros2_ws/install/lift_action/local/lib/python3.10/dist-packages/lift_action/msg/_home_sensor.py
[103.505s] -- Installing: /ros2_ws/install/lift_action/local/lib/python3.10/dist-packages/lift_action/msg/_ui_interface.py
[103.505s] -- Installing: /ros2_ws/install/lift_action/local/lib/python3.10/dist-packages/lift_action/msg/_lift_action_s.c
[103.505s] -- Installing: /ros2_ws/install/lift_action/local/lib/python3.10/dist-packages/lift_action/msg/_lift_action.py
[103.505s] -- Installing: /ros2_ws/install/lift_action/local/lib/python3.10/dist-packages/lift_action/msg/_error_status.py
[103.505s] -- Installing: /ros2_ws/install/lift_action/local/lib/python3.10/dist-packages/lift_action/msg/__init__.py
[103.505s] -- Installing: /ros2_ws/install/lift_action/local/lib/python3.10/dist-packages/lift_action/msg/_homing_status_s.c
[103.506s] -- Installing: /ros2_ws/install/lift_action/local/lib/python3.10/dist-packages/lift_action/msg/_lift_feedback_s.c
[103.506s] -- Installing: /ros2_ws/install/lift_action/local/lib/python3.10/dist-packages/lift_action/msg/_homing_status.py
[103.506s] -- Installing: /ros2_ws/install/lift_action/local/lib/python3.10/dist-packages/lift_action/lift_action_s__rosidl_typesupport_fastrtps_c.cpython-310-aarch64-linux-gnu.so
[103.506s] -- Installing: /ros2_ws/install/lift_action/local/lib/python3.10/dist-packages/lift_action/lift_action_s__rosidl_typesupport_c.cpython-310-aarch64-linux-gnu.so
[103.506s] -- Installing: /ros2_ws/install/lift_action/local/lib/python3.10/dist-packages/lift_action/__init__.py
[103.506s] -- Installing: /ros2_ws/install/lift_action/local/lib/python3.10/dist-packages/lift_action/lift_action_s__rosidl_typesupport_introspection_c.cpython-310-aarch64-linux-gnu.so
[103.507s] -- Installing: /ros2_ws/install/lift_action/local/lib/python3.10/dist-packages/lift_action/_lift_action_s.ep.rosidl_typesupport_fastrtps_c.c
[103.507s] -- Installing: /ros2_ws/install/lift_action/local/lib/python3.10/dist-packages/lift_action/liblift_action__rosidl_generator_py.so
[103.568s] Listing '/ros2_ws/install/lift_action/local/lib/python3.10/dist-packages/lift_action'...
[103.568s] Compiling '/ros2_ws/install/lift_action/local/lib/python3.10/dist-packages/lift_action/__init__.py'...
[103.568s] Listing '/ros2_ws/install/lift_action/local/lib/python3.10/dist-packages/lift_action/msg'...
[103.568s] Compiling '/ros2_ws/install/lift_action/local/lib/python3.10/dist-packages/lift_action/msg/__init__.py'...
[103.568s] Compiling '/ros2_ws/install/lift_action/local/lib/python3.10/dist-packages/lift_action/msg/_error_status.py'...
[103.568s] Compiling '/ros2_ws/install/lift_action/local/lib/python3.10/dist-packages/lift_action/msg/_home_sensor.py'...
[103.569s] Compiling '/ros2_ws/install/lift_action/local/lib/python3.10/dist-packages/lift_action/msg/_homing_status.py'...
[103.569s] Compiling '/ros2_ws/install/lift_action/local/lib/python3.10/dist-packages/lift_action/msg/_lift_action.py'...
[103.569s] Compiling '/ros2_ws/install/lift_action/local/lib/python3.10/dist-packages/lift_action/msg/_lift_feedback.py'...
[103.569s] Compiling '/ros2_ws/install/lift_action/local/lib/python3.10/dist-packages/lift_action/msg/_ui_interface.py'...
[103.580s] -- Installing: /ros2_ws/install/lift_action/local/lib/python3.10/dist-packages/lift_action/lift_action_s__rosidl_typesupport_fastrtps_c.cpython-310-aarch64-linux-gnu.so
[103.580s] -- Set runtime path of "/ros2_ws/install/lift_action/local/lib/python3.10/dist-packages/lift_action/lift_action_s__rosidl_typesupport_fastrtps_c.cpython-310-aarch64-linux-gnu.so" to ""
[103.580s] -- Installing: /ros2_ws/install/lift_action/local/lib/python3.10/dist-packages/lift_action/lift_action_s__rosidl_typesupport_introspection_c.cpython-310-aarch64-linux-gnu.so
[103.581s] -- Set runtime path of "/ros2_ws/install/lift_action/local/lib/python3.10/dist-packages/lift_action/lift_action_s__rosidl_typesupport_introspection_c.cpython-310-aarch64-linux-gnu.so" to ""
[103.581s] -- Installing: /ros2_ws/install/lift_action/local/lib/python3.10/dist-packages/lift_action/lift_action_s__rosidl_typesupport_c.cpython-310-aarch64-linux-gnu.so
[103.581s] -- Set runtime path of "/ros2_ws/install/lift_action/local/lib/python3.10/dist-packages/lift_action/lift_action_s__rosidl_typesupport_c.cpython-310-aarch64-linux-gnu.so" to ""
[103.581s] -- Installing: /ros2_ws/install/lift_action/lib/liblift_action__rosidl_generator_py.so
[103.582s] -- Set runtime path of "/ros2_ws/install/lift_action/lib/liblift_action__rosidl_generator_py.so" to ""
[103.582s] -- Installing: /ros2_ws/install/lift_action/share/lift_action/msg/LiftFeedback.idl
[103.582s] -- Installing: /ros2_ws/install/lift_action/share/lift_action/msg/LiftAction.idl
[103.582s] -- Installing: /ros2_ws/install/lift_action/share/lift_action/msg/UiInterface.idl
[103.583s] -- Installing: /ros2_ws/install/lift_action/share/lift_action/msg/HomingStatus.idl
[103.583s] -- Installing: /ros2_ws/install/lift_action/share/lift_action/msg/HomeSensor.idl
[103.583s] -- Installing: /ros2_ws/install/lift_action/share/lift_action/msg/ErrorStatus.idl
[103.583s] -- Installing: /ros2_ws/install/lift_action/share/lift_action/msg/LiftFeedback.msg
[103.583s] -- Installing: /ros2_ws/install/lift_action/share/lift_action/msg/LiftAction.msg
[103.583s] -- Installing: /ros2_ws/install/lift_action/share/lift_action/msg/UiInterface.msg
[103.584s] -- Installing: /ros2_ws/install/lift_action/share/lift_action/msg/HomingStatus.msg
[103.584s] -- Installing: /ros2_ws/install/lift_action/share/lift_action/msg/HomeSensor.msg
[103.584s] -- Installing: /ros2_ws/install/lift_action/share/lift_action/msg/ErrorStatus.msg
[103.584s] -- Installing: /ros2_ws/install/lift_action/lib/lift_action/modbus_communicator
[103.591s] -- Set runtime path of "/ros2_ws/install/lift_action/lib/lift_action/modbus_communicator" to ""
[103.592s] -- Installing: /ros2_ws/install/lift_action/lib/libmodbus_communicator_lib.so
[103.592s] -- Set runtime path of "/ros2_ws/install/lift_action/lib/libmodbus_communicator_lib.so" to ""
[103.592s] -- Installing: /ros2_ws/install/lift_action/lib/libui_interface_lib.so
[103.593s] -- Set runtime path of "/ros2_ws/install/lift_action/lib/libui_interface_lib.so" to ""
[103.593s] -- Installing: /ros2_ws/install/lift_action/share/lift_action/launch
[103.593s] -- Installing: /ros2_ws/install/lift_action/share/lift_action/launch/plc_communicator.launch.py
[103.600s] -- Installing: /ros2_ws/install/lift_action/share/lift_action/config
[103.600s] -- Installing: /ros2_ws/install/lift_action/share/lift_action/config/HigherLevelInterface.yaml
[103.600s] -- Installing: /ros2_ws/install/lift_action/share/lift_action/config/UI_Interface.yaml
[103.601s] -- Installing: /ros2_ws/install/lift_action/share/lift_action/config/ModbusCommunicator.yaml
[103.601s] -- Up-to-date: /ros2_ws/install/lift_action/include
[103.601s] -- Up-to-date: /ros2_ws/install/lift_action/include/lift_action
[103.602s] -- Installing: /ros2_ws/install/lift_action/include/lift_action/Ui_Interface.h
[103.602s] -- Installing: /ros2_ws/install/lift_action/include/lift_action/ModbusCommunicator.h
[103.602s] -- Installing: /ros2_ws/install/lift_action/include/lift_action/HigherLevelInterface.h
[103.602s] -- Installing: /ros2_ws/install/lift_action/share/ament_index/resource_index/package_run_dependencies/lift_action
[103.602s] -- Installing: /ros2_ws/install/lift_action/share/ament_index/resource_index/parent_prefix_path/lift_action
[103.603s] -- Installing: /ros2_ws/install/lift_action/share/lift_action/environment/ament_prefix_path.sh
[103.603s] -- Installing: /ros2_ws/install/lift_action/share/lift_action/environment/ament_prefix_path.dsv
[103.603s] -- Installing: /ros2_ws/install/lift_action/share/lift_action/environment/path.sh
[103.603s] -- Installing: /ros2_ws/install/lift_action/share/lift_action/environment/path.dsv
[103.603s] -- Installing: /ros2_ws/install/lift_action/share/lift_action/local_setup.bash
[103.603s] -- Installing: /ros2_ws/install/lift_action/share/lift_action/local_setup.sh
[103.604s] -- Installing: /ros2_ws/install/lift_action/share/lift_action/local_setup.zsh
[103.604s] -- Installing: /ros2_ws/install/lift_action/share/lift_action/local_setup.dsv
[103.604s] -- Installing: /ros2_ws/install/lift_action/share/lift_action/package.dsv
[103.604s] -- Installing: /ros2_ws/install/lift_action/share/ament_index/resource_index/packages/lift_action
[103.604s] -- Installing: /ros2_ws/install/lift_action/share/lift_action/cmake/export_lift_action__rosidl_generator_cExport.cmake
[103.605s] -- Installing: /ros2_ws/install/lift_action/share/lift_action/cmake/export_lift_action__rosidl_generator_cExport-release.cmake
[103.605s] -- Installing: /ros2_ws/install/lift_action/share/lift_action/cmake/export_lift_action__rosidl_typesupport_fastrtps_cExport.cmake
[103.605s] -- Installing: /ros2_ws/install/lift_action/share/lift_action/cmake/export_lift_action__rosidl_typesupport_fastrtps_cExport-release.cmake
[103.605s] -- Installing: /ros2_ws/install/lift_action/share/lift_action/cmake/export_lift_action__rosidl_generator_cppExport.cmake
[103.606s] -- Installing: /ros2_ws/install/lift_action/share/lift_action/cmake/export_lift_action__rosidl_typesupport_fastrtps_cppExport.cmake
[103.606s] -- Installing: /ros2_ws/install/lift_action/share/lift_action/cmake/export_lift_action__rosidl_typesupport_fastrtps_cppExport-release.cmake
[103.606s] -- Installing: /ros2_ws/install/lift_action/share/lift_action/cmake/lift_action__rosidl_typesupport_introspection_cExport.cmake
[103.606s] -- Installing: /ros2_ws/install/lift_action/share/lift_action/cmake/lift_action__rosidl_typesupport_introspection_cExport-release.cmake
[103.606s] -- Installing: /ros2_ws/install/lift_action/share/lift_action/cmake/lift_action__rosidl_typesupport_cExport.cmake
[103.607s] -- Installing: /ros2_ws/install/lift_action/share/lift_action/cmake/lift_action__rosidl_typesupport_cExport-release.cmake
[103.607s] -- Installing: /ros2_ws/install/lift_action/share/lift_action/cmake/lift_action__rosidl_typesupport_introspection_cppExport.cmake
[103.607s] -- Installing: /ros2_ws/install/lift_action/share/lift_action/cmake/lift_action__rosidl_typesupport_introspection_cppExport-release.cmake
[103.607s] -- Installing: /ros2_ws/install/lift_action/share/lift_action/cmake/lift_action__rosidl_typesupport_cppExport.cmake
[103.607s] -- Installing: /ros2_ws/install/lift_action/share/lift_action/cmake/lift_action__rosidl_typesupport_cppExport-release.cmake
[103.608s] -- Installing: /ros2_ws/install/lift_action/share/lift_action/cmake/export_lift_action__rosidl_generator_pyExport.cmake
[103.608s] -- Installing: /ros2_ws/install/lift_action/share/lift_action/cmake/export_lift_action__rosidl_generator_pyExport-release.cmake
[103.608s] -- Installing: /ros2_ws/install/lift_action/share/lift_action/cmake/rosidl_cmake-extras.cmake
[103.608s] -- Installing: /ros2_ws/install/lift_action/share/lift_action/cmake/ament_cmake_export_dependencies-extras.cmake
[103.608s] -- Installing: /ros2_ws/install/lift_action/share/lift_action/cmake/ament_cmake_export_include_directories-extras.cmake
[103.608s] -- Installing: /ros2_ws/install/lift_action/share/lift_action/cmake/ament_cmake_export_libraries-extras.cmake
[103.609s] -- Installing: /ros2_ws/install/lift_action/share/lift_action/cmake/ament_cmake_export_targets-extras.cmake
[103.609s] -- Installing: /ros2_ws/install/lift_action/share/lift_action/cmake/rosidl_cmake_export_typesupport_targets-extras.cmake
[103.609s] -- Installing: /ros2_ws/install/lift_action/share/lift_action/cmake/rosidl_cmake_export_typesupport_libraries-extras.cmake
[103.609s] -- Installing: /ros2_ws/install/lift_action/share/lift_action/cmake/lift_actionConfig.cmake
[103.609s] -- Installing: /ros2_ws/install/lift_action/share/lift_action/cmake/lift_actionConfig-version.cmake
[103.610s] -- Installing: /ros2_ws/install/lift_action/share/lift_action/package.xml
[103.632s] Invoked command in '/ros2_ws/build/lift_action' returned '0': CMAKE_PREFIX_PATH=${CMAKE_PREFIX_PATH}:/opt/ros/humble /usr/bin/cmake --install /ros2_ws/build/lift_action
