-- The C compiler identification is GNU 11.4.0
-- The CXX compiler identification is GNU 11.4.0
-- Detecting C compiler ABI info
-- Detecting C compiler ABI info - done
-- Check for working C compiler: /usr/bin/cc - skipped
-- Detecting C compile features
-- Detecting C compile features - done
-- Detecting CXX compiler ABI info
-- Detecting CXX compiler ABI info - done
-- Check for working CXX compiler: /usr/bin/c++ - skipped
-- Detecting CXX compile features
-- Detecting CXX compile features - done
-- Found ament_cmake: 1.3.12 (/opt/ros/humble/share/ament_cmake/cmake)
-- Found Python3: /usr/bin/python3 (found version "3.10.12") found components: Interpreter 
-- Found rclcpp: 16.0.15 (/opt/ros/humble/share/rclcpp/cmake)
-- Found rosidl_generator_c: 3.1.7 (/opt/ros/humble/share/rosidl_generator_c/cmake)
-- Found rosidl_adapter: 3.1.7 (/opt/ros/humble/share/rosidl_adapter/cmake)
-- Found rosidl_generator_cpp: 3.1.7 (/opt/ros/humble/share/rosidl_generator_cpp/cmake)
-- Using all available rosidl_typesupport_c: rosidl_typesupport_fastrtps_c;rosidl_typesupport_introspection_c
-- Using all available rosidl_typesupport_cpp: rosidl_typesupport_fastrtps_cpp;rosidl_typesupport_introspection_cpp
-- Found rmw_implementation_cmake: 6.1.2 (/opt/ros/humble/share/rmw_implementation_cmake/cmake)
-- Found rmw_fastrtps_cpp: 6.2.8 (/opt/ros/humble/share/rmw_fastrtps_cpp/cmake)
-- Found OpenSSL: /usr/lib/aarch64-linux-gnu/libcrypto.so (found version "3.0.2")  
-- Found FastRTPS: /opt/ros/humble/include  
-- Using RMW implementation 'rmw_fastrtps_cpp' as default
-- Looking for pthread.h
-- Looking for pthread.h - found
-- Performing Test CMAKE_HAVE_LIBC_PTHREAD
-- Performing Test CMAKE_HAVE_LIBC_PTHREAD - Success
-- Found Threads: TRUE  
-- Found rclpy: 3.3.17 (/opt/ros/humble/share/rclpy/cmake)
-- Found geometry_msgs: 4.9.0 (/opt/ros/humble/share/geometry_msgs/cmake)
-- Found visualization_msgs: 4.9.0 (/opt/ros/humble/share/visualization_msgs/cmake)
-- Found anscer_msgs: 0.0.0 (/ros2_ws/install/anscer_msgs/share/anscer_msgs/cmake)
-- Found angles: 1.15.0 (/opt/ros/humble/share/angles/cmake)
-- Found PkgConfig: /usr/bin/pkg-config (found version "0.29.2") 
-- Checking for module 'libserial'
--   Found libserial, version 1.0.0
-- Found ament_lint_auto: 0.12.14 (/opt/ros/humble/share/ament_lint_auto/cmake)
-- Added test 'copyright' to check source files copyright and LICENSE
-- Added test 'cppcheck' to perform static code analysis on C / C++ code
-- Configured cppcheck include dirs: /ros2_ws/src/reader_modules/include
-- Configured cppcheck exclude dirs and/or files: 
-- Added test 'cpplint' to check C / C++ code against the Google style
-- Configured cpplint exclude dirs and/or files: 
-- Added test 'flake8' to check Python code syntax and style conventions
-- Added test 'lint_cmake' to check CMake code style
-- Added test 'pep257' to check Python code against some of the docstring style conventions in PEP 257
-- Added test 'uncrustify' to check C / C++ code style
-- Configured uncrustify additional arguments: 
-- Added test 'xmllint' to check XML markup files
-- Configuring done
-- Generating done
-- Build files have been written to: /ros2_ws/build/reader_modules
[ 25%] [32mBuilding CXX object CMakeFiles/shelf_reader.dir/src/shelf_reader.cpp.o[0m
[ 50%] [32mBuilding CXX object CMakeFiles/pgv_reader.dir/src/pgv_reader.cpp.o[0m
[ 75%] [32m[1mLinking CXX executable shelf_reader[0m
[ 75%] Built target shelf_reader
[100%] [32m[1mLinking CXX executable pgv_reader[0m
[100%] Built target pgv_reader
-- Install configuration: ""
-- Installing: /ros2_ws/install/reader_modules/lib/reader_modules/shelf_reader
-- Set runtime path of "/ros2_ws/install/reader_modules/lib/reader_modules/shelf_reader" to ""
-- Installing: /ros2_ws/install/reader_modules/lib/reader_modules/pgv_reader
-- Set runtime path of "/ros2_ws/install/reader_modules/lib/reader_modules/pgv_reader" to ""
-- Installing: /ros2_ws/install/reader_modules/share/reader_modules/launch
-- Installing: /ros2_ws/install/reader_modules/share/reader_modules/launch/pgv_reader.launch.py
-- Installing: /ros2_ws/install/reader_modules/share/reader_modules/launch/shelf_reader.launch.py
-- Installing: /ros2_ws/install/reader_modules/share/reader_modules/config
-- Installing: /ros2_ws/install/reader_modules/share/reader_modules/config/shelf_reader.yaml
-- Installing: /ros2_ws/install/reader_modules/share/reader_modules/config/pgv_reader.yaml
-- Installing: /ros2_ws/install/reader_modules/share/reader_modules/data
-- Installing: /ros2_ws/install/reader_modules/share/reader_modules/data/045map.csv
-- Installing: /ros2_ws/install/reader_modules/share/reader_modules/data/map07.csv
-- Installing: /ros2_ws/install/reader_modules/share/reader_modules/data/BarcodeInfo.db
-- Installing: /ros2_ws/install/reader_modules/share/reader_modules/data/map09.csv
-- Installing: /ros2_ws/install/reader_modules/share/reader_modules/data/map12345.csv
-- Installing: /ros2_ws/install/reader_modules/share/reader_modules/data/LINEPATH_021122_V2__pt.csv
-- Installing: /ros2_ws/install/reader_modules/share/reader_modules/data/map.csv
-- Installing: /ros2_ws/install/reader_modules/share/reader_modules/data/.~lock.QR_DOTPATH_pt.csv#
-- Installing: /ros2_ws/install/reader_modules/share/reader_modules/data/map123.csv
-- Installing: /ros2_ws/install/reader_modules/share/reader_modules/data/HybridData.csv
-- Installing: /ros2_ws/install/reader_modules/share/reader_modules/data/map10.csv
-- Installing: /ros2_ws/install/reader_modules/share/reader_modules/data/QR_DOTPATH_pt.csv
-- Up-to-date: /ros2_ws/install/reader_modules/share/reader_modules
-- Installing: /ros2_ws/install/reader_modules/share/reader_modules/reader_modules
-- Installing: /ros2_ws/install/reader_modules/share/reader_modules/reader_modules/shelf_reader.h
-- Installing: /ros2_ws/install/reader_modules/share/reader_modules/reader_modules/pgv_reader.h
-- Installing: /ros2_ws/install/reader_modules/share/ament_index/resource_index/package_run_dependencies/reader_modules
-- Installing: /ros2_ws/install/reader_modules/share/ament_index/resource_index/parent_prefix_path/reader_modules
-- Installing: /ros2_ws/install/reader_modules/share/reader_modules/environment/ament_prefix_path.sh
-- Installing: /ros2_ws/install/reader_modules/share/reader_modules/environment/ament_prefix_path.dsv
-- Installing: /ros2_ws/install/reader_modules/share/reader_modules/environment/path.sh
-- Installing: /ros2_ws/install/reader_modules/share/reader_modules/environment/path.dsv
-- Installing: /ros2_ws/install/reader_modules/share/reader_modules/local_setup.bash
-- Installing: /ros2_ws/install/reader_modules/share/reader_modules/local_setup.sh
-- Installing: /ros2_ws/install/reader_modules/share/reader_modules/local_setup.zsh
-- Installing: /ros2_ws/install/reader_modules/share/reader_modules/local_setup.dsv
-- Installing: /ros2_ws/install/reader_modules/share/reader_modules/package.dsv
-- Installing: /ros2_ws/install/reader_modules/share/ament_index/resource_index/packages/reader_modules
-- Installing: /ros2_ws/install/reader_modules/share/reader_modules/cmake/reader_modulesConfig.cmake
-- Installing: /ros2_ws/install/reader_modules/share/reader_modules/cmake/reader_modulesConfig-version.cmake
-- Installing: /ros2_ws/install/reader_modules/share/reader_modules/package.xml
