[0.065s] Invoking command in '/ros2_ws/build/anscer_description': CMAKE_PREFIX_PATH=${CMAKE_PREFIX_PATH}:/opt/ros/humble /usr/bin/cmake /ros2_ws/src/anscer_description -DCMAKE_INSTALL_PREFIX=/ros2_ws/install/anscer_description
[0.366s] -- The C compiler identification is GNU 11.4.0
[0.581s] -- The CXX compiler identification is GNU 11.4.0
[0.599s] -- Detecting C compiler ABI info
[0.734s] -- Detecting C compiler ABI info - done
[0.745s] -- Check for working C compiler: /usr/bin/cc - skipped
[0.751s] -- Detecting C compile features
[0.752s] -- Detecting C compile features - done
[0.759s] -- Detecting CXX compiler ABI info
[0.915s] -- Detecting CXX compiler ABI info - done
[0.930s] -- Check for working CXX compiler: /usr/bin/c++ - skipped
[0.931s] -- Detecting CXX compile features
[0.931s] -- Detecting CXX compile features - done
[0.944s] -- Found ament_cmake: 1.3.12 (/opt/ros/humble/share/ament_cmake/cmake)
[1.274s] -- Found Python3: /usr/bin/python3 (found version "3.10.12") found components: Interpreter 
[1.563s] -- Found ament_lint_auto: 0.12.14 (/opt/ros/humble/share/ament_lint_auto/cmake)
[1.738s] -- Added test 'copyright' to check source files copyright and LICENSE
[1.741s] -- Added test 'cppcheck' to perform static code analysis on C / C++ code
[1.742s] -- Configured cppcheck include dirs: 
[1.742s] -- Configured cppcheck exclude dirs and/or files: 
[1.744s] -- Added test 'cpplint' to check C / C++ code against the Google style
[1.745s] -- Configured cpplint exclude dirs and/or files: 
[1.751s] -- Added test 'flake8' to check Python code syntax and style conventions
[1.751s] -- Added test 'lint_cmake' to check CMake code style
[1.751s] -- Added test 'pep257' to check Python code against some of the docstring style conventions in PEP 257
[1.753s] -- Added test 'uncrustify' to check C / C++ code style
[1.753s] -- Configured uncrustify additional arguments: 
[1.755s] -- Added test 'xmllint' to check XML markup files
[1.759s] -- Configuring done
[1.766s] -- Generating done
[1.768s] -- Build files have been written to: /ros2_ws/build/anscer_description
[1.781s] Invoked command in '/ros2_ws/build/anscer_description' returned '0': CMAKE_PREFIX_PATH=${CMAKE_PREFIX_PATH}:/opt/ros/humble /usr/bin/cmake /ros2_ws/src/anscer_description -DCMAKE_INSTALL_PREFIX=/ros2_ws/install/anscer_description
[1.785s] Invoking command in '/ros2_ws/build/anscer_description': CMAKE_PREFIX_PATH=${CMAKE_PREFIX_PATH}:/opt/ros/humble /usr/bin/cmake --build /ros2_ws/build/anscer_description -- -j12 -l12
[3.197s] Invoked command in '/ros2_ws/build/anscer_description' returned '0': CMAKE_PREFIX_PATH=${CMAKE_PREFIX_PATH}:/opt/ros/humble /usr/bin/cmake --build /ros2_ws/build/anscer_description -- -j12 -l12
[3.208s] Invoking command in '/ros2_ws/build/anscer_description': CMAKE_PREFIX_PATH=${CMAKE_PREFIX_PATH}:/opt/ros/humble /usr/bin/cmake --install /ros2_ws/build/anscer_description
[4.401s] -- Install configuration: ""
[4.402s] -- Installing: /ros2_ws/install/anscer_description/share/anscer_description//launch
[4.402s] -- Installing: /ros2_ws/install/anscer_description/share/anscer_description//launch/anscer_description.launch.py
[4.402s] -- Installing: /ros2_ws/install/anscer_description/share/anscer_description//launch/anscer_description_qr.launch.py
[4.402s] -- Installing: /ros2_ws/install/anscer_description/share/anscer_description//urdf
[4.402s] -- Installing: /ros2_ws/install/anscer_description/share/anscer_description//urdf/anscer_amr_qr.urdf
[4.402s] -- Installing: /ros2_ws/install/anscer_description/share/anscer_description//urdf/rack.urdf
[4.402s] -- Installing: /ros2_ws/install/anscer_description/share/anscer_description//urdf/amr_ouster.urdf
[4.402s] -- Installing: /ros2_ws/install/anscer_description/share/anscer_description//urdf/anscer_amr.urdf
[4.402s] -- Installing: /ros2_ws/install/anscer_description/share/anscer_description//urdf/agv_1250.urdf
[4.403s] -- Installing: /ros2_ws/install/anscer_description/share/anscer_description//urdf/pillar.urdf
[4.403s] -- Installing: /ros2_ws/install/anscer_description/share/anscer_description//meshes
[4.403s] -- Installing: /ros2_ws/install/anscer_description/share/anscer_description//meshes/lifting_bed.STL
[4.403s] -- Installing: /ros2_ws/install/anscer_description/share/anscer_description//meshes/amr_chassis.dae
[4.403s] -- Installing: /ros2_ws/install/anscer_description/share/anscer_description//meshes/rack.STL
[4.403s] -- Installing: /ros2_ws/install/anscer_description/share/ament_index/resource_index/package_run_dependencies/anscer_description
[4.403s] -- Installing: /ros2_ws/install/anscer_description/share/ament_index/resource_index/parent_prefix_path/anscer_description
[4.403s] -- Installing: /ros2_ws/install/anscer_description/share/anscer_description/environment/ament_prefix_path.sh
[4.403s] -- Installing: /ros2_ws/install/anscer_description/share/anscer_description/environment/ament_prefix_path.dsv
[4.403s] -- Installing: /ros2_ws/install/anscer_description/share/anscer_description/environment/path.sh
[4.404s] -- Installing: /ros2_ws/install/anscer_description/share/anscer_description/environment/path.dsv
[4.404s] -- Installing: /ros2_ws/install/anscer_description/share/anscer_description/local_setup.bash
[4.404s] -- Installing: /ros2_ws/install/anscer_description/share/anscer_description/local_setup.sh
[4.404s] -- Installing: /ros2_ws/install/anscer_description/share/anscer_description/local_setup.zsh
[4.404s] -- Installing: /ros2_ws/install/anscer_description/share/anscer_description/local_setup.dsv
[4.404s] -- Installing: /ros2_ws/install/anscer_description/share/anscer_description/package.dsv
[4.404s] -- Installing: /ros2_ws/install/anscer_description/share/ament_index/resource_index/packages/anscer_description
[4.404s] -- Installing: /ros2_ws/install/anscer_description/share/anscer_description/cmake/anscer_descriptionConfig.cmake
[4.404s] -- Installing: /ros2_ws/install/anscer_description/share/anscer_description/cmake/anscer_descriptionConfig-version.cmake
[4.404s] -- Installing: /ros2_ws/install/anscer_description/share/anscer_description/package.xml
[4.425s] Invoked command in '/ros2_ws/build/anscer_description' returned '0': CMAKE_PREFIX_PATH=${CMAKE_PREFIX_PATH}:/opt/ros/humble /usr/bin/cmake --install /ros2_ws/build/anscer_description
