[0.074s] Invoking command in '/ros2_ws/build/start_robot_bringup': CMAKE_PREFIX_PATH=/ros2_ws/install/anscer_agv_bringup:/ros2_ws/install/qr_mission_scheduler:/ros2_ws/install/global_path_graph_planner:/ros2_ws/install/graph_server:/ros2_ws/install/global_path_graph:/ros2_ws/install/graph_creator:/ros2_ws/install/tag_monitor:/ros2_ws/install/reader_modules:/ros2_ws/install/lower_level_controller:/ros2_ws/install/graph_creator_msgs:/ros2_ws/install/wms_data:/ros2_ws/install/twist_mux:/ros2_ws/install/rosbridge_server:/ros2_ws/install/robot_pose_publisher:/ros2_ws/install/qr_navigation:/ros2_ws/install/power_control:/ros2_ws/install/lift_action:/ros2_ws/install/graph_msgs:/ros2_ws/install/anscer_msgs:/ros2_ws/install/anscer_description:/ros2_ws/install/start_robot_bringup:/ros2_ws/install/navigation_speed_control:/ros2_ws/install/graph_visual_control:/ros2_ws/install/graph_control:/ros2_ws/install/graph_creator_rviz_plugin:/ros2_ws/install/emergency_handler:/ros2_ws/install/brake_action:/ros2_ws/install/anscer_teleop:/ros2_ws/install/acr_robot_controller:/opt/ros/humble LD_LIBRARY_PATH=/ros2_ws/install/qr_mission_scheduler/lib:/ros2_ws/install/global_path_graph_planner/lib:/ros2_ws/install/global_path_graph/lib:/ros2_ws/install/graph_creator/lib:/ros2_ws/install/graph_creator_msgs/lib:/ros2_ws/install/wms_data/lib:/ros2_ws/install/twist_mux/lib:/ros2_ws/install/rosbridge_server/lib:/ros2_ws/install/qr_navigation/lib:/ros2_ws/install/lift_action/lib:/ros2_ws/install/graph_msgs/lib:/ros2_ws/install/anscer_msgs/lib:/ros2_ws/install/graph_control/lib:/ros2_ws/install/graph_creator_rviz_plugin/lib:/opt/ros/humble/opt/rviz_ogre_vendor/lib:/opt/ros/humble/lib/aarch64-linux-gnu:/opt/ros/humble/lib /usr/bin/cmake /ros2_ws/src/start_robot_bringup -DCMAKE_INSTALL_PREFIX=/ros2_ws/install/start_robot_bringup
[0.187s] -- The C compiler identification is GNU 11.4.0
[0.271s] -- The CXX compiler identification is GNU 11.4.0
[0.288s] -- Detecting C compiler ABI info
[0.448s] -- Detecting C compiler ABI info - done
[0.467s] -- Check for working C compiler: /usr/bin/cc - skipped
[0.467s] -- Detecting C compile features
[0.468s] -- Detecting C compile features - done
[0.477s] -- Detecting CXX compiler ABI info
[0.626s] -- Detecting CXX compiler ABI info - done
[0.713s] -- Check for working CXX compiler: /usr/bin/c++ - skipped
[0.714s] -- Detecting CXX compile features
[0.714s] -- Detecting CXX compile features - done
[0.732s] -- Found ament_cmake: 1.3.12 (/opt/ros/humble/share/ament_cmake/cmake)
[0.985s] -- Found Python3: /usr/bin/python3 (found version "3.10.12") found components: Interpreter 
[1.215s] -- Found ament_lint_auto: 0.12.14 (/opt/ros/humble/share/ament_lint_auto/cmake)
[1.379s] -- Added test 'copyright' to check source files copyright and LICENSE
[1.381s] -- Added test 'flake8' to check Python code syntax and style conventions
[1.382s] -- Added test 'lint_cmake' to check CMake code style
[1.383s] -- Added test 'pep257' to check Python code against some of the docstring style conventions in PEP 257
[1.384s] -- Added test 'xmllint' to check XML markup files
[1.387s] -- Configuring done
[1.392s] -- Generating done
[1.395s] -- Build files have been written to: /ros2_ws/build/start_robot_bringup
[1.406s] Invoked command in '/ros2_ws/build/start_robot_bringup' returned '0': CMAKE_PREFIX_PATH=/ros2_ws/install/anscer_agv_bringup:/ros2_ws/install/qr_mission_scheduler:/ros2_ws/install/global_path_graph_planner:/ros2_ws/install/graph_server:/ros2_ws/install/global_path_graph:/ros2_ws/install/graph_creator:/ros2_ws/install/tag_monitor:/ros2_ws/install/reader_modules:/ros2_ws/install/lower_level_controller:/ros2_ws/install/graph_creator_msgs:/ros2_ws/install/wms_data:/ros2_ws/install/twist_mux:/ros2_ws/install/rosbridge_server:/ros2_ws/install/robot_pose_publisher:/ros2_ws/install/qr_navigation:/ros2_ws/install/power_control:/ros2_ws/install/lift_action:/ros2_ws/install/graph_msgs:/ros2_ws/install/anscer_msgs:/ros2_ws/install/anscer_description:/ros2_ws/install/start_robot_bringup:/ros2_ws/install/navigation_speed_control:/ros2_ws/install/graph_visual_control:/ros2_ws/install/graph_control:/ros2_ws/install/graph_creator_rviz_plugin:/ros2_ws/install/emergency_handler:/ros2_ws/install/brake_action:/ros2_ws/install/anscer_teleop:/ros2_ws/install/acr_robot_controller:/opt/ros/humble LD_LIBRARY_PATH=/ros2_ws/install/qr_mission_scheduler/lib:/ros2_ws/install/global_path_graph_planner/lib:/ros2_ws/install/global_path_graph/lib:/ros2_ws/install/graph_creator/lib:/ros2_ws/install/graph_creator_msgs/lib:/ros2_ws/install/wms_data/lib:/ros2_ws/install/twist_mux/lib:/ros2_ws/install/rosbridge_server/lib:/ros2_ws/install/qr_navigation/lib:/ros2_ws/install/lift_action/lib:/ros2_ws/install/graph_msgs/lib:/ros2_ws/install/anscer_msgs/lib:/ros2_ws/install/graph_control/lib:/ros2_ws/install/graph_creator_rviz_plugin/lib:/opt/ros/humble/opt/rviz_ogre_vendor/lib:/opt/ros/humble/lib/aarch64-linux-gnu:/opt/ros/humble/lib /usr/bin/cmake /ros2_ws/src/start_robot_bringup -DCMAKE_INSTALL_PREFIX=/ros2_ws/install/start_robot_bringup
[1.409s] Invoking command in '/ros2_ws/build/start_robot_bringup': CMAKE_PREFIX_PATH=/ros2_ws/install/anscer_agv_bringup:/ros2_ws/install/qr_mission_scheduler:/ros2_ws/install/global_path_graph_planner:/ros2_ws/install/graph_server:/ros2_ws/install/global_path_graph:/ros2_ws/install/graph_creator:/ros2_ws/install/tag_monitor:/ros2_ws/install/reader_modules:/ros2_ws/install/lower_level_controller:/ros2_ws/install/graph_creator_msgs:/ros2_ws/install/wms_data:/ros2_ws/install/twist_mux:/ros2_ws/install/rosbridge_server:/ros2_ws/install/robot_pose_publisher:/ros2_ws/install/qr_navigation:/ros2_ws/install/power_control:/ros2_ws/install/lift_action:/ros2_ws/install/graph_msgs:/ros2_ws/install/anscer_msgs:/ros2_ws/install/anscer_description:/ros2_ws/install/start_robot_bringup:/ros2_ws/install/navigation_speed_control:/ros2_ws/install/graph_visual_control:/ros2_ws/install/graph_control:/ros2_ws/install/graph_creator_rviz_plugin:/ros2_ws/install/emergency_handler:/ros2_ws/install/brake_action:/ros2_ws/install/anscer_teleop:/ros2_ws/install/acr_robot_controller:/opt/ros/humble LD_LIBRARY_PATH=/ros2_ws/install/qr_mission_scheduler/lib:/ros2_ws/install/global_path_graph_planner/lib:/ros2_ws/install/global_path_graph/lib:/ros2_ws/install/graph_creator/lib:/ros2_ws/install/graph_creator_msgs/lib:/ros2_ws/install/wms_data/lib:/ros2_ws/install/twist_mux/lib:/ros2_ws/install/rosbridge_server/lib:/ros2_ws/install/qr_navigation/lib:/ros2_ws/install/lift_action/lib:/ros2_ws/install/graph_msgs/lib:/ros2_ws/install/anscer_msgs/lib:/ros2_ws/install/graph_control/lib:/ros2_ws/install/graph_creator_rviz_plugin/lib:/opt/ros/humble/opt/rviz_ogre_vendor/lib:/opt/ros/humble/lib/aarch64-linux-gnu:/opt/ros/humble/lib /usr/bin/cmake --build /ros2_ws/build/start_robot_bringup -- -j12 -l12
[1.496s] Invoked command in '/ros2_ws/build/start_robot_bringup' returned '0': CMAKE_PREFIX_PATH=/ros2_ws/install/anscer_agv_bringup:/ros2_ws/install/qr_mission_scheduler:/ros2_ws/install/global_path_graph_planner:/ros2_ws/install/graph_server:/ros2_ws/install/global_path_graph:/ros2_ws/install/graph_creator:/ros2_ws/install/tag_monitor:/ros2_ws/install/reader_modules:/ros2_ws/install/lower_level_controller:/ros2_ws/install/graph_creator_msgs:/ros2_ws/install/wms_data:/ros2_ws/install/twist_mux:/ros2_ws/install/rosbridge_server:/ros2_ws/install/robot_pose_publisher:/ros2_ws/install/qr_navigation:/ros2_ws/install/power_control:/ros2_ws/install/lift_action:/ros2_ws/install/graph_msgs:/ros2_ws/install/anscer_msgs:/ros2_ws/install/anscer_description:/ros2_ws/install/start_robot_bringup:/ros2_ws/install/navigation_speed_control:/ros2_ws/install/graph_visual_control:/ros2_ws/install/graph_control:/ros2_ws/install/graph_creator_rviz_plugin:/ros2_ws/install/emergency_handler:/ros2_ws/install/brake_action:/ros2_ws/install/anscer_teleop:/ros2_ws/install/acr_robot_controller:/opt/ros/humble LD_LIBRARY_PATH=/ros2_ws/install/qr_mission_scheduler/lib:/ros2_ws/install/global_path_graph_planner/lib:/ros2_ws/install/global_path_graph/lib:/ros2_ws/install/graph_creator/lib:/ros2_ws/install/graph_creator_msgs/lib:/ros2_ws/install/wms_data/lib:/ros2_ws/install/twist_mux/lib:/ros2_ws/install/rosbridge_server/lib:/ros2_ws/install/qr_navigation/lib:/ros2_ws/install/lift_action/lib:/ros2_ws/install/graph_msgs/lib:/ros2_ws/install/anscer_msgs/lib:/ros2_ws/install/graph_control/lib:/ros2_ws/install/graph_creator_rviz_plugin/lib:/opt/ros/humble/opt/rviz_ogre_vendor/lib:/opt/ros/humble/lib/aarch64-linux-gnu:/opt/ros/humble/lib /usr/bin/cmake --build /ros2_ws/build/start_robot_bringup -- -j12 -l12
[1.501s] Invoking command in '/ros2_ws/build/start_robot_bringup': CMAKE_PREFIX_PATH=/ros2_ws/install/anscer_agv_bringup:/ros2_ws/install/qr_mission_scheduler:/ros2_ws/install/global_path_graph_planner:/ros2_ws/install/graph_server:/ros2_ws/install/global_path_graph:/ros2_ws/install/graph_creator:/ros2_ws/install/tag_monitor:/ros2_ws/install/reader_modules:/ros2_ws/install/lower_level_controller:/ros2_ws/install/graph_creator_msgs:/ros2_ws/install/wms_data:/ros2_ws/install/twist_mux:/ros2_ws/install/rosbridge_server:/ros2_ws/install/robot_pose_publisher:/ros2_ws/install/qr_navigation:/ros2_ws/install/power_control:/ros2_ws/install/lift_action:/ros2_ws/install/graph_msgs:/ros2_ws/install/anscer_msgs:/ros2_ws/install/anscer_description:/ros2_ws/install/start_robot_bringup:/ros2_ws/install/navigation_speed_control:/ros2_ws/install/graph_visual_control:/ros2_ws/install/graph_control:/ros2_ws/install/graph_creator_rviz_plugin:/ros2_ws/install/emergency_handler:/ros2_ws/install/brake_action:/ros2_ws/install/anscer_teleop:/ros2_ws/install/acr_robot_controller:/opt/ros/humble LD_LIBRARY_PATH=/ros2_ws/install/qr_mission_scheduler/lib:/ros2_ws/install/global_path_graph_planner/lib:/ros2_ws/install/global_path_graph/lib:/ros2_ws/install/graph_creator/lib:/ros2_ws/install/graph_creator_msgs/lib:/ros2_ws/install/wms_data/lib:/ros2_ws/install/twist_mux/lib:/ros2_ws/install/rosbridge_server/lib:/ros2_ws/install/qr_navigation/lib:/ros2_ws/install/lift_action/lib:/ros2_ws/install/graph_msgs/lib:/ros2_ws/install/anscer_msgs/lib:/ros2_ws/install/graph_control/lib:/ros2_ws/install/graph_creator_rviz_plugin/lib:/opt/ros/humble/opt/rviz_ogre_vendor/lib:/opt/ros/humble/lib/aarch64-linux-gnu:/opt/ros/humble/lib /usr/bin/cmake --install /ros2_ws/build/start_robot_bringup
[1.523s] -- Install configuration: ""
[1.524s] -- Installing: /ros2_ws/install/start_robot_bringup/share/start_robot_bringup//launch
[1.524s] -- Installing: /ros2_ws/install/start_robot_bringup/share/start_robot_bringup//launch/start_robot.launch.xml
[1.533s] -- Installing: /ros2_ws/install/start_robot_bringup/share/start_robot_bringup//launch/start_robot.launch.py
[1.533s] -- Installing: /ros2_ws/install/start_robot_bringup/share/ament_index/resource_index/package_run_dependencies/start_robot_bringup
[1.534s] -- Installing: /ros2_ws/install/start_robot_bringup/share/ament_index/resource_index/parent_prefix_path/start_robot_bringup
[1.534s] -- Installing: /ros2_ws/install/start_robot_bringup/share/start_robot_bringup/environment/ament_prefix_path.sh
[1.534s] -- Installing: /ros2_ws/install/start_robot_bringup/share/start_robot_bringup/environment/ament_prefix_path.dsv
[1.534s] -- Installing: /ros2_ws/install/start_robot_bringup/share/start_robot_bringup/environment/path.sh
[1.535s] -- Installing: /ros2_ws/install/start_robot_bringup/share/start_robot_bringup/environment/path.dsv
[1.535s] -- Installing: /ros2_ws/install/start_robot_bringup/share/start_robot_bringup/local_setup.bash
[1.535s] -- Installing: /ros2_ws/install/start_robot_bringup/share/start_robot_bringup/local_setup.sh
[1.535s] -- Installing: /ros2_ws/install/start_robot_bringup/share/start_robot_bringup/local_setup.zsh
[1.536s] -- Installing: /ros2_ws/install/start_robot_bringup/share/start_robot_bringup/local_setup.dsv
[1.536s] -- Installing: /ros2_ws/install/start_robot_bringup/share/start_robot_bringup/package.dsv
[1.536s] -- Installing: /ros2_ws/install/start_robot_bringup/share/ament_index/resource_index/packages/start_robot_bringup
[1.536s] -- Installing: /ros2_ws/install/start_robot_bringup/share/start_robot_bringup/cmake/start_robot_bringupConfig.cmake
[1.537s] -- Installing: /ros2_ws/install/start_robot_bringup/share/start_robot_bringup/cmake/start_robot_bringupConfig-version.cmake
[1.537s] -- Installing: /ros2_ws/install/start_robot_bringup/share/start_robot_bringup/package.xml
[1.540s] Invoked command in '/ros2_ws/build/start_robot_bringup' returned '0': CMAKE_PREFIX_PATH=/ros2_ws/install/anscer_agv_bringup:/ros2_ws/install/qr_mission_scheduler:/ros2_ws/install/global_path_graph_planner:/ros2_ws/install/graph_server:/ros2_ws/install/global_path_graph:/ros2_ws/install/graph_creator:/ros2_ws/install/tag_monitor:/ros2_ws/install/reader_modules:/ros2_ws/install/lower_level_controller:/ros2_ws/install/graph_creator_msgs:/ros2_ws/install/wms_data:/ros2_ws/install/twist_mux:/ros2_ws/install/rosbridge_server:/ros2_ws/install/robot_pose_publisher:/ros2_ws/install/qr_navigation:/ros2_ws/install/power_control:/ros2_ws/install/lift_action:/ros2_ws/install/graph_msgs:/ros2_ws/install/anscer_msgs:/ros2_ws/install/anscer_description:/ros2_ws/install/start_robot_bringup:/ros2_ws/install/navigation_speed_control:/ros2_ws/install/graph_visual_control:/ros2_ws/install/graph_control:/ros2_ws/install/graph_creator_rviz_plugin:/ros2_ws/install/emergency_handler:/ros2_ws/install/brake_action:/ros2_ws/install/anscer_teleop:/ros2_ws/install/acr_robot_controller:/opt/ros/humble LD_LIBRARY_PATH=/ros2_ws/install/qr_mission_scheduler/lib:/ros2_ws/install/global_path_graph_planner/lib:/ros2_ws/install/global_path_graph/lib:/ros2_ws/install/graph_creator/lib:/ros2_ws/install/graph_creator_msgs/lib:/ros2_ws/install/wms_data/lib:/ros2_ws/install/twist_mux/lib:/ros2_ws/install/rosbridge_server/lib:/ros2_ws/install/qr_navigation/lib:/ros2_ws/install/lift_action/lib:/ros2_ws/install/graph_msgs/lib:/ros2_ws/install/anscer_msgs/lib:/ros2_ws/install/graph_control/lib:/ros2_ws/install/graph_creator_rviz_plugin/lib:/opt/ros/humble/opt/rviz_ogre_vendor/lib:/opt/ros/humble/lib/aarch64-linux-gnu:/opt/ros/humble/lib /usr/bin/cmake --install /ros2_ws/build/start_robot_bringup
