-- The C compiler identification is GNU 11.4.0
-- The CXX compiler identification is GNU 11.4.0
-- Detecting C compiler ABI info
-- Detecting C compiler ABI info - done
-- Check for working C compiler: /usr/bin/cc - skipped
-- Detecting C compile features
-- Detecting C compile features - done
-- Detecting CXX compiler ABI info
-- Detecting CXX compiler ABI info - done
-- Check for working CXX compiler: /usr/bin/c++ - skipped
-- Detecting CXX compile features
-- Detecting CXX compile features - done
-- Found ament_cmake: 1.3.12 (/opt/ros/humble/share/ament_cmake/cmake)
-- Found Python3: /usr/bin/python3 (found version "3.10.12") found components: Interpreter 
-- Found rclcpp: 16.0.15 (/opt/ros/humble/share/rclcpp/cmake)
-- Found rosidl_generator_c: 3.1.7 (/opt/ros/humble/share/rosidl_generator_c/cmake)
-- Found rosidl_adapter: 3.1.7 (/opt/ros/humble/share/rosidl_adapter/cmake)
-- Found rosidl_generator_cpp: 3.1.7 (/opt/ros/humble/share/rosidl_generator_cpp/cmake)
-- Using all available rosidl_typesupport_c: rosidl_typesupport_fastrtps_c;rosidl_typesupport_introspection_c
-- Using all available rosidl_typesupport_cpp: rosidl_typesupport_fastrtps_cpp;rosidl_typesupport_introspection_cpp
-- Found rmw_implementation_cmake: 6.1.2 (/opt/ros/humble/share/rmw_implementation_cmake/cmake)
-- Found rmw_fastrtps_cpp: 6.2.8 (/opt/ros/humble/share/rmw_fastrtps_cpp/cmake)
-- Found OpenSSL: /usr/lib/aarch64-linux-gnu/libcrypto.so (found version "3.0.2")  
-- Found FastRTPS: /opt/ros/humble/include  
-- Using RMW implementation 'rmw_fastrtps_cpp' as default
-- Looking for pthread.h
-- Looking for pthread.h - found
-- Performing Test CMAKE_HAVE_LIBC_PTHREAD
-- Performing Test CMAKE_HAVE_LIBC_PTHREAD - Success
-- Found Threads: TRUE  
-- Found geometry_msgs: 4.9.0 (/opt/ros/humble/share/geometry_msgs/cmake)
-- Found std_srvs: 4.9.0 (/opt/ros/humble/share/std_srvs/cmake)
-- Found nav_msgs: 4.9.0 (/opt/ros/humble/share/nav_msgs/cmake)
-- Found rviz_common: 11.2.20 (/opt/ros/humble/share/rviz_common/cmake)
-- Setting assimp_DIR to: '/opt/ros/humble/share/rviz_assimp_vendor/cmake/../../../opt/rviz_assimp_vendor/lib/cmake/assimp-4.1'
-- Setting OGRE_DIR to: '/opt/ros/humble/share/rviz_ogre_vendor/cmake/../../../opt/rviz_ogre_vendor/lib/OGRE/cmake'
-- Found OGRE
--   static     : OFF
--   components : HLMS;MeshLodGenerator;Overlay;Paging;Property;RTShaderSystem;Terrain;Volume
--   plugins    : Plugin_BSPSceneManager;Plugin_OctreeSceneManager;Plugin_PCZSceneManager;Plugin_ParticleFX;RenderSystem_GL;RenderSystem_GL3Plus;Codec_STBI
--   media      : /opt/ros/humble/opt/rviz_ogre_vendor/share/OGRE/Media
-- OGRE_LIBRARIES: OgreHLMS;OgreMeshLodGenerator;OgreOverlay;OgrePaging;OgreProperty;OgreRTShaderSystem;OgreTerrain;OgreVolume;OgreMain
-- OGRE_LIBRARY_DIRS: /opt/ros/humble/opt/rviz_ogre_vendor/lib
-- OGRE_PLUGINS: Plugin_BSPSceneManager;Plugin_OctreeSceneManager;Plugin_PCZSceneManager;Plugin_ParticleFX;RenderSystem_GL;RenderSystem_GL3Plus;Codec_STBI
-- OGRE_PLUGIN_DIR: /opt/ros/humble/opt/rviz_ogre_vendor/lib/OGRE
-- rviz_ogre_vendor::OgreOverlay for IMPORTED_LOCATION_RELEASE: /opt/ros/humble/opt/rviz_ogre_vendor/lib/libOgreOverlay.so
-- rviz_ogre_vendor::OgreOverlay for IMPORTED_LOCATION_DEBUG: /opt/ros/humble/opt/rviz_ogre_vendor/lib/libOgreOverlay.so
-- rviz_ogre_vendor::OgreMain for IMPORTED_LOCATION_RELEASE: /opt/ros/humble/opt/rviz_ogre_vendor/lib/libOgreMain.so
-- rviz_ogre_vendor::OgreMain for IMPORTED_LOCATION_DEBUG: /opt/ros/humble/opt/rviz_ogre_vendor/lib/libOgreMain.so
-- Could not find freeimage library
-- Found ZLIB: /usr/lib/aarch64-linux-gnu/libz.so (found version "1.2.11") 
-- Found OpenGL: /usr/lib/aarch64-linux-gnu/libOpenGL.so   
-- Found X11: /usr/include   
-- Looking for XOpenDisplay in /usr/lib/aarch64-linux-gnu/libX11.so;/usr/lib/aarch64-linux-gnu/libXext.so
-- Looking for XOpenDisplay in /usr/lib/aarch64-linux-gnu/libX11.so;/usr/lib/aarch64-linux-gnu/libXext.so - found
-- Looking for gethostbyname
-- Looking for gethostbyname - found
-- Looking for connect
-- Looking for connect - found
-- Looking for remove
-- Looking for remove - found
-- Looking for shmat
-- Looking for shmat - found
-- Looking for IceConnectionNumber in ICE
-- Looking for IceConnectionNumber in ICE - found
-- library: /usr/lib/aarch64-linux-gnu/libcurl.so
-- Found Eigen3: TRUE (found version "3.4.0") 
-- Ensuring Eigen3 include directory is part of orocos-kdl CMake target
-- Found rviz_default_plugins: 11.2.20 (/opt/ros/humble/share/rviz_default_plugins/cmake)
-- Found ament_lint_auto: 0.12.14 (/opt/ros/humble/share/ament_lint_auto/cmake)
-- Added test 'copyright' to check source files copyright and LICENSE
-- Added test 'cppcheck' to perform static code analysis on C / C++ code
-- Configured cppcheck include dirs: /ros2_ws/src/graph_creator_rviz_plugin/include;$<BUILD_INTERFACE:/ros2_ws/src/graph_creator_rviz_plugin/include>
-- Configured cppcheck exclude dirs and/or files: 
-- Added test 'cpplint' to check C / C++ code against the Google style
-- Configured cpplint exclude dirs and/or files: 
-- Added test 'lint_cmake' to check CMake code style
-- Added test 'uncrustify' to check C / C++ code style
-- Configured uncrustify additional arguments: 
-- Added test 'xmllint' to check XML markup files
-- Configuring done
-- Generating done
-- Build files have been written to: /ros2_ws/build/graph_creator_rviz_plugin
[ 11%] [34m[1mAutomatic MOC and UIC for target graph_creator_rviz_plugin[0m
[ 11%] Built target graph_creator_rviz_plugin_autogen
[ 22%] [32mBuilding CXX object CMakeFiles/graph_creator_rviz_plugin.dir/src/graph_creator_panel.cpp.o[0m
[ 33%] [32mBuilding CXX object CMakeFiles/graph_creator_rviz_plugin.dir/src/double_spin_box_delegate.cpp.o[0m
[ 44%] [32mBuilding CXX object CMakeFiles/graph_creator_rviz_plugin.dir/src/combo_box_delegate.cpp.o[0m
[ 55%] [32mBuilding CXX object CMakeFiles/graph_creator_rviz_plugin.dir/src/properties_dialog_delegate.cpp.o[0m
[ 66%] [32mBuilding CXX object CMakeFiles/graph_creator_rviz_plugin.dir/graph_creator_rviz_plugin_autogen/mocs_compilation.cpp.o[0m
[ 77%] [32mBuilding CXX object CMakeFiles/graph_creator_rviz_plugin.dir/src/tools/select_graph_elements_tool.cpp.o[0m
[ 88%] [32mBuilding CXX object CMakeFiles/graph_creator_rviz_plugin.dir/src/tools/create_vertex_tool.cpp.o[0m
[100%] [32m[1mLinking CXX shared library libgraph_creator_rviz_plugin.so[0m
[100%] Built target graph_creator_rviz_plugin
-- Install configuration: ""
-- Installing: /ros2_ws/install/graph_creator_rviz_plugin/share/graph_creator_rviz_plugin/plugin_description.xml
-- Installing: /ros2_ws/install/graph_creator_rviz_plugin/lib/libgraph_creator_rviz_plugin.so
-- Set runtime path of "/ros2_ws/install/graph_creator_rviz_plugin/lib/libgraph_creator_rviz_plugin.so" to ""
-- Installing: /ros2_ws/install/graph_creator_rviz_plugin/include/graph_creator_rviz_plugin
-- Installing: /ros2_ws/install/graph_creator_rviz_plugin/include/graph_creator_rviz_plugin/graph_creator_rviz_plugin
-- Installing: /ros2_ws/install/graph_creator_rviz_plugin/include/graph_creator_rviz_plugin/graph_creator_rviz_plugin/combo_box_delegate.hpp
-- Installing: /ros2_ws/install/graph_creator_rviz_plugin/include/graph_creator_rviz_plugin/graph_creator_rviz_plugin/graph_creator_panel.hpp
-- Installing: /ros2_ws/install/graph_creator_rviz_plugin/include/graph_creator_rviz_plugin/graph_creator_rviz_plugin/graph_creator_panel_ui.hpp
-- Installing: /ros2_ws/install/graph_creator_rviz_plugin/include/graph_creator_rviz_plugin/graph_creator_rviz_plugin/double_spin_box_delegate.hpp
-- Installing: /ros2_ws/install/graph_creator_rviz_plugin/include/graph_creator_rviz_plugin/graph_creator_rviz_plugin/tools
-- Installing: /ros2_ws/install/graph_creator_rviz_plugin/include/graph_creator_rviz_plugin/graph_creator_rviz_plugin/tools/create_vertex_tool.hpp
-- Installing: /ros2_ws/install/graph_creator_rviz_plugin/include/graph_creator_rviz_plugin/graph_creator_rviz_plugin/tools/select_graph_elements_tool.hpp
-- Installing: /ros2_ws/install/graph_creator_rviz_plugin/include/graph_creator_rviz_plugin/graph_creator_rviz_plugin/properties_dialog_delegate.hpp
-- Installing: /ros2_ws/install/graph_creator_rviz_plugin/include/graph_creator_rviz_plugin/graph_creator_rviz_plugin/properties_ui.hpp
-- Up-to-date: /ros2_ws/install/graph_creator_rviz_plugin/share/graph_creator_rviz_plugin/plugin_description.xml
-- Installing: /ros2_ws/install/graph_creator_rviz_plugin/share/graph_creator_rviz_plugin/environment/library_path.sh
-- Installing: /ros2_ws/install/graph_creator_rviz_plugin/share/graph_creator_rviz_plugin/environment/library_path.dsv
-- Installing: /ros2_ws/install/graph_creator_rviz_plugin/share/ament_index/resource_index/package_run_dependencies/graph_creator_rviz_plugin
-- Installing: /ros2_ws/install/graph_creator_rviz_plugin/share/ament_index/resource_index/parent_prefix_path/graph_creator_rviz_plugin
-- Installing: /ros2_ws/install/graph_creator_rviz_plugin/share/graph_creator_rviz_plugin/environment/ament_prefix_path.sh
-- Installing: /ros2_ws/install/graph_creator_rviz_plugin/share/graph_creator_rviz_plugin/environment/ament_prefix_path.dsv
-- Installing: /ros2_ws/install/graph_creator_rviz_plugin/share/graph_creator_rviz_plugin/environment/path.sh
-- Installing: /ros2_ws/install/graph_creator_rviz_plugin/share/graph_creator_rviz_plugin/environment/path.dsv
-- Installing: /ros2_ws/install/graph_creator_rviz_plugin/share/graph_creator_rviz_plugin/local_setup.bash
-- Installing: /ros2_ws/install/graph_creator_rviz_plugin/share/graph_creator_rviz_plugin/local_setup.sh
-- Installing: /ros2_ws/install/graph_creator_rviz_plugin/share/graph_creator_rviz_plugin/local_setup.zsh
-- Installing: /ros2_ws/install/graph_creator_rviz_plugin/share/graph_creator_rviz_plugin/local_setup.dsv
-- Installing: /ros2_ws/install/graph_creator_rviz_plugin/share/graph_creator_rviz_plugin/package.dsv
-- Installing: /ros2_ws/install/graph_creator_rviz_plugin/share/ament_index/resource_index/packages/graph_creator_rviz_plugin
-- Installing: /ros2_ws/install/graph_creator_rviz_plugin/share/ament_index/resource_index/rviz_common__pluginlib__plugin/graph_creator_rviz_plugin
-- Installing: /ros2_ws/install/graph_creator_rviz_plugin/share/graph_creator_rviz_plugin/cmake/graph_creator_rviz_pluginExport.cmake
-- Installing: /ros2_ws/install/graph_creator_rviz_plugin/share/graph_creator_rviz_plugin/cmake/graph_creator_rviz_pluginExport-noconfig.cmake
-- Installing: /ros2_ws/install/graph_creator_rviz_plugin/share/graph_creator_rviz_plugin/cmake/ament_cmake_export_include_directories-extras.cmake
-- Installing: /ros2_ws/install/graph_creator_rviz_plugin/share/graph_creator_rviz_plugin/cmake/ament_cmake_export_targets-extras.cmake
-- Installing: /ros2_ws/install/graph_creator_rviz_plugin/share/graph_creator_rviz_plugin/cmake/ament_cmake_export_dependencies-extras.cmake
-- Installing: /ros2_ws/install/graph_creator_rviz_plugin/share/graph_creator_rviz_plugin/cmake/graph_creator_rviz_pluginConfig.cmake
-- Installing: /ros2_ws/install/graph_creator_rviz_plugin/share/graph_creator_rviz_plugin/cmake/graph_creator_rviz_pluginConfig-version.cmake
-- Installing: /ros2_ws/install/graph_creator_rviz_plugin/share/graph_creator_rviz_plugin/package.xml
