-- The C compiler identification is GNU 11.4.0
-- The CXX compiler identification is GNU 11.4.0
-- Detecting C compiler ABI info
-- Detecting C compiler ABI info - done
-- Check for working C compiler: /usr/bin/cc - skipped
-- Detecting C compile features
-- Detecting C compile features - done
-- Detecting CXX compiler ABI info
-- Detecting CXX compiler ABI info - done
-- Check for working CXX compiler: /usr/bin/c++ - skipped
-- Detecting CXX compile features
-- Detecting CXX compile features - done
-- Found ament_cmake: 1.3.12 (/opt/ros/humble/share/ament_cmake/cmake)
-- Found Python3: /usr/bin/python3 (found version "3.10.12") found components: Interpreter 
-- Found rclcpp: 16.0.15 (/opt/ros/humble/share/rclcpp/cmake)
-- Found rosidl_generator_c: 3.1.7 (/opt/ros/humble/share/rosidl_generator_c/cmake)
-- Found rosidl_adapter: 3.1.7 (/opt/ros/humble/share/rosidl_adapter/cmake)
-- Found rosidl_generator_cpp: 3.1.7 (/opt/ros/humble/share/rosidl_generator_cpp/cmake)
-- Using all available rosidl_typesupport_c: rosidl_typesupport_fastrtps_c;rosidl_typesupport_introspection_c
-- Using all available rosidl_typesupport_cpp: rosidl_typesupport_fastrtps_cpp;rosidl_typesupport_introspection_cpp
-- Found rmw_implementation_cmake: 6.1.2 (/opt/ros/humble/share/rmw_implementation_cmake/cmake)
-- Found rmw_fastrtps_cpp: 6.2.8 (/opt/ros/humble/share/rmw_fastrtps_cpp/cmake)
-- Found OpenSSL: /usr/lib/aarch64-linux-gnu/libcrypto.so (found version "3.0.2")  
-- Found FastRTPS: /opt/ros/humble/include  
-- Using RMW implementation 'rmw_fastrtps_cpp' as default
-- Looking for pthread.h
-- Looking for pthread.h - found
-- Performing Test CMAKE_HAVE_LIBC_PTHREAD
-- Performing Test CMAKE_HAVE_LIBC_PTHREAD - Success
-- Found Threads: TRUE  
-- Found geometry_msgs: 4.9.0 (/opt/ros/humble/share/geometry_msgs/cmake)
-- Found graph_creator: 2.0.0 (/ros2_ws/install/graph_creator/share/graph_creator/cmake)
-- Found eigen3_cmake_module: 0.1.1 (/opt/ros/humble/share/eigen3_cmake_module/cmake)
-- Found Eigen3: TRUE (found version "3.4.0") 
-- Ensuring Eigen3 include directory is part of orocos-kdl CMake target
-- Found ament_lint_auto: 0.12.14 (/opt/ros/humble/share/ament_lint_auto/cmake)
-- Added test 'copyright' to check source files copyright and LICENSE
-- Added test 'cppcheck' to perform static code analysis on C / C++ code
-- Configured cppcheck include dirs: /ros2_ws/src/global_path_graph/include;$<BUILD_INTERFACE:/ros2_ws/src/global_path_graph/include>
-- Configured cppcheck exclude dirs and/or files: 
-- Added test 'cpplint' to check C / C++ code against the Google style
-- Configured cpplint exclude dirs and/or files: 
-- Added test 'lint_cmake' to check CMake code style
-- Added test 'uncrustify' to check C / C++ code style
-- Configured uncrustify additional arguments: 
-- Added test 'xmllint' to check XML markup files
-- Configuring done
-- Generating done
-- Build files have been written to: /ros2_ws/build/global_path_graph
[ 50%] [32mBuilding CXX object CMakeFiles/global_path_graph.dir/src/global_path_graph.cpp.o[0m
[100%] [32m[1mLinking CXX shared library libglobal_path_graph.so[0m
[100%] Built target global_path_graph
-- Install configuration: ""
-- Installing: /ros2_ws/install/global_path_graph/lib/libglobal_path_graph.so
-- Set runtime path of "/ros2_ws/install/global_path_graph/lib/libglobal_path_graph.so" to ""
-- Installing: /ros2_ws/install/global_path_graph/include
-- Installing: /ros2_ws/install/global_path_graph/include/global_path_graph
-- Installing: /ros2_ws/install/global_path_graph/include/global_path_graph/global_path_graph.hpp
-- Installing: /ros2_ws/install/global_path_graph/share/global_path_graph/environment/library_path.sh
-- Installing: /ros2_ws/install/global_path_graph/share/global_path_graph/environment/library_path.dsv
-- Installing: /ros2_ws/install/global_path_graph/share/ament_index/resource_index/package_run_dependencies/global_path_graph
-- Installing: /ros2_ws/install/global_path_graph/share/ament_index/resource_index/parent_prefix_path/global_path_graph
-- Installing: /ros2_ws/install/global_path_graph/share/global_path_graph/environment/ament_prefix_path.sh
-- Installing: /ros2_ws/install/global_path_graph/share/global_path_graph/environment/ament_prefix_path.dsv
-- Installing: /ros2_ws/install/global_path_graph/share/global_path_graph/environment/path.sh
-- Installing: /ros2_ws/install/global_path_graph/share/global_path_graph/environment/path.dsv
-- Installing: /ros2_ws/install/global_path_graph/share/global_path_graph/local_setup.bash
-- Installing: /ros2_ws/install/global_path_graph/share/global_path_graph/local_setup.sh
-- Installing: /ros2_ws/install/global_path_graph/share/global_path_graph/local_setup.zsh
-- Installing: /ros2_ws/install/global_path_graph/share/global_path_graph/local_setup.dsv
-- Installing: /ros2_ws/install/global_path_graph/share/global_path_graph/package.dsv
-- Installing: /ros2_ws/install/global_path_graph/share/ament_index/resource_index/packages/global_path_graph
-- Installing: /ros2_ws/install/global_path_graph/share/global_path_graph/cmake/export_global_path_graphExport.cmake
-- Installing: /ros2_ws/install/global_path_graph/share/global_path_graph/cmake/export_global_path_graphExport-noconfig.cmake
-- Installing: /ros2_ws/install/global_path_graph/share/global_path_graph/cmake/ament_cmake_export_targets-extras.cmake
-- Installing: /ros2_ws/install/global_path_graph/share/global_path_graph/cmake/ament_cmake_export_dependencies-extras.cmake
-- Installing: /ros2_ws/install/global_path_graph/share/global_path_graph/cmake/global_path_graphConfig.cmake
-- Installing: /ros2_ws/install/global_path_graph/share/global_path_graph/cmake/global_path_graphConfig-version.cmake
-- Installing: /ros2_ws/install/global_path_graph/share/global_path_graph/package.xml
