-- The C compiler identification is GNU 11.4.0
-- The CXX compiler identification is GNU 11.4.0
-- Detecting C compiler ABI info
-- Detecting C compiler ABI info - done
-- Check for working C compiler: /usr/bin/cc - skipped
-- Detecting C compile features
-- Detecting C compile features - done
-- Detecting CXX compiler ABI info
-- Detecting CXX compiler ABI info - done
-- Check for working CXX compiler: /usr/bin/c++ - skipped
-- Detecting CXX compile features
-- Detecting CXX compile features - done
-- Found ament_cmake: 1.3.12 (/opt/ros/humble/share/ament_cmake/cmake)
-- Found Python3: /usr/bin/python3 (found version "3.10.12") found components: Interpreter 
-- Found rclcpp: 16.0.15 (/opt/ros/humble/share/rclcpp/cmake)
-- Found rosidl_generator_c: 3.1.7 (/opt/ros/humble/share/rosidl_generator_c/cmake)
-- Found rosidl_adapter: 3.1.7 (/opt/ros/humble/share/rosidl_adapter/cmake)
-- Found rosidl_generator_cpp: 3.1.7 (/opt/ros/humble/share/rosidl_generator_cpp/cmake)
-- Using all available rosidl_typesupport_c: rosidl_typesupport_fastrtps_c;rosidl_typesupport_introspection_c
-- Using all available rosidl_typesupport_cpp: rosidl_typesupport_fastrtps_cpp;rosidl_typesupport_introspection_cpp
-- Found rmw_implementation_cmake: 6.1.2 (/opt/ros/humble/share/rmw_implementation_cmake/cmake)
-- Found rmw_fastrtps_cpp: 6.2.8 (/opt/ros/humble/share/rmw_fastrtps_cpp/cmake)
-- Found OpenSSL: /usr/lib/aarch64-linux-gnu/libcrypto.so (found version "3.0.2")  
-- Found FastRTPS: /opt/ros/humble/include  
-- Using RMW implementation 'rmw_fastrtps_cpp' as default
-- Looking for pthread.h
-- Looking for pthread.h - found
-- Performing Test CMAKE_HAVE_LIBC_PTHREAD
-- Performing Test CMAKE_HAVE_LIBC_PTHREAD - Success
-- Found Threads: TRUE  
-- Found std_srvs: 4.9.0 (/opt/ros/humble/share/std_srvs/cmake)
-- Found sensor_msgs: 4.9.0 (/opt/ros/humble/share/sensor_msgs/cmake)
-- Found ament_lint_auto: 0.12.14 (/opt/ros/humble/share/ament_lint_auto/cmake)
-- Added test 'copyright' to check source files copyright and LICENSE
-- Added test 'cppcheck' to perform static code analysis on C / C++ code
-- Configured cppcheck include dirs: /ros2_ws/src/power_control/include
-- Configured cppcheck exclude dirs and/or files: 
-- Added test 'cpplint' to check C / C++ code against the Google style
-- Configured cpplint exclude dirs and/or files: 
-- Added test 'flake8' to check Python code syntax and style conventions
-- Added test 'lint_cmake' to check CMake code style
-- Added test 'pep257' to check Python code against some of the docstring style conventions in PEP 257
-- Added test 'uncrustify' to check C / C++ code style
-- Configured uncrustify additional arguments: 
-- Added test 'xmllint' to check XML markup files
-- Configuring done
-- Generating done
-- Build files have been written to: /ros2_ws/build/power_control
[ 50%] [32mBuilding CXX object CMakeFiles/power_control_node.dir/src/power_control.cpp.o[0m
[100%] [32m[1mLinking CXX executable power_control_node[0m
[100%] Built target power_control_node
-- Install configuration: ""
-- Installing: /ros2_ws/install/power_control/lib/power_control/power_control_node
-- Set runtime path of "/ros2_ws/install/power_control/lib/power_control/power_control_node" to ""
-- Installing: /ros2_ws/install/power_control/share/power_control//launch
-- Installing: /ros2_ws/install/power_control/share/power_control//launch/power_control.launch.py
-- Installing: /ros2_ws/install/power_control/share/power_control//config
-- Installing: /ros2_ws/install/power_control/share/power_control//config/power_control.yaml
-- Installing: /ros2_ws/install/power_control/lib/power_control/setup_pwr_ctrl_permission.sh
-- Installing: /ros2_ws/install/power_control/include
-- Installing: /ros2_ws/install/power_control/include/power_control
-- Installing: /ros2_ws/install/power_control/include/power_control/power_control.hpp
-- Installing: /ros2_ws/install/power_control/share/ament_index/resource_index/package_run_dependencies/power_control
-- Installing: /ros2_ws/install/power_control/share/ament_index/resource_index/parent_prefix_path/power_control
-- Installing: /ros2_ws/install/power_control/share/power_control/environment/ament_prefix_path.sh
-- Installing: /ros2_ws/install/power_control/share/power_control/environment/ament_prefix_path.dsv
-- Installing: /ros2_ws/install/power_control/share/power_control/environment/path.sh
-- Installing: /ros2_ws/install/power_control/share/power_control/environment/path.dsv
-- Installing: /ros2_ws/install/power_control/share/power_control/local_setup.bash
-- Installing: /ros2_ws/install/power_control/share/power_control/local_setup.sh
-- Installing: /ros2_ws/install/power_control/share/power_control/local_setup.zsh
-- Installing: /ros2_ws/install/power_control/share/power_control/local_setup.dsv
-- Installing: /ros2_ws/install/power_control/share/power_control/package.dsv
-- Installing: /ros2_ws/install/power_control/share/ament_index/resource_index/packages/power_control
-- Installing: /ros2_ws/install/power_control/share/power_control/cmake/power_controlConfig.cmake
-- Installing: /ros2_ws/install/power_control/share/power_control/cmake/power_controlConfig-version.cmake
-- Installing: /ros2_ws/install/power_control/share/power_control/package.xml
