[0.063s] Invoking command in '/ros2_ws/build/power_control': CMAKE_PREFIX_PATH=${CMAKE_PREFIX_PATH}:/opt/ros/humble /usr/bin/cmake /ros2_ws/src/power_control -DCMAKE_INSTALL_PREFIX=/ros2_ws/install/power_control
[0.366s] -- The C compiler identification is GNU 11.4.0
[0.569s] -- The CXX compiler identification is GNU 11.4.0
[0.589s] -- Detecting C compiler ABI info
[0.733s] -- Detecting C compiler ABI info - done
[0.743s] -- Check for working C compiler: /usr/bin/cc - skipped
[0.747s] -- Detecting C compile features
[0.748s] -- Detecting C compile features - done
[0.764s] -- Detecting CXX compiler ABI info
[0.925s] -- Detecting CXX compiler ABI info - done
[0.932s] -- Check for working CXX compiler: /usr/bin/c++ - skipped
[0.933s] -- Detecting CXX compile features
[0.933s] -- Detecting CXX compile features - done
[0.940s] -- Found ament_cmake: 1.3.12 (/opt/ros/humble/share/ament_cmake/cmake)
[1.326s] -- Found Python3: /usr/bin/python3 (found version "3.10.12") found components: Interpreter 
[1.560s] -- Found rclcpp: 16.0.15 (/opt/ros/humble/share/rclcpp/cmake)
[1.689s] -- Found rosidl_generator_c: 3.1.7 (/opt/ros/humble/share/rosidl_generator_c/cmake)
[1.696s] -- Found rosidl_adapter: 3.1.7 (/opt/ros/humble/share/rosidl_adapter/cmake)
[1.710s] -- Found rosidl_generator_cpp: 3.1.7 (/opt/ros/humble/share/rosidl_generator_cpp/cmake)
[1.733s] -- Using all available rosidl_typesupport_c: rosidl_typesupport_fastrtps_c;rosidl_typesupport_introspection_c
[1.762s] -- Using all available rosidl_typesupport_cpp: rosidl_typesupport_fastrtps_cpp;rosidl_typesupport_introspection_cpp
[1.878s] -- Found rmw_implementation_cmake: 6.1.2 (/opt/ros/humble/share/rmw_implementation_cmake/cmake)
[1.889s] -- Found rmw_fastrtps_cpp: 6.2.8 (/opt/ros/humble/share/rmw_fastrtps_cpp/cmake)
[2.130s] -- Found OpenSSL: /usr/lib/aarch64-linux-gnu/libcrypto.so (found version "3.0.2")  
[2.186s] -- Found FastRTPS: /opt/ros/humble/include  
[2.262s] -- Using RMW implementation 'rmw_fastrtps_cpp' as default
[2.298s] -- Looking for pthread.h
[2.451s] -- Looking for pthread.h - found
[2.452s] -- Performing Test CMAKE_HAVE_LIBC_PTHREAD
[2.618s] -- Performing Test CMAKE_HAVE_LIBC_PTHREAD - Success
[2.620s] -- Found Threads: TRUE  
[2.707s] -- Found std_srvs: 4.9.0 (/opt/ros/humble/share/std_srvs/cmake)
[2.742s] -- Found sensor_msgs: 4.9.0 (/opt/ros/humble/share/sensor_msgs/cmake)
[2.808s] -- Found ament_lint_auto: 0.12.14 (/opt/ros/humble/share/ament_lint_auto/cmake)
[2.975s] -- Added test 'copyright' to check source files copyright and LICENSE
[2.978s] -- Added test 'cppcheck' to perform static code analysis on C / C++ code
[2.978s] -- Configured cppcheck include dirs: /ros2_ws/src/power_control/include
[2.978s] -- Configured cppcheck exclude dirs and/or files: 
[2.980s] -- Added test 'cpplint' to check C / C++ code against the Google style
[2.981s] -- Configured cpplint exclude dirs and/or files: 
[2.982s] -- Added test 'flake8' to check Python code syntax and style conventions
[2.983s] -- Added test 'lint_cmake' to check CMake code style
[2.984s] -- Added test 'pep257' to check Python code against some of the docstring style conventions in PEP 257
[2.986s] -- Added test 'uncrustify' to check C / C++ code style
[2.986s] -- Configured uncrustify additional arguments: 
[2.988s] -- Added test 'xmllint' to check XML markup files
[2.991s] -- Configuring done
[3.011s] -- Generating done
[3.017s] -- Build files have been written to: /ros2_ws/build/power_control
[3.047s] Invoked command in '/ros2_ws/build/power_control' returned '0': CMAKE_PREFIX_PATH=${CMAKE_PREFIX_PATH}:/opt/ros/humble /usr/bin/cmake /ros2_ws/src/power_control -DCMAKE_INSTALL_PREFIX=/ros2_ws/install/power_control
[3.047s] Invoking command in '/ros2_ws/build/power_control': CMAKE_PREFIX_PATH=${CMAKE_PREFIX_PATH}:/opt/ros/humble /usr/bin/cmake --build /ros2_ws/build/power_control -- -j12 -l12
[3.192s] [ 50%] [32mBuilding CXX object CMakeFiles/power_control_node.dir/src/power_control.cpp.o[0m
[34.307s] [100%] [32m[1mLinking CXX executable power_control_node[0m
[35.354s] [100%] Built target power_control_node
[35.436s] Invoked command in '/ros2_ws/build/power_control' returned '0': CMAKE_PREFIX_PATH=${CMAKE_PREFIX_PATH}:/opt/ros/humble /usr/bin/cmake --build /ros2_ws/build/power_control -- -j12 -l12
[35.437s] Invoking command in '/ros2_ws/build/power_control': CMAKE_PREFIX_PATH=${CMAKE_PREFIX_PATH}:/opt/ros/humble /usr/bin/cmake --install /ros2_ws/build/power_control
[42.993s] -- Install configuration: ""
[42.993s] -- Installing: /ros2_ws/install/power_control/lib/power_control/power_control_node
[42.993s] -- Set runtime path of "/ros2_ws/install/power_control/lib/power_control/power_control_node" to ""
[42.993s] -- Installing: /ros2_ws/install/power_control/share/power_control//launch
[42.993s] -- Installing: /ros2_ws/install/power_control/share/power_control//launch/power_control.launch.py
[42.993s] -- Installing: /ros2_ws/install/power_control/share/power_control//config
[42.993s] -- Installing: /ros2_ws/install/power_control/share/power_control//config/power_control.yaml
[42.993s] -- Installing: /ros2_ws/install/power_control/lib/power_control/setup_pwr_ctrl_permission.sh
[42.993s] -- Installing: /ros2_ws/install/power_control/include
[42.993s] -- Installing: /ros2_ws/install/power_control/include/power_control
[42.993s] -- Installing: /ros2_ws/install/power_control/include/power_control/power_control.hpp
[42.994s] -- Installing: /ros2_ws/install/power_control/share/ament_index/resource_index/package_run_dependencies/power_control
[42.994s] -- Installing: /ros2_ws/install/power_control/share/ament_index/resource_index/parent_prefix_path/power_control
[42.994s] -- Installing: /ros2_ws/install/power_control/share/power_control/environment/ament_prefix_path.sh
[42.994s] -- Installing: /ros2_ws/install/power_control/share/power_control/environment/ament_prefix_path.dsv
[42.994s] -- Installing: /ros2_ws/install/power_control/share/power_control/environment/path.sh
[42.994s] -- Installing: /ros2_ws/install/power_control/share/power_control/environment/path.dsv
[42.994s] -- Installing: /ros2_ws/install/power_control/share/power_control/local_setup.bash
[42.994s] -- Installing: /ros2_ws/install/power_control/share/power_control/local_setup.sh
[42.995s] -- Installing: /ros2_ws/install/power_control/share/power_control/local_setup.zsh
[42.995s] -- Installing: /ros2_ws/install/power_control/share/power_control/local_setup.dsv
[42.995s] -- Installing: /ros2_ws/install/power_control/share/power_control/package.dsv
[42.995s] -- Installing: /ros2_ws/install/power_control/share/ament_index/resource_index/packages/power_control
[42.995s] -- Installing: /ros2_ws/install/power_control/share/power_control/cmake/power_controlConfig.cmake
[42.995s] -- Installing: /ros2_ws/install/power_control/share/power_control/cmake/power_controlConfig-version.cmake
[42.995s] -- Installing: /ros2_ws/install/power_control/share/power_control/package.xml
[43.087s] Invoked command in '/ros2_ws/build/power_control' returned '0': CMAKE_PREFIX_PATH=${CMAKE_PREFIX_PATH}:/opt/ros/humble /usr/bin/cmake --install /ros2_ws/build/power_control
