[0.061s] Invoking command in '/ros2_ws/build/qr_navigation': CMAKE_PREFIX_PATH=${CMAKE_PREFIX_PATH}:/opt/ros/humble /usr/bin/cmake /ros2_ws/src/qr_navigation -DCMAKE_INSTALL_PREFIX=/ros2_ws/install/qr_navigation
[0.362s] -- The C compiler identification is GNU 11.4.0
[0.555s] -- The CXX compiler identification is GNU 11.4.0
[0.584s] -- Detecting C compiler ABI info
[0.727s] -- Detecting C compiler ABI info - done
[0.738s] -- Check for working C compiler: /usr/bin/cc - skipped
[0.742s] -- Detecting C compile features
[0.743s] -- Detecting C compile features - done
[0.749s] -- Detecting CXX compiler ABI info
[0.906s] -- Detecting CXX compiler ABI info - done
[0.926s] -- Check for working CXX compiler: /usr/bin/c++ - skipped
[0.927s] -- Detecting CXX compile features
[0.927s] -- Detecting CXX compile features - done
[0.936s] -- Found ament_cmake: 1.3.12 (/opt/ros/humble/share/ament_cmake/cmake)
[1.309s] -- Found Python3: /usr/bin/python3 (found version "3.10.12") found components: Interpreter 
[1.555s] -- Found rclcpp: 16.0.15 (/opt/ros/humble/share/rclcpp/cmake)
[1.675s] -- Found rosidl_generator_c: 3.1.7 (/opt/ros/humble/share/rosidl_generator_c/cmake)
[1.684s] -- Found rosidl_adapter: 3.1.7 (/opt/ros/humble/share/rosidl_adapter/cmake)
[1.699s] -- Found rosidl_generator_cpp: 3.1.7 (/opt/ros/humble/share/rosidl_generator_cpp/cmake)
[1.730s] -- Using all available rosidl_typesupport_c: rosidl_typesupport_fastrtps_c;rosidl_typesupport_introspection_c
[1.799s] -- Using all available rosidl_typesupport_cpp: rosidl_typesupport_fastrtps_cpp;rosidl_typesupport_introspection_cpp
[1.874s] -- Found rmw_implementation_cmake: 6.1.2 (/opt/ros/humble/share/rmw_implementation_cmake/cmake)
[1.884s] -- Found rmw_fastrtps_cpp: 6.2.8 (/opt/ros/humble/share/rmw_fastrtps_cpp/cmake)
[2.125s] -- Found OpenSSL: /usr/lib/aarch64-linux-gnu/libcrypto.so (found version "3.0.2")  
[2.182s] -- Found FastRTPS: /opt/ros/humble/include  
[2.262s] -- Using RMW implementation 'rmw_fastrtps_cpp' as default
[2.293s] -- Looking for pthread.h
[2.446s] -- Looking for pthread.h - found
[2.447s] -- Performing Test CMAKE_HAVE_LIBC_PTHREAD
[2.576s] -- Performing Test CMAKE_HAVE_LIBC_PTHREAD - Success
[2.579s] -- Found Threads: TRUE  
[2.701s] -- Found rclpy: 3.3.17 (/opt/ros/humble/share/rclpy/cmake)
[2.704s] -- Found geometry_msgs: 4.9.0 (/opt/ros/humble/share/geometry_msgs/cmake)
[2.724s] -- Found nav_msgs: 4.9.0 (/opt/ros/humble/share/nav_msgs/cmake)
[2.752s] -- Found sensor_msgs: 4.9.0 (/opt/ros/humble/share/sensor_msgs/cmake)
[2.796s] -- Found tf2: 0.25.16 (/opt/ros/humble/share/tf2/cmake)
[2.814s] -- Found tf2_ros: 0.25.16 (/opt/ros/humble/share/tf2_ros/cmake)
[2.960s] -- Found tf2_geometry_msgs: 0.25.16 (/opt/ros/humble/share/tf2_geometry_msgs/cmake)
[2.980s] -- Found eigen3_cmake_module: 0.1.1 (/opt/ros/humble/share/eigen3_cmake_module/cmake)
[2.982s] -- Found Eigen3: TRUE (found version "3.4.0") 
[2.982s] -- Ensuring Eigen3 include directory is part of orocos-kdl CMake target
[2.986s] -- Found rosidl_default_generators: 1.2.0 (/opt/ros/humble/share/rosidl_default_generators/cmake)
[3.509s] -- Found ament_cmake_ros: 0.10.0 (/opt/ros/humble/share/ament_cmake_ros/cmake)
[4.578s] -- Using all available rosidl_typesupport_c: rosidl_typesupport_fastrtps_c;rosidl_typesupport_introspection_c
[5.012s] -- Using all available rosidl_typesupport_cpp: rosidl_typesupport_fastrtps_cpp;rosidl_typesupport_introspection_cpp
[5.128s] -- Found PythonInterp: /usr/bin/python3 (found suitable version "3.10.12", minimum required is "3.6") 
[5.131s] -- Found python_cmake_module: 0.10.0 (/opt/ros/humble/share/python_cmake_module/cmake)
[5.194s] -- Found PythonLibs: /usr/lib/aarch64-linux-gnu/libpython3.10.so (found suitable version "3.10.12", minimum required is "3.5") 
[5.195s] -- Using PYTHON_EXECUTABLE: /usr/bin/python3
[5.195s] -- Using PYTHON_INCLUDE_DIRS: /usr/include/python3.10
[5.195s] -- Using PYTHON_LIBRARIES: /usr/lib/aarch64-linux-gnu/libpython3.10.so
[5.245s] -- Found PythonExtra: .so  
[5.454s] -- Found ament_lint_auto: 0.12.14 (/opt/ros/humble/share/ament_lint_auto/cmake)
[5.500s] -- Added test 'copyright' to check source files copyright and LICENSE
[5.504s] -- Added test 'cppcheck' to perform static code analysis on C / C++ code
[5.506s] -- Configured cppcheck include dirs: /ros2_ws/src/qr_navigation/include;/ros2_ws/src/qr_navigation/scripts;/ros2_ws/src/qr_navigation/include/qr_navigation
[5.507s] -- Configured cppcheck exclude dirs and/or files: 
[5.510s] -- Added test 'cpplint' to check C / C++ code against the Google style
[5.510s] -- Configured cpplint exclude dirs and/or files: 
[5.512s] -- Added test 'flake8' to check Python code syntax and style conventions
[5.520s] -- Added test 'lint_cmake' to check CMake code style
[5.522s] -- Added test 'pep257' to check Python code against some of the docstring style conventions in PEP 257
[5.526s] -- Added test 'uncrustify' to check C / C++ code style
[5.526s] -- Configured uncrustify additional arguments: 
[5.527s] -- Added test 'xmllint' to check XML markup files
[5.534s] -- Configuring done
[5.741s] -- Generating done
[5.787s] -- Build files have been written to: /ros2_ws/build/qr_navigation
[5.844s] Invoked command in '/ros2_ws/build/qr_navigation' returned '0': CMAKE_PREFIX_PATH=${CMAKE_PREFIX_PATH}:/opt/ros/humble /usr/bin/cmake /ros2_ws/src/qr_navigation -DCMAKE_INSTALL_PREFIX=/ros2_ws/install/qr_navigation
[5.844s] Invoking command in '/ros2_ws/build/qr_navigation': CMAKE_PREFIX_PATH=${CMAKE_PREFIX_PATH}:/opt/ros/humble /usr/bin/cmake --build /ros2_ws/build/qr_navigation -- -j12 -l12
[35.401s] [  2%] [34m[1mGenerating C code for ROS interfaces[0m
[35.401s] [  5%] [34m[1mGenerating C++ code for ROS interfaces[0m
[35.401s] [  7%] [32mBuilding CXX object CMakeFiles/battery_node.dir/src/battery_node.cpp.o[0m
[35.401s] [  7%] Built target ament_cmake_python_copy_qr_navigation
[35.401s] [  7%] Built target qr_navigation__cpp
[35.402s] [ 10%] [34m[1mGenerating C++ type support dispatch for ROS interfaces[0m
[35.402s] [ 13%] [34m[1mGenerating C++ type support for eProsima Fast-RTPS[0m
[35.402s] [ 15%] [34m[1mGenerating C++ introspection for ROS interfaces[0m
[35.402s] running egg_info
[35.402s] creating qr_navigation.egg-info
[35.402s] writing qr_navigation.egg-info/PKG-INFO
[35.402s] writing dependency_links to qr_navigation.egg-info/dependency_links.txt
[35.402s] writing top-level names to qr_navigation.egg-info/top_level.txt
[35.402s] writing manifest file 'qr_navigation.egg-info/SOURCES.txt'
[35.402s] reading manifest file 'qr_navigation.egg-info/SOURCES.txt'
[35.402s] writing manifest file 'qr_navigation.egg-info/SOURCES.txt'
[35.402s] [ 18%] [32mBuilding C object CMakeFiles/qr_navigation__rosidl_generator_c.dir/rosidl_generator_c/qr_navigation/msg/detail/goal_msg__functions.c.o[0m
[35.403s] [ 18%] Built target ament_cmake_python_build_qr_navigation_egg
[35.403s] [ 21%] [32m[1mLinking C shared library libqr_navigation__rosidl_generator_c.so[0m
[35.403s] [ 21%] Built target qr_navigation__rosidl_generator_c
[35.403s] [ 23%] [34m[1mGenerating C type support for eProsima Fast-RTPS[0m
[35.403s] [ 26%] [32mBuilding CXX object CMakeFiles/qr_navigation__rosidl_typesupport_cpp.dir/rosidl_typesupport_cpp/qr_navigation/msg/goal_msg__type_support.cpp.o[0m
[35.403s] [ 28%] [34m[1mGenerating C introspection for ROS interfaces[0m
[35.403s] [ 31%] [34m[1mGenerating C type support dispatch for ROS interfaces[0m
[35.403s] [ 34%] [32mBuilding CXX object CMakeFiles/qr_navigation__rosidl_typesupport_introspection_cpp.dir/rosidl_typesupport_introspection_cpp/qr_navigation/msg/detail/goal_msg__type_support.cpp.o[0m
[35.403s] [ 36%] [32mBuilding CXX object CMakeFiles/qr_navigation__rosidl_typesupport_fastrtps_cpp.dir/rosidl_typesupport_fastrtps_cpp/qr_navigation/msg/detail/dds_fastrtps/goal_msg__type_support.cpp.o[0m
[35.403s] [ 39%] [32m[1mLinking CXX shared library libqr_navigation__rosidl_typesupport_cpp.so[0m
[35.403s] [ 39%] Built target qr_navigation__rosidl_typesupport_cpp
[35.403s] [ 42%] [32mBuilding CXX object CMakeFiles/qr_navigation_node.dir/src/qr_navigation_node.cpp.o[0m
[35.404s] [ 47%] [32mBuilding CXX object CMakeFiles/qr_navigation_node.dir/src/velocity_profile.cpp.o[0m
[35.404s] [ 47%] [32mBuilding CXX object CMakeFiles/qr_navigation_node.dir/src/pure_pursuit.cpp.o[0m
[35.404s] [ 50%] [32mBuilding CXX object CMakeFiles/qr_navigation_node.dir/src/rotation_controller.cpp.o[0m
[35.404s] [ 52%] [32mBuilding C object CMakeFiles/qr_navigation__rosidl_typesupport_introspection_c.dir/rosidl_typesupport_introspection_c/qr_navigation/msg/detail/goal_msg__type_support.c.o[0m
[35.404s] [ 55%] [32mBuilding CXX object CMakeFiles/qr_navigation__rosidl_typesupport_c.dir/rosidl_typesupport_c/qr_navigation/msg/goal_msg__type_support.cpp.o[0m
[35.404s] [ 57%] [32m[1mLinking C shared library libqr_navigation__rosidl_typesupport_introspection_c.so[0m
[35.404s] [ 60%] [32mBuilding CXX object CMakeFiles/qr_navigation__rosidl_typesupport_fastrtps_c.dir/rosidl_typesupport_fastrtps_c/qr_navigation/msg/detail/goal_msg__type_support_c.cpp.o[0m
[35.404s] [ 63%] [32m[1mLinking CXX shared library libqr_navigation__rosidl_typesupport_c.so[0m
[35.404s] [ 63%] Built target qr_navigation__rosidl_typesupport_introspection_c
[35.404s] [ 63%] Built target qr_navigation__rosidl_typesupport_c
[35.404s] [ 65%] [32m[1mLinking CXX shared library libqr_navigation__rosidl_typesupport_introspection_cpp.so[0m
[35.404s] [ 68%] [32m[1mLinking CXX shared library libqr_navigation__rosidl_typesupport_fastrtps_cpp.so[0m
[35.404s] [ 68%] Built target qr_navigation__rosidl_typesupport_introspection_cpp
[35.405s] [ 71%] [32m[1mLinking CXX shared library libqr_navigation__rosidl_typesupport_fastrtps_c.so[0m
[35.405s] [ 71%] Built target qr_navigation__rosidl_typesupport_fastrtps_cpp
[35.405s] [ 71%] Built target qr_navigation__rosidl_typesupport_fastrtps_c
[35.405s] [ 71%] Built target qr_navigation
[35.405s] [ 73%] [34m[1mGenerating Python code for ROS interfaces[0m
[35.405s] [ 73%] Built target qr_navigation__py
[35.405s] [ 76%] [32mBuilding C object CMakeFiles/qr_navigation__rosidl_generator_py.dir/rosidl_generator_py/qr_navigation/msg/_goal_msg_s.c.o[0m
[35.405s] [ 78%] [32m[1mLinking C shared library rosidl_generator_py/qr_navigation/libqr_navigation__rosidl_generator_py.so[0m
[35.405s] [ 78%] Built target qr_navigation__rosidl_generator_py
[35.405s] [ 81%] [32mBuilding C object CMakeFiles/qr_navigation__rosidl_typesupport_fastrtps_c__pyext.dir/rosidl_generator_py/qr_navigation/_qr_navigation_s.ep.rosidl_typesupport_fastrtps_c.c.o[0m
[35.405s] [ 84%] [32mBuilding C object CMakeFiles/qr_navigation__rosidl_typesupport_introspection_c__pyext.dir/rosidl_generator_py/qr_navigation/_qr_navigation_s.ep.rosidl_typesupport_introspection_c.c.o[0m
[35.405s] [ 86%] [32mBuilding C object CMakeFiles/qr_navigation__rosidl_typesupport_c__pyext.dir/rosidl_generator_py/qr_navigation/_qr_navigation_s.ep.rosidl_typesupport_c.c.o[0m
[35.405s] [ 89%] [32m[1mLinking C shared library rosidl_generator_py/qr_navigation/qr_navigation_s__rosidl_typesupport_introspection_c.cpython-310-aarch64-linux-gnu.so[0m
[35.406s] [ 92%] [32m[1mLinking C shared library rosidl_generator_py/qr_navigation/qr_navigation_s__rosidl_typesupport_fastrtps_c.cpython-310-aarch64-linux-gnu.so[0m
[35.406s] [ 92%] Built target qr_navigation__rosidl_typesupport_fastrtps_c__pyext
[35.406s] [ 92%] Built target qr_navigation__rosidl_typesupport_introspection_c__pyext
[35.406s] [ 94%] [32m[1mLinking C shared library rosidl_generator_py/qr_navigation/qr_navigation_s__rosidl_typesupport_c.cpython-310-aarch64-linux-gnu.so[0m
[35.406s] [ 94%] Built target qr_navigation__rosidl_typesupport_c__pyext
[46.123s] [ 97%] [32m[1mLinking CXX executable battery_node[0m
[46.953s] [ 97%] Built target battery_node
[61.831s] [100%] [32m[1mLinking CXX executable qr_navigation_node[0m
[63.414s] [100%] Built target qr_navigation_node
[63.434s] Invoked command in '/ros2_ws/build/qr_navigation' returned '0': CMAKE_PREFIX_PATH=${CMAKE_PREFIX_PATH}:/opt/ros/humble /usr/bin/cmake --build /ros2_ws/build/qr_navigation -- -j12 -l12
[63.437s] Invoking command in '/ros2_ws/build/qr_navigation': CMAKE_PREFIX_PATH=${CMAKE_PREFIX_PATH}:/opt/ros/humble /usr/bin/cmake --install /ros2_ws/build/qr_navigation
[63.449s] -- Install configuration: ""
[63.450s] -- Installing: /ros2_ws/install/qr_navigation/share/ament_index/resource_index/rosidl_interfaces/qr_navigation
[63.450s] -- Installing: /ros2_ws/install/qr_navigation/include/qr_navigation/qr_navigation
[63.450s] -- Installing: /ros2_ws/install/qr_navigation/include/qr_navigation/qr_navigation/msg
[63.450s] -- Installing: /ros2_ws/install/qr_navigation/include/qr_navigation/qr_navigation/msg/detail
[63.450s] -- Installing: /ros2_ws/install/qr_navigation/include/qr_navigation/qr_navigation/msg/detail/goal_msg__functions.c
[63.450s] -- Installing: /ros2_ws/install/qr_navigation/include/qr_navigation/qr_navigation/msg/detail/goal_msg__struct.h
[63.451s] -- Installing: /ros2_ws/install/qr_navigation/include/qr_navigation/qr_navigation/msg/detail/goal_msg__type_support.h
[63.451s] -- Installing: /ros2_ws/install/qr_navigation/include/qr_navigation/qr_navigation/msg/detail/goal_msg__functions.h
[63.451s] -- Installing: /ros2_ws/install/qr_navigation/include/qr_navigation/qr_navigation/msg/rosidl_generator_c__visibility_control.h
[63.451s] -- Installing: /ros2_ws/install/qr_navigation/include/qr_navigation/qr_navigation/msg/goal_msg.h
[63.451s] -- Installing: /ros2_ws/install/qr_navigation/share/qr_navigation/environment/library_path.sh
[63.452s] -- Installing: /ros2_ws/install/qr_navigation/share/qr_navigation/environment/library_path.dsv
[63.452s] -- Installing: /ros2_ws/install/qr_navigation/lib/libqr_navigation__rosidl_generator_c.so
[63.452s] -- Set runtime path of "/ros2_ws/install/qr_navigation/lib/libqr_navigation__rosidl_generator_c.so" to ""
[63.452s] -- Up-to-date: /ros2_ws/install/qr_navigation/include/qr_navigation/qr_navigation
[63.453s] -- Up-to-date: /ros2_ws/install/qr_navigation/include/qr_navigation/qr_navigation/msg
[63.453s] -- Up-to-date: /ros2_ws/install/qr_navigation/include/qr_navigation/qr_navigation/msg/detail
[63.453s] -- Installing: /ros2_ws/install/qr_navigation/include/qr_navigation/qr_navigation/msg/detail/goal_msg__rosidl_typesupport_fastrtps_c.h
[63.453s] -- Installing: /ros2_ws/install/qr_navigation/include/qr_navigation/qr_navigation/msg/rosidl_typesupport_fastrtps_c__visibility_control.h
[63.453s] -- Installing: /ros2_ws/install/qr_navigation/lib/libqr_navigation__rosidl_typesupport_fastrtps_c.so
[63.453s] -- Set runtime path of "/ros2_ws/install/qr_navigation/lib/libqr_navigation__rosidl_typesupport_fastrtps_c.so" to ""
[63.453s] -- Up-to-date: /ros2_ws/install/qr_navigation/include/qr_navigation/qr_navigation
[63.454s] -- Up-to-date: /ros2_ws/install/qr_navigation/include/qr_navigation/qr_navigation/msg
[63.454s] -- Installing: /ros2_ws/install/qr_navigation/include/qr_navigation/qr_navigation/msg/rosidl_generator_cpp__visibility_control.hpp
[63.454s] -- Up-to-date: /ros2_ws/install/qr_navigation/include/qr_navigation/qr_navigation/msg/detail
[63.454s] -- Installing: /ros2_ws/install/qr_navigation/include/qr_navigation/qr_navigation/msg/detail/goal_msg__traits.hpp
[63.454s] -- Installing: /ros2_ws/install/qr_navigation/include/qr_navigation/qr_navigation/msg/detail/goal_msg__type_support.hpp
[63.454s] -- Installing: /ros2_ws/install/qr_navigation/include/qr_navigation/qr_navigation/msg/detail/goal_msg__struct.hpp
[63.454s] -- Installing: /ros2_ws/install/qr_navigation/include/qr_navigation/qr_navigation/msg/detail/goal_msg__builder.hpp
[63.454s] -- Installing: /ros2_ws/install/qr_navigation/include/qr_navigation/qr_navigation/msg/goal_msg.hpp
[63.455s] -- Up-to-date: /ros2_ws/install/qr_navigation/include/qr_navigation/qr_navigation
[63.455s] -- Up-to-date: /ros2_ws/install/qr_navigation/include/qr_navigation/qr_navigation/msg
[63.455s] -- Up-to-date: /ros2_ws/install/qr_navigation/include/qr_navigation/qr_navigation/msg/detail
[63.455s] -- Installing: /ros2_ws/install/qr_navigation/include/qr_navigation/qr_navigation/msg/detail/dds_fastrtps
[63.455s] -- Installing: /ros2_ws/install/qr_navigation/include/qr_navigation/qr_navigation/msg/detail/goal_msg__rosidl_typesupport_fastrtps_cpp.hpp
[63.455s] -- Installing: /ros2_ws/install/qr_navigation/include/qr_navigation/qr_navigation/msg/rosidl_typesupport_fastrtps_cpp__visibility_control.h
[63.455s] -- Installing: /ros2_ws/install/qr_navigation/lib/libqr_navigation__rosidl_typesupport_fastrtps_cpp.so
[63.456s] -- Set runtime path of "/ros2_ws/install/qr_navigation/lib/libqr_navigation__rosidl_typesupport_fastrtps_cpp.so" to ""
[63.456s] -- Up-to-date: /ros2_ws/install/qr_navigation/include/qr_navigation/qr_navigation
[63.456s] -- Up-to-date: /ros2_ws/install/qr_navigation/include/qr_navigation/qr_navigation/msg
[63.456s] -- Installing: /ros2_ws/install/qr_navigation/include/qr_navigation/qr_navigation/msg/rosidl_typesupport_introspection_c__visibility_control.h
[63.456s] -- Up-to-date: /ros2_ws/install/qr_navigation/include/qr_navigation/qr_navigation/msg/detail
[63.456s] -- Installing: /ros2_ws/install/qr_navigation/include/qr_navigation/qr_navigation/msg/detail/goal_msg__rosidl_typesupport_introspection_c.h
[63.456s] -- Installing: /ros2_ws/install/qr_navigation/include/qr_navigation/qr_navigation/msg/detail/goal_msg__type_support.c
[63.456s] -- Installing: /ros2_ws/install/qr_navigation/lib/libqr_navigation__rosidl_typesupport_introspection_c.so
[63.457s] -- Set runtime path of "/ros2_ws/install/qr_navigation/lib/libqr_navigation__rosidl_typesupport_introspection_c.so" to ""
[63.457s] -- Installing: /ros2_ws/install/qr_navigation/lib/libqr_navigation__rosidl_typesupport_c.so
[63.457s] -- Set runtime path of "/ros2_ws/install/qr_navigation/lib/libqr_navigation__rosidl_typesupport_c.so" to ""
[63.457s] -- Up-to-date: /ros2_ws/install/qr_navigation/include/qr_navigation/qr_navigation
[63.458s] -- Up-to-date: /ros2_ws/install/qr_navigation/include/qr_navigation/qr_navigation/msg
[63.458s] -- Up-to-date: /ros2_ws/install/qr_navigation/include/qr_navigation/qr_navigation/msg/detail
[63.458s] -- Installing: /ros2_ws/install/qr_navigation/include/qr_navigation/qr_navigation/msg/detail/goal_msg__rosidl_typesupport_introspection_cpp.hpp
[63.458s] -- Installing: /ros2_ws/install/qr_navigation/include/qr_navigation/qr_navigation/msg/detail/goal_msg__type_support.cpp
[63.458s] -- Installing: /ros2_ws/install/qr_navigation/lib/libqr_navigation__rosidl_typesupport_introspection_cpp.so
[63.459s] -- Set runtime path of "/ros2_ws/install/qr_navigation/lib/libqr_navigation__rosidl_typesupport_introspection_cpp.so" to ""
[63.459s] -- Installing: /ros2_ws/install/qr_navigation/lib/libqr_navigation__rosidl_typesupport_cpp.so
[63.459s] -- Set runtime path of "/ros2_ws/install/qr_navigation/lib/libqr_navigation__rosidl_typesupport_cpp.so" to ""
[63.459s] -- Installing: /ros2_ws/install/qr_navigation/share/qr_navigation/environment/pythonpath.sh
[63.459s] -- Installing: /ros2_ws/install/qr_navigation/share/qr_navigation/environment/pythonpath.dsv
[63.459s] -- Installing: /ros2_ws/install/qr_navigation/local/lib/python3.10/dist-packages/qr_navigation-2.0.0-py3.10.egg-info
[63.460s] -- Installing: /ros2_ws/install/qr_navigation/local/lib/python3.10/dist-packages/qr_navigation-2.0.0-py3.10.egg-info/dependency_links.txt
[63.460s] -- Installing: /ros2_ws/install/qr_navigation/local/lib/python3.10/dist-packages/qr_navigation-2.0.0-py3.10.egg-info/PKG-INFO
[63.460s] -- Installing: /ros2_ws/install/qr_navigation/local/lib/python3.10/dist-packages/qr_navigation-2.0.0-py3.10.egg-info/SOURCES.txt
[63.460s] -- Installing: /ros2_ws/install/qr_navigation/local/lib/python3.10/dist-packages/qr_navigation-2.0.0-py3.10.egg-info/top_level.txt
[63.460s] -- Installing: /ros2_ws/install/qr_navigation/local/lib/python3.10/dist-packages/qr_navigation
[63.460s] -- Installing: /ros2_ws/install/qr_navigation/local/lib/python3.10/dist-packages/qr_navigation/qr_navigation_s__rosidl_typesupport_fastrtps_c.cpython-310-aarch64-linux-gnu.so
[63.461s] -- Installing: /ros2_ws/install/qr_navigation/local/lib/python3.10/dist-packages/qr_navigation/qr_navigation_s__rosidl_typesupport_introspection_c.cpython-310-aarch64-linux-gnu.so
[63.461s] -- Installing: /ros2_ws/install/qr_navigation/local/lib/python3.10/dist-packages/qr_navigation/msg
[63.461s] -- Installing: /ros2_ws/install/qr_navigation/local/lib/python3.10/dist-packages/qr_navigation/msg/_goal_msg.py
[63.461s] -- Installing: /ros2_ws/install/qr_navigation/local/lib/python3.10/dist-packages/qr_navigation/msg/__init__.py
[63.461s] -- Installing: /ros2_ws/install/qr_navigation/local/lib/python3.10/dist-packages/qr_navigation/msg/_goal_msg_s.c
[63.461s] -- Installing: /ros2_ws/install/qr_navigation/local/lib/python3.10/dist-packages/qr_navigation/libqr_navigation__rosidl_generator_py.so
[63.462s] -- Installing: /ros2_ws/install/qr_navigation/local/lib/python3.10/dist-packages/qr_navigation/_qr_navigation_s.ep.rosidl_typesupport_introspection_c.c
[63.462s] -- Installing: /ros2_ws/install/qr_navigation/local/lib/python3.10/dist-packages/qr_navigation/_qr_navigation_s.ep.rosidl_typesupport_c.c
[63.462s] -- Installing: /ros2_ws/install/qr_navigation/local/lib/python3.10/dist-packages/qr_navigation/__init__.py
[63.462s] -- Installing: /ros2_ws/install/qr_navigation/local/lib/python3.10/dist-packages/qr_navigation/_qr_navigation_s.ep.rosidl_typesupport_fastrtps_c.c
[63.462s] -- Installing: /ros2_ws/install/qr_navigation/local/lib/python3.10/dist-packages/qr_navigation/qr_navigation_s__rosidl_typesupport_c.cpython-310-aarch64-linux-gnu.so
[63.519s] Listing '/ros2_ws/install/qr_navigation/local/lib/python3.10/dist-packages/qr_navigation'...
[63.520s] Compiling '/ros2_ws/install/qr_navigation/local/lib/python3.10/dist-packages/qr_navigation/__init__.py'...
[63.520s] Listing '/ros2_ws/install/qr_navigation/local/lib/python3.10/dist-packages/qr_navigation/msg'...
[63.520s] Compiling '/ros2_ws/install/qr_navigation/local/lib/python3.10/dist-packages/qr_navigation/msg/__init__.py'...
[63.520s] Compiling '/ros2_ws/install/qr_navigation/local/lib/python3.10/dist-packages/qr_navigation/msg/_goal_msg.py'...
[63.531s] -- Installing: /ros2_ws/install/qr_navigation/local/lib/python3.10/dist-packages/qr_navigation/qr_navigation_s__rosidl_typesupport_fastrtps_c.cpython-310-aarch64-linux-gnu.so
[63.532s] -- Set runtime path of "/ros2_ws/install/qr_navigation/local/lib/python3.10/dist-packages/qr_navigation/qr_navigation_s__rosidl_typesupport_fastrtps_c.cpython-310-aarch64-linux-gnu.so" to ""
[63.532s] -- Installing: /ros2_ws/install/qr_navigation/local/lib/python3.10/dist-packages/qr_navigation/qr_navigation_s__rosidl_typesupport_introspection_c.cpython-310-aarch64-linux-gnu.so
[63.532s] -- Set runtime path of "/ros2_ws/install/qr_navigation/local/lib/python3.10/dist-packages/qr_navigation/qr_navigation_s__rosidl_typesupport_introspection_c.cpython-310-aarch64-linux-gnu.so" to ""
[63.532s] -- Installing: /ros2_ws/install/qr_navigation/local/lib/python3.10/dist-packages/qr_navigation/qr_navigation_s__rosidl_typesupport_c.cpython-310-aarch64-linux-gnu.so
[63.533s] -- Set runtime path of "/ros2_ws/install/qr_navigation/local/lib/python3.10/dist-packages/qr_navigation/qr_navigation_s__rosidl_typesupport_c.cpython-310-aarch64-linux-gnu.so" to ""
[63.533s] -- Installing: /ros2_ws/install/qr_navigation/lib/libqr_navigation__rosidl_generator_py.so
[63.533s] -- Set runtime path of "/ros2_ws/install/qr_navigation/lib/libqr_navigation__rosidl_generator_py.so" to ""
[63.533s] -- Installing: /ros2_ws/install/qr_navigation/share/qr_navigation/msg/GoalMsg.idl
[63.534s] -- Installing: /ros2_ws/install/qr_navigation/share/qr_navigation/msg/GoalMsg.msg
[63.534s] -- Installing: /ros2_ws/install/qr_navigation/lib/qr_navigation/qr_navigation_node
[63.551s] -- Set runtime path of "/ros2_ws/install/qr_navigation/lib/qr_navigation/qr_navigation_node" to ""
[63.551s] -- Installing: /ros2_ws/install/qr_navigation/lib/qr_navigation/battery_node
[63.559s] -- Set runtime path of "/ros2_ws/install/qr_navigation/lib/qr_navigation/battery_node" to ""
[63.559s] -- Installing: /ros2_ws/install/qr_navigation/lib/qr_navigation/path_publisher.py
[63.567s] -- Installing: /ros2_ws/install/qr_navigation/lib/qr_navigation/map_to_qr.py
[63.567s] -- Installing: /ros2_ws/install/qr_navigation/share/qr_navigation//launch
[63.567s] -- Installing: /ros2_ws/install/qr_navigation/share/qr_navigation//launch/qr_navigation.launch.py
[63.568s] -- Installing: /ros2_ws/install/qr_navigation/share/qr_navigation//launch/tag_map_server.launch.py
[63.568s] -- Installing: /ros2_ws/install/qr_navigation/share/qr_navigation//config
[63.569s] -- Installing: /ros2_ws/install/qr_navigation/share/qr_navigation//config/mapARAPL.yaml
[63.569s] -- Installing: /ros2_ws/install/qr_navigation/share/qr_navigation//config/qr_navigation_params.yaml
[63.570s] -- Installing: /ros2_ws/install/qr_navigation/share/qr_navigation//config/map.yaml
[63.570s] -- Up-to-date: /ros2_ws/install/qr_navigation/include/
[63.571s] -- Up-to-date: /ros2_ws/install/qr_navigation/include//qr_navigation
[63.571s] -- Installing: /ros2_ws/install/qr_navigation/include//qr_navigation/rotation_controller.h
[63.571s] -- Installing: /ros2_ws/install/qr_navigation/include//qr_navigation/qr_navigation.h
[63.571s] -- Installing: /ros2_ws/install/qr_navigation/include//qr_navigation/pose_struct.h
[63.571s] -- Installing: /ros2_ws/install/qr_navigation/include//qr_navigation/velocity_profile.h
[63.571s] -- Installing: /ros2_ws/install/qr_navigation/include//qr_navigation/pure_pursuit.h
[63.571s] -- Installing: /ros2_ws/install/qr_navigation/share/ament_index/resource_index/package_run_dependencies/qr_navigation
[63.572s] -- Installing: /ros2_ws/install/qr_navigation/share/ament_index/resource_index/parent_prefix_path/qr_navigation
[63.572s] -- Installing: /ros2_ws/install/qr_navigation/share/qr_navigation/environment/ament_prefix_path.sh
[63.572s] -- Installing: /ros2_ws/install/qr_navigation/share/qr_navigation/environment/ament_prefix_path.dsv
[63.572s] -- Installing: /ros2_ws/install/qr_navigation/share/qr_navigation/environment/path.sh
[63.572s] -- Installing: /ros2_ws/install/qr_navigation/share/qr_navigation/environment/path.dsv
[63.573s] -- Installing: /ros2_ws/install/qr_navigation/share/qr_navigation/local_setup.bash
[63.573s] -- Installing: /ros2_ws/install/qr_navigation/share/qr_navigation/local_setup.sh
[63.573s] -- Installing: /ros2_ws/install/qr_navigation/share/qr_navigation/local_setup.zsh
[63.573s] -- Installing: /ros2_ws/install/qr_navigation/share/qr_navigation/local_setup.dsv
[63.573s] -- Installing: /ros2_ws/install/qr_navigation/share/qr_navigation/package.dsv
[63.574s] -- Installing: /ros2_ws/install/qr_navigation/share/ament_index/resource_index/packages/qr_navigation
[63.574s] -- Installing: /ros2_ws/install/qr_navigation/share/qr_navigation/cmake/export_qr_navigation__rosidl_generator_cExport.cmake
[63.575s] -- Installing: /ros2_ws/install/qr_navigation/share/qr_navigation/cmake/export_qr_navigation__rosidl_generator_cExport-noconfig.cmake
[63.575s] -- Installing: /ros2_ws/install/qr_navigation/share/qr_navigation/cmake/export_qr_navigation__rosidl_typesupport_fastrtps_cExport.cmake
[63.575s] -- Installing: /ros2_ws/install/qr_navigation/share/qr_navigation/cmake/export_qr_navigation__rosidl_typesupport_fastrtps_cExport-noconfig.cmake
[63.575s] -- Installing: /ros2_ws/install/qr_navigation/share/qr_navigation/cmake/export_qr_navigation__rosidl_generator_cppExport.cmake
[63.575s] -- Installing: /ros2_ws/install/qr_navigation/share/qr_navigation/cmake/export_qr_navigation__rosidl_typesupport_fastrtps_cppExport.cmake
[63.575s] -- Installing: /ros2_ws/install/qr_navigation/share/qr_navigation/cmake/export_qr_navigation__rosidl_typesupport_fastrtps_cppExport-noconfig.cmake
[63.575s] -- Installing: /ros2_ws/install/qr_navigation/share/qr_navigation/cmake/qr_navigation__rosidl_typesupport_introspection_cExport.cmake
[63.576s] -- Installing: /ros2_ws/install/qr_navigation/share/qr_navigation/cmake/qr_navigation__rosidl_typesupport_introspection_cExport-noconfig.cmake
[63.576s] -- Installing: /ros2_ws/install/qr_navigation/share/qr_navigation/cmake/qr_navigation__rosidl_typesupport_cExport.cmake
[63.576s] -- Installing: /ros2_ws/install/qr_navigation/share/qr_navigation/cmake/qr_navigation__rosidl_typesupport_cExport-noconfig.cmake
[63.576s] -- Installing: /ros2_ws/install/qr_navigation/share/qr_navigation/cmake/qr_navigation__rosidl_typesupport_introspection_cppExport.cmake
[63.576s] -- Installing: /ros2_ws/install/qr_navigation/share/qr_navigation/cmake/qr_navigation__rosidl_typesupport_introspection_cppExport-noconfig.cmake
[63.577s] -- Installing: /ros2_ws/install/qr_navigation/share/qr_navigation/cmake/qr_navigation__rosidl_typesupport_cppExport.cmake
[63.577s] -- Installing: /ros2_ws/install/qr_navigation/share/qr_navigation/cmake/qr_navigation__rosidl_typesupport_cppExport-noconfig.cmake
[63.577s] -- Installing: /ros2_ws/install/qr_navigation/share/qr_navigation/cmake/export_qr_navigation__rosidl_generator_pyExport.cmake
[63.577s] -- Installing: /ros2_ws/install/qr_navigation/share/qr_navigation/cmake/export_qr_navigation__rosidl_generator_pyExport-noconfig.cmake
[63.577s] -- Installing: /ros2_ws/install/qr_navigation/share/qr_navigation/cmake/rosidl_cmake-extras.cmake
[63.577s] -- Installing: /ros2_ws/install/qr_navigation/share/qr_navigation/cmake/ament_cmake_export_dependencies-extras.cmake
[63.578s] -- Installing: /ros2_ws/install/qr_navigation/share/qr_navigation/cmake/ament_cmake_export_include_directories-extras.cmake
[63.578s] -- Installing: /ros2_ws/install/qr_navigation/share/qr_navigation/cmake/ament_cmake_export_libraries-extras.cmake
[63.578s] -- Installing: /ros2_ws/install/qr_navigation/share/qr_navigation/cmake/ament_cmake_export_targets-extras.cmake
[63.578s] -- Installing: /ros2_ws/install/qr_navigation/share/qr_navigation/cmake/rosidl_cmake_export_typesupport_targets-extras.cmake
[63.578s] -- Installing: /ros2_ws/install/qr_navigation/share/qr_navigation/cmake/rosidl_cmake_export_typesupport_libraries-extras.cmake
[63.579s] -- Installing: /ros2_ws/install/qr_navigation/share/qr_navigation/cmake/qr_navigationConfig.cmake
[63.579s] -- Installing: /ros2_ws/install/qr_navigation/share/qr_navigation/cmake/qr_navigationConfig-version.cmake
[63.579s] -- Installing: /ros2_ws/install/qr_navigation/share/qr_navigation/package.xml
[63.584s] Invoked command in '/ros2_ws/build/qr_navigation' returned '0': CMAKE_PREFIX_PATH=${CMAKE_PREFIX_PATH}:/opt/ros/humble /usr/bin/cmake --install /ros2_ws/build/qr_navigation
