In file included from [01m[K/usr/include/boost/math/tools/cxx03_warn.hpp:9[m[K,
                 from [01m[K/usr/include/boost/math/constants/constants.hpp:11[m[K,
                 from [01m[K/usr/include/boost/geometry/util/math.hpp:29[m[K,
                 from [01m[K/usr/include/boost/geometry/core/radian_access.hpp:33[m[K,
                 from [01m[K/usr/include/boost/geometry/geometry.hpp:51[m[K,
                 from [01m[K/usr/include/boost/geometry.hpp:17[m[K,
                 from [01m[K/ros2_ws/src/graph_creator/include/graph_creator/dxf_graph_generator.hpp:12[m[K,
                 from [01m[K/ros2_ws/src/graph_creator/src/dxf_graph_generator.cpp:1[m[K:
[01m[K/usr/include/boost/detail/no_exceptions_support.hpp:17:1:[m[K [01;36m[Knote: [m[K‘[01m[K#pragma message: This header is deprecated. Use <boost/core/no_exceptions_support.hpp> instead.[m[K’
   17 | [01;36m[KBOOST_HEADER_DEPRECATED[m[K("<boost/core/no_exceptions_support.hpp>")
      | [01;36m[K^~~~~~~~~~~~~~~~~~~~~~~[m[K
In file included from [01m[K/usr/include/boost/math/tools/cxx03_warn.hpp:9[m[K,
                 from [01m[K/usr/include/boost/math/constants/constants.hpp:11[m[K,
                 from [01m[K/usr/include/boost/geometry/util/math.hpp:29[m[K,
                 from [01m[K/usr/include/boost/geometry/core/radian_access.hpp:33[m[K,
                 from [01m[K/usr/include/boost/geometry/geometry.hpp:51[m[K,
                 from [01m[K/usr/include/boost/geometry.hpp:17[m[K,
                 from [01m[K/ros2_ws/src/graph_creator/include/graph_creator/dxf_graph_generator.hpp:12[m[K,
                 from [01m[K/ros2_ws/src/graph_creator/include/graph_creator/graph_generators.hpp:9[m[K,
                 from [01m[K/ros2_ws/src/graph_creator/src/graph_generators.cpp:1[m[K:
[01m[K/usr/include/boost/detail/no_exceptions_support.hpp:17:1:[m[K [01;36m[Knote: [m[K‘[01m[K#pragma message: This header is deprecated. Use <boost/core/no_exceptions_support.hpp> instead.[m[K’
   17 | [01;36m[KBOOST_HEADER_DEPRECATED[m[K("<boost/core/no_exceptions_support.hpp>")
      | [01;36m[K^~~~~~~~~~~~~~~~~~~~~~~[m[K
In file included from [01m[K/usr/include/boost/math/tools/cxx03_warn.hpp:9[m[K,
                 from [01m[K/usr/include/boost/math/constants/constants.hpp:11[m[K,
                 from [01m[K/usr/include/boost/geometry/util/math.hpp:29[m[K,
                 from [01m[K/usr/include/boost/geometry/core/radian_access.hpp:33[m[K,
                 from [01m[K/usr/include/boost/geometry/geometry.hpp:51[m[K,
                 from [01m[K/usr/include/boost/geometry.hpp:17[m[K,
                 from [01m[K/ros2_ws/src/graph_creator/include/graph_creator/dxf_graph_generator.hpp:12[m[K,
                 from [01m[K/ros2_ws/src/graph_creator/include/graph_creator/graph_generators.hpp:9[m[K,
                 from [01m[K/ros2_ws/src/graph_creator/include/graph_creator/graph_creator.hpp:69[m[K,
                 from [01m[K/ros2_ws/src/graph_creator/src/graph_creator.cpp:1[m[K:
[01m[K/usr/include/boost/detail/no_exceptions_support.hpp:17:1:[m[K [01;36m[Knote: [m[K‘[01m[K#pragma message: This header is deprecated. Use <boost/core/no_exceptions_support.hpp> instead.[m[K’
   17 | [01;36m[KBOOST_HEADER_DEPRECATED[m[K("<boost/core/no_exceptions_support.hpp>")
      | [01;36m[K^~~~~~~~~~~~~~~~~~~~~~~[m[K
