-- The C compiler identification is GNU 11.4.0
-- The CXX compiler identification is GNU 11.4.0
-- Detecting C compiler ABI info
-- Detecting C compiler ABI info - done
-- Check for working C compiler: /usr/bin/cc - skipped
-- Detecting C compile features
-- Detecting C compile features - done
-- Detecting CXX compiler ABI info
-- Detecting CXX compiler ABI info - done
-- Check for working CXX compiler: /usr/bin/c++ - skipped
-- Detecting CXX compile features
-- Detecting CXX compile features - done
-- Found ament_cmake: 1.3.12 (/opt/ros/humble/share/ament_cmake/cmake)
-- Found Python3: /usr/bin/python3 (found version "3.10.12") found components: Interpreter 
-- Found rclcpp: 16.0.15 (/opt/ros/humble/share/rclcpp/cmake)
-- Found rosidl_generator_c: 3.1.7 (/opt/ros/humble/share/rosidl_generator_c/cmake)
-- Found rosidl_adapter: 3.1.7 (/opt/ros/humble/share/rosidl_adapter/cmake)
-- Found rosidl_generator_cpp: 3.1.7 (/opt/ros/humble/share/rosidl_generator_cpp/cmake)
-- Using all available rosidl_typesupport_c: rosidl_typesupport_fastrtps_c;rosidl_typesupport_introspection_c
-- Using all available rosidl_typesupport_cpp: rosidl_typesupport_fastrtps_cpp;rosidl_typesupport_introspection_cpp
-- Found rmw_implementation_cmake: 6.1.2 (/opt/ros/humble/share/rmw_implementation_cmake/cmake)
-- Found rmw_fastrtps_cpp: 6.2.8 (/opt/ros/humble/share/rmw_fastrtps_cpp/cmake)
-- Found OpenSSL: /usr/lib/aarch64-linux-gnu/libcrypto.so (found version "3.0.2")  
-- Found FastRTPS: /opt/ros/humble/include  
-- Using RMW implementation 'rmw_fastrtps_cpp' as default
-- Looking for pthread.h
-- Looking for pthread.h - found
-- Performing Test CMAKE_HAVE_LIBC_PTHREAD
-- Performing Test CMAKE_HAVE_LIBC_PTHREAD - Success
-- Found Threads: TRUE  
-- Found rclcpp_components: 16.0.15 (/opt/ros/humble/share/rclcpp_components/cmake)
-- Found geometry_msgs: 4.9.0 (/opt/ros/humble/share/geometry_msgs/cmake)
-- Found visualization_msgs: 4.9.0 (/opt/ros/humble/share/visualization_msgs/cmake)
-- Found interactive_markers: 2.3.2 (/opt/ros/humble/share/interactive_markers/cmake)
-- Found tf2_ros: 0.25.16 (/opt/ros/humble/share/tf2_ros/cmake)
-- Found tf2_geometry_msgs: 0.25.16 (/opt/ros/humble/share/tf2_geometry_msgs/cmake)
-- Found eigen3_cmake_module: 0.1.1 (/opt/ros/humble/share/eigen3_cmake_module/cmake)
-- Found Eigen3: TRUE (found version "3.4.0") 
-- Ensuring Eigen3 include directory is part of orocos-kdl CMake target
-- Found graph_msgs: 1.0.0 (/ros2_ws/install/graph_msgs/share/graph_msgs/cmake)
-- Found graph_creator_msgs: 1.0.0 (/ros2_ws/install/graph_creator_msgs/share/graph_creator_msgs/cmake)
-- Found PkgConfig: /usr/bin/pkg-config (found version "0.29.2") 
-- Checking for module 'dxflib'
--   Found dxflib, version 3.26.4
-- Checking for module 'tinyxml'
--   Found tinyxml, version 2.6.2
-- Found ament_lint_auto: 0.12.14 (/opt/ros/humble/share/ament_lint_auto/cmake)
-- Added test 'copyright' to check source files copyright and LICENSE
-- Added test 'cppcheck' to perform static code analysis on C / C++ code
-- Configured cppcheck include dirs: /ros2_ws/src/graph_creator/include
-- Configured cppcheck exclude dirs and/or files: 
-- Added test 'cpplint' to check C / C++ code against the Google style
-- Configured cpplint exclude dirs and/or files: 
-- Added test 'flake8' to check Python code syntax and style conventions
-- Added test 'lint_cmake' to check CMake code style
-- Added test 'pep257' to check Python code against some of the docstring style conventions in PEP 257
-- Added test 'uncrustify' to check C / C++ code style
-- Configured uncrustify additional arguments: 
-- Added test 'xmllint' to check XML markup files
-- Configuring done
-- Generating done
-- Build files have been written to: /ros2_ws/build/graph_creator
[  9%] [32mBuilding CXX object CMakeFiles/graph_file_utils.dir/src/graph_file_utils.cpp.o[0m
[  9%] [32mBuilding CXX object CMakeFiles/directed_graph.dir/src/directed_graph.cpp.o[0m
[ 13%] [32m[1mLinking CXX shared library libgraph_file_utils.so[0m
[ 13%] Built target graph_file_utils
[ 18%] [32m[1mLinking CXX shared library libdirected_graph.so[0m
[ 18%] Built target directed_graph
[ 22%] [32mBuilding CXX object CMakeFiles/graph_utils.dir/src/graph_utils.cpp.o[0m
[ 27%] [32m[1mLinking CXX shared library libgraph_utils.so[0m
[ 27%] Built target graph_utils
[ 31%] [32mBuilding CXX object CMakeFiles/graph_saver.dir/src/graph_saver.cpp.o[0m
[ 36%] [32mBuilding CXX object CMakeFiles/graph_curves.dir/src/graph_curves.cpp.o[0m
[ 40%] [32m[1mLinking CXX shared library libgraph_curves.so[0m
[ 45%] [32m[1mLinking CXX shared library libgraph_saver.so[0m
[ 45%] Built target graph_saver
[ 45%] Built target graph_curves
[ 50%] [32mBuilding CXX object CMakeFiles/graph_transformers.dir/src/graph_transformers.cpp.o[0m
[ 54%] [32m[1mLinking CXX shared library libgraph_transformers.so[0m
[ 54%] Built target graph_transformers
[ 59%] [32mBuilding CXX object CMakeFiles/dxf_graph_generator.dir/src/dxf_graph_generator.cpp.o[0m
[ 63%] [32mBuilding CXX object CMakeFiles/graph_visuals.dir/src/graph_visuals.cpp.o[0m
[ 68%] [32m[1mLinking CXX shared library libgraph_visuals.so[0m
[ 68%] Built target graph_visuals
[ 77%] [32mBuilding CXX object CMakeFiles/graph_loader.dir/src/graph_loader.cpp.o[0m
[ 77%] [32mBuilding CXX object CMakeFiles/graph_generators.dir/src/graph_generators.cpp.o[0m
[ 81%] [32m[1mLinking CXX shared library libgraph_loader.so[0m
[ 81%] Built target graph_loader
[ 86%] [32m[1mLinking CXX shared library libdxf_graph_generator.so[0m
[ 86%] Built target dxf_graph_generator
[ 90%] [32m[1mLinking CXX shared library libgraph_generators.so[0m
[ 90%] Built target graph_generators
[ 95%] [32mBuilding CXX object CMakeFiles/graph_creator.dir/src/graph_creator.cpp.o[0m
[100%] [32m[1mLinking CXX executable graph_creator[0m
[100%] Built target graph_creator
-- Install configuration: ""
-- Installing: /ros2_ws/install/graph_creator/lib/libdirected_graph.so
-- Set runtime path of "/ros2_ws/install/graph_creator/lib/libdirected_graph.so" to ""
-- Installing: /ros2_ws/install/graph_creator/lib/libgraph_utils.so
-- Set runtime path of "/ros2_ws/install/graph_creator/lib/libgraph_utils.so" to ""
-- Installing: /ros2_ws/install/graph_creator/lib/libgraph_curves.so
-- Set runtime path of "/ros2_ws/install/graph_creator/lib/libgraph_curves.so" to ""
-- Installing: /ros2_ws/install/graph_creator/lib/libgraph_file_utils.so
-- Set runtime path of "/ros2_ws/install/graph_creator/lib/libgraph_file_utils.so" to ""
-- Installing: /ros2_ws/install/graph_creator/lib/libgraph_saver.so
-- Set runtime path of "/ros2_ws/install/graph_creator/lib/libgraph_saver.so" to ""
-- Installing: /ros2_ws/install/graph_creator/lib/libgraph_loader.so
-- Set runtime path of "/ros2_ws/install/graph_creator/lib/libgraph_loader.so" to ""
-- Installing: /ros2_ws/install/graph_creator/lib/libgraph_visuals.so
-- Set runtime path of "/ros2_ws/install/graph_creator/lib/libgraph_visuals.so" to ""
-- Installing: /ros2_ws/install/graph_creator/lib/libgraph_generators.so
-- Set runtime path of "/ros2_ws/install/graph_creator/lib/libgraph_generators.so" to ""
-- Installing: /ros2_ws/install/graph_creator/lib/libdxf_graph_generator.so
-- Set runtime path of "/ros2_ws/install/graph_creator/lib/libdxf_graph_generator.so" to ""
-- Installing: /ros2_ws/install/graph_creator/lib/libgraph_transformers.so
-- Set runtime path of "/ros2_ws/install/graph_creator/lib/libgraph_transformers.so" to ""
-- Installing: /ros2_ws/install/graph_creator/lib/graph_creator/graph_creator
-- Set runtime path of "/ros2_ws/install/graph_creator/lib/graph_creator/graph_creator" to ""
-- Installing: /ros2_ws/install/graph_creator/include/graph_creator
-- Installing: /ros2_ws/install/graph_creator/include/graph_creator/graph_creator
-- Installing: /ros2_ws/install/graph_creator/include/graph_creator/graph_creator/graph_generators.hpp
-- Installing: /ros2_ws/install/graph_creator/include/graph_creator/graph_creator/graph_utils.hpp
-- Installing: /ros2_ws/install/graph_creator/include/graph_creator/graph_creator/graph_creator.hpp
-- Installing: /ros2_ws/install/graph_creator/include/graph_creator/graph_creator/graph_file_utils.hpp
-- Installing: /ros2_ws/install/graph_creator/include/graph_creator/graph_creator/graph_colors.hpp
-- Installing: /ros2_ws/install/graph_creator/include/graph_creator/graph_creator/graph_transformers.hpp
-- Installing: /ros2_ws/install/graph_creator/include/graph_creator/graph_creator/directed_graph.hpp
-- Installing: /ros2_ws/install/graph_creator/include/graph_creator/graph_creator/graph_loader.hpp
-- Installing: /ros2_ws/install/graph_creator/include/graph_creator/graph_creator/graph_saver.hpp
-- Installing: /ros2_ws/install/graph_creator/include/graph_creator/graph_creator/graph_visuals.hpp
-- Installing: /ros2_ws/install/graph_creator/include/graph_creator/graph_creator/dxf_graph_generator.hpp
-- Installing: /ros2_ws/install/graph_creator/include/graph_creator/graph_creator/graph_data_types.hpp
-- Installing: /ros2_ws/install/graph_creator/include/graph_creator/graph_creator/graph_curves.hpp
-- Installing: /ros2_ws/install/graph_creator/share/graph_creator/launch
-- Installing: /ros2_ws/install/graph_creator/share/graph_creator/launch/graph_creator_rviz.launch.py
-- Installing: /ros2_ws/install/graph_creator/share/graph_creator/launch/graph_creator_planner.launch.py
-- Installing: /ros2_ws/install/graph_creator/share/graph_creator/launch/graph_creator_map.launch.py
-- Installing: /ros2_ws/install/graph_creator/share/graph_creator/launch/graph_creator.launch.py
-- Installing: /ros2_ws/install/graph_creator/share/graph_creator/config
-- Installing: /ros2_ws/install/graph_creator/share/graph_creator/config/costmap_common_params.yaml
-- Installing: /ros2_ws/install/graph_creator/share/graph_creator/config/global_costmap_params.yaml
-- Installing: /ros2_ws/install/graph_creator/share/graph_creator/rviz
-- Installing: /ros2_ws/install/graph_creator/share/graph_creator/rviz/graph_creator.rviz
-- Installing: /ros2_ws/install/graph_creator/share/graph_creator/maps
-- Installing: /ros2_ws/install/graph_creator/share/graph_creator/maps/test_map.pgm
-- Installing: /ros2_ws/install/graph_creator/share/graph_creator/maps/willow_garage.yaml
-- Installing: /ros2_ws/install/graph_creator/share/graph_creator/maps/test_map.yaml
-- Installing: /ros2_ws/install/graph_creator/share/graph_creator/maps/willow_garage.pgm
-- Installing: /ros2_ws/install/graph_creator/share/graph_creator/environment/library_path.sh
-- Installing: /ros2_ws/install/graph_creator/share/graph_creator/environment/library_path.dsv
-- Installing: /ros2_ws/install/graph_creator/share/ament_index/resource_index/package_run_dependencies/graph_creator
-- Installing: /ros2_ws/install/graph_creator/share/ament_index/resource_index/parent_prefix_path/graph_creator
-- Installing: /ros2_ws/install/graph_creator/share/graph_creator/environment/ament_prefix_path.sh
-- Installing: /ros2_ws/install/graph_creator/share/graph_creator/environment/ament_prefix_path.dsv
-- Installing: /ros2_ws/install/graph_creator/share/graph_creator/environment/path.sh
-- Installing: /ros2_ws/install/graph_creator/share/graph_creator/environment/path.dsv
-- Installing: /ros2_ws/install/graph_creator/share/graph_creator/local_setup.bash
-- Installing: /ros2_ws/install/graph_creator/share/graph_creator/local_setup.sh
-- Installing: /ros2_ws/install/graph_creator/share/graph_creator/local_setup.zsh
-- Installing: /ros2_ws/install/graph_creator/share/graph_creator/local_setup.dsv
-- Installing: /ros2_ws/install/graph_creator/share/graph_creator/package.dsv
-- Installing: /ros2_ws/install/graph_creator/share/ament_index/resource_index/packages/graph_creator
-- Installing: /ros2_ws/install/graph_creator/share/graph_creator/cmake/ament_cmake_export_include_directories-extras.cmake
-- Installing: /ros2_ws/install/graph_creator/share/graph_creator/cmake/ament_cmake_export_libraries-extras.cmake
-- Installing: /ros2_ws/install/graph_creator/share/graph_creator/cmake/ament_cmake_export_dependencies-extras.cmake
-- Installing: /ros2_ws/install/graph_creator/share/graph_creator/cmake/graph_creatorConfig.cmake
-- Installing: /ros2_ws/install/graph_creator/share/graph_creator/cmake/graph_creatorConfig-version.cmake
-- Installing: /ros2_ws/install/graph_creator/share/graph_creator/package.xml
