[0.186s] DEBUG:colcon:Command line arguments: ['/usr/bin/colcon', 'build', '--packages-select', 'graph_visual_control', '--symlink-install']
[0.186s] DEBUG:colcon:Parsed command line arguments: Namespace(log_base=None, log_level=None, verb_name='build', build_base='build', install_base='install', merge_install=False, symlink_install=True, test_result_base=None, continue_on_error=False, executor='parallel', parallel_workers=12, event_handlers=None, ignore_user_meta=False, metas=['./colcon.meta'], base_paths=['.'], packages_ignore=None, packages_ignore_regex=None, paths=None, packages_up_to=None, packages_up_to_regex=None, packages_above=None, packages_above_and_dependencies=None, packages_above_depth=None, packages_select_by_dep=None, packages_skip_by_dep=None, packages_skip_up_to=None, packages_select_build_failed=False, packages_skip_build_finished=False, packages_select_test_failures=False, packages_skip_test_passed=False, packages_select=['graph_visual_control'], packages_skip=None, packages_select_regex=None, packages_skip_regex=None, packages_start=None, packages_end=None, cmake_args=None, cmake_target=None, cmake_target_skip_unavailable=False, cmake_clean_cache=False, cmake_clean_first=False, cmake_force_configure=False, ament_cmake_args=None, catkin_cmake_args=None, catkin_skip_building_tests=False, mixin_files=None, mixin=None, verb_parser=<colcon_mixin.mixin.mixin_argument.MixinArgumentDecorator object at 0xffffb33b4b50>, verb_extension=<colcon_core.verb.build.BuildVerb object at 0xffffb33b4640>, main=<bound method BuildVerb.main of <colcon_core.verb.build.BuildVerb object at 0xffffb33b4640>>, mixin_verb=('build',))
[0.409s] Level 1:colcon.colcon_core.package_discovery:discover_packages(colcon_meta) check parameters
[0.410s] INFO:colcon.colcon_metadata.package_discovery.colcon_meta:Using configuration from '/root/.colcon/metadata/default/Gazebo.meta'
[0.410s] INFO:colcon.colcon_metadata.package_discovery.colcon_meta:Using configuration from '/root/.colcon/metadata/default/fastdds.meta'
[0.411s] INFO:colcon.colcon_metadata.package_discovery.colcon_meta:Using configuration from '/root/.colcon/metadata/default/fastrtps.meta'
[0.411s] Level 1:colcon.colcon_core.package_discovery:discover_packages(recursive) check parameters
[0.411s] Level 1:colcon.colcon_core.package_discovery:discover_packages(ignore) check parameters
[0.411s] Level 1:colcon.colcon_core.package_discovery:discover_packages(path) check parameters
[0.411s] Level 1:colcon.colcon_core.package_discovery:discover_packages(colcon_meta) discover
[0.411s] Level 1:colcon.colcon_core.package_discovery:discover_packages(recursive) discover
[0.412s] INFO:colcon.colcon_core.package_discovery:Crawling recursively for packages in '/ros2_ws/src/graph_visual_control'
[0.412s] Level 1:colcon.colcon_core.package_identification:_identify(.) by extensions ['ignore', 'ignore_ament_install']
[0.412s] Level 1:colcon.colcon_core.package_identification:_identify(.) by extension 'ignore'
[0.412s] Level 1:colcon.colcon_core.package_identification:_identify(.) by extension 'ignore_ament_install'
[0.412s] Level 1:colcon.colcon_core.package_identification:_identify(.) by extensions ['colcon_pkg']
[0.412s] Level 1:colcon.colcon_core.package_identification:_identify(.) by extension 'colcon_pkg'
[0.412s] Level 1:colcon.colcon_core.package_identification:_identify(.) by extensions ['colcon_meta']
[0.412s] Level 1:colcon.colcon_core.package_identification:_identify(.) by extension 'colcon_meta'
[0.412s] Level 1:colcon.colcon_core.package_identification:_identify(.) by extensions ['ros']
[0.412s] Level 1:colcon.colcon_core.package_identification:_identify(.) by extension 'ros'
[0.433s] DEBUG:colcon.colcon_core.package_identification:Package '.' with type 'ros.ament_cmake' and name 'graph_visual_control'
[0.433s] Level 1:colcon.colcon_core.package_discovery:discover_packages(recursive) using defaults
[0.434s] Level 1:colcon.colcon_core.package_discovery:discover_packages(ignore) discover
[0.434s] Level 1:colcon.colcon_core.package_discovery:discover_packages(ignore) using defaults
[0.434s] Level 1:colcon.colcon_core.package_discovery:discover_packages(path) discover
[0.434s] Level 1:colcon.colcon_core.package_discovery:discover_packages(path) using defaults
[0.462s] Level 5:colcon.colcon_core.verb:set package 'graph_visual_control' build argument 'cmake_args' from command line to 'None'
[0.463s] Level 5:colcon.colcon_core.verb:set package 'graph_visual_control' build argument 'cmake_target' from command line to 'None'
[0.463s] Level 5:colcon.colcon_core.verb:set package 'graph_visual_control' build argument 'cmake_target_skip_unavailable' from command line to 'False'
[0.463s] Level 5:colcon.colcon_core.verb:set package 'graph_visual_control' build argument 'cmake_clean_cache' from command line to 'False'
[0.463s] Level 5:colcon.colcon_core.verb:set package 'graph_visual_control' build argument 'cmake_clean_first' from command line to 'False'
[0.463s] Level 5:colcon.colcon_core.verb:set package 'graph_visual_control' build argument 'cmake_force_configure' from command line to 'False'
[0.463s] Level 5:colcon.colcon_core.verb:set package 'graph_visual_control' build argument 'ament_cmake_args' from command line to 'None'
[0.463s] Level 5:colcon.colcon_core.verb:set package 'graph_visual_control' build argument 'catkin_cmake_args' from command line to 'None'
[0.463s] Level 5:colcon.colcon_core.verb:set package 'graph_visual_control' build argument 'catkin_skip_building_tests' from command line to 'False'
[0.463s] DEBUG:colcon.colcon_core.verb:Building package 'graph_visual_control' with the following arguments: {'ament_cmake_args': None, 'build_base': '/ros2_ws/src/graph_visual_control/build/graph_visual_control', 'catkin_cmake_args': None, 'catkin_skip_building_tests': False, 'cmake_args': None, 'cmake_clean_cache': False, 'cmake_clean_first': False, 'cmake_force_configure': False, 'cmake_target': None, 'cmake_target_skip_unavailable': False, 'install_base': '/ros2_ws/src/graph_visual_control/install/graph_visual_control', 'merge_install': False, 'path': '/ros2_ws/src/graph_visual_control', 'symlink_install': True, 'test_result_base': None}
[0.463s] INFO:colcon.colcon_core.executor:Executing jobs using 'parallel' executor
[0.465s] DEBUG:colcon.colcon_parallel_executor.executor.parallel:run_until_complete
[0.466s] INFO:colcon.colcon_ros.task.ament_cmake.build:Building ROS package in '/ros2_ws/src/graph_visual_control' with build type 'ament_cmake'
[0.466s] INFO:colcon.colcon_cmake.task.cmake.build:Building CMake package in '/ros2_ws/src/graph_visual_control'
[0.469s] INFO:colcon.colcon_core.plugin_system:Skipping extension 'colcon_core.shell.bat': Not used on non-Windows systems
[0.470s] INFO:colcon.colcon_core.shell:Skip shell extension 'powershell' for command environment: Not usable outside of PowerShell
[0.470s] DEBUG:colcon.colcon_core.shell:Skip shell extension 'dsv' for command environment
[0.487s] DEBUG:colcon.colcon_core.event_handler.log_command:Invoking command in '/ros2_ws/src/graph_visual_control/build/graph_visual_control': CMAKE_PREFIX_PATH=${CMAKE_PREFIX_PATH}:/opt/ros/humble /usr/bin/cmake /ros2_ws/src/graph_visual_control -DAMENT_CMAKE_SYMLINK_INSTALL=1 -DCMAKE_INSTALL_PREFIX=/ros2_ws/src/graph_visual_control/install/graph_visual_control
[1.603s] DEBUG:colcon.colcon_core.event_handler.log_command:Invoked command in '/ros2_ws/src/graph_visual_control/build/graph_visual_control' returned '0': CMAKE_PREFIX_PATH=${CMAKE_PREFIX_PATH}:/opt/ros/humble /usr/bin/cmake /ros2_ws/src/graph_visual_control -DAMENT_CMAKE_SYMLINK_INSTALL=1 -DCMAKE_INSTALL_PREFIX=/ros2_ws/src/graph_visual_control/install/graph_visual_control
[1.606s] DEBUG:colcon.colcon_core.event_handler.log_command:Invoking command in '/ros2_ws/src/graph_visual_control/build/graph_visual_control': CMAKE_PREFIX_PATH=${CMAKE_PREFIX_PATH}:/opt/ros/humble /usr/bin/cmake --build /ros2_ws/src/graph_visual_control/build/graph_visual_control -- -j12 -l12
[21.329s] DEBUG:colcon.colcon_core.event_handler.log_command:Invoked command in '/ros2_ws/src/graph_visual_control/build/graph_visual_control' returned '0': CMAKE_PREFIX_PATH=${CMAKE_PREFIX_PATH}:/opt/ros/humble /usr/bin/cmake --build /ros2_ws/src/graph_visual_control/build/graph_visual_control -- -j12 -l12
[21.346s] DEBUG:colcon.colcon_core.event_handler.log_command:Invoking command in '/ros2_ws/src/graph_visual_control/build/graph_visual_control': CMAKE_PREFIX_PATH=${CMAKE_PREFIX_PATH}:/opt/ros/humble /usr/bin/cmake --install /ros2_ws/src/graph_visual_control/build/graph_visual_control
[21.639s] Level 1:colcon.colcon_core.environment:create_environment_scripts_only(graph_visual_control)
[21.643s] DEBUG:colcon.colcon_core.event_handler.log_command:Invoked command in '/ros2_ws/src/graph_visual_control/build/graph_visual_control' returned '0': CMAKE_PREFIX_PATH=${CMAKE_PREFIX_PATH}:/opt/ros/humble /usr/bin/cmake --install /ros2_ws/src/graph_visual_control/build/graph_visual_control
[21.655s] Level 1:colcon.colcon_core.environment:checking '/ros2_ws/src/graph_visual_control/install/graph_visual_control' for CMake module files
[21.658s] Level 1:colcon.colcon_core.environment:checking '/ros2_ws/src/graph_visual_control/install/graph_visual_control' for CMake config files
[21.659s] Level 1:colcon.colcon_core.shell:create_environment_hook('graph_visual_control', 'cmake_prefix_path')
[21.660s] INFO:colcon.colcon_core.shell:Creating environment hook '/ros2_ws/src/graph_visual_control/install/graph_visual_control/share/graph_visual_control/hook/cmake_prefix_path.ps1'
[21.664s] INFO:colcon.colcon_core.shell:Creating environment descriptor '/ros2_ws/src/graph_visual_control/install/graph_visual_control/share/graph_visual_control/hook/cmake_prefix_path.dsv'
[21.666s] INFO:colcon.colcon_core.shell:Creating environment hook '/ros2_ws/src/graph_visual_control/install/graph_visual_control/share/graph_visual_control/hook/cmake_prefix_path.sh'
[21.670s] Level 1:colcon.colcon_core.environment:checking '/ros2_ws/src/graph_visual_control/install/graph_visual_control/lib'
[21.670s] Level 1:colcon.colcon_core.environment:checking '/ros2_ws/src/graph_visual_control/install/graph_visual_control/bin'
[21.670s] Level 1:colcon.colcon_core.environment:checking '/ros2_ws/src/graph_visual_control/install/graph_visual_control/lib/pkgconfig/graph_visual_control.pc'
[21.677s] Level 1:colcon.colcon_core.environment:checking '/ros2_ws/src/graph_visual_control/install/graph_visual_control/lib/python3.10/site-packages'
[21.678s] Level 1:colcon.colcon_core.environment:checking '/ros2_ws/src/graph_visual_control/install/graph_visual_control/bin'
[21.679s] INFO:colcon.colcon_core.shell:Creating package script '/ros2_ws/src/graph_visual_control/install/graph_visual_control/share/graph_visual_control/package.ps1'
[21.682s] INFO:colcon.colcon_core.shell:Creating package descriptor '/ros2_ws/src/graph_visual_control/install/graph_visual_control/share/graph_visual_control/package.dsv'
[21.683s] INFO:colcon.colcon_core.shell:Creating package script '/ros2_ws/src/graph_visual_control/install/graph_visual_control/share/graph_visual_control/package.sh'
[21.725s] INFO:colcon.colcon_core.shell:Creating package script '/ros2_ws/src/graph_visual_control/install/graph_visual_control/share/graph_visual_control/package.bash'
[21.728s] INFO:colcon.colcon_core.shell:Creating package script '/ros2_ws/src/graph_visual_control/install/graph_visual_control/share/graph_visual_control/package.zsh'
[21.730s] Level 1:colcon.colcon_core.environment:create_file_with_runtime_dependencies(/ros2_ws/src/graph_visual_control/install/graph_visual_control/share/colcon-core/packages/graph_visual_control)
[21.733s] Level 1:colcon.colcon_core.environment:create_environment_scripts_only(graph_visual_control)
[21.733s] Level 1:colcon.colcon_core.environment:checking '/ros2_ws/src/graph_visual_control/install/graph_visual_control' for CMake module files
[21.735s] Level 1:colcon.colcon_core.environment:checking '/ros2_ws/src/graph_visual_control/install/graph_visual_control' for CMake config files
[21.737s] Level 1:colcon.colcon_core.shell:create_environment_hook('graph_visual_control', 'cmake_prefix_path')
[21.737s] INFO:colcon.colcon_core.shell:Creating environment hook '/ros2_ws/src/graph_visual_control/install/graph_visual_control/share/graph_visual_control/hook/cmake_prefix_path.ps1'
[21.738s] INFO:colcon.colcon_core.shell:Creating environment descriptor '/ros2_ws/src/graph_visual_control/install/graph_visual_control/share/graph_visual_control/hook/cmake_prefix_path.dsv'
[21.739s] INFO:colcon.colcon_core.shell:Creating environment hook '/ros2_ws/src/graph_visual_control/install/graph_visual_control/share/graph_visual_control/hook/cmake_prefix_path.sh'
[21.740s] Level 1:colcon.colcon_core.environment:checking '/ros2_ws/src/graph_visual_control/install/graph_visual_control/lib'
[21.741s] Level 1:colcon.colcon_core.environment:checking '/ros2_ws/src/graph_visual_control/install/graph_visual_control/bin'
[21.741s] Level 1:colcon.colcon_core.environment:checking '/ros2_ws/src/graph_visual_control/install/graph_visual_control/lib/pkgconfig/graph_visual_control.pc'
[21.741s] Level 1:colcon.colcon_core.environment:checking '/ros2_ws/src/graph_visual_control/install/graph_visual_control/lib/python3.10/site-packages'
[21.742s] Level 1:colcon.colcon_core.environment:checking '/ros2_ws/src/graph_visual_control/install/graph_visual_control/bin'
[21.742s] INFO:colcon.colcon_core.shell:Creating package script '/ros2_ws/src/graph_visual_control/install/graph_visual_control/share/graph_visual_control/package.ps1'
[21.743s] INFO:colcon.colcon_core.shell:Creating package descriptor '/ros2_ws/src/graph_visual_control/install/graph_visual_control/share/graph_visual_control/package.dsv'
[21.744s] INFO:colcon.colcon_core.shell:Creating package script '/ros2_ws/src/graph_visual_control/install/graph_visual_control/share/graph_visual_control/package.sh'
[21.756s] INFO:colcon.colcon_core.shell:Creating package script '/ros2_ws/src/graph_visual_control/install/graph_visual_control/share/graph_visual_control/package.bash'
[21.757s] INFO:colcon.colcon_core.shell:Creating package script '/ros2_ws/src/graph_visual_control/install/graph_visual_control/share/graph_visual_control/package.zsh'
[21.757s] Level 1:colcon.colcon_core.environment:create_file_with_runtime_dependencies(/ros2_ws/src/graph_visual_control/install/graph_visual_control/share/colcon-core/packages/graph_visual_control)
[21.758s] DEBUG:colcon.colcon_parallel_executor.executor.parallel:closing loop
[21.758s] DEBUG:colcon.colcon_parallel_executor.executor.parallel:loop closed
[21.759s] DEBUG:colcon.colcon_parallel_executor.executor.parallel:run_until_complete finished with '0'
[21.759s] DEBUG:colcon.colcon_core.event_reactor:joining thread
[21.778s] INFO:colcon.colcon_core.plugin_system:Skipping extension 'colcon_notification.desktop_notification.notify_send': Could not find 'notify-send'
[21.778s] INFO:colcon.colcon_core.plugin_system:Skipping extension 'colcon_notification.desktop_notification.terminal_notifier': Not used on non-Darwin systems
[21.778s] INFO:colcon.colcon_core.plugin_system:Skipping extension 'colcon_notification.desktop_notification.win32': Not used on non-Windows systems
[21.779s] INFO:colcon.colcon_notification.desktop_notification:Sending desktop notification using 'notify2'
[21.779s] DEBUG:colcon.colcon_notification.desktop_notification.notify2:Failed to initialize notify2: org.freedesktop.DBus.Error.NotSupported: Unable to autolaunch a dbus-daemon without a $DISPLAY for X11
[21.779s] DEBUG:colcon.colcon_core.event_reactor:joined thread
[21.780s] INFO:colcon.colcon_core.shell:Creating prefix script '/ros2_ws/src/graph_visual_control/install/local_setup.ps1'
[21.782s] INFO:colcon.colcon_core.shell:Creating prefix util module '/ros2_ws/src/graph_visual_control/install/_local_setup_util_ps1.py'
[21.784s] INFO:colcon.colcon_core.shell:Creating prefix chain script '/ros2_ws/src/graph_visual_control/install/setup.ps1'
[21.787s] INFO:colcon.colcon_core.shell:Creating prefix script '/ros2_ws/src/graph_visual_control/install/local_setup.sh'
[21.788s] INFO:colcon.colcon_core.shell:Creating prefix util module '/ros2_ws/src/graph_visual_control/install/_local_setup_util_sh.py'
[21.789s] INFO:colcon.colcon_core.shell:Creating prefix chain script '/ros2_ws/src/graph_visual_control/install/setup.sh'
[21.792s] INFO:colcon.colcon_core.shell:Creating prefix script '/ros2_ws/src/graph_visual_control/install/local_setup.bash'
[21.793s] INFO:colcon.colcon_core.shell:Creating prefix chain script '/ros2_ws/src/graph_visual_control/install/setup.bash'
[21.799s] INFO:colcon.colcon_core.shell:Creating prefix script '/ros2_ws/src/graph_visual_control/install/local_setup.zsh'
[21.801s] INFO:colcon.colcon_core.shell:Creating prefix chain script '/ros2_ws/src/graph_visual_control/install/setup.zsh'
