-- The C compiler identification is GNU 11.4.0
-- The CXX compiler identification is GNU 11.4.0
-- Detecting C compiler ABI info
-- Detecting C compiler ABI info - done
-- Check for working C compiler: /usr/bin/cc - skipped
-- Detecting C compile features
-- Detecting C compile features - done
-- Detecting CXX compiler ABI info
-- Detecting CXX compiler ABI info - done
-- Check for working CXX compiler: /usr/bin/c++ - skipped
-- Detecting CXX compile features
-- Detecting CXX compile features - done
-- Found ament_cmake: 1.3.12 (/opt/ros/humble/share/ament_cmake/cmake)
-- Found Python3: /usr/bin/python3 (found version "3.10.12") found components: Interpreter 
-- Found rclcpp: 16.0.15 (/opt/ros/humble/share/rclcpp/cmake)
-- Found rosidl_generator_c: 3.1.7 (/opt/ros/humble/share/rosidl_generator_c/cmake)
-- Found rosidl_adapter: 3.1.7 (/opt/ros/humble/share/rosidl_adapter/cmake)
-- Found rosidl_generator_cpp: 3.1.7 (/opt/ros/humble/share/rosidl_generator_cpp/cmake)
-- Using all available rosidl_typesupport_c: rosidl_typesupport_fastrtps_c;rosidl_typesupport_introspection_c
-- Using all available rosidl_typesupport_cpp: rosidl_typesupport_fastrtps_cpp;rosidl_typesupport_introspection_cpp
-- Found rmw_implementation_cmake: 6.1.2 (/opt/ros/humble/share/rmw_implementation_cmake/cmake)
-- Found rmw_fastrtps_cpp: 6.2.8 (/opt/ros/humble/share/rmw_fastrtps_cpp/cmake)
-- Found OpenSSL: /usr/lib/aarch64-linux-gnu/libcrypto.so (found version "3.0.2")  
-- Found FastRTPS: /opt/ros/humble/include  
-- Using RMW implementation 'rmw_fastrtps_cpp' as default
-- Looking for pthread.h
-- Looking for pthread.h - found
-- Performing Test CMAKE_HAVE_LIBC_PTHREAD
-- Performing Test CMAKE_HAVE_LIBC_PTHREAD - Success
-- Found Threads: TRUE  
-- Found rosidl_default_generators: 1.2.0 (/opt/ros/humble/share/rosidl_default_generators/cmake)
-- Found CURL: /usr/lib/aarch64-linux-gnu/libcurl.so (found version "7.81.0")  
-- Found ament_cmake_ros: 0.10.0 (/opt/ros/humble/share/ament_cmake_ros/cmake)
-- Using all available rosidl_typesupport_c: rosidl_typesupport_fastrtps_c;rosidl_typesupport_introspection_c
-- Using all available rosidl_typesupport_cpp: rosidl_typesupport_fastrtps_cpp;rosidl_typesupport_introspection_cpp
-- Found PythonInterp: /usr/bin/python3 (found suitable version "3.10.12", minimum required is "3.6") 
-- Found python_cmake_module: 0.10.0 (/opt/ros/humble/share/python_cmake_module/cmake)
-- Found PythonLibs: /usr/lib/aarch64-linux-gnu/libpython3.10.so (found suitable version "3.10.12", minimum required is "3.5") 
-- Using PYTHON_EXECUTABLE: /usr/bin/python3
-- Using PYTHON_INCLUDE_DIRS: /usr/include/python3.10
-- Using PYTHON_LIBRARIES: /usr/lib/aarch64-linux-gnu/libpython3.10.so
-- Found PythonExtra: .so  
-- Found ament_lint_auto: 0.12.14 (/opt/ros/humble/share/ament_lint_auto/cmake)
-- Added test 'copyright' to check source files copyright and LICENSE
-- Added test 'cppcheck' to perform static code analysis on C / C++ code
-- Configured cppcheck include dirs: /ros2_ws/src/wms_data/include
-- Configured cppcheck exclude dirs and/or files: 
-- Added test 'cpplint' to check C / C++ code against the Google style
-- Configured cpplint exclude dirs and/or files: 
-- Added test 'flake8' to check Python code syntax and style conventions
-- Added test 'lint_cmake' to check CMake code style
-- Added test 'pep257' to check Python code against some of the docstring style conventions in PEP 257
-- Added test 'uncrustify' to check C / C++ code style
-- Configured uncrustify additional arguments: 
-- Added test 'xmllint' to check XML markup files
-- Configuring done
-- Generating done
-- Build files have been written to: /ros2_ws/build/wms_data
[  1%] [34m[1mGenerating C code for ROS interfaces[0m
[  3%] [34m[1mGenerating C++ code for ROS interfaces[0m
[  3%] Built target ament_cmake_python_copy_wms_data
[  5%] [32mBuilding C object CMakeFiles/wms_data__rosidl_generator_c.dir/rosidl_generator_c/wms_data/msg/detail/wms_data__functions.c.o[0m
[  6%] [32mBuilding C object CMakeFiles/wms_data__rosidl_generator_c.dir/rosidl_generator_c/wms_data/msg/detail/wms_tasks__functions.c.o[0m
[  8%] [32mBuilding C object CMakeFiles/wms_data__rosidl_generator_c.dir/rosidl_generator_c/wms_data/msg/detail/feedback__functions.c.o[0m
[ 10%] [32m[1mLinking C shared library libwms_data__rosidl_generator_c.so[0m
[ 10%] Built target wms_data__cpp
running egg_info
creating wms_data.egg-info
writing wms_data.egg-info/PKG-INFO
writing dependency_links to wms_data.egg-info/dependency_links.txt
writing top-level names to wms_data.egg-info/top_level.txt
writing manifest file 'wms_data.egg-info/SOURCES.txt'
[ 11%] [34m[1mGenerating C++ type support dispatch for ROS interfaces[0m
reading manifest file 'wms_data.egg-info/SOURCES.txt'
writing manifest file 'wms_data.egg-info/SOURCES.txt'
[ 13%] [34m[1mGenerating C++ type support for eProsima Fast-RTPS[0m
[ 15%] [34m[1mGenerating C++ introspection for ROS interfaces[0m
[ 15%] Built target wms_data__rosidl_generator_c
[ 16%] [34m[1mGenerating C type support for eProsima Fast-RTPS[0m
[ 18%] [34m[1mGenerating C introspection for ROS interfaces[0m
[ 18%] Built target ament_cmake_python_build_wms_data_egg
[ 20%] [34m[1mGenerating C type support dispatch for ROS interfaces[0m
[ 22%] [32mBuilding CXX object CMakeFiles/wms_data__rosidl_typesupport_fastrtps_cpp.dir/rosidl_typesupport_fastrtps_cpp/wms_data/msg/detail/dds_fastrtps/wms_tasks__type_support.cpp.o[0m
[ 23%] [32mBuilding CXX object CMakeFiles/wms_data__rosidl_typesupport_fastrtps_cpp.dir/rosidl_typesupport_fastrtps_cpp/wms_data/msg/detail/dds_fastrtps/wms_data__type_support.cpp.o[0m
[ 25%] [32mBuilding CXX object CMakeFiles/wms_data__rosidl_typesupport_fastrtps_cpp.dir/rosidl_typesupport_fastrtps_cpp/wms_data/msg/detail/dds_fastrtps/feedback__type_support.cpp.o[0m
[ 27%] [32mBuilding CXX object CMakeFiles/wms_data__rosidl_typesupport_fastrtps_c.dir/rosidl_typesupport_fastrtps_c/wms_data/msg/detail/wms_data__type_support_c.cpp.o[0m
[ 28%] [32mBuilding CXX object CMakeFiles/wms_data__rosidl_typesupport_fastrtps_c.dir/rosidl_typesupport_fastrtps_c/wms_data/msg/detail/feedback__type_support_c.cpp.o[0m
[ 30%] [32mBuilding CXX object CMakeFiles/wms_data__rosidl_typesupport_fastrtps_c.dir/rosidl_typesupport_fastrtps_c/wms_data/msg/detail/wms_tasks__type_support_c.cpp.o[0m
[ 32%] [32mBuilding CXX object CMakeFiles/wms_data__rosidl_typesupport_cpp.dir/rosidl_typesupport_cpp/wms_data/msg/wms_tasks__type_support.cpp.o[0m
[ 33%] [32mBuilding CXX object CMakeFiles/wms_data__rosidl_typesupport_cpp.dir/rosidl_typesupport_cpp/wms_data/msg/feedback__type_support.cpp.o[0m
[ 35%] [32mBuilding CXX object CMakeFiles/wms_data__rosidl_typesupport_cpp.dir/rosidl_typesupport_cpp/wms_data/msg/wms_data__type_support.cpp.o[0m
[ 37%] [32mBuilding CXX object CMakeFiles/wms_data__rosidl_typesupport_introspection_cpp.dir/rosidl_typesupport_introspection_cpp/wms_data/msg/detail/wms_data__type_support.cpp.o[0m
[ 40%] [32mBuilding CXX object CMakeFiles/wms_data__rosidl_typesupport_introspection_cpp.dir/rosidl_typesupport_introspection_cpp/wms_data/msg/detail/wms_tasks__type_support.cpp.o[0m
[ 40%] [32mBuilding CXX object CMakeFiles/wms_data__rosidl_typesupport_c.dir/rosidl_typesupport_c/wms_data/msg/wms_data__type_support.cpp.o[0m
[ 42%] [32mBuilding CXX object CMakeFiles/wms_data__rosidl_typesupport_c.dir/rosidl_typesupport_c/wms_data/msg/wms_tasks__type_support.cpp.o[0m
[ 44%] [32mBuilding CXX object CMakeFiles/wms_data__rosidl_typesupport_c.dir/rosidl_typesupport_c/wms_data/msg/feedback__type_support.cpp.o[0m
[ 45%] [32m[1mLinking CXX shared library libwms_data__rosidl_typesupport_c.so[0m
[ 47%] [32mBuilding CXX object CMakeFiles/wms_data__rosidl_typesupport_introspection_cpp.dir/rosidl_typesupport_introspection_cpp/wms_data/msg/detail/feedback__type_support.cpp.o[0m
[ 49%] [32mBuilding C object CMakeFiles/wms_data__rosidl_typesupport_introspection_c.dir/rosidl_typesupport_introspection_c/wms_data/msg/detail/wms_data__type_support.c.o[0m
[ 49%] Built target wms_data__rosidl_typesupport_c
[ 50%] [32mBuilding C object CMakeFiles/wms_data__rosidl_typesupport_introspection_c.dir/rosidl_typesupport_introspection_c/wms_data/msg/detail/wms_tasks__type_support.c.o[0m
[ 52%] [32mBuilding C object CMakeFiles/wms_data__rosidl_typesupport_introspection_c.dir/rosidl_typesupport_introspection_c/wms_data/msg/detail/feedback__type_support.c.o[0m
[ 54%] [32m[1mLinking C shared library libwms_data__rosidl_typesupport_introspection_c.so[0m
[ 55%] [32m[1mLinking CXX shared library libwms_data__rosidl_typesupport_cpp.so[0m
[ 55%] Built target wms_data__rosidl_typesupport_introspection_c
[ 55%] Built target wms_data__rosidl_typesupport_cpp
[ 57%] [32mBuilding CXX object CMakeFiles/wms_logger_node.dir/src/wms_logger_node.cpp.o[0m
[ 59%] [32mBuilding CXX object CMakeFiles/wms_database_node.dir/src/http_client.cpp.o[0m
[ 61%] [32mBuilding CXX object CMakeFiles/wms_database_node.dir/src/wms_database_node.cpp.o[0m
[ 62%] [32mBuilding CXX object CMakeFiles/wms_database_server_node.dir/src/http_client.cpp.o[0m
[ 64%] [32mBuilding CXX object CMakeFiles/wms_database_node.dir/src/xml_parser.cpp.o[0m
[ 66%] [32mBuilding CXX object CMakeFiles/wms_database_server_node.dir/src/json_parser.cpp.o[0m
[ 67%] [32mBuilding CXX object CMakeFiles/wms_database_server_node.dir/src/wms_database_server_node.cpp.o[0m
[ 69%] [32mBuilding CXX object CMakeFiles/wms_database_node.dir/src/json_parser.cpp.o[0m
[ 71%] [32m[1mLinking CXX shared library libwms_data__rosidl_typesupport_fastrtps_c.so[0m
[ 72%] [32m[1mLinking CXX shared library libwms_data__rosidl_typesupport_fastrtps_cpp.so[0m
[ 74%] [32mBuilding CXX object CMakeFiles/wms_database_server_node.dir/src/xml_parser.cpp.o[0m
[ 74%] Built target wms_data__rosidl_typesupport_fastrtps_c
[ 74%] Built target wms_data__rosidl_typesupport_fastrtps_cpp
[ 76%] [32m[1mLinking CXX shared library libwms_data__rosidl_typesupport_introspection_cpp.so[0m
[ 76%] Built target wms_data__rosidl_typesupport_introspection_cpp
[ 76%] Built target wms_data
[ 77%] [34m[1mGenerating Python code for ROS interfaces[0m
[ 77%] Built target wms_data__py
[ 79%] [32mBuilding C object CMakeFiles/wms_data__rosidl_generator_py.dir/rosidl_generator_py/wms_data/msg/_wms_tasks_s.c.o[0m
[ 81%] [32mBuilding C object CMakeFiles/wms_data__rosidl_generator_py.dir/rosidl_generator_py/wms_data/msg/_wms_data_s.c.o[0m
[ 83%] [32mBuilding C object CMakeFiles/wms_data__rosidl_generator_py.dir/rosidl_generator_py/wms_data/msg/_feedback_s.c.o[0m
[ 84%] [32m[1mLinking C shared library rosidl_generator_py/wms_data/libwms_data__rosidl_generator_py.so[0m
[ 84%] Built target wms_data__rosidl_generator_py
[ 86%] [32mBuilding C object CMakeFiles/wms_data__rosidl_typesupport_fastrtps_c__pyext.dir/rosidl_generator_py/wms_data/_wms_data_s.ep.rosidl_typesupport_fastrtps_c.c.o[0m
[ 88%] [32mBuilding C object CMakeFiles/wms_data__rosidl_typesupport_introspection_c__pyext.dir/rosidl_generator_py/wms_data/_wms_data_s.ep.rosidl_typesupport_introspection_c.c.o[0m
[ 89%] [32mBuilding C object CMakeFiles/wms_data__rosidl_typesupport_c__pyext.dir/rosidl_generator_py/wms_data/_wms_data_s.ep.rosidl_typesupport_c.c.o[0m
[ 91%] [32m[1mLinking C shared library rosidl_generator_py/wms_data/wms_data_s__rosidl_typesupport_fastrtps_c.cpython-310-aarch64-linux-gnu.so[0m
[ 93%] [32m[1mLinking C shared library rosidl_generator_py/wms_data/wms_data_s__rosidl_typesupport_c.cpython-310-aarch64-linux-gnu.so[0m
[ 94%] [32m[1mLinking C shared library rosidl_generator_py/wms_data/wms_data_s__rosidl_typesupport_introspection_c.cpython-310-aarch64-linux-gnu.so[0m
[ 94%] Built target wms_data__rosidl_typesupport_introspection_c__pyext
[ 94%] Built target wms_data__rosidl_typesupport_c__pyext
[ 94%] Built target wms_data__rosidl_typesupport_fastrtps_c__pyext
[ 96%] [32m[1mLinking CXX executable wms_logger_node[0m
[ 96%] Built target wms_logger_node
[ 98%] [32m[1mLinking CXX executable wms_database_server_node[0m
[ 98%] Built target wms_database_server_node
[100%] [32m[1mLinking CXX executable wms_database_node[0m
[100%] Built target wms_database_node
-- Install configuration: ""
-- Installing: /ros2_ws/install/wms_data/share/ament_index/resource_index/rosidl_interfaces/wms_data
-- Installing: /ros2_ws/install/wms_data/include/wms_data/wms_data
-- Installing: /ros2_ws/install/wms_data/include/wms_data/wms_data/msg
-- Installing: /ros2_ws/install/wms_data/include/wms_data/wms_data/msg/wms_tasks.h
-- Installing: /ros2_ws/install/wms_data/include/wms_data/wms_data/msg/feedback.h
-- Installing: /ros2_ws/install/wms_data/include/wms_data/wms_data/msg/wms_data.h
-- Installing: /ros2_ws/install/wms_data/include/wms_data/wms_data/msg/detail
-- Installing: /ros2_ws/install/wms_data/include/wms_data/wms_data/msg/detail/feedback__struct.h
-- Installing: /ros2_ws/install/wms_data/include/wms_data/wms_data/msg/detail/wms_tasks__struct.h
-- Installing: /ros2_ws/install/wms_data/include/wms_data/wms_data/msg/detail/wms_data__functions.c
-- Installing: /ros2_ws/install/wms_data/include/wms_data/wms_data/msg/detail/feedback__type_support.h
-- Installing: /ros2_ws/install/wms_data/include/wms_data/wms_data/msg/detail/feedback__functions.h
-- Installing: /ros2_ws/install/wms_data/include/wms_data/wms_data/msg/detail/wms_tasks__functions.c
-- Installing: /ros2_ws/install/wms_data/include/wms_data/wms_data/msg/detail/wms_data__type_support.h
-- Installing: /ros2_ws/install/wms_data/include/wms_data/wms_data/msg/detail/wms_data__struct.h
-- Installing: /ros2_ws/install/wms_data/include/wms_data/wms_data/msg/detail/feedback__functions.c
-- Installing: /ros2_ws/install/wms_data/include/wms_data/wms_data/msg/detail/wms_data__functions.h
-- Installing: /ros2_ws/install/wms_data/include/wms_data/wms_data/msg/detail/wms_tasks__type_support.h
-- Installing: /ros2_ws/install/wms_data/include/wms_data/wms_data/msg/detail/wms_tasks__functions.h
-- Installing: /ros2_ws/install/wms_data/include/wms_data/wms_data/msg/rosidl_generator_c__visibility_control.h
-- Installing: /ros2_ws/install/wms_data/share/wms_data/environment/library_path.sh
-- Installing: /ros2_ws/install/wms_data/share/wms_data/environment/library_path.dsv
-- Installing: /ros2_ws/install/wms_data/lib/libwms_data__rosidl_generator_c.so
-- Set runtime path of "/ros2_ws/install/wms_data/lib/libwms_data__rosidl_generator_c.so" to ""
-- Up-to-date: /ros2_ws/install/wms_data/include/wms_data/wms_data
-- Up-to-date: /ros2_ws/install/wms_data/include/wms_data/wms_data/msg
-- Up-to-date: /ros2_ws/install/wms_data/include/wms_data/wms_data/msg/detail
-- Installing: /ros2_ws/install/wms_data/include/wms_data/wms_data/msg/detail/wms_tasks__rosidl_typesupport_fastrtps_c.h
-- Installing: /ros2_ws/install/wms_data/include/wms_data/wms_data/msg/detail/feedback__rosidl_typesupport_fastrtps_c.h
-- Installing: /ros2_ws/install/wms_data/include/wms_data/wms_data/msg/detail/wms_data__rosidl_typesupport_fastrtps_c.h
-- Installing: /ros2_ws/install/wms_data/include/wms_data/wms_data/msg/rosidl_typesupport_fastrtps_c__visibility_control.h
-- Installing: /ros2_ws/install/wms_data/lib/libwms_data__rosidl_typesupport_fastrtps_c.so
-- Set runtime path of "/ros2_ws/install/wms_data/lib/libwms_data__rosidl_typesupport_fastrtps_c.so" to ""
-- Up-to-date: /ros2_ws/install/wms_data/include/wms_data/wms_data
-- Up-to-date: /ros2_ws/install/wms_data/include/wms_data/wms_data/msg
-- Installing: /ros2_ws/install/wms_data/include/wms_data/wms_data/msg/rosidl_generator_cpp__visibility_control.hpp
-- Installing: /ros2_ws/install/wms_data/include/wms_data/wms_data/msg/wms_data.hpp
-- Installing: /ros2_ws/install/wms_data/include/wms_data/wms_data/msg/feedback.hpp
-- Up-to-date: /ros2_ws/install/wms_data/include/wms_data/wms_data/msg/detail
-- Installing: /ros2_ws/install/wms_data/include/wms_data/wms_data/msg/detail/feedback__traits.hpp
-- Installing: /ros2_ws/install/wms_data/include/wms_data/wms_data/msg/detail/wms_tasks__traits.hpp
-- Installing: /ros2_ws/install/wms_data/include/wms_data/wms_data/msg/detail/wms_tasks__struct.hpp
-- Installing: /ros2_ws/install/wms_data/include/wms_data/wms_data/msg/detail/feedback__type_support.hpp
-- Installing: /ros2_ws/install/wms_data/include/wms_data/wms_data/msg/detail/wms_data__traits.hpp
-- Installing: /ros2_ws/install/wms_data/include/wms_data/wms_data/msg/detail/wms_data__struct.hpp
-- Installing: /ros2_ws/install/wms_data/include/wms_data/wms_data/msg/detail/wms_data__type_support.hpp
-- Installing: /ros2_ws/install/wms_data/include/wms_data/wms_data/msg/detail/feedback__struct.hpp
-- Installing: /ros2_ws/install/wms_data/include/wms_data/wms_data/msg/detail/wms_data__builder.hpp
-- Installing: /ros2_ws/install/wms_data/include/wms_data/wms_data/msg/detail/wms_tasks__builder.hpp
-- Installing: /ros2_ws/install/wms_data/include/wms_data/wms_data/msg/detail/wms_tasks__type_support.hpp
-- Installing: /ros2_ws/install/wms_data/include/wms_data/wms_data/msg/detail/feedback__builder.hpp
-- Installing: /ros2_ws/install/wms_data/include/wms_data/wms_data/msg/wms_tasks.hpp
-- Up-to-date: /ros2_ws/install/wms_data/include/wms_data/wms_data
-- Up-to-date: /ros2_ws/install/wms_data/include/wms_data/wms_data/msg
-- Up-to-date: /ros2_ws/install/wms_data/include/wms_data/wms_data/msg/detail
-- Installing: /ros2_ws/install/wms_data/include/wms_data/wms_data/msg/detail/wms_tasks__rosidl_typesupport_fastrtps_cpp.hpp
-- Installing: /ros2_ws/install/wms_data/include/wms_data/wms_data/msg/detail/dds_fastrtps
-- Installing: /ros2_ws/install/wms_data/include/wms_data/wms_data/msg/detail/feedback__rosidl_typesupport_fastrtps_cpp.hpp
-- Installing: /ros2_ws/install/wms_data/include/wms_data/wms_data/msg/detail/wms_data__rosidl_typesupport_fastrtps_cpp.hpp
-- Installing: /ros2_ws/install/wms_data/include/wms_data/wms_data/msg/rosidl_typesupport_fastrtps_cpp__visibility_control.h
-- Installing: /ros2_ws/install/wms_data/lib/libwms_data__rosidl_typesupport_fastrtps_cpp.so
-- Set runtime path of "/ros2_ws/install/wms_data/lib/libwms_data__rosidl_typesupport_fastrtps_cpp.so" to ""
-- Up-to-date: /ros2_ws/install/wms_data/include/wms_data/wms_data
-- Up-to-date: /ros2_ws/install/wms_data/include/wms_data/wms_data/msg
-- Installing: /ros2_ws/install/wms_data/include/wms_data/wms_data/msg/rosidl_typesupport_introspection_c__visibility_control.h
-- Up-to-date: /ros2_ws/install/wms_data/include/wms_data/wms_data/msg/detail
-- Installing: /ros2_ws/install/wms_data/include/wms_data/wms_data/msg/detail/feedback__type_support.c
-- Installing: /ros2_ws/install/wms_data/include/wms_data/wms_data/msg/detail/wms_tasks__type_support.c
-- Installing: /ros2_ws/install/wms_data/include/wms_data/wms_data/msg/detail/wms_tasks__rosidl_typesupport_introspection_c.h
-- Installing: /ros2_ws/install/wms_data/include/wms_data/wms_data/msg/detail/wms_data__rosidl_typesupport_introspection_c.h
-- Installing: /ros2_ws/install/wms_data/include/wms_data/wms_data/msg/detail/feedback__rosidl_typesupport_introspection_c.h
-- Installing: /ros2_ws/install/wms_data/include/wms_data/wms_data/msg/detail/wms_data__type_support.c
-- Installing: /ros2_ws/install/wms_data/lib/libwms_data__rosidl_typesupport_introspection_c.so
-- Set runtime path of "/ros2_ws/install/wms_data/lib/libwms_data__rosidl_typesupport_introspection_c.so" to ""
-- Installing: /ros2_ws/install/wms_data/lib/libwms_data__rosidl_typesupport_c.so
-- Set runtime path of "/ros2_ws/install/wms_data/lib/libwms_data__rosidl_typesupport_c.so" to ""
-- Up-to-date: /ros2_ws/install/wms_data/include/wms_data/wms_data
-- Up-to-date: /ros2_ws/install/wms_data/include/wms_data/wms_data/msg
-- Up-to-date: /ros2_ws/install/wms_data/include/wms_data/wms_data/msg/detail
-- Installing: /ros2_ws/install/wms_data/include/wms_data/wms_data/msg/detail/wms_tasks__rosidl_typesupport_introspection_cpp.hpp
-- Installing: /ros2_ws/install/wms_data/include/wms_data/wms_data/msg/detail/wms_tasks__type_support.cpp
-- Installing: /ros2_ws/install/wms_data/include/wms_data/wms_data/msg/detail/feedback__type_support.cpp
-- Installing: /ros2_ws/install/wms_data/include/wms_data/wms_data/msg/detail/wms_data__rosidl_typesupport_introspection_cpp.hpp
-- Installing: /ros2_ws/install/wms_data/include/wms_data/wms_data/msg/detail/wms_data__type_support.cpp
-- Installing: /ros2_ws/install/wms_data/include/wms_data/wms_data/msg/detail/feedback__rosidl_typesupport_introspection_cpp.hpp
-- Installing: /ros2_ws/install/wms_data/lib/libwms_data__rosidl_typesupport_introspection_cpp.so
-- Set runtime path of "/ros2_ws/install/wms_data/lib/libwms_data__rosidl_typesupport_introspection_cpp.so" to ""
-- Installing: /ros2_ws/install/wms_data/lib/libwms_data__rosidl_typesupport_cpp.so
-- Set runtime path of "/ros2_ws/install/wms_data/lib/libwms_data__rosidl_typesupport_cpp.so" to ""
-- Installing: /ros2_ws/install/wms_data/share/wms_data/environment/pythonpath.sh
-- Installing: /ros2_ws/install/wms_data/share/wms_data/environment/pythonpath.dsv
-- Installing: /ros2_ws/install/wms_data/local/lib/python3.10/dist-packages/wms_data-2.0.0-py3.10.egg-info
-- Installing: /ros2_ws/install/wms_data/local/lib/python3.10/dist-packages/wms_data-2.0.0-py3.10.egg-info/dependency_links.txt
-- Installing: /ros2_ws/install/wms_data/local/lib/python3.10/dist-packages/wms_data-2.0.0-py3.10.egg-info/PKG-INFO
-- Installing: /ros2_ws/install/wms_data/local/lib/python3.10/dist-packages/wms_data-2.0.0-py3.10.egg-info/SOURCES.txt
-- Installing: /ros2_ws/install/wms_data/local/lib/python3.10/dist-packages/wms_data-2.0.0-py3.10.egg-info/top_level.txt
-- Installing: /ros2_ws/install/wms_data/local/lib/python3.10/dist-packages/wms_data
-- Installing: /ros2_ws/install/wms_data/local/lib/python3.10/dist-packages/wms_data/wms_data_s__rosidl_typesupport_introspection_c.cpython-310-aarch64-linux-gnu.so
-- Installing: /ros2_ws/install/wms_data/local/lib/python3.10/dist-packages/wms_data/_wms_data_s.ep.rosidl_typesupport_c.c
-- Installing: /ros2_ws/install/wms_data/local/lib/python3.10/dist-packages/wms_data/msg
-- Installing: /ros2_ws/install/wms_data/local/lib/python3.10/dist-packages/wms_data/msg/_wms_data_s.c
-- Installing: /ros2_ws/install/wms_data/local/lib/python3.10/dist-packages/wms_data/msg/_feedback_s.c
-- Installing: /ros2_ws/install/wms_data/local/lib/python3.10/dist-packages/wms_data/msg/_wms_data.py
-- Installing: /ros2_ws/install/wms_data/local/lib/python3.10/dist-packages/wms_data/msg/_feedback.py
-- Installing: /ros2_ws/install/wms_data/local/lib/python3.10/dist-packages/wms_data/msg/__init__.py
-- Installing: /ros2_ws/install/wms_data/local/lib/python3.10/dist-packages/wms_data/msg/_wms_tasks_s.c
-- Installing: /ros2_ws/install/wms_data/local/lib/python3.10/dist-packages/wms_data/msg/_wms_tasks.py
-- Installing: /ros2_ws/install/wms_data/local/lib/python3.10/dist-packages/wms_data/_wms_data_s.ep.rosidl_typesupport_introspection_c.c
-- Installing: /ros2_ws/install/wms_data/local/lib/python3.10/dist-packages/wms_data/_wms_data_s.ep.rosidl_typesupport_fastrtps_c.c
-- Installing: /ros2_ws/install/wms_data/local/lib/python3.10/dist-packages/wms_data/__init__.py
-- Installing: /ros2_ws/install/wms_data/local/lib/python3.10/dist-packages/wms_data/libwms_data__rosidl_generator_py.so
-- Installing: /ros2_ws/install/wms_data/local/lib/python3.10/dist-packages/wms_data/wms_data_s__rosidl_typesupport_fastrtps_c.cpython-310-aarch64-linux-gnu.so
-- Installing: /ros2_ws/install/wms_data/local/lib/python3.10/dist-packages/wms_data/wms_data_s__rosidl_typesupport_c.cpython-310-aarch64-linux-gnu.so
Listing '/ros2_ws/install/wms_data/local/lib/python3.10/dist-packages/wms_data'...
Compiling '/ros2_ws/install/wms_data/local/lib/python3.10/dist-packages/wms_data/__init__.py'...
Listing '/ros2_ws/install/wms_data/local/lib/python3.10/dist-packages/wms_data/msg'...
Compiling '/ros2_ws/install/wms_data/local/lib/python3.10/dist-packages/wms_data/msg/__init__.py'...
Compiling '/ros2_ws/install/wms_data/local/lib/python3.10/dist-packages/wms_data/msg/_feedback.py'...
Compiling '/ros2_ws/install/wms_data/local/lib/python3.10/dist-packages/wms_data/msg/_wms_data.py'...
Compiling '/ros2_ws/install/wms_data/local/lib/python3.10/dist-packages/wms_data/msg/_wms_tasks.py'...
-- Installing: /ros2_ws/install/wms_data/local/lib/python3.10/dist-packages/wms_data/wms_data_s__rosidl_typesupport_fastrtps_c.cpython-310-aarch64-linux-gnu.so
-- Set runtime path of "/ros2_ws/install/wms_data/local/lib/python3.10/dist-packages/wms_data/wms_data_s__rosidl_typesupport_fastrtps_c.cpython-310-aarch64-linux-gnu.so" to ""
-- Installing: /ros2_ws/install/wms_data/local/lib/python3.10/dist-packages/wms_data/wms_data_s__rosidl_typesupport_introspection_c.cpython-310-aarch64-linux-gnu.so
-- Set runtime path of "/ros2_ws/install/wms_data/local/lib/python3.10/dist-packages/wms_data/wms_data_s__rosidl_typesupport_introspection_c.cpython-310-aarch64-linux-gnu.so" to ""
-- Installing: /ros2_ws/install/wms_data/local/lib/python3.10/dist-packages/wms_data/wms_data_s__rosidl_typesupport_c.cpython-310-aarch64-linux-gnu.so
-- Set runtime path of "/ros2_ws/install/wms_data/local/lib/python3.10/dist-packages/wms_data/wms_data_s__rosidl_typesupport_c.cpython-310-aarch64-linux-gnu.so" to ""
-- Installing: /ros2_ws/install/wms_data/lib/libwms_data__rosidl_generator_py.so
-- Set runtime path of "/ros2_ws/install/wms_data/lib/libwms_data__rosidl_generator_py.so" to ""
-- Installing: /ros2_ws/install/wms_data/share/wms_data/msg/WMSData.idl
-- Installing: /ros2_ws/install/wms_data/share/wms_data/msg/WMSTasks.idl
-- Installing: /ros2_ws/install/wms_data/share/wms_data/msg/Feedback.idl
-- Installing: /ros2_ws/install/wms_data/share/wms_data/msg/WMSData.msg
-- Installing: /ros2_ws/install/wms_data/share/wms_data/msg/WMSTasks.msg
-- Installing: /ros2_ws/install/wms_data/share/wms_data/msg/Feedback.msg
-- Installing: /ros2_ws/install/wms_data/lib/wms_data/wms_database_node
-- Set runtime path of "/ros2_ws/install/wms_data/lib/wms_data/wms_database_node" to ""
-- Installing: /ros2_ws/install/wms_data/lib/wms_data/wms_database_server_node
-- Set runtime path of "/ros2_ws/install/wms_data/lib/wms_data/wms_database_server_node" to ""
-- Installing: /ros2_ws/install/wms_data/lib/wms_data/wms_logger_node
-- Set runtime path of "/ros2_ws/install/wms_data/lib/wms_data/wms_logger_node" to ""
-- Installing: /ros2_ws/install/wms_data/share/wms_data//launch
-- Installing: /ros2_ws/install/wms_data/share/wms_data//launch/wms_data.launch.xml
-- Installing: /ros2_ws/install/wms_data/share/wms_data//launch/wms_data.launch.py
-- Installing: /ros2_ws/install/wms_data/share/wms_data//config
-- Installing: /ros2_ws/install/wms_data/share/wms_data//config/wms_config.yaml
-- Installing: /ros2_ws/install/wms_data/share/ament_index/resource_index/package_run_dependencies/wms_data
-- Installing: /ros2_ws/install/wms_data/share/ament_index/resource_index/parent_prefix_path/wms_data
-- Installing: /ros2_ws/install/wms_data/share/wms_data/environment/ament_prefix_path.sh
-- Installing: /ros2_ws/install/wms_data/share/wms_data/environment/ament_prefix_path.dsv
-- Installing: /ros2_ws/install/wms_data/share/wms_data/environment/path.sh
-- Installing: /ros2_ws/install/wms_data/share/wms_data/environment/path.dsv
-- Installing: /ros2_ws/install/wms_data/share/wms_data/local_setup.bash
-- Installing: /ros2_ws/install/wms_data/share/wms_data/local_setup.sh
-- Installing: /ros2_ws/install/wms_data/share/wms_data/local_setup.zsh
-- Installing: /ros2_ws/install/wms_data/share/wms_data/local_setup.dsv
-- Installing: /ros2_ws/install/wms_data/share/wms_data/package.dsv
-- Installing: /ros2_ws/install/wms_data/share/ament_index/resource_index/packages/wms_data
-- Installing: /ros2_ws/install/wms_data/share/wms_data/cmake/export_wms_data__rosidl_generator_cExport.cmake
-- Installing: /ros2_ws/install/wms_data/share/wms_data/cmake/export_wms_data__rosidl_generator_cExport-noconfig.cmake
-- Installing: /ros2_ws/install/wms_data/share/wms_data/cmake/export_wms_data__rosidl_typesupport_fastrtps_cExport.cmake
-- Installing: /ros2_ws/install/wms_data/share/wms_data/cmake/export_wms_data__rosidl_typesupport_fastrtps_cExport-noconfig.cmake
-- Installing: /ros2_ws/install/wms_data/share/wms_data/cmake/export_wms_data__rosidl_generator_cppExport.cmake
-- Installing: /ros2_ws/install/wms_data/share/wms_data/cmake/export_wms_data__rosidl_typesupport_fastrtps_cppExport.cmake
-- Installing: /ros2_ws/install/wms_data/share/wms_data/cmake/export_wms_data__rosidl_typesupport_fastrtps_cppExport-noconfig.cmake
-- Installing: /ros2_ws/install/wms_data/share/wms_data/cmake/wms_data__rosidl_typesupport_introspection_cExport.cmake
-- Installing: /ros2_ws/install/wms_data/share/wms_data/cmake/wms_data__rosidl_typesupport_introspection_cExport-noconfig.cmake
-- Installing: /ros2_ws/install/wms_data/share/wms_data/cmake/wms_data__rosidl_typesupport_cExport.cmake
-- Installing: /ros2_ws/install/wms_data/share/wms_data/cmake/wms_data__rosidl_typesupport_cExport-noconfig.cmake
-- Installing: /ros2_ws/install/wms_data/share/wms_data/cmake/wms_data__rosidl_typesupport_introspection_cppExport.cmake
-- Installing: /ros2_ws/install/wms_data/share/wms_data/cmake/wms_data__rosidl_typesupport_introspection_cppExport-noconfig.cmake
-- Installing: /ros2_ws/install/wms_data/share/wms_data/cmake/wms_data__rosidl_typesupport_cppExport.cmake
-- Installing: /ros2_ws/install/wms_data/share/wms_data/cmake/wms_data__rosidl_typesupport_cppExport-noconfig.cmake
-- Installing: /ros2_ws/install/wms_data/share/wms_data/cmake/export_wms_data__rosidl_generator_pyExport.cmake
-- Installing: /ros2_ws/install/wms_data/share/wms_data/cmake/export_wms_data__rosidl_generator_pyExport-noconfig.cmake
-- Installing: /ros2_ws/install/wms_data/share/wms_data/cmake/rosidl_cmake-extras.cmake
-- Installing: /ros2_ws/install/wms_data/share/wms_data/cmake/ament_cmake_export_dependencies-extras.cmake
-- Installing: /ros2_ws/install/wms_data/share/wms_data/cmake/ament_cmake_export_include_directories-extras.cmake
-- Installing: /ros2_ws/install/wms_data/share/wms_data/cmake/ament_cmake_export_libraries-extras.cmake
-- Installing: /ros2_ws/install/wms_data/share/wms_data/cmake/ament_cmake_export_targets-extras.cmake
-- Installing: /ros2_ws/install/wms_data/share/wms_data/cmake/rosidl_cmake_export_typesupport_targets-extras.cmake
-- Installing: /ros2_ws/install/wms_data/share/wms_data/cmake/rosidl_cmake_export_typesupport_libraries-extras.cmake
-- Installing: /ros2_ws/install/wms_data/share/wms_data/cmake/wms_dataConfig.cmake
-- Installing: /ros2_ws/install/wms_data/share/wms_data/cmake/wms_dataConfig-version.cmake
-- Installing: /ros2_ws/install/wms_data/share/wms_data/package.xml
