[0.067s] Invoking command in '/ros2_ws/build/wms_data': CMAKE_PREFIX_PATH=${CMAKE_PREFIX_PATH}:/opt/ros/humble /usr/bin/cmake /ros2_ws/src/wms_data -DCMAKE_INSTALL_PREFIX=/ros2_ws/install/wms_data
[0.373s] -- The C compiler identification is GNU 11.4.0
[0.592s] -- The CXX compiler identification is GNU 11.4.0
[0.604s] -- Detecting C compiler ABI info
[0.754s] -- Detecting C compiler ABI info - done
[0.763s] -- Check for working C compiler: /usr/bin/cc - skipped
[0.765s] -- Detecting C compile features
[0.766s] -- Detecting C compile features - done
[0.771s] -- Detecting CXX compiler ABI info
[0.934s] -- Detecting CXX compiler ABI info - done
[0.940s] -- Check for working CXX compiler: /usr/bin/c++ - skipped
[0.941s] -- Detecting CXX compile features
[0.941s] -- Detecting CXX compile features - done
[0.948s] -- Found ament_cmake: 1.3.12 (/opt/ros/humble/share/ament_cmake/cmake)
[1.292s] -- Found Python3: /usr/bin/python3 (found version "3.10.12") found components: Interpreter 
[1.569s] -- Found rclcpp: 16.0.15 (/opt/ros/humble/share/rclcpp/cmake)
[1.689s] -- Found rosidl_generator_c: 3.1.7 (/opt/ros/humble/share/rosidl_generator_c/cmake)
[1.698s] -- Found rosidl_adapter: 3.1.7 (/opt/ros/humble/share/rosidl_adapter/cmake)
[1.713s] -- Found rosidl_generator_cpp: 3.1.7 (/opt/ros/humble/share/rosidl_generator_cpp/cmake)
[1.743s] -- Using all available rosidl_typesupport_c: rosidl_typesupport_fastrtps_c;rosidl_typesupport_introspection_c
[1.772s] -- Using all available rosidl_typesupport_cpp: rosidl_typesupport_fastrtps_cpp;rosidl_typesupport_introspection_cpp
[1.888s] -- Found rmw_implementation_cmake: 6.1.2 (/opt/ros/humble/share/rmw_implementation_cmake/cmake)
[1.898s] -- Found rmw_fastrtps_cpp: 6.2.8 (/opt/ros/humble/share/rmw_fastrtps_cpp/cmake)
[2.139s] -- Found OpenSSL: /usr/lib/aarch64-linux-gnu/libcrypto.so (found version "3.0.2")  
[2.195s] -- Found FastRTPS: /opt/ros/humble/include  
[2.271s] -- Using RMW implementation 'rmw_fastrtps_cpp' as default
[2.307s] -- Looking for pthread.h
[2.476s] -- Looking for pthread.h - found
[2.477s] -- Performing Test CMAKE_HAVE_LIBC_PTHREAD
[2.622s] -- Performing Test CMAKE_HAVE_LIBC_PTHREAD - Success
[2.623s] -- Found Threads: TRUE  
[2.715s] -- Found rosidl_default_generators: 1.2.0 (/opt/ros/humble/share/rosidl_default_generators/cmake)
[2.878s] -- Found CURL: /usr/lib/aarch64-linux-gnu/libcurl.so (found version "7.81.0")  
[3.368s] -- Found ament_cmake_ros: 0.10.0 (/opt/ros/humble/share/ament_cmake_ros/cmake)
[4.386s] -- Using all available rosidl_typesupport_c: rosidl_typesupport_fastrtps_c;rosidl_typesupport_introspection_c
[4.789s] -- Using all available rosidl_typesupport_cpp: rosidl_typesupport_fastrtps_cpp;rosidl_typesupport_introspection_cpp
[4.951s] -- Found PythonInterp: /usr/bin/python3 (found suitable version "3.10.12", minimum required is "3.6") 
[4.954s] -- Found python_cmake_module: 0.10.0 (/opt/ros/humble/share/python_cmake_module/cmake)
[5.027s] -- Found PythonLibs: /usr/lib/aarch64-linux-gnu/libpython3.10.so (found suitable version "3.10.12", minimum required is "3.5") 
[5.028s] -- Using PYTHON_EXECUTABLE: /usr/bin/python3
[5.028s] -- Using PYTHON_INCLUDE_DIRS: /usr/include/python3.10
[5.028s] -- Using PYTHON_LIBRARIES: /usr/lib/aarch64-linux-gnu/libpython3.10.so
[5.134s] -- Found PythonExtra: .so  
[5.306s] -- Found ament_lint_auto: 0.12.14 (/opt/ros/humble/share/ament_lint_auto/cmake)
[5.371s] -- Added test 'copyright' to check source files copyright and LICENSE
[5.375s] -- Added test 'cppcheck' to perform static code analysis on C / C++ code
[5.376s] -- Configured cppcheck include dirs: /ros2_ws/src/wms_data/include
[5.377s] -- Configured cppcheck exclude dirs and/or files: 
[5.381s] -- Added test 'cpplint' to check C / C++ code against the Google style
[5.382s] -- Configured cpplint exclude dirs and/or files: 
[5.383s] -- Added test 'flake8' to check Python code syntax and style conventions
[5.385s] -- Added test 'lint_cmake' to check CMake code style
[5.387s] -- Added test 'pep257' to check Python code against some of the docstring style conventions in PEP 257
[5.390s] -- Added test 'uncrustify' to check C / C++ code style
[5.390s] -- Configured uncrustify additional arguments: 
[5.392s] -- Added test 'xmllint' to check XML markup files
[5.412s] -- Configuring done
[5.541s] -- Generating done
[5.572s] -- Build files have been written to: /ros2_ws/build/wms_data
[5.636s] Invoked command in '/ros2_ws/build/wms_data' returned '0': CMAKE_PREFIX_PATH=${CMAKE_PREFIX_PATH}:/opt/ros/humble /usr/bin/cmake /ros2_ws/src/wms_data -DCMAKE_INSTALL_PREFIX=/ros2_ws/install/wms_data
[5.637s] Invoking command in '/ros2_ws/build/wms_data': CMAKE_PREFIX_PATH=${CMAKE_PREFIX_PATH}:/opt/ros/humble /usr/bin/cmake --build /ros2_ws/build/wms_data -- -j12 -l12
[28.056s] [  1%] [34m[1mGenerating C code for ROS interfaces[0m
[28.056s] [  3%] [34m[1mGenerating C++ code for ROS interfaces[0m
[28.056s] [  3%] Built target ament_cmake_python_copy_wms_data
[28.056s] [  5%] [32mBuilding C object CMakeFiles/wms_data__rosidl_generator_c.dir/rosidl_generator_c/wms_data/msg/detail/wms_data__functions.c.o[0m
[28.056s] [  6%] [32mBuilding C object CMakeFiles/wms_data__rosidl_generator_c.dir/rosidl_generator_c/wms_data/msg/detail/wms_tasks__functions.c.o[0m
[28.056s] [  8%] [32mBuilding C object CMakeFiles/wms_data__rosidl_generator_c.dir/rosidl_generator_c/wms_data/msg/detail/feedback__functions.c.o[0m
[28.056s] [ 10%] [32m[1mLinking C shared library libwms_data__rosidl_generator_c.so[0m
[28.056s] [ 10%] Built target wms_data__cpp
[28.057s] running egg_info
[28.057s] creating wms_data.egg-info
[28.057s] writing wms_data.egg-info/PKG-INFO
[28.057s] writing dependency_links to wms_data.egg-info/dependency_links.txt
[28.057s] writing top-level names to wms_data.egg-info/top_level.txt
[28.057s] writing manifest file 'wms_data.egg-info/SOURCES.txt'
[28.057s] [ 11%] [34m[1mGenerating C++ type support dispatch for ROS interfaces[0m
[28.057s] reading manifest file 'wms_data.egg-info/SOURCES.txt'
[28.057s] writing manifest file 'wms_data.egg-info/SOURCES.txt'
[28.057s] [ 13%] [34m[1mGenerating C++ type support for eProsima Fast-RTPS[0m
[28.057s] [ 15%] [34m[1mGenerating C++ introspection for ROS interfaces[0m
[28.057s] [ 15%] Built target wms_data__rosidl_generator_c
[28.057s] [ 16%] [34m[1mGenerating C type support for eProsima Fast-RTPS[0m
[28.058s] [ 18%] [34m[1mGenerating C introspection for ROS interfaces[0m
[28.058s] [ 18%] Built target ament_cmake_python_build_wms_data_egg
[28.058s] [ 20%] [34m[1mGenerating C type support dispatch for ROS interfaces[0m
[28.058s] [ 22%] [32mBuilding CXX object CMakeFiles/wms_data__rosidl_typesupport_fastrtps_cpp.dir/rosidl_typesupport_fastrtps_cpp/wms_data/msg/detail/dds_fastrtps/wms_tasks__type_support.cpp.o[0m
[28.058s] [ 23%] [32mBuilding CXX object CMakeFiles/wms_data__rosidl_typesupport_fastrtps_cpp.dir/rosidl_typesupport_fastrtps_cpp/wms_data/msg/detail/dds_fastrtps/wms_data__type_support.cpp.o[0m
[28.058s] [ 25%] [32mBuilding CXX object CMakeFiles/wms_data__rosidl_typesupport_fastrtps_cpp.dir/rosidl_typesupport_fastrtps_cpp/wms_data/msg/detail/dds_fastrtps/feedback__type_support.cpp.o[0m
[28.058s] [ 27%] [32mBuilding CXX object CMakeFiles/wms_data__rosidl_typesupport_fastrtps_c.dir/rosidl_typesupport_fastrtps_c/wms_data/msg/detail/wms_data__type_support_c.cpp.o[0m
[28.058s] [ 28%] [32mBuilding CXX object CMakeFiles/wms_data__rosidl_typesupport_fastrtps_c.dir/rosidl_typesupport_fastrtps_c/wms_data/msg/detail/feedback__type_support_c.cpp.o[0m
[28.058s] [ 30%] [32mBuilding CXX object CMakeFiles/wms_data__rosidl_typesupport_fastrtps_c.dir/rosidl_typesupport_fastrtps_c/wms_data/msg/detail/wms_tasks__type_support_c.cpp.o[0m
[28.058s] [ 32%] [32mBuilding CXX object CMakeFiles/wms_data__rosidl_typesupport_cpp.dir/rosidl_typesupport_cpp/wms_data/msg/wms_tasks__type_support.cpp.o[0m
[28.058s] [ 33%] [32mBuilding CXX object CMakeFiles/wms_data__rosidl_typesupport_cpp.dir/rosidl_typesupport_cpp/wms_data/msg/feedback__type_support.cpp.o[0m
[28.058s] [ 35%] [32mBuilding CXX object CMakeFiles/wms_data__rosidl_typesupport_cpp.dir/rosidl_typesupport_cpp/wms_data/msg/wms_data__type_support.cpp.o[0m
[28.059s] [ 37%] [32mBuilding CXX object CMakeFiles/wms_data__rosidl_typesupport_introspection_cpp.dir/rosidl_typesupport_introspection_cpp/wms_data/msg/detail/wms_data__type_support.cpp.o[0m
[28.059s] [ 40%] [32mBuilding CXX object CMakeFiles/wms_data__rosidl_typesupport_introspection_cpp.dir/rosidl_typesupport_introspection_cpp/wms_data/msg/detail/wms_tasks__type_support.cpp.o[0m
[28.059s] [ 40%] [32mBuilding CXX object CMakeFiles/wms_data__rosidl_typesupport_c.dir/rosidl_typesupport_c/wms_data/msg/wms_data__type_support.cpp.o[0m
[28.059s] [ 42%] [32mBuilding CXX object CMakeFiles/wms_data__rosidl_typesupport_c.dir/rosidl_typesupport_c/wms_data/msg/wms_tasks__type_support.cpp.o[0m
[28.059s] [ 44%] [32mBuilding CXX object CMakeFiles/wms_data__rosidl_typesupport_c.dir/rosidl_typesupport_c/wms_data/msg/feedback__type_support.cpp.o[0m
[28.059s] [ 45%] [32m[1mLinking CXX shared library libwms_data__rosidl_typesupport_c.so[0m
[28.059s] [ 47%] [32mBuilding CXX object CMakeFiles/wms_data__rosidl_typesupport_introspection_cpp.dir/rosidl_typesupport_introspection_cpp/wms_data/msg/detail/feedback__type_support.cpp.o[0m
[28.059s] [ 49%] [32mBuilding C object CMakeFiles/wms_data__rosidl_typesupport_introspection_c.dir/rosidl_typesupport_introspection_c/wms_data/msg/detail/wms_data__type_support.c.o[0m
[28.059s] [ 49%] Built target wms_data__rosidl_typesupport_c
[28.059s] [ 50%] [32mBuilding C object CMakeFiles/wms_data__rosidl_typesupport_introspection_c.dir/rosidl_typesupport_introspection_c/wms_data/msg/detail/wms_tasks__type_support.c.o[0m
[28.059s] [ 52%] [32mBuilding C object CMakeFiles/wms_data__rosidl_typesupport_introspection_c.dir/rosidl_typesupport_introspection_c/wms_data/msg/detail/feedback__type_support.c.o[0m
[28.059s] [ 54%] [32m[1mLinking C shared library libwms_data__rosidl_typesupport_introspection_c.so[0m
[28.060s] [ 55%] [32m[1mLinking CXX shared library libwms_data__rosidl_typesupport_cpp.so[0m
[28.060s] [ 55%] Built target wms_data__rosidl_typesupport_introspection_c
[28.060s] [ 55%] Built target wms_data__rosidl_typesupport_cpp
[28.060s] [ 57%] [32mBuilding CXX object CMakeFiles/wms_logger_node.dir/src/wms_logger_node.cpp.o[0m
[28.060s] [ 59%] [32mBuilding CXX object CMakeFiles/wms_database_node.dir/src/http_client.cpp.o[0m
[28.060s] [ 61%] [32mBuilding CXX object CMakeFiles/wms_database_node.dir/src/wms_database_node.cpp.o[0m
[28.060s] [ 62%] [32mBuilding CXX object CMakeFiles/wms_database_server_node.dir/src/http_client.cpp.o[0m
[28.060s] [ 64%] [32mBuilding CXX object CMakeFiles/wms_database_node.dir/src/xml_parser.cpp.o[0m
[28.060s] [ 66%] [32mBuilding CXX object CMakeFiles/wms_database_server_node.dir/src/json_parser.cpp.o[0m
[28.060s] [ 67%] [32mBuilding CXX object CMakeFiles/wms_database_server_node.dir/src/wms_database_server_node.cpp.o[0m
[28.060s] [ 69%] [32mBuilding CXX object CMakeFiles/wms_database_node.dir/src/json_parser.cpp.o[0m
[28.060s] [ 71%] [32m[1mLinking CXX shared library libwms_data__rosidl_typesupport_fastrtps_c.so[0m
[28.061s] [ 72%] [32m[1mLinking CXX shared library libwms_data__rosidl_typesupport_fastrtps_cpp.so[0m
[28.061s] [ 74%] [32mBuilding CXX object CMakeFiles/wms_database_server_node.dir/src/xml_parser.cpp.o[0m
[28.061s] [ 74%] Built target wms_data__rosidl_typesupport_fastrtps_c
[28.061s] [ 74%] Built target wms_data__rosidl_typesupport_fastrtps_cpp
[28.061s] [ 76%] [32m[1mLinking CXX shared library libwms_data__rosidl_typesupport_introspection_cpp.so[0m
[28.061s] [ 76%] Built target wms_data__rosidl_typesupport_introspection_cpp
[28.061s] [ 76%] Built target wms_data
[28.061s] [ 77%] [34m[1mGenerating Python code for ROS interfaces[0m
[28.061s] [ 77%] Built target wms_data__py
[28.061s] [ 79%] [32mBuilding C object CMakeFiles/wms_data__rosidl_generator_py.dir/rosidl_generator_py/wms_data/msg/_wms_tasks_s.c.o[0m
[28.061s] [ 81%] [32mBuilding C object CMakeFiles/wms_data__rosidl_generator_py.dir/rosidl_generator_py/wms_data/msg/_wms_data_s.c.o[0m
[28.061s] [ 83%] [32mBuilding C object CMakeFiles/wms_data__rosidl_generator_py.dir/rosidl_generator_py/wms_data/msg/_feedback_s.c.o[0m
[28.062s] [ 84%] [32m[1mLinking C shared library rosidl_generator_py/wms_data/libwms_data__rosidl_generator_py.so[0m
[28.062s] [ 84%] Built target wms_data__rosidl_generator_py
[28.062s] [ 86%] [32mBuilding C object CMakeFiles/wms_data__rosidl_typesupport_fastrtps_c__pyext.dir/rosidl_generator_py/wms_data/_wms_data_s.ep.rosidl_typesupport_fastrtps_c.c.o[0m
[28.062s] [ 88%] [32mBuilding C object CMakeFiles/wms_data__rosidl_typesupport_introspection_c__pyext.dir/rosidl_generator_py/wms_data/_wms_data_s.ep.rosidl_typesupport_introspection_c.c.o[0m
[28.062s] [ 89%] [32mBuilding C object CMakeFiles/wms_data__rosidl_typesupport_c__pyext.dir/rosidl_generator_py/wms_data/_wms_data_s.ep.rosidl_typesupport_c.c.o[0m
[28.062s] [ 91%] [32m[1mLinking C shared library rosidl_generator_py/wms_data/wms_data_s__rosidl_typesupport_fastrtps_c.cpython-310-aarch64-linux-gnu.so[0m
[28.062s] [ 93%] [32m[1mLinking C shared library rosidl_generator_py/wms_data/wms_data_s__rosidl_typesupport_c.cpython-310-aarch64-linux-gnu.so[0m
[28.062s] [ 94%] [32m[1mLinking C shared library rosidl_generator_py/wms_data/wms_data_s__rosidl_typesupport_introspection_c.cpython-310-aarch64-linux-gnu.so[0m
[28.062s] [ 94%] Built target wms_data__rosidl_typesupport_introspection_c__pyext
[28.062s] [ 94%] Built target wms_data__rosidl_typesupport_c__pyext
[28.062s] [ 94%] Built target wms_data__rosidl_typesupport_fastrtps_c__pyext
[45.262s] [ 96%] [32m[1mLinking CXX executable wms_logger_node[0m
[46.115s] [ 96%] Built target wms_logger_node
[47.255s] [ 98%] [32m[1mLinking CXX executable wms_database_server_node[0m
[48.372s] [ 98%] Built target wms_database_server_node
[49.217s] [100%] [32m[1mLinking CXX executable wms_database_node[0m
[50.284s] [100%] Built target wms_database_node
[50.315s] Invoked command in '/ros2_ws/build/wms_data' returned '0': CMAKE_PREFIX_PATH=${CMAKE_PREFIX_PATH}:/opt/ros/humble /usr/bin/cmake --build /ros2_ws/build/wms_data -- -j12 -l12
[50.316s] Invoking command in '/ros2_ws/build/wms_data': CMAKE_PREFIX_PATH=${CMAKE_PREFIX_PATH}:/opt/ros/humble /usr/bin/cmake --install /ros2_ws/build/wms_data
[60.353s] -- Install configuration: ""
[60.354s] -- Installing: /ros2_ws/install/wms_data/share/ament_index/resource_index/rosidl_interfaces/wms_data
[60.354s] -- Installing: /ros2_ws/install/wms_data/include/wms_data/wms_data
[60.355s] -- Installing: /ros2_ws/install/wms_data/include/wms_data/wms_data/msg
[60.356s] -- Installing: /ros2_ws/install/wms_data/include/wms_data/wms_data/msg/wms_tasks.h
[60.356s] -- Installing: /ros2_ws/install/wms_data/include/wms_data/wms_data/msg/feedback.h
[60.356s] -- Installing: /ros2_ws/install/wms_data/include/wms_data/wms_data/msg/wms_data.h
[60.357s] -- Installing: /ros2_ws/install/wms_data/include/wms_data/wms_data/msg/detail
[60.357s] -- Installing: /ros2_ws/install/wms_data/include/wms_data/wms_data/msg/detail/feedback__struct.h
[60.357s] -- Installing: /ros2_ws/install/wms_data/include/wms_data/wms_data/msg/detail/wms_tasks__struct.h
[60.357s] -- Installing: /ros2_ws/install/wms_data/include/wms_data/wms_data/msg/detail/wms_data__functions.c
[60.357s] -- Installing: /ros2_ws/install/wms_data/include/wms_data/wms_data/msg/detail/feedback__type_support.h
[60.358s] -- Installing: /ros2_ws/install/wms_data/include/wms_data/wms_data/msg/detail/feedback__functions.h
[60.359s] -- Installing: /ros2_ws/install/wms_data/include/wms_data/wms_data/msg/detail/wms_tasks__functions.c
[60.359s] -- Installing: /ros2_ws/install/wms_data/include/wms_data/wms_data/msg/detail/wms_data__type_support.h
[60.359s] -- Installing: /ros2_ws/install/wms_data/include/wms_data/wms_data/msg/detail/wms_data__struct.h
[60.359s] -- Installing: /ros2_ws/install/wms_data/include/wms_data/wms_data/msg/detail/feedback__functions.c
[60.360s] -- Installing: /ros2_ws/install/wms_data/include/wms_data/wms_data/msg/detail/wms_data__functions.h
[60.360s] -- Installing: /ros2_ws/install/wms_data/include/wms_data/wms_data/msg/detail/wms_tasks__type_support.h
[60.360s] -- Installing: /ros2_ws/install/wms_data/include/wms_data/wms_data/msg/detail/wms_tasks__functions.h
[60.360s] -- Installing: /ros2_ws/install/wms_data/include/wms_data/wms_data/msg/rosidl_generator_c__visibility_control.h
[60.360s] -- Installing: /ros2_ws/install/wms_data/share/wms_data/environment/library_path.sh
[60.360s] -- Installing: /ros2_ws/install/wms_data/share/wms_data/environment/library_path.dsv
[60.361s] -- Installing: /ros2_ws/install/wms_data/lib/libwms_data__rosidl_generator_c.so
[60.361s] -- Set runtime path of "/ros2_ws/install/wms_data/lib/libwms_data__rosidl_generator_c.so" to ""
[60.361s] -- Up-to-date: /ros2_ws/install/wms_data/include/wms_data/wms_data
[60.361s] -- Up-to-date: /ros2_ws/install/wms_data/include/wms_data/wms_data/msg
[60.361s] -- Up-to-date: /ros2_ws/install/wms_data/include/wms_data/wms_data/msg/detail
[60.361s] -- Installing: /ros2_ws/install/wms_data/include/wms_data/wms_data/msg/detail/wms_tasks__rosidl_typesupport_fastrtps_c.h
[60.361s] -- Installing: /ros2_ws/install/wms_data/include/wms_data/wms_data/msg/detail/feedback__rosidl_typesupport_fastrtps_c.h
[60.362s] -- Installing: /ros2_ws/install/wms_data/include/wms_data/wms_data/msg/detail/wms_data__rosidl_typesupport_fastrtps_c.h
[60.362s] -- Installing: /ros2_ws/install/wms_data/include/wms_data/wms_data/msg/rosidl_typesupport_fastrtps_c__visibility_control.h
[60.362s] -- Installing: /ros2_ws/install/wms_data/lib/libwms_data__rosidl_typesupport_fastrtps_c.so
[60.362s] -- Set runtime path of "/ros2_ws/install/wms_data/lib/libwms_data__rosidl_typesupport_fastrtps_c.so" to ""
[60.362s] -- Up-to-date: /ros2_ws/install/wms_data/include/wms_data/wms_data
[60.362s] -- Up-to-date: /ros2_ws/install/wms_data/include/wms_data/wms_data/msg
[60.362s] -- Installing: /ros2_ws/install/wms_data/include/wms_data/wms_data/msg/rosidl_generator_cpp__visibility_control.hpp
[60.363s] -- Installing: /ros2_ws/install/wms_data/include/wms_data/wms_data/msg/wms_data.hpp
[60.363s] -- Installing: /ros2_ws/install/wms_data/include/wms_data/wms_data/msg/feedback.hpp
[60.363s] -- Up-to-date: /ros2_ws/install/wms_data/include/wms_data/wms_data/msg/detail
[60.363s] -- Installing: /ros2_ws/install/wms_data/include/wms_data/wms_data/msg/detail/feedback__traits.hpp
[60.363s] -- Installing: /ros2_ws/install/wms_data/include/wms_data/wms_data/msg/detail/wms_tasks__traits.hpp
[60.363s] -- Installing: /ros2_ws/install/wms_data/include/wms_data/wms_data/msg/detail/wms_tasks__struct.hpp
[60.363s] -- Installing: /ros2_ws/install/wms_data/include/wms_data/wms_data/msg/detail/feedback__type_support.hpp
[60.363s] -- Installing: /ros2_ws/install/wms_data/include/wms_data/wms_data/msg/detail/wms_data__traits.hpp
[60.364s] -- Installing: /ros2_ws/install/wms_data/include/wms_data/wms_data/msg/detail/wms_data__struct.hpp
[60.364s] -- Installing: /ros2_ws/install/wms_data/include/wms_data/wms_data/msg/detail/wms_data__type_support.hpp
[60.364s] -- Installing: /ros2_ws/install/wms_data/include/wms_data/wms_data/msg/detail/feedback__struct.hpp
[60.364s] -- Installing: /ros2_ws/install/wms_data/include/wms_data/wms_data/msg/detail/wms_data__builder.hpp
[60.364s] -- Installing: /ros2_ws/install/wms_data/include/wms_data/wms_data/msg/detail/wms_tasks__builder.hpp
[60.364s] -- Installing: /ros2_ws/install/wms_data/include/wms_data/wms_data/msg/detail/wms_tasks__type_support.hpp
[60.364s] -- Installing: /ros2_ws/install/wms_data/include/wms_data/wms_data/msg/detail/feedback__builder.hpp
[60.364s] -- Installing: /ros2_ws/install/wms_data/include/wms_data/wms_data/msg/wms_tasks.hpp
[60.365s] -- Up-to-date: /ros2_ws/install/wms_data/include/wms_data/wms_data
[60.365s] -- Up-to-date: /ros2_ws/install/wms_data/include/wms_data/wms_data/msg
[60.365s] -- Up-to-date: /ros2_ws/install/wms_data/include/wms_data/wms_data/msg/detail
[60.365s] -- Installing: /ros2_ws/install/wms_data/include/wms_data/wms_data/msg/detail/wms_tasks__rosidl_typesupport_fastrtps_cpp.hpp
[60.365s] -- Installing: /ros2_ws/install/wms_data/include/wms_data/wms_data/msg/detail/dds_fastrtps
[60.365s] -- Installing: /ros2_ws/install/wms_data/include/wms_data/wms_data/msg/detail/feedback__rosidl_typesupport_fastrtps_cpp.hpp
[60.365s] -- Installing: /ros2_ws/install/wms_data/include/wms_data/wms_data/msg/detail/wms_data__rosidl_typesupport_fastrtps_cpp.hpp
[60.365s] -- Installing: /ros2_ws/install/wms_data/include/wms_data/wms_data/msg/rosidl_typesupport_fastrtps_cpp__visibility_control.h
[60.365s] -- Installing: /ros2_ws/install/wms_data/lib/libwms_data__rosidl_typesupport_fastrtps_cpp.so
[60.366s] -- Set runtime path of "/ros2_ws/install/wms_data/lib/libwms_data__rosidl_typesupport_fastrtps_cpp.so" to ""
[60.366s] -- Up-to-date: /ros2_ws/install/wms_data/include/wms_data/wms_data
[60.366s] -- Up-to-date: /ros2_ws/install/wms_data/include/wms_data/wms_data/msg
[60.366s] -- Installing: /ros2_ws/install/wms_data/include/wms_data/wms_data/msg/rosidl_typesupport_introspection_c__visibility_control.h
[60.366s] -- Up-to-date: /ros2_ws/install/wms_data/include/wms_data/wms_data/msg/detail
[60.366s] -- Installing: /ros2_ws/install/wms_data/include/wms_data/wms_data/msg/detail/feedback__type_support.c
[60.366s] -- Installing: /ros2_ws/install/wms_data/include/wms_data/wms_data/msg/detail/wms_tasks__type_support.c
[60.366s] -- Installing: /ros2_ws/install/wms_data/include/wms_data/wms_data/msg/detail/wms_tasks__rosidl_typesupport_introspection_c.h
[60.367s] -- Installing: /ros2_ws/install/wms_data/include/wms_data/wms_data/msg/detail/wms_data__rosidl_typesupport_introspection_c.h
[60.367s] -- Installing: /ros2_ws/install/wms_data/include/wms_data/wms_data/msg/detail/feedback__rosidl_typesupport_introspection_c.h
[60.368s] -- Installing: /ros2_ws/install/wms_data/include/wms_data/wms_data/msg/detail/wms_data__type_support.c
[60.369s] -- Installing: /ros2_ws/install/wms_data/lib/libwms_data__rosidl_typesupport_introspection_c.so
[60.369s] -- Set runtime path of "/ros2_ws/install/wms_data/lib/libwms_data__rosidl_typesupport_introspection_c.so" to ""
[60.369s] -- Installing: /ros2_ws/install/wms_data/lib/libwms_data__rosidl_typesupport_c.so
[60.369s] -- Set runtime path of "/ros2_ws/install/wms_data/lib/libwms_data__rosidl_typesupport_c.so" to ""
[60.370s] -- Up-to-date: /ros2_ws/install/wms_data/include/wms_data/wms_data
[60.370s] -- Up-to-date: /ros2_ws/install/wms_data/include/wms_data/wms_data/msg
[60.370s] -- Up-to-date: /ros2_ws/install/wms_data/include/wms_data/wms_data/msg/detail
[60.371s] -- Installing: /ros2_ws/install/wms_data/include/wms_data/wms_data/msg/detail/wms_tasks__rosidl_typesupport_introspection_cpp.hpp
[60.371s] -- Installing: /ros2_ws/install/wms_data/include/wms_data/wms_data/msg/detail/wms_tasks__type_support.cpp
[60.371s] -- Installing: /ros2_ws/install/wms_data/include/wms_data/wms_data/msg/detail/feedback__type_support.cpp
[60.371s] -- Installing: /ros2_ws/install/wms_data/include/wms_data/wms_data/msg/detail/wms_data__rosidl_typesupport_introspection_cpp.hpp
[60.372s] -- Installing: /ros2_ws/install/wms_data/include/wms_data/wms_data/msg/detail/wms_data__type_support.cpp
[60.372s] -- Installing: /ros2_ws/install/wms_data/include/wms_data/wms_data/msg/detail/feedback__rosidl_typesupport_introspection_cpp.hpp
[60.373s] -- Installing: /ros2_ws/install/wms_data/lib/libwms_data__rosidl_typesupport_introspection_cpp.so
[60.373s] -- Set runtime path of "/ros2_ws/install/wms_data/lib/libwms_data__rosidl_typesupport_introspection_cpp.so" to ""
[60.373s] -- Installing: /ros2_ws/install/wms_data/lib/libwms_data__rosidl_typesupport_cpp.so
[60.373s] -- Set runtime path of "/ros2_ws/install/wms_data/lib/libwms_data__rosidl_typesupport_cpp.so" to ""
[60.374s] -- Installing: /ros2_ws/install/wms_data/share/wms_data/environment/pythonpath.sh
[60.374s] -- Installing: /ros2_ws/install/wms_data/share/wms_data/environment/pythonpath.dsv
[60.374s] -- Installing: /ros2_ws/install/wms_data/local/lib/python3.10/dist-packages/wms_data-2.0.0-py3.10.egg-info
[60.374s] -- Installing: /ros2_ws/install/wms_data/local/lib/python3.10/dist-packages/wms_data-2.0.0-py3.10.egg-info/dependency_links.txt
[60.374s] -- Installing: /ros2_ws/install/wms_data/local/lib/python3.10/dist-packages/wms_data-2.0.0-py3.10.egg-info/PKG-INFO
[60.375s] -- Installing: /ros2_ws/install/wms_data/local/lib/python3.10/dist-packages/wms_data-2.0.0-py3.10.egg-info/SOURCES.txt
[60.375s] -- Installing: /ros2_ws/install/wms_data/local/lib/python3.10/dist-packages/wms_data-2.0.0-py3.10.egg-info/top_level.txt
[60.375s] -- Installing: /ros2_ws/install/wms_data/local/lib/python3.10/dist-packages/wms_data
[60.375s] -- Installing: /ros2_ws/install/wms_data/local/lib/python3.10/dist-packages/wms_data/wms_data_s__rosidl_typesupport_introspection_c.cpython-310-aarch64-linux-gnu.so
[60.376s] -- Installing: /ros2_ws/install/wms_data/local/lib/python3.10/dist-packages/wms_data/_wms_data_s.ep.rosidl_typesupport_c.c
[60.377s] -- Installing: /ros2_ws/install/wms_data/local/lib/python3.10/dist-packages/wms_data/msg
[60.377s] -- Installing: /ros2_ws/install/wms_data/local/lib/python3.10/dist-packages/wms_data/msg/_wms_data_s.c
[60.378s] -- Installing: /ros2_ws/install/wms_data/local/lib/python3.10/dist-packages/wms_data/msg/_feedback_s.c
[60.378s] -- Installing: /ros2_ws/install/wms_data/local/lib/python3.10/dist-packages/wms_data/msg/_wms_data.py
[60.378s] -- Installing: /ros2_ws/install/wms_data/local/lib/python3.10/dist-packages/wms_data/msg/_feedback.py
[60.378s] -- Installing: /ros2_ws/install/wms_data/local/lib/python3.10/dist-packages/wms_data/msg/__init__.py
[60.378s] -- Installing: /ros2_ws/install/wms_data/local/lib/python3.10/dist-packages/wms_data/msg/_wms_tasks_s.c
[60.379s] -- Installing: /ros2_ws/install/wms_data/local/lib/python3.10/dist-packages/wms_data/msg/_wms_tasks.py
[60.379s] -- Installing: /ros2_ws/install/wms_data/local/lib/python3.10/dist-packages/wms_data/_wms_data_s.ep.rosidl_typesupport_introspection_c.c
[60.379s] -- Installing: /ros2_ws/install/wms_data/local/lib/python3.10/dist-packages/wms_data/_wms_data_s.ep.rosidl_typesupport_fastrtps_c.c
[60.379s] -- Installing: /ros2_ws/install/wms_data/local/lib/python3.10/dist-packages/wms_data/__init__.py
[60.379s] -- Installing: /ros2_ws/install/wms_data/local/lib/python3.10/dist-packages/wms_data/libwms_data__rosidl_generator_py.so
[60.385s] -- Installing: /ros2_ws/install/wms_data/local/lib/python3.10/dist-packages/wms_data/wms_data_s__rosidl_typesupport_fastrtps_c.cpython-310-aarch64-linux-gnu.so
[60.385s] -- Installing: /ros2_ws/install/wms_data/local/lib/python3.10/dist-packages/wms_data/wms_data_s__rosidl_typesupport_c.cpython-310-aarch64-linux-gnu.so
[60.385s] Listing '/ros2_ws/install/wms_data/local/lib/python3.10/dist-packages/wms_data'...
[60.385s] Compiling '/ros2_ws/install/wms_data/local/lib/python3.10/dist-packages/wms_data/__init__.py'...
[60.386s] Listing '/ros2_ws/install/wms_data/local/lib/python3.10/dist-packages/wms_data/msg'...
[60.386s] Compiling '/ros2_ws/install/wms_data/local/lib/python3.10/dist-packages/wms_data/msg/__init__.py'...
[60.386s] Compiling '/ros2_ws/install/wms_data/local/lib/python3.10/dist-packages/wms_data/msg/_feedback.py'...
[60.386s] Compiling '/ros2_ws/install/wms_data/local/lib/python3.10/dist-packages/wms_data/msg/_wms_data.py'...
[60.386s] Compiling '/ros2_ws/install/wms_data/local/lib/python3.10/dist-packages/wms_data/msg/_wms_tasks.py'...
[60.386s] -- Installing: /ros2_ws/install/wms_data/local/lib/python3.10/dist-packages/wms_data/wms_data_s__rosidl_typesupport_fastrtps_c.cpython-310-aarch64-linux-gnu.so
[60.386s] -- Set runtime path of "/ros2_ws/install/wms_data/local/lib/python3.10/dist-packages/wms_data/wms_data_s__rosidl_typesupport_fastrtps_c.cpython-310-aarch64-linux-gnu.so" to ""
[60.387s] -- Installing: /ros2_ws/install/wms_data/local/lib/python3.10/dist-packages/wms_data/wms_data_s__rosidl_typesupport_introspection_c.cpython-310-aarch64-linux-gnu.so
[60.387s] -- Set runtime path of "/ros2_ws/install/wms_data/local/lib/python3.10/dist-packages/wms_data/wms_data_s__rosidl_typesupport_introspection_c.cpython-310-aarch64-linux-gnu.so" to ""
[60.387s] -- Installing: /ros2_ws/install/wms_data/local/lib/python3.10/dist-packages/wms_data/wms_data_s__rosidl_typesupport_c.cpython-310-aarch64-linux-gnu.so
[60.387s] -- Set runtime path of "/ros2_ws/install/wms_data/local/lib/python3.10/dist-packages/wms_data/wms_data_s__rosidl_typesupport_c.cpython-310-aarch64-linux-gnu.so" to ""
[60.387s] -- Installing: /ros2_ws/install/wms_data/lib/libwms_data__rosidl_generator_py.so
[60.387s] -- Set runtime path of "/ros2_ws/install/wms_data/lib/libwms_data__rosidl_generator_py.so" to ""
[60.387s] -- Installing: /ros2_ws/install/wms_data/share/wms_data/msg/WMSData.idl
[60.387s] -- Installing: /ros2_ws/install/wms_data/share/wms_data/msg/WMSTasks.idl
[60.388s] -- Installing: /ros2_ws/install/wms_data/share/wms_data/msg/Feedback.idl
[60.388s] -- Installing: /ros2_ws/install/wms_data/share/wms_data/msg/WMSData.msg
[60.388s] -- Installing: /ros2_ws/install/wms_data/share/wms_data/msg/WMSTasks.msg
[60.388s] -- Installing: /ros2_ws/install/wms_data/share/wms_data/msg/Feedback.msg
[60.388s] -- Installing: /ros2_ws/install/wms_data/lib/wms_data/wms_database_node
[60.388s] -- Set runtime path of "/ros2_ws/install/wms_data/lib/wms_data/wms_database_node" to ""
[60.388s] -- Installing: /ros2_ws/install/wms_data/lib/wms_data/wms_database_server_node
[60.388s] -- Set runtime path of "/ros2_ws/install/wms_data/lib/wms_data/wms_database_server_node" to ""
[60.389s] -- Installing: /ros2_ws/install/wms_data/lib/wms_data/wms_logger_node
[60.389s] -- Set runtime path of "/ros2_ws/install/wms_data/lib/wms_data/wms_logger_node" to ""
[60.389s] -- Installing: /ros2_ws/install/wms_data/share/wms_data//launch
[60.389s] -- Installing: /ros2_ws/install/wms_data/share/wms_data//launch/wms_data.launch.xml
[60.389s] -- Installing: /ros2_ws/install/wms_data/share/wms_data//launch/wms_data.launch.py
[60.389s] -- Installing: /ros2_ws/install/wms_data/share/wms_data//config
[60.389s] -- Installing: /ros2_ws/install/wms_data/share/wms_data//config/wms_config.yaml
[60.389s] -- Installing: /ros2_ws/install/wms_data/share/ament_index/resource_index/package_run_dependencies/wms_data
[60.389s] -- Installing: /ros2_ws/install/wms_data/share/ament_index/resource_index/parent_prefix_path/wms_data
[60.390s] -- Installing: /ros2_ws/install/wms_data/share/wms_data/environment/ament_prefix_path.sh
[60.390s] -- Installing: /ros2_ws/install/wms_data/share/wms_data/environment/ament_prefix_path.dsv
[60.390s] -- Installing: /ros2_ws/install/wms_data/share/wms_data/environment/path.sh
[60.390s] -- Installing: /ros2_ws/install/wms_data/share/wms_data/environment/path.dsv
[60.390s] -- Installing: /ros2_ws/install/wms_data/share/wms_data/local_setup.bash
[60.390s] -- Installing: /ros2_ws/install/wms_data/share/wms_data/local_setup.sh
[60.390s] -- Installing: /ros2_ws/install/wms_data/share/wms_data/local_setup.zsh
[60.390s] -- Installing: /ros2_ws/install/wms_data/share/wms_data/local_setup.dsv
[60.391s] -- Installing: /ros2_ws/install/wms_data/share/wms_data/package.dsv
[60.391s] -- Installing: /ros2_ws/install/wms_data/share/ament_index/resource_index/packages/wms_data
[60.392s] -- Installing: /ros2_ws/install/wms_data/share/wms_data/cmake/export_wms_data__rosidl_generator_cExport.cmake
[60.392s] -- Installing: /ros2_ws/install/wms_data/share/wms_data/cmake/export_wms_data__rosidl_generator_cExport-noconfig.cmake
[60.392s] -- Installing: /ros2_ws/install/wms_data/share/wms_data/cmake/export_wms_data__rosidl_typesupport_fastrtps_cExport.cmake
[60.393s] -- Installing: /ros2_ws/install/wms_data/share/wms_data/cmake/export_wms_data__rosidl_typesupport_fastrtps_cExport-noconfig.cmake
[60.393s] -- Installing: /ros2_ws/install/wms_data/share/wms_data/cmake/export_wms_data__rosidl_generator_cppExport.cmake
[60.393s] -- Installing: /ros2_ws/install/wms_data/share/wms_data/cmake/export_wms_data__rosidl_typesupport_fastrtps_cppExport.cmake
[60.393s] -- Installing: /ros2_ws/install/wms_data/share/wms_data/cmake/export_wms_data__rosidl_typesupport_fastrtps_cppExport-noconfig.cmake
[60.393s] -- Installing: /ros2_ws/install/wms_data/share/wms_data/cmake/wms_data__rosidl_typesupport_introspection_cExport.cmake
[60.394s] -- Installing: /ros2_ws/install/wms_data/share/wms_data/cmake/wms_data__rosidl_typesupport_introspection_cExport-noconfig.cmake
[60.394s] -- Installing: /ros2_ws/install/wms_data/share/wms_data/cmake/wms_data__rosidl_typesupport_cExport.cmake
[60.394s] -- Installing: /ros2_ws/install/wms_data/share/wms_data/cmake/wms_data__rosidl_typesupport_cExport-noconfig.cmake
[60.394s] -- Installing: /ros2_ws/install/wms_data/share/wms_data/cmake/wms_data__rosidl_typesupport_introspection_cppExport.cmake
[60.394s] -- Installing: /ros2_ws/install/wms_data/share/wms_data/cmake/wms_data__rosidl_typesupport_introspection_cppExport-noconfig.cmake
[60.394s] -- Installing: /ros2_ws/install/wms_data/share/wms_data/cmake/wms_data__rosidl_typesupport_cppExport.cmake
[60.394s] -- Installing: /ros2_ws/install/wms_data/share/wms_data/cmake/wms_data__rosidl_typesupport_cppExport-noconfig.cmake
[60.394s] -- Installing: /ros2_ws/install/wms_data/share/wms_data/cmake/export_wms_data__rosidl_generator_pyExport.cmake
[60.394s] -- Installing: /ros2_ws/install/wms_data/share/wms_data/cmake/export_wms_data__rosidl_generator_pyExport-noconfig.cmake
[60.394s] -- Installing: /ros2_ws/install/wms_data/share/wms_data/cmake/rosidl_cmake-extras.cmake
[60.394s] -- Installing: /ros2_ws/install/wms_data/share/wms_data/cmake/ament_cmake_export_dependencies-extras.cmake
[60.394s] -- Installing: /ros2_ws/install/wms_data/share/wms_data/cmake/ament_cmake_export_include_directories-extras.cmake
[60.395s] -- Installing: /ros2_ws/install/wms_data/share/wms_data/cmake/ament_cmake_export_libraries-extras.cmake
[60.395s] -- Installing: /ros2_ws/install/wms_data/share/wms_data/cmake/ament_cmake_export_targets-extras.cmake
[60.395s] -- Installing: /ros2_ws/install/wms_data/share/wms_data/cmake/rosidl_cmake_export_typesupport_targets-extras.cmake
[60.395s] -- Installing: /ros2_ws/install/wms_data/share/wms_data/cmake/rosidl_cmake_export_typesupport_libraries-extras.cmake
[60.395s] -- Installing: /ros2_ws/install/wms_data/share/wms_data/cmake/wms_dataConfig.cmake
[60.395s] -- Installing: /ros2_ws/install/wms_data/share/wms_data/cmake/wms_dataConfig-version.cmake
[60.395s] -- Installing: /ros2_ws/install/wms_data/share/wms_data/package.xml
[60.396s] Invoked command in '/ros2_ws/build/wms_data' returned '0': CMAKE_PREFIX_PATH=${CMAKE_PREFIX_PATH}:/opt/ros/humble /usr/bin/cmake --install /ros2_ws/build/wms_data
