[0.053s] Invoking command in '/ros2_ws/build/rosbridge_server': CMAKE_PREFIX_PATH=${CMAKE_PREFIX_PATH}:/opt/ros/humble /usr/bin/cmake /ros2_ws/src/rosbridge_server -DCMAKE_INSTALL_PREFIX=/ros2_ws/install/rosbridge_server
[3.020s] -- The C compiler identification is GNU 11.4.0
[3.020s] -- The CXX compiler identification is GNU 11.4.0
[3.021s] -- Detecting C compiler ABI info
[3.021s] -- Detecting C compiler ABI info - done
[3.021s] -- Check for working C compiler: /usr/bin/cc - skipped
[3.021s] -- Detecting C compile features
[3.021s] -- Detecting C compile features - done
[3.021s] -- Detecting CXX compiler ABI info
[3.021s] -- Detecting CXX compiler ABI info - done
[3.021s] -- Check for working CXX compiler: /usr/bin/c++ - skipped
[3.021s] -- Detecting CXX compile features
[3.021s] -- Detecting CXX compile features - done
[3.021s] -- Found ament_cmake: 1.3.12 (/opt/ros/humble/share/ament_cmake/cmake)
[3.021s] -- Found Python3: /usr/bin/python3 (found version "3.10.12") found components: Interpreter 
[3.022s] -- Found rclcpp: 16.0.15 (/opt/ros/humble/share/rclcpp/cmake)
[3.022s] -- Found rosidl_generator_c: 3.1.7 (/opt/ros/humble/share/rosidl_generator_c/cmake)
[3.022s] -- Found rosidl_adapter: 3.1.7 (/opt/ros/humble/share/rosidl_adapter/cmake)
[3.022s] -- Found rosidl_generator_cpp: 3.1.7 (/opt/ros/humble/share/rosidl_generator_cpp/cmake)
[3.022s] -- Using all available rosidl_typesupport_c: rosidl_typesupport_fastrtps_c;rosidl_typesupport_introspection_c
[3.022s] -- Using all available rosidl_typesupport_cpp: rosidl_typesupport_fastrtps_cpp;rosidl_typesupport_introspection_cpp
[3.022s] -- Found rmw_implementation_cmake: 6.1.2 (/opt/ros/humble/share/rmw_implementation_cmake/cmake)
[3.022s] -- Found rmw_fastrtps_cpp: 6.2.8 (/opt/ros/humble/share/rmw_fastrtps_cpp/cmake)
[3.022s] -- Found OpenSSL: /usr/lib/aarch64-linux-gnu/libcrypto.so (found version "3.0.2")  
[3.022s] -- Found FastRTPS: /opt/ros/humble/include  
[3.022s] -- Using RMW implementation 'rmw_fastrtps_cpp' as default
[3.022s] -- Looking for pthread.h
[3.022s] -- Looking for pthread.h - found
[3.023s] -- Performing Test CMAKE_HAVE_LIBC_PTHREAD
[3.023s] -- Performing Test CMAKE_HAVE_LIBC_PTHREAD - Success
[3.023s] -- Found Threads: TRUE  
[3.023s] -- Found rclcpp_components: 16.0.15 (/opt/ros/humble/share/rclcpp_components/cmake)
[3.023s] -- Found geometry_msgs: 4.9.0 (/opt/ros/humble/share/geometry_msgs/cmake)
[3.023s] -- Found sensor_msgs: 4.9.0 (/opt/ros/humble/share/sensor_msgs/cmake)
[3.023s] -- Found nav_msgs: 4.9.0 (/opt/ros/humble/share/nav_msgs/cmake)
[3.023s] -- Found Boost: /usr/lib/aarch64-linux-gnu/cmake/Boost-1.74.0/BoostConfig.cmake (found version "1.74.0") found components: system thread 
[3.023s] -- Found ament_lint_auto: 0.12.14 (/opt/ros/humble/share/ament_lint_auto/cmake)
[3.065s] -- Added test 'copyright' to check source files copyright and LICENSE
[3.068s] -- Added test 'cppcheck' to perform static code analysis on C / C++ code
[3.068s] -- Configured cppcheck include dirs: /ros2_ws/src/rosbridge_server/include
[3.068s] -- Configured cppcheck exclude dirs and/or files: 
[3.070s] -- Added test 'cpplint' to check C / C++ code against the Google style
[3.070s] -- Configured cpplint exclude dirs and/or files: 
[3.072s] -- Added test 'flake8' to check Python code syntax and style conventions
[3.073s] -- Added test 'lint_cmake' to check CMake code style
[3.075s] -- Added test 'pep257' to check Python code against some of the docstring style conventions in PEP 257
[3.077s] -- Added test 'uncrustify' to check C / C++ code style
[3.077s] -- Configured uncrustify additional arguments: 
[3.079s] -- Added test 'xmllint' to check XML markup files
[3.088s] -- Configuring done
[3.120s] -- Generating done
[3.129s] -- Build files have been written to: /ros2_ws/build/rosbridge_server
[3.170s] Invoked command in '/ros2_ws/build/rosbridge_server' returned '0': CMAKE_PREFIX_PATH=${CMAKE_PREFIX_PATH}:/opt/ros/humble /usr/bin/cmake /ros2_ws/src/rosbridge_server -DCMAKE_INSTALL_PREFIX=/ros2_ws/install/rosbridge_server
[3.171s] Invoking command in '/ros2_ws/build/rosbridge_server': CMAKE_PREFIX_PATH=${CMAKE_PREFIX_PATH}:/opt/ros/humble /usr/bin/cmake --build /ros2_ws/build/rosbridge_server -- -j12 -l12
[3.243s] [ 16%] [32mBuilding CXX object CMakeFiles/rosbridge_protocol_lib.dir/src/rosbridge_protocol.cpp.o[0m
[3.246s] [ 33%] [32mBuilding CXX object CMakeFiles/rosbridge_protocol_lib.dir/src/ros_message_handler.cpp.o[0m
[38.564s] [ 50%] [32m[1mLinking CXX shared library librosbridge_protocol_lib.so[0m
[39.352s] [ 50%] Built target rosbridge_protocol_lib
[39.469s] [ 66%] [32mBuilding CXX object CMakeFiles/rosbridge_websocket.dir/src/rosbridge_websocket.cpp.o[0m
[54.963s] [ 83%] [32mBuilding CXX object CMakeFiles/rosbridge_websocket.dir/src/websocket_server.cpp.o[0m
[75.430s] [100%] [32m[1mLinking CXX executable rosbridge_websocket[0m
[76.267s] [100%] Built target rosbridge_websocket
[76.288s] Invoked command in '/ros2_ws/build/rosbridge_server' returned '0': CMAKE_PREFIX_PATH=${CMAKE_PREFIX_PATH}:/opt/ros/humble /usr/bin/cmake --build /ros2_ws/build/rosbridge_server -- -j12 -l12
[76.290s] Invoking command in '/ros2_ws/build/rosbridge_server': CMAKE_PREFIX_PATH=${CMAKE_PREFIX_PATH}:/opt/ros/humble /usr/bin/cmake --install /ros2_ws/build/rosbridge_server
[76.302s] -- Install configuration: ""
[76.302s] -- Installing: /ros2_ws/install/rosbridge_server/lib/librosbridge_protocol_lib.so
[76.307s] -- Set runtime path of "/ros2_ws/install/rosbridge_server/lib/librosbridge_protocol_lib.so" to ""
[76.307s] -- Installing: /ros2_ws/install/rosbridge_server/lib/rosbridge_server/rosbridge_websocket
[76.313s] -- Set runtime path of "/ros2_ws/install/rosbridge_server/lib/rosbridge_server/rosbridge_websocket" to ""
[76.313s] -- Installing: /ros2_ws/install/rosbridge_server/share/rosbridge_server//launch
[76.313s] -- Installing: /ros2_ws/install/rosbridge_server/share/rosbridge_server//launch/rosbridge_websocket.launch.py
[76.320s] -- Installing: /ros2_ws/install/rosbridge_server/share/rosbridge_server//config
[76.320s] -- Installing: /ros2_ws/install/rosbridge_server/share/rosbridge_server//config/rosbridge_params.yaml
[76.321s] -- Installing: /ros2_ws/install/rosbridge_server/include
[76.321s] -- Installing: /ros2_ws/install/rosbridge_server/include/rosbridge_server
[76.321s] -- Installing: /ros2_ws/install/rosbridge_server/include/rosbridge_server/websocket_server.hpp
[76.321s] -- Installing: /ros2_ws/install/rosbridge_server/include/rosbridge_server/ros_message_handler.hpp
[76.322s] -- Installing: /ros2_ws/install/rosbridge_server/include/rosbridge_server/rosbridge_protocol.hpp
[76.322s] -- Installing: /ros2_ws/install/rosbridge_server/share/rosbridge_server/environment/library_path.sh
[76.322s] -- Installing: /ros2_ws/install/rosbridge_server/share/rosbridge_server/environment/library_path.dsv
[76.322s] -- Installing: /ros2_ws/install/rosbridge_server/share/ament_index/resource_index/package_run_dependencies/rosbridge_server
[76.323s] -- Installing: /ros2_ws/install/rosbridge_server/share/ament_index/resource_index/parent_prefix_path/rosbridge_server
[76.323s] -- Installing: /ros2_ws/install/rosbridge_server/share/rosbridge_server/environment/ament_prefix_path.sh
[76.323s] -- Installing: /ros2_ws/install/rosbridge_server/share/rosbridge_server/environment/ament_prefix_path.dsv
[76.323s] -- Installing: /ros2_ws/install/rosbridge_server/share/rosbridge_server/environment/path.sh
[76.323s] -- Installing: /ros2_ws/install/rosbridge_server/share/rosbridge_server/environment/path.dsv
[76.324s] -- Installing: /ros2_ws/install/rosbridge_server/share/rosbridge_server/local_setup.bash
[76.324s] -- Installing: /ros2_ws/install/rosbridge_server/share/rosbridge_server/local_setup.sh
[76.324s] -- Installing: /ros2_ws/install/rosbridge_server/share/rosbridge_server/local_setup.zsh
[76.324s] -- Installing: /ros2_ws/install/rosbridge_server/share/rosbridge_server/local_setup.dsv
[76.324s] -- Installing: /ros2_ws/install/rosbridge_server/share/rosbridge_server/package.dsv
[76.325s] -- Installing: /ros2_ws/install/rosbridge_server/share/ament_index/resource_index/packages/rosbridge_server
[76.325s] -- Installing: /ros2_ws/install/rosbridge_server/share/rosbridge_server/cmake/ament_cmake_export_include_directories-extras.cmake
[76.325s] -- Installing: /ros2_ws/install/rosbridge_server/share/rosbridge_server/cmake/ament_cmake_export_libraries-extras.cmake
[76.325s] -- Installing: /ros2_ws/install/rosbridge_server/share/rosbridge_server/cmake/ament_cmake_export_dependencies-extras.cmake
[76.325s] -- Installing: /ros2_ws/install/rosbridge_server/share/rosbridge_server/cmake/rosbridge_serverConfig.cmake
[76.325s] -- Installing: /ros2_ws/install/rosbridge_server/share/rosbridge_server/cmake/rosbridge_serverConfig-version.cmake
[76.326s] -- Installing: /ros2_ws/install/rosbridge_server/share/rosbridge_server/package.xml
[76.329s] Invoked command in '/ros2_ws/build/rosbridge_server' returned '0': CMAKE_PREFIX_PATH=${CMAKE_PREFIX_PATH}:/opt/ros/humble /usr/bin/cmake --install /ros2_ws/build/rosbridge_server
