-- The C compiler identification is GNU 11.4.0
-- The CXX compiler identification is GNU 11.4.0
-- Detecting C compiler ABI info
-- Detecting C compiler ABI info - done
-- Check for working C compiler: /usr/bin/cc - skipped
-- Detecting C compile features
-- Detecting C compile features - done
-- Detecting CXX compiler ABI info
-- Detecting CXX compiler ABI info - done
-- Check for working CXX compiler: /usr/bin/c++ - skipped
-- Detecting CXX compile features
-- Detecting CXX compile features - done
-- Found ament_cmake: 1.3.12 (/opt/ros/humble/share/ament_cmake/cmake)
-- Found Python3: /usr/bin/python3 (found version "3.10.12") found components: Interpreter 
-- Found rclcpp: 16.0.15 (/opt/ros/humble/share/rclcpp/cmake)
-- Found rosidl_generator_c: 3.1.7 (/opt/ros/humble/share/rosidl_generator_c/cmake)
-- Found rosidl_adapter: 3.1.7 (/opt/ros/humble/share/rosidl_adapter/cmake)
-- Found rosidl_generator_cpp: 3.1.7 (/opt/ros/humble/share/rosidl_generator_cpp/cmake)
-- Using all available rosidl_typesupport_c: rosidl_typesupport_fastrtps_c;rosidl_typesupport_introspection_c
-- Using all available rosidl_typesupport_cpp: rosidl_typesupport_fastrtps_cpp;rosidl_typesupport_introspection_cpp
-- Found rmw_implementation_cmake: 6.1.2 (/opt/ros/humble/share/rmw_implementation_cmake/cmake)
-- Found rmw_fastrtps_cpp: 6.2.8 (/opt/ros/humble/share/rmw_fastrtps_cpp/cmake)
-- Found OpenSSL: /usr/lib/aarch64-linux-gnu/libcrypto.so (found version "3.0.2")  
-- Found FastRTPS: /opt/ros/humble/include  
-- Using RMW implementation 'rmw_fastrtps_cpp' as default
-- Looking for pthread.h
-- Looking for pthread.h - found
-- Performing Test CMAKE_HAVE_LIBC_PTHREAD
-- Performing Test CMAKE_HAVE_LIBC_PTHREAD - Success
-- Found Threads: TRUE  
-- Found rclcpp_components: 16.0.15 (/opt/ros/humble/share/rclcpp_components/cmake)
-- Found geometry_msgs: 4.9.0 (/opt/ros/humble/share/geometry_msgs/cmake)
-- Found nav_msgs: 4.9.0 (/opt/ros/humble/share/nav_msgs/cmake)
-- Found sensor_msgs: 4.9.0 (/opt/ros/humble/share/sensor_msgs/cmake)
-- Found tf2: 0.25.16 (/opt/ros/humble/share/tf2/cmake)
-- Found tf2_ros: 0.25.16 (/opt/ros/humble/share/tf2_ros/cmake)
-- Found tf2_geometry_msgs: 0.25.16 (/opt/ros/humble/share/tf2_geometry_msgs/cmake)
-- Found eigen3_cmake_module: 0.1.1 (/opt/ros/humble/share/eigen3_cmake_module/cmake)
-- Found Eigen3: TRUE (found version "3.4.0") 
-- Ensuring Eigen3 include directory is part of orocos-kdl CMake target
-- Found std_srvs: 4.9.0 (/opt/ros/humble/share/std_srvs/cmake)
-- Found anscer_msgs: 0.0.0 (/ros2_ws/install/anscer_msgs/share/anscer_msgs/cmake)
-- Found lift_action: 0.2.0 (/ros2_ws/install/lift_action/share/lift_action/cmake)
-- Found wms_data: 2.0.0 (/ros2_ws/install/wms_data/share/wms_data/cmake)
-- Found ament_lint_auto: 0.12.14 (/opt/ros/humble/share/ament_lint_auto/cmake)
-- Added test 'copyright' to check source files copyright and LICENSE
-- Added test 'cppcheck' to perform static code analysis on C / C++ code
-- Configured cppcheck include dirs: /ros2_ws/src/lower_level_controller/include;/ros2_ws/src/lower_level_controller/include/lower_level_controller
-- Configured cppcheck exclude dirs and/or files: 
-- Added test 'cpplint' to check C / C++ code against the Google style
-- Configured cpplint exclude dirs and/or files: 
-- Added test 'flake8' to check Python code syntax and style conventions
-- Added test 'lint_cmake' to check CMake code style
-- Added test 'pep257' to check Python code against some of the docstring style conventions in PEP 257
-- Added test 'uncrustify' to check C / C++ code style
-- Configured uncrustify additional arguments: 
-- Added test 'xmllint' to check XML markup files
-- Configuring done
-- Generating done
-- Build files have been written to: /ros2_ws/build/lower_level_controller
[ 14%] [32mBuilding CXX object CMakeFiles/lower_level_controller_node.dir/src/LowerLevelInterface.cpp.o[0m
[ 28%] [32mBuilding CXX object CMakeFiles/lower_level_controller_node.dir/src/LowerLevelComputations.cpp.o[0m
[ 42%] [32mBuilding CXX object CMakeFiles/lower_level_controller_node.dir/src/RosClass.cpp.o[0m
[ 57%] [32mBuilding CXX object CMakeFiles/lower_level_controller_node.dir/src/ModbusController.cpp.o[0m
[ 71%] [32mBuilding CXX object CMakeFiles/lower_level_controller_node.dir/src/ModbusDevice.cpp.o[0m
[ 85%] [32mBuilding CXX object CMakeFiles/lower_level_controller_node.dir/src/Client.cpp.o[0m
[100%] [32m[1mLinking CXX executable lower_level_controller_node[0m
[100%] Built target lower_level_controller_node
-- Install configuration: ""
-- Installing: /ros2_ws/install/lower_level_controller/lib/lower_level_controller/lower_level_controller_node
-- Set runtime path of "/ros2_ws/install/lower_level_controller/lib/lower_level_controller/lower_level_controller_node" to ""
-- Installing: /ros2_ws/install/lower_level_controller/share/lower_level_controller/launch
-- Installing: /ros2_ws/install/lower_level_controller/share/lower_level_controller/launch/lower_level_controller.launch.py
-- Installing: /ros2_ws/install/lower_level_controller/share/lower_level_controller/config
-- Installing: /ros2_ws/install/lower_level_controller/share/lower_level_controller/config/modbus_configuration.yaml
-- Installing: /ros2_ws/install/lower_level_controller/share/lower_level_controller/config/odrive_configuration.yaml
-- Installing: /ros2_ws/install/lower_level_controller/share/lower_level_controller/config/rainbow_configuration.yaml
-- Installing: /ros2_ws/install/lower_level_controller/share/lower_level_controller/config/roboteq_configuration.yaml
-- Installing: /ros2_ws/install/lower_level_controller/share/lower_level_controller/config/lower_level_controller.yaml
-- Up-to-date: /ros2_ws/install/lower_level_controller/share/lower_level_controller
-- Installing: /ros2_ws/install/lower_level_controller/share/lower_level_controller/lower_level_controller
-- Installing: /ros2_ws/install/lower_level_controller/share/lower_level_controller/lower_level_controller/ModbusDevice.h
-- Installing: /ros2_ws/install/lower_level_controller/share/lower_level_controller/lower_level_controller/AHighLevelController.h
-- Installing: /ros2_ws/install/lower_level_controller/share/lower_level_controller/lower_level_controller/ModbusController.h
-- Installing: /ros2_ws/install/lower_level_controller/share/lower_level_controller/lower_level_controller/LowerLevelInterface.h
-- Installing: /ros2_ws/install/lower_level_controller/share/lower_level_controller/lower_level_controller/Client.h
-- Installing: /ros2_ws/install/lower_level_controller/share/lower_level_controller/lower_level_controller/Utilities.h
-- Installing: /ros2_ws/install/lower_level_controller/share/lower_level_controller/lower_level_controller/LowerLevelComputations.h
-- Installing: /ros2_ws/install/lower_level_controller/share/lower_level_controller/lower_level_controller/RosClass.h
-- Installing: /ros2_ws/install/lower_level_controller/share/ament_index/resource_index/package_run_dependencies/lower_level_controller
-- Installing: /ros2_ws/install/lower_level_controller/share/ament_index/resource_index/parent_prefix_path/lower_level_controller
-- Installing: /ros2_ws/install/lower_level_controller/share/lower_level_controller/environment/ament_prefix_path.sh
-- Installing: /ros2_ws/install/lower_level_controller/share/lower_level_controller/environment/ament_prefix_path.dsv
-- Installing: /ros2_ws/install/lower_level_controller/share/lower_level_controller/environment/path.sh
-- Installing: /ros2_ws/install/lower_level_controller/share/lower_level_controller/environment/path.dsv
-- Installing: /ros2_ws/install/lower_level_controller/share/lower_level_controller/local_setup.bash
-- Installing: /ros2_ws/install/lower_level_controller/share/lower_level_controller/local_setup.sh
-- Installing: /ros2_ws/install/lower_level_controller/share/lower_level_controller/local_setup.zsh
-- Installing: /ros2_ws/install/lower_level_controller/share/lower_level_controller/local_setup.dsv
-- Installing: /ros2_ws/install/lower_level_controller/share/lower_level_controller/package.dsv
-- Installing: /ros2_ws/install/lower_level_controller/share/ament_index/resource_index/packages/lower_level_controller
-- Installing: /ros2_ws/install/lower_level_controller/share/lower_level_controller/cmake/lower_level_controllerConfig.cmake
-- Installing: /ros2_ws/install/lower_level_controller/share/lower_level_controller/cmake/lower_level_controllerConfig-version.cmake
-- Installing: /ros2_ws/install/lower_level_controller/share/lower_level_controller/package.xml
