[0.053s] Invoking command in '/ros2_ws/build/lower_level_controller': CMAKE_PREFIX_PATH=/ros2_ws/install/wms_data:/ros2_ws/install/lift_action:/ros2_ws/install/anscer_msgs:/ros2_ws/install/start_robot_bringup:/ros2_ws/install/anscer_agv_bringup:/ros2_ws/install/lower_level_controller:/ros2_ws/install/twist_mux:/ros2_ws/install/tag_monitor:/ros2_ws/install/rosbridge_server:/ros2_ws/install/robot_pose_publisher:/ros2_ws/install/reader_modules:/ros2_ws/install/qr_navigation:/ros2_ws/install/qr_mission_scheduler:/ros2_ws/install/power_control:/ros2_ws/install/navigation_speed_control:/ros2_ws/install/graph_visual_control:/ros2_ws/install/graph_server:/ros2_ws/install/global_path_graph_planner:/ros2_ws/install/global_path_graph:/ros2_ws/install/graph_creator:/ros2_ws/install/graph_creator_msgs:/ros2_ws/install/graph_control:/ros2_ws/install/graph_msgs:/ros2_ws/install/graph_creator_rviz_plugin:/ros2_ws/install/emergency_handler:/ros2_ws/install/brake_action:/ros2_ws/install/anscer_teleop:/ros2_ws/install/acr_robot_controller:/ros2_ws/install/anscer_description:/opt/ros/humble LD_LIBRARY_PATH=/ros2_ws/install/wms_data/lib:/ros2_ws/install/lift_action/lib:/ros2_ws/install/anscer_msgs/lib:/ros2_ws/install/twist_mux/lib:/ros2_ws/install/rosbridge_server/lib:/ros2_ws/install/qr_navigation/lib:/ros2_ws/install/qr_mission_scheduler/lib:/ros2_ws/install/global_path_graph_planner/lib:/ros2_ws/install/global_path_graph/lib:/ros2_ws/install/graph_creator/lib:/ros2_ws/install/graph_creator_msgs/lib:/ros2_ws/install/graph_control/lib:/ros2_ws/install/graph_msgs/lib:/ros2_ws/install/graph_creator_rviz_plugin/lib:/opt/ros/humble/opt/rviz_ogre_vendor/lib:/opt/ros/humble/lib/aarch64-linux-gnu:/opt/ros/humble/lib /usr/bin/cmake /ros2_ws/src/lower_level_controller -DCMAKE_INSTALL_PREFIX=/ros2_ws/install/lower_level_controller
[0.156s] -- The C compiler identification is GNU 11.4.0
[0.247s] -- The CXX compiler identification is GNU 11.4.0
[0.257s] -- Detecting C compiler ABI info
[0.380s] -- Detecting C compiler ABI info - done
[0.391s] -- Check for working C compiler: /usr/bin/cc - skipped
[0.392s] -- Detecting C compile features
[0.392s] -- Detecting C compile features - done
[0.397s] -- Detecting CXX compiler ABI info
[0.542s] -- Detecting CXX compiler ABI info - done
[0.543s] -- Check for working CXX compiler: /usr/bin/c++ - skipped
[0.544s] -- Detecting CXX compile features
[0.545s] -- Detecting CXX compile features - done
[0.552s] -- Found ament_cmake: 1.3.12 (/opt/ros/humble/share/ament_cmake/cmake)
[0.840s] -- Found Python3: /usr/bin/python3 (found version "3.10.12") found components: Interpreter 
[1.051s] -- Found rclcpp: 16.0.15 (/opt/ros/humble/share/rclcpp/cmake)
[1.139s] -- Found rosidl_generator_c: 3.1.7 (/opt/ros/humble/share/rosidl_generator_c/cmake)
[1.152s] -- Found rosidl_adapter: 3.1.7 (/opt/ros/humble/share/rosidl_adapter/cmake)
[1.170s] -- Found rosidl_generator_cpp: 3.1.7 (/opt/ros/humble/share/rosidl_generator_cpp/cmake)
[1.193s] -- Using all available rosidl_typesupport_c: rosidl_typesupport_fastrtps_c;rosidl_typesupport_introspection_c
[1.226s] -- Using all available rosidl_typesupport_cpp: rosidl_typesupport_fastrtps_cpp;rosidl_typesupport_introspection_cpp
[1.311s] -- Found rmw_implementation_cmake: 6.1.2 (/opt/ros/humble/share/rmw_implementation_cmake/cmake)
[1.318s] -- Found rmw_fastrtps_cpp: 6.2.8 (/opt/ros/humble/share/rmw_fastrtps_cpp/cmake)
[1.478s] -- Found OpenSSL: /usr/lib/aarch64-linux-gnu/libcrypto.so (found version "3.0.2")  
[1.519s] -- Found FastRTPS: /opt/ros/humble/include  
[1.595s] -- Using RMW implementation 'rmw_fastrtps_cpp' as default
[1.616s] -- Looking for pthread.h
[1.747s] -- Looking for pthread.h - found
[1.755s] -- Performing Test CMAKE_HAVE_LIBC_PTHREAD
[1.871s] -- Performing Test CMAKE_HAVE_LIBC_PTHREAD - Success
[1.873s] -- Found Threads: TRUE  
[1.961s] -- Found rclcpp_components: 16.0.15 (/opt/ros/humble/share/rclcpp_components/cmake)
[2.008s] -- Found geometry_msgs: 4.9.0 (/opt/ros/humble/share/geometry_msgs/cmake)
[2.029s] -- Found nav_msgs: 4.9.0 (/opt/ros/humble/share/nav_msgs/cmake)
[2.054s] -- Found sensor_msgs: 4.9.0 (/opt/ros/humble/share/sensor_msgs/cmake)
[2.083s] -- Found tf2: 0.25.16 (/opt/ros/humble/share/tf2/cmake)
[2.092s] -- Found tf2_ros: 0.25.16 (/opt/ros/humble/share/tf2_ros/cmake)
[2.206s] -- Found tf2_geometry_msgs: 0.25.16 (/opt/ros/humble/share/tf2_geometry_msgs/cmake)
[2.235s] -- Found eigen3_cmake_module: 0.1.1 (/opt/ros/humble/share/eigen3_cmake_module/cmake)
[2.238s] -- Found Eigen3: TRUE (found version "3.4.0") 
[2.238s] -- Ensuring Eigen3 include directory is part of orocos-kdl CMake target
[2.244s] -- Found std_srvs: 4.9.0 (/opt/ros/humble/share/std_srvs/cmake)
[2.257s] -- Found anscer_msgs: 0.0.0 (/ros2_ws/install/anscer_msgs/share/anscer_msgs/cmake)
[2.290s] -- Found lift_action: 0.2.0 (/ros2_ws/install/lift_action/share/lift_action/cmake)
[2.307s] -- Found wms_data: 2.0.0 (/ros2_ws/install/wms_data/share/wms_data/cmake)
[2.342s] -- Found ament_lint_auto: 0.12.14 (/opt/ros/humble/share/ament_lint_auto/cmake)
[2.514s] -- Added test 'copyright' to check source files copyright and LICENSE
[2.518s] -- Added test 'cppcheck' to perform static code analysis on C / C++ code
[2.518s] -- Configured cppcheck include dirs: /ros2_ws/src/lower_level_controller/include;/ros2_ws/src/lower_level_controller/include/lower_level_controller
[2.519s] -- Configured cppcheck exclude dirs and/or files: 
[2.521s] -- Added test 'cpplint' to check C / C++ code against the Google style
[2.522s] -- Configured cpplint exclude dirs and/or files: 
[2.523s] -- Added test 'flake8' to check Python code syntax and style conventions
[2.525s] -- Added test 'lint_cmake' to check CMake code style
[2.526s] -- Added test 'pep257' to check Python code against some of the docstring style conventions in PEP 257
[2.529s] -- Added test 'uncrustify' to check C / C++ code style
[2.529s] -- Configured uncrustify additional arguments: 
[2.531s] -- Added test 'xmllint' to check XML markup files
[2.535s] -- Configuring done
[2.569s] -- Generating done
[2.585s] -- Build files have been written to: /ros2_ws/build/lower_level_controller
[2.609s] Invoked command in '/ros2_ws/build/lower_level_controller' returned '0': CMAKE_PREFIX_PATH=/ros2_ws/install/wms_data:/ros2_ws/install/lift_action:/ros2_ws/install/anscer_msgs:/ros2_ws/install/start_robot_bringup:/ros2_ws/install/anscer_agv_bringup:/ros2_ws/install/lower_level_controller:/ros2_ws/install/twist_mux:/ros2_ws/install/tag_monitor:/ros2_ws/install/rosbridge_server:/ros2_ws/install/robot_pose_publisher:/ros2_ws/install/reader_modules:/ros2_ws/install/qr_navigation:/ros2_ws/install/qr_mission_scheduler:/ros2_ws/install/power_control:/ros2_ws/install/navigation_speed_control:/ros2_ws/install/graph_visual_control:/ros2_ws/install/graph_server:/ros2_ws/install/global_path_graph_planner:/ros2_ws/install/global_path_graph:/ros2_ws/install/graph_creator:/ros2_ws/install/graph_creator_msgs:/ros2_ws/install/graph_control:/ros2_ws/install/graph_msgs:/ros2_ws/install/graph_creator_rviz_plugin:/ros2_ws/install/emergency_handler:/ros2_ws/install/brake_action:/ros2_ws/install/anscer_teleop:/ros2_ws/install/acr_robot_controller:/ros2_ws/install/anscer_description:/opt/ros/humble LD_LIBRARY_PATH=/ros2_ws/install/wms_data/lib:/ros2_ws/install/lift_action/lib:/ros2_ws/install/anscer_msgs/lib:/ros2_ws/install/twist_mux/lib:/ros2_ws/install/rosbridge_server/lib:/ros2_ws/install/qr_navigation/lib:/ros2_ws/install/qr_mission_scheduler/lib:/ros2_ws/install/global_path_graph_planner/lib:/ros2_ws/install/global_path_graph/lib:/ros2_ws/install/graph_creator/lib:/ros2_ws/install/graph_creator_msgs/lib:/ros2_ws/install/graph_control/lib:/ros2_ws/install/graph_msgs/lib:/ros2_ws/install/graph_creator_rviz_plugin/lib:/opt/ros/humble/opt/rviz_ogre_vendor/lib:/opt/ros/humble/lib/aarch64-linux-gnu:/opt/ros/humble/lib /usr/bin/cmake /ros2_ws/src/lower_level_controller -DCMAKE_INSTALL_PREFIX=/ros2_ws/install/lower_level_controller
[2.613s] Invoking command in '/ros2_ws/build/lower_level_controller': CMAKE_PREFIX_PATH=/ros2_ws/install/wms_data:/ros2_ws/install/lift_action:/ros2_ws/install/anscer_msgs:/ros2_ws/install/start_robot_bringup:/ros2_ws/install/anscer_agv_bringup:/ros2_ws/install/lower_level_controller:/ros2_ws/install/twist_mux:/ros2_ws/install/tag_monitor:/ros2_ws/install/rosbridge_server:/ros2_ws/install/robot_pose_publisher:/ros2_ws/install/reader_modules:/ros2_ws/install/qr_navigation:/ros2_ws/install/qr_mission_scheduler:/ros2_ws/install/power_control:/ros2_ws/install/navigation_speed_control:/ros2_ws/install/graph_visual_control:/ros2_ws/install/graph_server:/ros2_ws/install/global_path_graph_planner:/ros2_ws/install/global_path_graph:/ros2_ws/install/graph_creator:/ros2_ws/install/graph_creator_msgs:/ros2_ws/install/graph_control:/ros2_ws/install/graph_msgs:/ros2_ws/install/graph_creator_rviz_plugin:/ros2_ws/install/emergency_handler:/ros2_ws/install/brake_action:/ros2_ws/install/anscer_teleop:/ros2_ws/install/acr_robot_controller:/ros2_ws/install/anscer_description:/opt/ros/humble LD_LIBRARY_PATH=/ros2_ws/install/wms_data/lib:/ros2_ws/install/lift_action/lib:/ros2_ws/install/anscer_msgs/lib:/ros2_ws/install/twist_mux/lib:/ros2_ws/install/rosbridge_server/lib:/ros2_ws/install/qr_navigation/lib:/ros2_ws/install/qr_mission_scheduler/lib:/ros2_ws/install/global_path_graph_planner/lib:/ros2_ws/install/global_path_graph/lib:/ros2_ws/install/graph_creator/lib:/ros2_ws/install/graph_creator_msgs/lib:/ros2_ws/install/graph_control/lib:/ros2_ws/install/graph_msgs/lib:/ros2_ws/install/graph_creator_rviz_plugin/lib:/opt/ros/humble/opt/rviz_ogre_vendor/lib:/opt/ros/humble/lib/aarch64-linux-gnu:/opt/ros/humble/lib /usr/bin/cmake --build /ros2_ws/build/lower_level_controller -- -j12 -l12
[2.802s] [ 14%] [32mBuilding CXX object CMakeFiles/lower_level_controller_node.dir/src/LowerLevelInterface.cpp.o[0m
[2.817s] [ 28%] [32mBuilding CXX object CMakeFiles/lower_level_controller_node.dir/src/LowerLevelComputations.cpp.o[0m
[2.839s] [ 42%] [32mBuilding CXX object CMakeFiles/lower_level_controller_node.dir/src/RosClass.cpp.o[0m
[2.850s] [ 57%] [32mBuilding CXX object CMakeFiles/lower_level_controller_node.dir/src/ModbusController.cpp.o[0m
[2.852s] [ 71%] [32mBuilding CXX object CMakeFiles/lower_level_controller_node.dir/src/ModbusDevice.cpp.o[0m
[2.941s] [ 85%] [32mBuilding CXX object CMakeFiles/lower_level_controller_node.dir/src/Client.cpp.o[0m
[39.901s] [100%] [32m[1mLinking CXX executable lower_level_controller_node[0m
[43.317s] [100%] Built target lower_level_controller_node
[43.337s] Invoked command in '/ros2_ws/build/lower_level_controller' returned '0': CMAKE_PREFIX_PATH=/ros2_ws/install/wms_data:/ros2_ws/install/lift_action:/ros2_ws/install/anscer_msgs:/ros2_ws/install/start_robot_bringup:/ros2_ws/install/anscer_agv_bringup:/ros2_ws/install/lower_level_controller:/ros2_ws/install/twist_mux:/ros2_ws/install/tag_monitor:/ros2_ws/install/rosbridge_server:/ros2_ws/install/robot_pose_publisher:/ros2_ws/install/reader_modules:/ros2_ws/install/qr_navigation:/ros2_ws/install/qr_mission_scheduler:/ros2_ws/install/power_control:/ros2_ws/install/navigation_speed_control:/ros2_ws/install/graph_visual_control:/ros2_ws/install/graph_server:/ros2_ws/install/global_path_graph_planner:/ros2_ws/install/global_path_graph:/ros2_ws/install/graph_creator:/ros2_ws/install/graph_creator_msgs:/ros2_ws/install/graph_control:/ros2_ws/install/graph_msgs:/ros2_ws/install/graph_creator_rviz_plugin:/ros2_ws/install/emergency_handler:/ros2_ws/install/brake_action:/ros2_ws/install/anscer_teleop:/ros2_ws/install/acr_robot_controller:/ros2_ws/install/anscer_description:/opt/ros/humble LD_LIBRARY_PATH=/ros2_ws/install/wms_data/lib:/ros2_ws/install/lift_action/lib:/ros2_ws/install/anscer_msgs/lib:/ros2_ws/install/twist_mux/lib:/ros2_ws/install/rosbridge_server/lib:/ros2_ws/install/qr_navigation/lib:/ros2_ws/install/qr_mission_scheduler/lib:/ros2_ws/install/global_path_graph_planner/lib:/ros2_ws/install/global_path_graph/lib:/ros2_ws/install/graph_creator/lib:/ros2_ws/install/graph_creator_msgs/lib:/ros2_ws/install/graph_control/lib:/ros2_ws/install/graph_msgs/lib:/ros2_ws/install/graph_creator_rviz_plugin/lib:/opt/ros/humble/opt/rviz_ogre_vendor/lib:/opt/ros/humble/lib/aarch64-linux-gnu:/opt/ros/humble/lib /usr/bin/cmake --build /ros2_ws/build/lower_level_controller -- -j12 -l12
[43.341s] Invoking command in '/ros2_ws/build/lower_level_controller': CMAKE_PREFIX_PATH=/ros2_ws/install/wms_data:/ros2_ws/install/lift_action:/ros2_ws/install/anscer_msgs:/ros2_ws/install/start_robot_bringup:/ros2_ws/install/anscer_agv_bringup:/ros2_ws/install/lower_level_controller:/ros2_ws/install/twist_mux:/ros2_ws/install/tag_monitor:/ros2_ws/install/rosbridge_server:/ros2_ws/install/robot_pose_publisher:/ros2_ws/install/reader_modules:/ros2_ws/install/qr_navigation:/ros2_ws/install/qr_mission_scheduler:/ros2_ws/install/power_control:/ros2_ws/install/navigation_speed_control:/ros2_ws/install/graph_visual_control:/ros2_ws/install/graph_server:/ros2_ws/install/global_path_graph_planner:/ros2_ws/install/global_path_graph:/ros2_ws/install/graph_creator:/ros2_ws/install/graph_creator_msgs:/ros2_ws/install/graph_control:/ros2_ws/install/graph_msgs:/ros2_ws/install/graph_creator_rviz_plugin:/ros2_ws/install/emergency_handler:/ros2_ws/install/brake_action:/ros2_ws/install/anscer_teleop:/ros2_ws/install/acr_robot_controller:/ros2_ws/install/anscer_description:/opt/ros/humble LD_LIBRARY_PATH=/ros2_ws/install/wms_data/lib:/ros2_ws/install/lift_action/lib:/ros2_ws/install/anscer_msgs/lib:/ros2_ws/install/twist_mux/lib:/ros2_ws/install/rosbridge_server/lib:/ros2_ws/install/qr_navigation/lib:/ros2_ws/install/qr_mission_scheduler/lib:/ros2_ws/install/global_path_graph_planner/lib:/ros2_ws/install/global_path_graph/lib:/ros2_ws/install/graph_creator/lib:/ros2_ws/install/graph_creator_msgs/lib:/ros2_ws/install/graph_control/lib:/ros2_ws/install/graph_msgs/lib:/ros2_ws/install/graph_creator_rviz_plugin/lib:/opt/ros/humble/opt/rviz_ogre_vendor/lib:/opt/ros/humble/lib/aarch64-linux-gnu:/opt/ros/humble/lib /usr/bin/cmake --install /ros2_ws/build/lower_level_controller
[43.354s] -- Install configuration: ""
[43.355s] -- Installing: /ros2_ws/install/lower_level_controller/lib/lower_level_controller/lower_level_controller_node
[43.375s] -- Set runtime path of "/ros2_ws/install/lower_level_controller/lib/lower_level_controller/lower_level_controller_node" to ""
[43.375s] -- Installing: /ros2_ws/install/lower_level_controller/share/lower_level_controller/launch
[43.375s] -- Installing: /ros2_ws/install/lower_level_controller/share/lower_level_controller/launch/lower_level_controller.launch.py
[43.383s] -- Installing: /ros2_ws/install/lower_level_controller/share/lower_level_controller/config
[43.383s] -- Installing: /ros2_ws/install/lower_level_controller/share/lower_level_controller/config/modbus_configuration.yaml
[43.384s] -- Installing: /ros2_ws/install/lower_level_controller/share/lower_level_controller/config/odrive_configuration.yaml
[43.384s] -- Installing: /ros2_ws/install/lower_level_controller/share/lower_level_controller/config/rainbow_configuration.yaml
[43.384s] -- Installing: /ros2_ws/install/lower_level_controller/share/lower_level_controller/config/roboteq_configuration.yaml
[43.384s] -- Installing: /ros2_ws/install/lower_level_controller/share/lower_level_controller/config/lower_level_controller.yaml
[43.384s] -- Up-to-date: /ros2_ws/install/lower_level_controller/share/lower_level_controller
[43.384s] -- Installing: /ros2_ws/install/lower_level_controller/share/lower_level_controller/lower_level_controller
[43.384s] -- Installing: /ros2_ws/install/lower_level_controller/share/lower_level_controller/lower_level_controller/ModbusDevice.h
[43.384s] -- Installing: /ros2_ws/install/lower_level_controller/share/lower_level_controller/lower_level_controller/AHighLevelController.h
[43.384s] -- Installing: /ros2_ws/install/lower_level_controller/share/lower_level_controller/lower_level_controller/ModbusController.h
[43.385s] -- Installing: /ros2_ws/install/lower_level_controller/share/lower_level_controller/lower_level_controller/LowerLevelInterface.h
[43.385s] -- Installing: /ros2_ws/install/lower_level_controller/share/lower_level_controller/lower_level_controller/Client.h
[43.385s] -- Installing: /ros2_ws/install/lower_level_controller/share/lower_level_controller/lower_level_controller/Utilities.h
[43.385s] -- Installing: /ros2_ws/install/lower_level_controller/share/lower_level_controller/lower_level_controller/LowerLevelComputations.h
[43.385s] -- Installing: /ros2_ws/install/lower_level_controller/share/lower_level_controller/lower_level_controller/RosClass.h
[43.385s] -- Installing: /ros2_ws/install/lower_level_controller/share/ament_index/resource_index/package_run_dependencies/lower_level_controller
[43.386s] -- Installing: /ros2_ws/install/lower_level_controller/share/ament_index/resource_index/parent_prefix_path/lower_level_controller
[43.386s] -- Installing: /ros2_ws/install/lower_level_controller/share/lower_level_controller/environment/ament_prefix_path.sh
[43.386s] -- Installing: /ros2_ws/install/lower_level_controller/share/lower_level_controller/environment/ament_prefix_path.dsv
[43.386s] -- Installing: /ros2_ws/install/lower_level_controller/share/lower_level_controller/environment/path.sh
[43.387s] -- Installing: /ros2_ws/install/lower_level_controller/share/lower_level_controller/environment/path.dsv
[43.387s] -- Installing: /ros2_ws/install/lower_level_controller/share/lower_level_controller/local_setup.bash
[43.387s] -- Installing: /ros2_ws/install/lower_level_controller/share/lower_level_controller/local_setup.sh
[43.387s] -- Installing: /ros2_ws/install/lower_level_controller/share/lower_level_controller/local_setup.zsh
[43.387s] -- Installing: /ros2_ws/install/lower_level_controller/share/lower_level_controller/local_setup.dsv
[43.387s] -- Installing: /ros2_ws/install/lower_level_controller/share/lower_level_controller/package.dsv
[43.388s] -- Installing: /ros2_ws/install/lower_level_controller/share/ament_index/resource_index/packages/lower_level_controller
[43.388s] -- Installing: /ros2_ws/install/lower_level_controller/share/lower_level_controller/cmake/lower_level_controllerConfig.cmake
[43.388s] -- Installing: /ros2_ws/install/lower_level_controller/share/lower_level_controller/cmake/lower_level_controllerConfig-version.cmake
[43.388s] -- Installing: /ros2_ws/install/lower_level_controller/share/lower_level_controller/package.xml
[43.393s] Invoked command in '/ros2_ws/build/lower_level_controller' returned '0': CMAKE_PREFIX_PATH=/ros2_ws/install/wms_data:/ros2_ws/install/lift_action:/ros2_ws/install/anscer_msgs:/ros2_ws/install/start_robot_bringup:/ros2_ws/install/anscer_agv_bringup:/ros2_ws/install/lower_level_controller:/ros2_ws/install/twist_mux:/ros2_ws/install/tag_monitor:/ros2_ws/install/rosbridge_server:/ros2_ws/install/robot_pose_publisher:/ros2_ws/install/reader_modules:/ros2_ws/install/qr_navigation:/ros2_ws/install/qr_mission_scheduler:/ros2_ws/install/power_control:/ros2_ws/install/navigation_speed_control:/ros2_ws/install/graph_visual_control:/ros2_ws/install/graph_server:/ros2_ws/install/global_path_graph_planner:/ros2_ws/install/global_path_graph:/ros2_ws/install/graph_creator:/ros2_ws/install/graph_creator_msgs:/ros2_ws/install/graph_control:/ros2_ws/install/graph_msgs:/ros2_ws/install/graph_creator_rviz_plugin:/ros2_ws/install/emergency_handler:/ros2_ws/install/brake_action:/ros2_ws/install/anscer_teleop:/ros2_ws/install/acr_robot_controller:/ros2_ws/install/anscer_description:/opt/ros/humble LD_LIBRARY_PATH=/ros2_ws/install/wms_data/lib:/ros2_ws/install/lift_action/lib:/ros2_ws/install/anscer_msgs/lib:/ros2_ws/install/twist_mux/lib:/ros2_ws/install/rosbridge_server/lib:/ros2_ws/install/qr_navigation/lib:/ros2_ws/install/qr_mission_scheduler/lib:/ros2_ws/install/global_path_graph_planner/lib:/ros2_ws/install/global_path_graph/lib:/ros2_ws/install/graph_creator/lib:/ros2_ws/install/graph_creator_msgs/lib:/ros2_ws/install/graph_control/lib:/ros2_ws/install/graph_msgs/lib:/ros2_ws/install/graph_creator_rviz_plugin/lib:/opt/ros/humble/opt/rviz_ogre_vendor/lib:/opt/ros/humble/lib/aarch64-linux-gnu:/opt/ros/humble/lib /usr/bin/cmake --install /ros2_ws/build/lower_level_controller
