-- The C compiler identification is GNU 11.4.0
-- The CXX compiler identification is GNU 11.4.0
-- Detecting C compiler ABI info
-- Detecting C compiler ABI info - done
-- Check for working C compiler: /usr/bin/cc - skipped
-- Detecting C compile features
-- Detecting C compile features - done
-- Detecting CXX compiler ABI info
-- Detecting CXX compiler ABI info - done
-- Check for working CXX compiler: /usr/bin/c++ - skipped
-- Detecting CXX compile features
-- Detecting CXX compile features - done
-- Found ament_cmake: 1.3.12 (/opt/ros/humble/share/ament_cmake/cmake)
-- Found Python3: /usr/bin/python3 (found version "3.10.12") found components: Interpreter 
-- Found rosidl_default_generators: 1.2.0 (/opt/ros/humble/share/rosidl_default_generators/cmake)
-- Using all available rosidl_typesupport_c: rosidl_typesupport_fastrtps_c;rosidl_typesupport_introspection_c
-- Found rosidl_adapter: 3.1.7 (/opt/ros/humble/share/rosidl_adapter/cmake)
-- Using all available rosidl_typesupport_cpp: rosidl_typesupport_fastrtps_cpp;rosidl_typesupport_introspection_cpp
-- Found geometry_msgs: 4.9.0 (/opt/ros/humble/share/geometry_msgs/cmake)
-- Found nav_msgs: 4.9.0 (/opt/ros/humble/share/nav_msgs/cmake)
-- Found ament_cmake_ros: 0.10.0 (/opt/ros/humble/share/ament_cmake_ros/cmake)
-- Using all available rosidl_typesupport_c: rosidl_typesupport_fastrtps_c;rosidl_typesupport_introspection_c
-- Using all available rosidl_typesupport_cpp: rosidl_typesupport_fastrtps_cpp;rosidl_typesupport_introspection_cpp
-- Found PythonInterp: /usr/bin/python3 (found suitable version "3.10.12", minimum required is "3.6") 
-- Found python_cmake_module: 0.10.0 (/opt/ros/humble/share/python_cmake_module/cmake)
-- Found PythonLibs: /usr/lib/aarch64-linux-gnu/libpython3.10.so (found suitable version "3.10.12", minimum required is "3.5") 
-- Using PYTHON_EXECUTABLE: /usr/bin/python3
-- Using PYTHON_INCLUDE_DIRS: /usr/include/python3.10
-- Using PYTHON_LIBRARIES: /usr/lib/aarch64-linux-gnu/libpython3.10.so
-- Found PythonExtra: .so  
-- Found ament_lint_auto: 0.12.14 (/opt/ros/humble/share/ament_lint_auto/cmake)
-- Added test 'copyright' to check source files copyright and LICENSE
-- Added test 'lint_cmake' to check CMake code style
-- Added test 'xmllint' to check XML markup files
-- Configuring done
-- Generating done
-- Build files have been written to: /ros2_ws/build/graph_msgs
[  1%] [34m[1mGenerating C code for ROS interfaces[0m
[  2%] [34m[1mGenerating C++ code for ROS interfaces[0m
[  2%] Built target ament_cmake_python_copy_graph_msgs
running egg_info
creating graph_msgs.egg-info
writing graph_msgs.egg-info/PKG-INFO
writing dependency_links to graph_msgs.egg-info/dependency_links.txt
writing top-level names to graph_msgs.egg-info/top_level.txt
writing manifest file 'graph_msgs.egg-info/SOURCES.txt'
reading manifest file 'graph_msgs.egg-info/SOURCES.txt'
writing manifest file 'graph_msgs.egg-info/SOURCES.txt'
[  2%] Built target ament_cmake_python_build_graph_msgs_egg
[  2%] Built target graph_msgs__cpp
[  3%] [34m[1mGenerating C++ type support dispatch for ROS interfaces[0m
[  4%] [34m[1mGenerating C++ type support for eProsima Fast-RTPS[0m
[  5%] [34m[1mGenerating C++ introspection for ROS interfaces[0m
[  6%] [32mBuilding C object CMakeFiles/graph_msgs__rosidl_generator_c.dir/rosidl_generator_c/graph_msgs/msg/detail/property__functions.c.o[0m
[  7%] [32mBuilding C object CMakeFiles/graph_msgs__rosidl_generator_c.dir/rosidl_generator_c/graph_msgs/msg/detail/edge__functions.c.o[0m
[  8%] [32mBuilding C object CMakeFiles/graph_msgs__rosidl_generator_c.dir/rosidl_generator_c/graph_msgs/msg/detail/vertex__functions.c.o[0m
[  9%] [32mBuilding C object CMakeFiles/graph_msgs__rosidl_generator_c.dir/rosidl_generator_c/graph_msgs/msg/detail/graph_meta_data__functions.c.o[0m
[ 10%] [32mBuilding C object CMakeFiles/graph_msgs__rosidl_generator_c.dir/rosidl_generator_c/graph_msgs/msg/detail/graph__functions.c.o[0m
[ 11%] [32mBuilding C object CMakeFiles/graph_msgs__rosidl_generator_c.dir/rosidl_generator_c/graph_msgs/srv/detail/save_graph__functions.c.o[0m
[ 12%] [32mBuilding C object CMakeFiles/graph_msgs__rosidl_generator_c.dir/rosidl_generator_c/graph_msgs/srv/detail/load_graph__functions.c.o[0m
[ 13%] [32mBuilding C object CMakeFiles/graph_msgs__rosidl_generator_c.dir/rosidl_generator_c/graph_msgs/srv/detail/get_graph__functions.c.o[0m
[ 14%] [32mBuilding C object CMakeFiles/graph_msgs__rosidl_generator_c.dir/rosidl_generator_c/graph_msgs/srv/detail/get_graph_plan__functions.c.o[0m
[ 15%] [32m[1mLinking C shared library libgraph_msgs__rosidl_generator_c.so[0m
[ 15%] Built target graph_msgs__rosidl_generator_c
[ 16%] [34m[1mGenerating C type support for eProsima Fast-RTPS[0m
[ 17%] [34m[1mGenerating C type support dispatch for ROS interfaces[0m
[ 18%] [34m[1mGenerating C introspection for ROS interfaces[0m
[ 20%] [32mBuilding CXX object CMakeFiles/graph_msgs__rosidl_typesupport_cpp.dir/rosidl_typesupport_cpp/graph_msgs/msg/property__type_support.cpp.o[0m
[ 21%] [32mBuilding CXX object CMakeFiles/graph_msgs__rosidl_typesupport_cpp.dir/rosidl_typesupport_cpp/graph_msgs/msg/vertex__type_support.cpp.o[0m
[ 22%] [32mBuilding CXX object CMakeFiles/graph_msgs__rosidl_typesupport_cpp.dir/rosidl_typesupport_cpp/graph_msgs/msg/edge__type_support.cpp.o[0m
[ 23%] [32mBuilding CXX object CMakeFiles/graph_msgs__rosidl_typesupport_cpp.dir/rosidl_typesupport_cpp/graph_msgs/msg/graph_meta_data__type_support.cpp.o[0m
[ 24%] [32mBuilding CXX object CMakeFiles/graph_msgs__rosidl_typesupport_cpp.dir/rosidl_typesupport_cpp/graph_msgs/msg/graph__type_support.cpp.o[0m
[ 25%] [32mBuilding CXX object CMakeFiles/graph_msgs__rosidl_typesupport_cpp.dir/rosidl_typesupport_cpp/graph_msgs/srv/get_graph__type_support.cpp.o[0m
[ 26%] [32mBuilding CXX object CMakeFiles/graph_msgs__rosidl_typesupport_introspection_cpp.dir/rosidl_typesupport_introspection_cpp/graph_msgs/msg/detail/property__type_support.cpp.o[0m
[ 27%] [32mBuilding CXX object CMakeFiles/graph_msgs__rosidl_typesupport_introspection_cpp.dir/rosidl_typesupport_introspection_cpp/graph_msgs/msg/detail/vertex__type_support.cpp.o[0m
[ 28%] [32mBuilding CXX object CMakeFiles/graph_msgs__rosidl_typesupport_fastrtps_c.dir/rosidl_typesupport_fastrtps_c/graph_msgs/msg/detail/property__type_support_c.cpp.o[0m
[ 29%] [32mBuilding CXX object CMakeFiles/graph_msgs__rosidl_typesupport_c.dir/rosidl_typesupport_c/graph_msgs/msg/property__type_support.cpp.o[0m
[ 30%] [32mBuilding CXX object CMakeFiles/graph_msgs__rosidl_typesupport_fastrtps_c.dir/rosidl_typesupport_fastrtps_c/graph_msgs/msg/detail/vertex__type_support_c.cpp.o[0m
[ 31%] [32mBuilding CXX object CMakeFiles/graph_msgs__rosidl_typesupport_cpp.dir/rosidl_typesupport_cpp/graph_msgs/srv/save_graph__type_support.cpp.o[0m
[ 32%] [32mBuilding CXX object CMakeFiles/graph_msgs__rosidl_typesupport_c.dir/rosidl_typesupport_c/graph_msgs/msg/vertex__type_support.cpp.o[0m
[ 33%] [32mBuilding CXX object CMakeFiles/graph_msgs__rosidl_typesupport_cpp.dir/rosidl_typesupport_cpp/graph_msgs/srv/load_graph__type_support.cpp.o[0m
[ 34%] [32mBuilding CXX object CMakeFiles/graph_msgs__rosidl_typesupport_cpp.dir/rosidl_typesupport_cpp/graph_msgs/srv/get_graph_plan__type_support.cpp.o[0m
[ 35%] [32mBuilding C object CMakeFiles/graph_msgs__rosidl_typesupport_introspection_c.dir/rosidl_typesupport_introspection_c/graph_msgs/msg/detail/property__type_support.c.o[0m
[ 36%] [32mBuilding CXX object CMakeFiles/graph_msgs__rosidl_typesupport_c.dir/rosidl_typesupport_c/graph_msgs/msg/edge__type_support.cpp.o[0m
[ 37%] [32mBuilding CXX object CMakeFiles/graph_msgs__rosidl_typesupport_c.dir/rosidl_typesupport_c/graph_msgs/msg/graph_meta_data__type_support.cpp.o[0m
[ 38%] [32mBuilding CXX object CMakeFiles/graph_msgs__rosidl_typesupport_fastrtps_c.dir/rosidl_typesupport_fastrtps_c/graph_msgs/msg/detail/edge__type_support_c.cpp.o[0m
[ 41%] [32mBuilding CXX object CMakeFiles/graph_msgs__rosidl_typesupport_c.dir/rosidl_typesupport_c/graph_msgs/msg/graph__type_support.cpp.o[0m
[ 41%] [32mBuilding CXX object CMakeFiles/graph_msgs__rosidl_typesupport_c.dir/rosidl_typesupport_c/graph_msgs/srv/get_graph__type_support.cpp.o[0m
[ 42%] [32mBuilding C object CMakeFiles/graph_msgs__rosidl_typesupport_introspection_c.dir/rosidl_typesupport_introspection_c/graph_msgs/msg/detail/vertex__type_support.c.o[0m
[ 43%] [32mBuilding CXX object CMakeFiles/graph_msgs__rosidl_typesupport_c.dir/rosidl_typesupport_c/graph_msgs/srv/save_graph__type_support.cpp.o[0m
[ 44%] [32mBuilding CXX object CMakeFiles/graph_msgs__rosidl_typesupport_c.dir/rosidl_typesupport_c/graph_msgs/srv/load_graph__type_support.cpp.o[0m
[ 45%] [32mBuilding C object CMakeFiles/graph_msgs__rosidl_typesupport_introspection_c.dir/rosidl_typesupport_introspection_c/graph_msgs/msg/detail/edge__type_support.c.o[0m
[ 46%] [32mBuilding CXX object CMakeFiles/graph_msgs__rosidl_typesupport_c.dir/rosidl_typesupport_c/graph_msgs/srv/get_graph_plan__type_support.cpp.o[0m
[ 47%] [32mBuilding C object CMakeFiles/graph_msgs__rosidl_typesupport_introspection_c.dir/rosidl_typesupport_introspection_c/graph_msgs/msg/detail/graph_meta_data__type_support.c.o[0m
[ 48%] [32mBuilding CXX object CMakeFiles/graph_msgs__rosidl_typesupport_introspection_cpp.dir/rosidl_typesupport_introspection_cpp/graph_msgs/msg/detail/edge__type_support.cpp.o[0m
[ 49%] [32mBuilding CXX object CMakeFiles/graph_msgs__rosidl_typesupport_fastrtps_c.dir/rosidl_typesupport_fastrtps_c/graph_msgs/msg/detail/graph_meta_data__type_support_c.cpp.o[0m
[ 50%] [32mBuilding C object CMakeFiles/graph_msgs__rosidl_typesupport_introspection_c.dir/rosidl_typesupport_introspection_c/graph_msgs/msg/detail/graph__type_support.c.o[0m
[ 51%] [32mBuilding CXX object CMakeFiles/graph_msgs__rosidl_typesupport_introspection_cpp.dir/rosidl_typesupport_introspection_cpp/graph_msgs/msg/detail/graph_meta_data__type_support.cpp.o[0m
[ 52%] [32m[1mLinking CXX shared library libgraph_msgs__rosidl_typesupport_c.so[0m
[ 52%] Built target graph_msgs__rosidl_typesupport_c
[ 53%] [32mBuilding C object CMakeFiles/graph_msgs__rosidl_typesupport_introspection_c.dir/rosidl_typesupport_introspection_c/graph_msgs/srv/detail/get_graph__type_support.c.o[0m
[ 54%] [32mBuilding C object CMakeFiles/graph_msgs__rosidl_typesupport_introspection_c.dir/rosidl_typesupport_introspection_c/graph_msgs/srv/detail/save_graph__type_support.c.o[0m
[ 55%] [32mBuilding C object CMakeFiles/graph_msgs__rosidl_typesupport_introspection_c.dir/rosidl_typesupport_introspection_c/graph_msgs/srv/detail/load_graph__type_support.c.o[0m
[ 57%] [32mBuilding CXX object CMakeFiles/graph_msgs__rosidl_typesupport_introspection_cpp.dir/rosidl_typesupport_introspection_cpp/graph_msgs/msg/detail/graph__type_support.cpp.o[0m
[ 58%] [32mBuilding CXX object CMakeFiles/graph_msgs__rosidl_typesupport_introspection_cpp.dir/rosidl_typesupport_introspection_cpp/graph_msgs/srv/detail/get_graph__type_support.cpp.o[0m
[ 58%] [32mBuilding CXX object CMakeFiles/graph_msgs__rosidl_typesupport_fastrtps_c.dir/rosidl_typesupport_fastrtps_c/graph_msgs/msg/detail/graph__type_support_c.cpp.o[0m
[ 60%] [32mBuilding C object CMakeFiles/graph_msgs__rosidl_typesupport_introspection_c.dir/rosidl_typesupport_introspection_c/graph_msgs/srv/detail/get_graph_plan__type_support.c.o[0m
[ 61%] [32m[1mLinking C shared library libgraph_msgs__rosidl_typesupport_introspection_c.so[0m
[ 62%] [32mBuilding CXX object CMakeFiles/graph_msgs__rosidl_typesupport_introspection_cpp.dir/rosidl_typesupport_introspection_cpp/graph_msgs/srv/detail/save_graph__type_support.cpp.o[0m
[ 62%] Built target graph_msgs__rosidl_typesupport_introspection_c
[ 63%] [32mBuilding CXX object CMakeFiles/graph_msgs__rosidl_typesupport_introspection_cpp.dir/rosidl_typesupport_introspection_cpp/graph_msgs/srv/detail/load_graph__type_support.cpp.o[0m
[ 64%] [32mBuilding CXX object CMakeFiles/graph_msgs__rosidl_typesupport_fastrtps_cpp.dir/rosidl_typesupport_fastrtps_cpp/graph_msgs/msg/detail/dds_fastrtps/property__type_support.cpp.o[0m
[ 65%] [32mBuilding CXX object CMakeFiles/graph_msgs__rosidl_typesupport_fastrtps_c.dir/rosidl_typesupport_fastrtps_c/graph_msgs/srv/detail/get_graph__type_support_c.cpp.o[0m
[ 67%] [32mBuilding CXX object CMakeFiles/graph_msgs__rosidl_typesupport_fastrtps_c.dir/rosidl_typesupport_fastrtps_c/graph_msgs/srv/detail/save_graph__type_support_c.cpp.o[0m
[ 67%] [32mBuilding CXX object CMakeFiles/graph_msgs__rosidl_typesupport_fastrtps_c.dir/rosidl_typesupport_fastrtps_c/graph_msgs/srv/detail/load_graph__type_support_c.cpp.o[0m
[ 68%] [32m[1mLinking CXX shared library libgraph_msgs__rosidl_typesupport_cpp.so[0m
[ 69%] [32mBuilding CXX object CMakeFiles/graph_msgs__rosidl_typesupport_introspection_cpp.dir/rosidl_typesupport_introspection_cpp/graph_msgs/srv/detail/get_graph_plan__type_support.cpp.o[0m
[ 70%] [32mBuilding CXX object CMakeFiles/graph_msgs__rosidl_typesupport_fastrtps_c.dir/rosidl_typesupport_fastrtps_c/graph_msgs/srv/detail/get_graph_plan__type_support_c.cpp.o[0m
[ 70%] Built target graph_msgs__rosidl_typesupport_cpp
[ 72%] [32mBuilding CXX object CMakeFiles/graph_msgs__rosidl_typesupport_fastrtps_cpp.dir/rosidl_typesupport_fastrtps_cpp/graph_msgs/msg/detail/dds_fastrtps/edge__type_support.cpp.o[0m
[ 72%] [32mBuilding CXX object CMakeFiles/graph_msgs__rosidl_typesupport_fastrtps_cpp.dir/rosidl_typesupport_fastrtps_cpp/graph_msgs/msg/detail/dds_fastrtps/vertex__type_support.cpp.o[0m
[ 73%] [32mBuilding CXX object CMakeFiles/graph_msgs__rosidl_typesupport_fastrtps_cpp.dir/rosidl_typesupport_fastrtps_cpp/graph_msgs/msg/detail/dds_fastrtps/graph_meta_data__type_support.cpp.o[0m
[ 74%] [32mBuilding CXX object CMakeFiles/graph_msgs__rosidl_typesupport_fastrtps_cpp.dir/rosidl_typesupport_fastrtps_cpp/graph_msgs/msg/detail/dds_fastrtps/graph__type_support.cpp.o[0m
[ 75%] [32mBuilding CXX object CMakeFiles/graph_msgs__rosidl_typesupport_fastrtps_cpp.dir/rosidl_typesupport_fastrtps_cpp/graph_msgs/srv/detail/dds_fastrtps/get_graph__type_support.cpp.o[0m
[ 76%] [32m[1mLinking CXX shared library libgraph_msgs__rosidl_typesupport_fastrtps_c.so[0m
[ 76%] Built target graph_msgs__rosidl_typesupport_fastrtps_c
[ 77%] [32mBuilding CXX object CMakeFiles/graph_msgs__rosidl_typesupport_fastrtps_cpp.dir/rosidl_typesupport_fastrtps_cpp/graph_msgs/srv/detail/dds_fastrtps/get_graph_plan__type_support.cpp.o[0m
[ 78%] [32m[1mLinking CXX shared library libgraph_msgs__rosidl_typesupport_introspection_cpp.so[0m
[ 78%] Built target graph_msgs__rosidl_typesupport_introspection_cpp
[ 80%] [32mBuilding CXX object CMakeFiles/graph_msgs__rosidl_typesupport_fastrtps_cpp.dir/rosidl_typesupport_fastrtps_cpp/graph_msgs/srv/detail/dds_fastrtps/load_graph__type_support.cpp.o[0m
[ 81%] [32mBuilding CXX object CMakeFiles/graph_msgs__rosidl_typesupport_fastrtps_cpp.dir/rosidl_typesupport_fastrtps_cpp/graph_msgs/srv/detail/dds_fastrtps/save_graph__type_support.cpp.o[0m
[ 82%] [32m[1mLinking CXX shared library libgraph_msgs__rosidl_typesupport_fastrtps_cpp.so[0m
[ 82%] Built target graph_msgs__rosidl_typesupport_fastrtps_cpp
[ 82%] Built target graph_msgs
[ 83%] [34m[1mGenerating Python code for ROS interfaces[0m
[ 83%] Built target graph_msgs__py
[ 84%] [32mBuilding C object CMakeFiles/graph_msgs__rosidl_generator_py.dir/rosidl_generator_py/graph_msgs/msg/_property_s.c.o[0m
[ 85%] [32mBuilding C object CMakeFiles/graph_msgs__rosidl_generator_py.dir/rosidl_generator_py/graph_msgs/srv/_get_graph_plan_s.c.o[0m
[ 86%] [32mBuilding C object CMakeFiles/graph_msgs__rosidl_generator_py.dir/rosidl_generator_py/graph_msgs/srv/_load_graph_s.c.o[0m
[ 87%] [32mBuilding C object CMakeFiles/graph_msgs__rosidl_generator_py.dir/rosidl_generator_py/graph_msgs/srv/_save_graph_s.c.o[0m
[ 88%] [32mBuilding C object CMakeFiles/graph_msgs__rosidl_generator_py.dir/rosidl_generator_py/graph_msgs/srv/_get_graph_s.c.o[0m
[ 89%] [32mBuilding C object CMakeFiles/graph_msgs__rosidl_generator_py.dir/rosidl_generator_py/graph_msgs/msg/_graph_s.c.o[0m
[ 90%] [32mBuilding C object CMakeFiles/graph_msgs__rosidl_generator_py.dir/rosidl_generator_py/graph_msgs/msg/_graph_meta_data_s.c.o[0m
[ 91%] [32mBuilding C object CMakeFiles/graph_msgs__rosidl_generator_py.dir/rosidl_generator_py/graph_msgs/msg/_edge_s.c.o[0m
[ 92%] [32mBuilding C object CMakeFiles/graph_msgs__rosidl_generator_py.dir/rosidl_generator_py/graph_msgs/msg/_vertex_s.c.o[0m
[ 93%] [32m[1mLinking C shared library rosidl_generator_py/graph_msgs/libgraph_msgs__rosidl_generator_py.so[0m
[ 93%] Built target graph_msgs__rosidl_generator_py
[ 94%] [32mBuilding C object CMakeFiles/graph_msgs__rosidl_typesupport_fastrtps_c__pyext.dir/rosidl_generator_py/graph_msgs/_graph_msgs_s.ep.rosidl_typesupport_fastrtps_c.c.o[0m
[ 95%] [32m[1mLinking C shared library rosidl_generator_py/graph_msgs/graph_msgs_s__rosidl_typesupport_fastrtps_c.cpython-310-aarch64-linux-gnu.so[0m
[ 95%] Built target graph_msgs__rosidl_typesupport_fastrtps_c__pyext
[ 96%] [32mBuilding C object CMakeFiles/graph_msgs__rosidl_typesupport_c__pyext.dir/rosidl_generator_py/graph_msgs/_graph_msgs_s.ep.rosidl_typesupport_c.c.o[0m
[ 97%] [32m[1mLinking C shared library rosidl_generator_py/graph_msgs/graph_msgs_s__rosidl_typesupport_c.cpython-310-aarch64-linux-gnu.so[0m
[ 97%] Built target graph_msgs__rosidl_typesupport_c__pyext
[ 98%] [32mBuilding C object CMakeFiles/graph_msgs__rosidl_typesupport_introspection_c__pyext.dir/rosidl_generator_py/graph_msgs/_graph_msgs_s.ep.rosidl_typesupport_introspection_c.c.o[0m
[100%] [32m[1mLinking C shared library rosidl_generator_py/graph_msgs/graph_msgs_s__rosidl_typesupport_introspection_c.cpython-310-aarch64-linux-gnu.so[0m
[100%] Built target graph_msgs__rosidl_typesupport_introspection_c__pyext
-- Install configuration: ""
-- Installing: /ros2_ws/install/graph_msgs/share/ament_index/resource_index/rosidl_interfaces/graph_msgs
-- Installing: /ros2_ws/install/graph_msgs/include/graph_msgs/graph_msgs
-- Installing: /ros2_ws/install/graph_msgs/include/graph_msgs/graph_msgs/msg
-- Installing: /ros2_ws/install/graph_msgs/include/graph_msgs/graph_msgs/msg/property.h
-- Installing: /ros2_ws/install/graph_msgs/include/graph_msgs/graph_msgs/msg/vertex.h
-- Installing: /ros2_ws/install/graph_msgs/include/graph_msgs/graph_msgs/msg/graph_meta_data.h
-- Installing: /ros2_ws/install/graph_msgs/include/graph_msgs/graph_msgs/msg/detail
-- Installing: /ros2_ws/install/graph_msgs/include/graph_msgs/graph_msgs/msg/detail/vertex__functions.c
-- Installing: /ros2_ws/install/graph_msgs/include/graph_msgs/graph_msgs/msg/detail/property__functions.c
-- Installing: /ros2_ws/install/graph_msgs/include/graph_msgs/graph_msgs/msg/detail/edge__functions.c
-- Installing: /ros2_ws/install/graph_msgs/include/graph_msgs/graph_msgs/msg/detail/graph_meta_data__functions.h
-- Installing: /ros2_ws/install/graph_msgs/include/graph_msgs/graph_msgs/msg/detail/edge__functions.h
-- Installing: /ros2_ws/install/graph_msgs/include/graph_msgs/graph_msgs/msg/detail/graph_meta_data__struct.h
-- Installing: /ros2_ws/install/graph_msgs/include/graph_msgs/graph_msgs/msg/detail/graph__functions.h
-- Installing: /ros2_ws/install/graph_msgs/include/graph_msgs/graph_msgs/msg/detail/graph_meta_data__type_support.h
-- Installing: /ros2_ws/install/graph_msgs/include/graph_msgs/graph_msgs/msg/detail/vertex__struct.h
-- Installing: /ros2_ws/install/graph_msgs/include/graph_msgs/graph_msgs/msg/detail/property__functions.h
-- Installing: /ros2_ws/install/graph_msgs/include/graph_msgs/graph_msgs/msg/detail/graph__struct.h
-- Installing: /ros2_ws/install/graph_msgs/include/graph_msgs/graph_msgs/msg/detail/property__type_support.h
-- Installing: /ros2_ws/install/graph_msgs/include/graph_msgs/graph_msgs/msg/detail/edge__type_support.h
-- Installing: /ros2_ws/install/graph_msgs/include/graph_msgs/graph_msgs/msg/detail/vertex__type_support.h
-- Installing: /ros2_ws/install/graph_msgs/include/graph_msgs/graph_msgs/msg/detail/graph__functions.c
-- Installing: /ros2_ws/install/graph_msgs/include/graph_msgs/graph_msgs/msg/detail/property__struct.h
-- Installing: /ros2_ws/install/graph_msgs/include/graph_msgs/graph_msgs/msg/detail/graph__type_support.h
-- Installing: /ros2_ws/install/graph_msgs/include/graph_msgs/graph_msgs/msg/detail/edge__struct.h
-- Installing: /ros2_ws/install/graph_msgs/include/graph_msgs/graph_msgs/msg/detail/vertex__functions.h
-- Installing: /ros2_ws/install/graph_msgs/include/graph_msgs/graph_msgs/msg/detail/graph_meta_data__functions.c
-- Installing: /ros2_ws/install/graph_msgs/include/graph_msgs/graph_msgs/msg/rosidl_generator_c__visibility_control.h
-- Installing: /ros2_ws/install/graph_msgs/include/graph_msgs/graph_msgs/msg/edge.h
-- Installing: /ros2_ws/install/graph_msgs/include/graph_msgs/graph_msgs/msg/graph.h
-- Installing: /ros2_ws/install/graph_msgs/include/graph_msgs/graph_msgs/srv
-- Installing: /ros2_ws/install/graph_msgs/include/graph_msgs/graph_msgs/srv/save_graph.h
-- Installing: /ros2_ws/install/graph_msgs/include/graph_msgs/graph_msgs/srv/detail
-- Installing: /ros2_ws/install/graph_msgs/include/graph_msgs/graph_msgs/srv/detail/get_graph__type_support.h
-- Installing: /ros2_ws/install/graph_msgs/include/graph_msgs/graph_msgs/srv/detail/save_graph__type_support.h
-- Installing: /ros2_ws/install/graph_msgs/include/graph_msgs/graph_msgs/srv/detail/get_graph__functions.c
-- Installing: /ros2_ws/install/graph_msgs/include/graph_msgs/graph_msgs/srv/detail/load_graph__functions.h
-- Installing: /ros2_ws/install/graph_msgs/include/graph_msgs/graph_msgs/srv/detail/save_graph__functions.h
-- Installing: /ros2_ws/install/graph_msgs/include/graph_msgs/graph_msgs/srv/detail/save_graph__functions.c
-- Installing: /ros2_ws/install/graph_msgs/include/graph_msgs/graph_msgs/srv/detail/load_graph__functions.c
-- Installing: /ros2_ws/install/graph_msgs/include/graph_msgs/graph_msgs/srv/detail/load_graph__type_support.h
-- Installing: /ros2_ws/install/graph_msgs/include/graph_msgs/graph_msgs/srv/detail/get_graph_plan__struct.h
-- Installing: /ros2_ws/install/graph_msgs/include/graph_msgs/graph_msgs/srv/detail/save_graph__struct.h
-- Installing: /ros2_ws/install/graph_msgs/include/graph_msgs/graph_msgs/srv/detail/get_graph_plan__functions.c
-- Installing: /ros2_ws/install/graph_msgs/include/graph_msgs/graph_msgs/srv/detail/get_graph_plan__type_support.h
-- Installing: /ros2_ws/install/graph_msgs/include/graph_msgs/graph_msgs/srv/detail/load_graph__struct.h
-- Installing: /ros2_ws/install/graph_msgs/include/graph_msgs/graph_msgs/srv/detail/get_graph_plan__functions.h
-- Installing: /ros2_ws/install/graph_msgs/include/graph_msgs/graph_msgs/srv/detail/get_graph__functions.h
-- Installing: /ros2_ws/install/graph_msgs/include/graph_msgs/graph_msgs/srv/detail/get_graph__struct.h
-- Installing: /ros2_ws/install/graph_msgs/include/graph_msgs/graph_msgs/srv/load_graph.h
-- Installing: /ros2_ws/install/graph_msgs/include/graph_msgs/graph_msgs/srv/get_graph_plan.h
-- Installing: /ros2_ws/install/graph_msgs/include/graph_msgs/graph_msgs/srv/get_graph.h
-- Installing: /ros2_ws/install/graph_msgs/share/graph_msgs/environment/library_path.sh
-- Installing: /ros2_ws/install/graph_msgs/share/graph_msgs/environment/library_path.dsv
-- Installing: /ros2_ws/install/graph_msgs/lib/libgraph_msgs__rosidl_generator_c.so
-- Set runtime path of "/ros2_ws/install/graph_msgs/lib/libgraph_msgs__rosidl_generator_c.so" to ""
-- Up-to-date: /ros2_ws/install/graph_msgs/include/graph_msgs/graph_msgs
-- Up-to-date: /ros2_ws/install/graph_msgs/include/graph_msgs/graph_msgs/msg
-- Up-to-date: /ros2_ws/install/graph_msgs/include/graph_msgs/graph_msgs/msg/detail
-- Installing: /ros2_ws/install/graph_msgs/include/graph_msgs/graph_msgs/msg/detail/graph__rosidl_typesupport_fastrtps_c.h
-- Installing: /ros2_ws/install/graph_msgs/include/graph_msgs/graph_msgs/msg/detail/graph_meta_data__rosidl_typesupport_fastrtps_c.h
-- Installing: /ros2_ws/install/graph_msgs/include/graph_msgs/graph_msgs/msg/detail/property__rosidl_typesupport_fastrtps_c.h
-- Installing: /ros2_ws/install/graph_msgs/include/graph_msgs/graph_msgs/msg/detail/edge__rosidl_typesupport_fastrtps_c.h
-- Installing: /ros2_ws/install/graph_msgs/include/graph_msgs/graph_msgs/msg/detail/vertex__rosidl_typesupport_fastrtps_c.h
-- Installing: /ros2_ws/install/graph_msgs/include/graph_msgs/graph_msgs/msg/rosidl_typesupport_fastrtps_c__visibility_control.h
-- Up-to-date: /ros2_ws/install/graph_msgs/include/graph_msgs/graph_msgs/srv
-- Up-to-date: /ros2_ws/install/graph_msgs/include/graph_msgs/graph_msgs/srv/detail
-- Installing: /ros2_ws/install/graph_msgs/include/graph_msgs/graph_msgs/srv/detail/load_graph__rosidl_typesupport_fastrtps_c.h
-- Installing: /ros2_ws/install/graph_msgs/include/graph_msgs/graph_msgs/srv/detail/save_graph__rosidl_typesupport_fastrtps_c.h
-- Installing: /ros2_ws/install/graph_msgs/include/graph_msgs/graph_msgs/srv/detail/get_graph_plan__rosidl_typesupport_fastrtps_c.h
-- Installing: /ros2_ws/install/graph_msgs/include/graph_msgs/graph_msgs/srv/detail/get_graph__rosidl_typesupport_fastrtps_c.h
-- Installing: /ros2_ws/install/graph_msgs/lib/libgraph_msgs__rosidl_typesupport_fastrtps_c.so
-- Set runtime path of "/ros2_ws/install/graph_msgs/lib/libgraph_msgs__rosidl_typesupport_fastrtps_c.so" to ""
-- Up-to-date: /ros2_ws/install/graph_msgs/include/graph_msgs/graph_msgs
-- Up-to-date: /ros2_ws/install/graph_msgs/include/graph_msgs/graph_msgs/msg
-- Installing: /ros2_ws/install/graph_msgs/include/graph_msgs/graph_msgs/msg/rosidl_typesupport_introspection_c__visibility_control.h
-- Up-to-date: /ros2_ws/install/graph_msgs/include/graph_msgs/graph_msgs/msg/detail
-- Installing: /ros2_ws/install/graph_msgs/include/graph_msgs/graph_msgs/msg/detail/graph__type_support.c
-- Installing: /ros2_ws/install/graph_msgs/include/graph_msgs/graph_msgs/msg/detail/graph__rosidl_typesupport_introspection_c.h
-- Installing: /ros2_ws/install/graph_msgs/include/graph_msgs/graph_msgs/msg/detail/graph_meta_data__type_support.c
-- Installing: /ros2_ws/install/graph_msgs/include/graph_msgs/graph_msgs/msg/detail/edge__type_support.c
-- Installing: /ros2_ws/install/graph_msgs/include/graph_msgs/graph_msgs/msg/detail/property__rosidl_typesupport_introspection_c.h
-- Installing: /ros2_ws/install/graph_msgs/include/graph_msgs/graph_msgs/msg/detail/vertex__rosidl_typesupport_introspection_c.h
-- Installing: /ros2_ws/install/graph_msgs/include/graph_msgs/graph_msgs/msg/detail/edge__rosidl_typesupport_introspection_c.h
-- Installing: /ros2_ws/install/graph_msgs/include/graph_msgs/graph_msgs/msg/detail/property__type_support.c
-- Installing: /ros2_ws/install/graph_msgs/include/graph_msgs/graph_msgs/msg/detail/vertex__type_support.c
-- Installing: /ros2_ws/install/graph_msgs/include/graph_msgs/graph_msgs/msg/detail/graph_meta_data__rosidl_typesupport_introspection_c.h
-- Up-to-date: /ros2_ws/install/graph_msgs/include/graph_msgs/graph_msgs/srv
-- Up-to-date: /ros2_ws/install/graph_msgs/include/graph_msgs/graph_msgs/srv/detail
-- Installing: /ros2_ws/install/graph_msgs/include/graph_msgs/graph_msgs/srv/detail/get_graph_plan__rosidl_typesupport_introspection_c.h
-- Installing: /ros2_ws/install/graph_msgs/include/graph_msgs/graph_msgs/srv/detail/load_graph__rosidl_typesupport_introspection_c.h
-- Installing: /ros2_ws/install/graph_msgs/include/graph_msgs/graph_msgs/srv/detail/get_graph__type_support.c
-- Installing: /ros2_ws/install/graph_msgs/include/graph_msgs/graph_msgs/srv/detail/get_graph_plan__type_support.c
-- Installing: /ros2_ws/install/graph_msgs/include/graph_msgs/graph_msgs/srv/detail/load_graph__type_support.c
-- Installing: /ros2_ws/install/graph_msgs/include/graph_msgs/graph_msgs/srv/detail/save_graph__type_support.c
-- Installing: /ros2_ws/install/graph_msgs/include/graph_msgs/graph_msgs/srv/detail/get_graph__rosidl_typesupport_introspection_c.h
-- Installing: /ros2_ws/install/graph_msgs/include/graph_msgs/graph_msgs/srv/detail/save_graph__rosidl_typesupport_introspection_c.h
-- Installing: /ros2_ws/install/graph_msgs/lib/libgraph_msgs__rosidl_typesupport_introspection_c.so
-- Set runtime path of "/ros2_ws/install/graph_msgs/lib/libgraph_msgs__rosidl_typesupport_introspection_c.so" to ""
-- Installing: /ros2_ws/install/graph_msgs/lib/libgraph_msgs__rosidl_typesupport_c.so
-- Set runtime path of "/ros2_ws/install/graph_msgs/lib/libgraph_msgs__rosidl_typesupport_c.so" to ""
-- Up-to-date: /ros2_ws/install/graph_msgs/include/graph_msgs/graph_msgs
-- Up-to-date: /ros2_ws/install/graph_msgs/include/graph_msgs/graph_msgs/msg
-- Installing: /ros2_ws/install/graph_msgs/include/graph_msgs/graph_msgs/msg/rosidl_generator_cpp__visibility_control.hpp
-- Installing: /ros2_ws/install/graph_msgs/include/graph_msgs/graph_msgs/msg/graph_meta_data.hpp
-- Installing: /ros2_ws/install/graph_msgs/include/graph_msgs/graph_msgs/msg/edge.hpp
-- Installing: /ros2_ws/install/graph_msgs/include/graph_msgs/graph_msgs/msg/vertex.hpp
-- Up-to-date: /ros2_ws/install/graph_msgs/include/graph_msgs/graph_msgs/msg/detail
-- Installing: /ros2_ws/install/graph_msgs/include/graph_msgs/graph_msgs/msg/detail/graph_meta_data__type_support.hpp
-- Installing: /ros2_ws/install/graph_msgs/include/graph_msgs/graph_msgs/msg/detail/graph_meta_data__struct.hpp
-- Installing: /ros2_ws/install/graph_msgs/include/graph_msgs/graph_msgs/msg/detail/graph__builder.hpp
-- Installing: /ros2_ws/install/graph_msgs/include/graph_msgs/graph_msgs/msg/detail/vertex__struct.hpp
-- Installing: /ros2_ws/install/graph_msgs/include/graph_msgs/graph_msgs/msg/detail/graph__type_support.hpp
-- Installing: /ros2_ws/install/graph_msgs/include/graph_msgs/graph_msgs/msg/detail/graph_meta_data__traits.hpp
-- Installing: /ros2_ws/install/graph_msgs/include/graph_msgs/graph_msgs/msg/detail/edge__builder.hpp
-- Installing: /ros2_ws/install/graph_msgs/include/graph_msgs/graph_msgs/msg/detail/vertex__builder.hpp
-- Installing: /ros2_ws/install/graph_msgs/include/graph_msgs/graph_msgs/msg/detail/edge__type_support.hpp
-- Installing: /ros2_ws/install/graph_msgs/include/graph_msgs/graph_msgs/msg/detail/graph_meta_data__builder.hpp
-- Installing: /ros2_ws/install/graph_msgs/include/graph_msgs/graph_msgs/msg/detail/property__struct.hpp
-- Installing: /ros2_ws/install/graph_msgs/include/graph_msgs/graph_msgs/msg/detail/vertex__traits.hpp
-- Installing: /ros2_ws/install/graph_msgs/include/graph_msgs/graph_msgs/msg/detail/property__traits.hpp
-- Installing: /ros2_ws/install/graph_msgs/include/graph_msgs/graph_msgs/msg/detail/edge__struct.hpp
-- Installing: /ros2_ws/install/graph_msgs/include/graph_msgs/graph_msgs/msg/detail/graph__traits.hpp
-- Installing: /ros2_ws/install/graph_msgs/include/graph_msgs/graph_msgs/msg/detail/property__builder.hpp
-- Installing: /ros2_ws/install/graph_msgs/include/graph_msgs/graph_msgs/msg/detail/vertex__type_support.hpp
-- Installing: /ros2_ws/install/graph_msgs/include/graph_msgs/graph_msgs/msg/detail/edge__traits.hpp
-- Installing: /ros2_ws/install/graph_msgs/include/graph_msgs/graph_msgs/msg/detail/graph__struct.hpp
-- Installing: /ros2_ws/install/graph_msgs/include/graph_msgs/graph_msgs/msg/detail/property__type_support.hpp
-- Installing: /ros2_ws/install/graph_msgs/include/graph_msgs/graph_msgs/msg/graph.hpp
-- Installing: /ros2_ws/install/graph_msgs/include/graph_msgs/graph_msgs/msg/property.hpp
-- Up-to-date: /ros2_ws/install/graph_msgs/include/graph_msgs/graph_msgs/srv
-- Installing: /ros2_ws/install/graph_msgs/include/graph_msgs/graph_msgs/srv/save_graph.hpp
-- Up-to-date: /ros2_ws/install/graph_msgs/include/graph_msgs/graph_msgs/srv/detail
-- Installing: /ros2_ws/install/graph_msgs/include/graph_msgs/graph_msgs/srv/detail/get_graph__type_support.hpp
-- Installing: /ros2_ws/install/graph_msgs/include/graph_msgs/graph_msgs/srv/detail/save_graph__builder.hpp
-- Installing: /ros2_ws/install/graph_msgs/include/graph_msgs/graph_msgs/srv/detail/get_graph_plan__struct.hpp
-- Installing: /ros2_ws/install/graph_msgs/include/graph_msgs/graph_msgs/srv/detail/load_graph__type_support.hpp
-- Installing: /ros2_ws/install/graph_msgs/include/graph_msgs/graph_msgs/srv/detail/get_graph__traits.hpp
-- Installing: /ros2_ws/install/graph_msgs/include/graph_msgs/graph_msgs/srv/detail/get_graph__builder.hpp
-- Installing: /ros2_ws/install/graph_msgs/include/graph_msgs/graph_msgs/srv/detail/save_graph__type_support.hpp
-- Installing: /ros2_ws/install/graph_msgs/include/graph_msgs/graph_msgs/srv/detail/get_graph_plan__traits.hpp
-- Installing: /ros2_ws/install/graph_msgs/include/graph_msgs/graph_msgs/srv/detail/load_graph__traits.hpp
-- Installing: /ros2_ws/install/graph_msgs/include/graph_msgs/graph_msgs/srv/detail/save_graph__traits.hpp
-- Installing: /ros2_ws/install/graph_msgs/include/graph_msgs/graph_msgs/srv/detail/get_graph__struct.hpp
-- Installing: /ros2_ws/install/graph_msgs/include/graph_msgs/graph_msgs/srv/detail/get_graph_plan__builder.hpp
-- Installing: /ros2_ws/install/graph_msgs/include/graph_msgs/graph_msgs/srv/detail/save_graph__struct.hpp
-- Installing: /ros2_ws/install/graph_msgs/include/graph_msgs/graph_msgs/srv/detail/get_graph_plan__type_support.hpp
-- Installing: /ros2_ws/install/graph_msgs/include/graph_msgs/graph_msgs/srv/detail/load_graph__builder.hpp
-- Installing: /ros2_ws/install/graph_msgs/include/graph_msgs/graph_msgs/srv/detail/load_graph__struct.hpp
-- Installing: /ros2_ws/install/graph_msgs/include/graph_msgs/graph_msgs/srv/get_graph.hpp
-- Installing: /ros2_ws/install/graph_msgs/include/graph_msgs/graph_msgs/srv/load_graph.hpp
-- Installing: /ros2_ws/install/graph_msgs/include/graph_msgs/graph_msgs/srv/get_graph_plan.hpp
-- Up-to-date: /ros2_ws/install/graph_msgs/include/graph_msgs/graph_msgs
-- Up-to-date: /ros2_ws/install/graph_msgs/include/graph_msgs/graph_msgs/msg
-- Up-to-date: /ros2_ws/install/graph_msgs/include/graph_msgs/graph_msgs/msg/detail
-- Installing: /ros2_ws/install/graph_msgs/include/graph_msgs/graph_msgs/msg/detail/property__rosidl_typesupport_fastrtps_cpp.hpp
-- Installing: /ros2_ws/install/graph_msgs/include/graph_msgs/graph_msgs/msg/detail/vertex__rosidl_typesupport_fastrtps_cpp.hpp
-- Installing: /ros2_ws/install/graph_msgs/include/graph_msgs/graph_msgs/msg/detail/graph__rosidl_typesupport_fastrtps_cpp.hpp
-- Installing: /ros2_ws/install/graph_msgs/include/graph_msgs/graph_msgs/msg/detail/dds_fastrtps
-- Installing: /ros2_ws/install/graph_msgs/include/graph_msgs/graph_msgs/msg/detail/edge__rosidl_typesupport_fastrtps_cpp.hpp
-- Installing: /ros2_ws/install/graph_msgs/include/graph_msgs/graph_msgs/msg/detail/graph_meta_data__rosidl_typesupport_fastrtps_cpp.hpp
-- Installing: /ros2_ws/install/graph_msgs/include/graph_msgs/graph_msgs/msg/rosidl_typesupport_fastrtps_cpp__visibility_control.h
-- Up-to-date: /ros2_ws/install/graph_msgs/include/graph_msgs/graph_msgs/srv
-- Up-to-date: /ros2_ws/install/graph_msgs/include/graph_msgs/graph_msgs/srv/detail
-- Installing: /ros2_ws/install/graph_msgs/include/graph_msgs/graph_msgs/srv/detail/get_graph__rosidl_typesupport_fastrtps_cpp.hpp
-- Installing: /ros2_ws/install/graph_msgs/include/graph_msgs/graph_msgs/srv/detail/load_graph__rosidl_typesupport_fastrtps_cpp.hpp
-- Installing: /ros2_ws/install/graph_msgs/include/graph_msgs/graph_msgs/srv/detail/get_graph_plan__rosidl_typesupport_fastrtps_cpp.hpp
-- Installing: /ros2_ws/install/graph_msgs/include/graph_msgs/graph_msgs/srv/detail/save_graph__rosidl_typesupport_fastrtps_cpp.hpp
-- Installing: /ros2_ws/install/graph_msgs/include/graph_msgs/graph_msgs/srv/detail/dds_fastrtps
-- Installing: /ros2_ws/install/graph_msgs/lib/libgraph_msgs__rosidl_typesupport_fastrtps_cpp.so
-- Set runtime path of "/ros2_ws/install/graph_msgs/lib/libgraph_msgs__rosidl_typesupport_fastrtps_cpp.so" to ""
-- Up-to-date: /ros2_ws/install/graph_msgs/include/graph_msgs/graph_msgs
-- Up-to-date: /ros2_ws/install/graph_msgs/include/graph_msgs/graph_msgs/msg
-- Up-to-date: /ros2_ws/install/graph_msgs/include/graph_msgs/graph_msgs/msg/detail
-- Installing: /ros2_ws/install/graph_msgs/include/graph_msgs/graph_msgs/msg/detail/graph__rosidl_typesupport_introspection_cpp.hpp
-- Installing: /ros2_ws/install/graph_msgs/include/graph_msgs/graph_msgs/msg/detail/graph_meta_data__rosidl_typesupport_introspection_cpp.hpp
-- Installing: /ros2_ws/install/graph_msgs/include/graph_msgs/graph_msgs/msg/detail/edge__rosidl_typesupport_introspection_cpp.hpp
-- Installing: /ros2_ws/install/graph_msgs/include/graph_msgs/graph_msgs/msg/detail/property__type_support.cpp
-- Installing: /ros2_ws/install/graph_msgs/include/graph_msgs/graph_msgs/msg/detail/property__rosidl_typesupport_introspection_cpp.hpp
-- Installing: /ros2_ws/install/graph_msgs/include/graph_msgs/graph_msgs/msg/detail/vertex__type_support.cpp
-- Installing: /ros2_ws/install/graph_msgs/include/graph_msgs/graph_msgs/msg/detail/vertex__rosidl_typesupport_introspection_cpp.hpp
-- Installing: /ros2_ws/install/graph_msgs/include/graph_msgs/graph_msgs/msg/detail/edge__type_support.cpp
-- Installing: /ros2_ws/install/graph_msgs/include/graph_msgs/graph_msgs/msg/detail/graph_meta_data__type_support.cpp
-- Installing: /ros2_ws/install/graph_msgs/include/graph_msgs/graph_msgs/msg/detail/graph__type_support.cpp
-- Up-to-date: /ros2_ws/install/graph_msgs/include/graph_msgs/graph_msgs/srv
-- Up-to-date: /ros2_ws/install/graph_msgs/include/graph_msgs/graph_msgs/srv/detail
-- Installing: /ros2_ws/install/graph_msgs/include/graph_msgs/graph_msgs/srv/detail/load_graph__rosidl_typesupport_introspection_cpp.hpp
-- Installing: /ros2_ws/install/graph_msgs/include/graph_msgs/graph_msgs/srv/detail/load_graph__type_support.cpp
-- Installing: /ros2_ws/install/graph_msgs/include/graph_msgs/graph_msgs/srv/detail/get_graph__type_support.cpp
-- Installing: /ros2_ws/install/graph_msgs/include/graph_msgs/graph_msgs/srv/detail/get_graph_plan__rosidl_typesupport_introspection_cpp.hpp
-- Installing: /ros2_ws/install/graph_msgs/include/graph_msgs/graph_msgs/srv/detail/get_graph_plan__type_support.cpp
-- Installing: /ros2_ws/install/graph_msgs/include/graph_msgs/graph_msgs/srv/detail/get_graph__rosidl_typesupport_introspection_cpp.hpp
-- Installing: /ros2_ws/install/graph_msgs/include/graph_msgs/graph_msgs/srv/detail/save_graph__rosidl_typesupport_introspection_cpp.hpp
-- Installing: /ros2_ws/install/graph_msgs/include/graph_msgs/graph_msgs/srv/detail/save_graph__type_support.cpp
-- Installing: /ros2_ws/install/graph_msgs/lib/libgraph_msgs__rosidl_typesupport_introspection_cpp.so
-- Set runtime path of "/ros2_ws/install/graph_msgs/lib/libgraph_msgs__rosidl_typesupport_introspection_cpp.so" to ""
-- Installing: /ros2_ws/install/graph_msgs/lib/libgraph_msgs__rosidl_typesupport_cpp.so
-- Set runtime path of "/ros2_ws/install/graph_msgs/lib/libgraph_msgs__rosidl_typesupport_cpp.so" to ""
-- Installing: /ros2_ws/install/graph_msgs/share/graph_msgs/environment/pythonpath.sh
-- Installing: /ros2_ws/install/graph_msgs/share/graph_msgs/environment/pythonpath.dsv
-- Installing: /ros2_ws/install/graph_msgs/local/lib/python3.10/dist-packages/graph_msgs-1.0.0-py3.10.egg-info
-- Installing: /ros2_ws/install/graph_msgs/local/lib/python3.10/dist-packages/graph_msgs-1.0.0-py3.10.egg-info/dependency_links.txt
-- Installing: /ros2_ws/install/graph_msgs/local/lib/python3.10/dist-packages/graph_msgs-1.0.0-py3.10.egg-info/PKG-INFO
-- Installing: /ros2_ws/install/graph_msgs/local/lib/python3.10/dist-packages/graph_msgs-1.0.0-py3.10.egg-info/SOURCES.txt
-- Installing: /ros2_ws/install/graph_msgs/local/lib/python3.10/dist-packages/graph_msgs-1.0.0-py3.10.egg-info/top_level.txt
-- Installing: /ros2_ws/install/graph_msgs/local/lib/python3.10/dist-packages/graph_msgs
-- Installing: /ros2_ws/install/graph_msgs/local/lib/python3.10/dist-packages/graph_msgs/libgraph_msgs__rosidl_generator_py.so
-- Installing: /ros2_ws/install/graph_msgs/local/lib/python3.10/dist-packages/graph_msgs/_graph_msgs_s.ep.rosidl_typesupport_c.c
-- Installing: /ros2_ws/install/graph_msgs/local/lib/python3.10/dist-packages/graph_msgs/graph_msgs_s__rosidl_typesupport_c.cpython-310-aarch64-linux-gnu.so
-- Installing: /ros2_ws/install/graph_msgs/local/lib/python3.10/dist-packages/graph_msgs/_graph_msgs_s.ep.rosidl_typesupport_introspection_c.c
-- Installing: /ros2_ws/install/graph_msgs/local/lib/python3.10/dist-packages/graph_msgs/msg
-- Installing: /ros2_ws/install/graph_msgs/local/lib/python3.10/dist-packages/graph_msgs/msg/_graph_meta_data_s.c
-- Installing: /ros2_ws/install/graph_msgs/local/lib/python3.10/dist-packages/graph_msgs/msg/_edge_s.c
-- Installing: /ros2_ws/install/graph_msgs/local/lib/python3.10/dist-packages/graph_msgs/msg/_edge.py
-- Installing: /ros2_ws/install/graph_msgs/local/lib/python3.10/dist-packages/graph_msgs/msg/_vertex_s.c
-- Installing: /ros2_ws/install/graph_msgs/local/lib/python3.10/dist-packages/graph_msgs/msg/_graph_meta_data.py
-- Installing: /ros2_ws/install/graph_msgs/local/lib/python3.10/dist-packages/graph_msgs/msg/_graph.py
-- Installing: /ros2_ws/install/graph_msgs/local/lib/python3.10/dist-packages/graph_msgs/msg/__init__.py
-- Installing: /ros2_ws/install/graph_msgs/local/lib/python3.10/dist-packages/graph_msgs/msg/_property_s.c
-- Installing: /ros2_ws/install/graph_msgs/local/lib/python3.10/dist-packages/graph_msgs/msg/_vertex.py
-- Installing: /ros2_ws/install/graph_msgs/local/lib/python3.10/dist-packages/graph_msgs/msg/_property.py
-- Installing: /ros2_ws/install/graph_msgs/local/lib/python3.10/dist-packages/graph_msgs/msg/_graph_s.c
-- Installing: /ros2_ws/install/graph_msgs/local/lib/python3.10/dist-packages/graph_msgs/graph_msgs_s__rosidl_typesupport_fastrtps_c.cpython-310-aarch64-linux-gnu.so
-- Installing: /ros2_ws/install/graph_msgs/local/lib/python3.10/dist-packages/graph_msgs/__init__.py
-- Installing: /ros2_ws/install/graph_msgs/local/lib/python3.10/dist-packages/graph_msgs/graph_msgs_s__rosidl_typesupport_introspection_c.cpython-310-aarch64-linux-gnu.so
-- Installing: /ros2_ws/install/graph_msgs/local/lib/python3.10/dist-packages/graph_msgs/_graph_msgs_s.ep.rosidl_typesupport_fastrtps_c.c
-- Installing: /ros2_ws/install/graph_msgs/local/lib/python3.10/dist-packages/graph_msgs/srv
-- Installing: /ros2_ws/install/graph_msgs/local/lib/python3.10/dist-packages/graph_msgs/srv/_load_graph_s.c
-- Installing: /ros2_ws/install/graph_msgs/local/lib/python3.10/dist-packages/graph_msgs/srv/_load_graph.py
-- Installing: /ros2_ws/install/graph_msgs/local/lib/python3.10/dist-packages/graph_msgs/srv/_save_graph.py
-- Installing: /ros2_ws/install/graph_msgs/local/lib/python3.10/dist-packages/graph_msgs/srv/_get_graph_s.c
-- Installing: /ros2_ws/install/graph_msgs/local/lib/python3.10/dist-packages/graph_msgs/srv/_get_graph_plan_s.c
-- Installing: /ros2_ws/install/graph_msgs/local/lib/python3.10/dist-packages/graph_msgs/srv/_get_graph.py
-- Installing: /ros2_ws/install/graph_msgs/local/lib/python3.10/dist-packages/graph_msgs/srv/_get_graph_plan.py
-- Installing: /ros2_ws/install/graph_msgs/local/lib/python3.10/dist-packages/graph_msgs/srv/__init__.py
-- Installing: /ros2_ws/install/graph_msgs/local/lib/python3.10/dist-packages/graph_msgs/srv/_save_graph_s.c
Listing '/ros2_ws/install/graph_msgs/local/lib/python3.10/dist-packages/graph_msgs'...
Compiling '/ros2_ws/install/graph_msgs/local/lib/python3.10/dist-packages/graph_msgs/__init__.py'...
Listing '/ros2_ws/install/graph_msgs/local/lib/python3.10/dist-packages/graph_msgs/msg'...
Compiling '/ros2_ws/install/graph_msgs/local/lib/python3.10/dist-packages/graph_msgs/msg/__init__.py'...
Compiling '/ros2_ws/install/graph_msgs/local/lib/python3.10/dist-packages/graph_msgs/msg/_edge.py'...
Compiling '/ros2_ws/install/graph_msgs/local/lib/python3.10/dist-packages/graph_msgs/msg/_graph.py'...
Compiling '/ros2_ws/install/graph_msgs/local/lib/python3.10/dist-packages/graph_msgs/msg/_graph_meta_data.py'...
Compiling '/ros2_ws/install/graph_msgs/local/lib/python3.10/dist-packages/graph_msgs/msg/_property.py'...
Compiling '/ros2_ws/install/graph_msgs/local/lib/python3.10/dist-packages/graph_msgs/msg/_vertex.py'...
Listing '/ros2_ws/install/graph_msgs/local/lib/python3.10/dist-packages/graph_msgs/srv'...
Compiling '/ros2_ws/install/graph_msgs/local/lib/python3.10/dist-packages/graph_msgs/srv/__init__.py'...
Compiling '/ros2_ws/install/graph_msgs/local/lib/python3.10/dist-packages/graph_msgs/srv/_get_graph.py'...
Compiling '/ros2_ws/install/graph_msgs/local/lib/python3.10/dist-packages/graph_msgs/srv/_get_graph_plan.py'...
Compiling '/ros2_ws/install/graph_msgs/local/lib/python3.10/dist-packages/graph_msgs/srv/_load_graph.py'...
Compiling '/ros2_ws/install/graph_msgs/local/lib/python3.10/dist-packages/graph_msgs/srv/_save_graph.py'...
-- Installing: /ros2_ws/install/graph_msgs/local/lib/python3.10/dist-packages/graph_msgs/graph_msgs_s__rosidl_typesupport_fastrtps_c.cpython-310-aarch64-linux-gnu.so
-- Set runtime path of "/ros2_ws/install/graph_msgs/local/lib/python3.10/dist-packages/graph_msgs/graph_msgs_s__rosidl_typesupport_fastrtps_c.cpython-310-aarch64-linux-gnu.so" to ""
-- Installing: /ros2_ws/install/graph_msgs/local/lib/python3.10/dist-packages/graph_msgs/graph_msgs_s__rosidl_typesupport_introspection_c.cpython-310-aarch64-linux-gnu.so
-- Set runtime path of "/ros2_ws/install/graph_msgs/local/lib/python3.10/dist-packages/graph_msgs/graph_msgs_s__rosidl_typesupport_introspection_c.cpython-310-aarch64-linux-gnu.so" to ""
-- Installing: /ros2_ws/install/graph_msgs/local/lib/python3.10/dist-packages/graph_msgs/graph_msgs_s__rosidl_typesupport_c.cpython-310-aarch64-linux-gnu.so
-- Set runtime path of "/ros2_ws/install/graph_msgs/local/lib/python3.10/dist-packages/graph_msgs/graph_msgs_s__rosidl_typesupport_c.cpython-310-aarch64-linux-gnu.so" to ""
-- Installing: /ros2_ws/install/graph_msgs/lib/libgraph_msgs__rosidl_generator_py.so
-- Set runtime path of "/ros2_ws/install/graph_msgs/lib/libgraph_msgs__rosidl_generator_py.so" to ""
-- Installing: /ros2_ws/install/graph_msgs/share/graph_msgs/msg/Property.idl
-- Installing: /ros2_ws/install/graph_msgs/share/graph_msgs/msg/Vertex.idl
-- Installing: /ros2_ws/install/graph_msgs/share/graph_msgs/msg/Edge.idl
-- Installing: /ros2_ws/install/graph_msgs/share/graph_msgs/msg/GraphMetaData.idl
-- Installing: /ros2_ws/install/graph_msgs/share/graph_msgs/msg/Graph.idl
-- Installing: /ros2_ws/install/graph_msgs/share/graph_msgs/srv/GetGraph.idl
-- Installing: /ros2_ws/install/graph_msgs/share/graph_msgs/srv/SaveGraph.idl
-- Installing: /ros2_ws/install/graph_msgs/share/graph_msgs/srv/LoadGraph.idl
-- Installing: /ros2_ws/install/graph_msgs/share/graph_msgs/srv/GetGraphPlan.idl
-- Installing: /ros2_ws/install/graph_msgs/share/graph_msgs/msg/Property.msg
-- Installing: /ros2_ws/install/graph_msgs/share/graph_msgs/msg/Vertex.msg
-- Installing: /ros2_ws/install/graph_msgs/share/graph_msgs/msg/Edge.msg
-- Installing: /ros2_ws/install/graph_msgs/share/graph_msgs/msg/GraphMetaData.msg
-- Installing: /ros2_ws/install/graph_msgs/share/graph_msgs/msg/Graph.msg
-- Installing: /ros2_ws/install/graph_msgs/share/graph_msgs/srv/GetGraph.srv
-- Installing: /ros2_ws/install/graph_msgs/share/graph_msgs/srv/GetGraph_Request.msg
-- Installing: /ros2_ws/install/graph_msgs/share/graph_msgs/srv/GetGraph_Response.msg
-- Installing: /ros2_ws/install/graph_msgs/share/graph_msgs/srv/SaveGraph.srv
-- Installing: /ros2_ws/install/graph_msgs/share/graph_msgs/srv/SaveGraph_Request.msg
-- Installing: /ros2_ws/install/graph_msgs/share/graph_msgs/srv/SaveGraph_Response.msg
-- Installing: /ros2_ws/install/graph_msgs/share/graph_msgs/srv/LoadGraph.srv
-- Installing: /ros2_ws/install/graph_msgs/share/graph_msgs/srv/LoadGraph_Request.msg
-- Installing: /ros2_ws/install/graph_msgs/share/graph_msgs/srv/LoadGraph_Response.msg
-- Installing: /ros2_ws/install/graph_msgs/share/graph_msgs/srv/GetGraphPlan.srv
-- Installing: /ros2_ws/install/graph_msgs/share/graph_msgs/srv/GetGraphPlan_Request.msg
-- Installing: /ros2_ws/install/graph_msgs/share/graph_msgs/srv/GetGraphPlan_Response.msg
-- Up-to-date: /ros2_ws/install/graph_msgs/share/graph_msgs/msg
-- Up-to-date: /ros2_ws/install/graph_msgs/share/graph_msgs/msg/Property.msg
-- Up-to-date: /ros2_ws/install/graph_msgs/share/graph_msgs/msg/GraphMetaData.msg
-- Up-to-date: /ros2_ws/install/graph_msgs/share/graph_msgs/msg/Edge.msg
-- Up-to-date: /ros2_ws/install/graph_msgs/share/graph_msgs/msg/Vertex.msg
-- Up-to-date: /ros2_ws/install/graph_msgs/share/graph_msgs/msg/Graph.msg
-- Up-to-date: /ros2_ws/install/graph_msgs/share/graph_msgs/srv
-- Up-to-date: /ros2_ws/install/graph_msgs/share/graph_msgs/srv/GetGraphPlan.srv
-- Up-to-date: /ros2_ws/install/graph_msgs/share/graph_msgs/srv/GetGraph.srv
-- Up-to-date: /ros2_ws/install/graph_msgs/share/graph_msgs/srv/SaveGraph.srv
-- Up-to-date: /ros2_ws/install/graph_msgs/share/graph_msgs/srv/LoadGraph.srv
-- Installing: /ros2_ws/install/graph_msgs/share/ament_index/resource_index/package_run_dependencies/graph_msgs
-- Installing: /ros2_ws/install/graph_msgs/share/ament_index/resource_index/parent_prefix_path/graph_msgs
-- Installing: /ros2_ws/install/graph_msgs/share/graph_msgs/environment/ament_prefix_path.sh
-- Installing: /ros2_ws/install/graph_msgs/share/graph_msgs/environment/ament_prefix_path.dsv
-- Installing: /ros2_ws/install/graph_msgs/share/graph_msgs/environment/path.sh
-- Installing: /ros2_ws/install/graph_msgs/share/graph_msgs/environment/path.dsv
-- Installing: /ros2_ws/install/graph_msgs/share/graph_msgs/local_setup.bash
-- Installing: /ros2_ws/install/graph_msgs/share/graph_msgs/local_setup.sh
-- Installing: /ros2_ws/install/graph_msgs/share/graph_msgs/local_setup.zsh
-- Installing: /ros2_ws/install/graph_msgs/share/graph_msgs/local_setup.dsv
-- Installing: /ros2_ws/install/graph_msgs/share/graph_msgs/package.dsv
-- Installing: /ros2_ws/install/graph_msgs/share/ament_index/resource_index/packages/graph_msgs
-- Installing: /ros2_ws/install/graph_msgs/share/graph_msgs/cmake/export_graph_msgs__rosidl_generator_cExport.cmake
-- Installing: /ros2_ws/install/graph_msgs/share/graph_msgs/cmake/export_graph_msgs__rosidl_generator_cExport-noconfig.cmake
-- Installing: /ros2_ws/install/graph_msgs/share/graph_msgs/cmake/export_graph_msgs__rosidl_typesupport_fastrtps_cExport.cmake
-- Installing: /ros2_ws/install/graph_msgs/share/graph_msgs/cmake/export_graph_msgs__rosidl_typesupport_fastrtps_cExport-noconfig.cmake
-- Installing: /ros2_ws/install/graph_msgs/share/graph_msgs/cmake/graph_msgs__rosidl_typesupport_introspection_cExport.cmake
-- Installing: /ros2_ws/install/graph_msgs/share/graph_msgs/cmake/graph_msgs__rosidl_typesupport_introspection_cExport-noconfig.cmake
-- Installing: /ros2_ws/install/graph_msgs/share/graph_msgs/cmake/graph_msgs__rosidl_typesupport_cExport.cmake
-- Installing: /ros2_ws/install/graph_msgs/share/graph_msgs/cmake/graph_msgs__rosidl_typesupport_cExport-noconfig.cmake
-- Installing: /ros2_ws/install/graph_msgs/share/graph_msgs/cmake/export_graph_msgs__rosidl_generator_cppExport.cmake
-- Installing: /ros2_ws/install/graph_msgs/share/graph_msgs/cmake/export_graph_msgs__rosidl_typesupport_fastrtps_cppExport.cmake
-- Installing: /ros2_ws/install/graph_msgs/share/graph_msgs/cmake/export_graph_msgs__rosidl_typesupport_fastrtps_cppExport-noconfig.cmake
-- Installing: /ros2_ws/install/graph_msgs/share/graph_msgs/cmake/graph_msgs__rosidl_typesupport_introspection_cppExport.cmake
-- Installing: /ros2_ws/install/graph_msgs/share/graph_msgs/cmake/graph_msgs__rosidl_typesupport_introspection_cppExport-noconfig.cmake
-- Installing: /ros2_ws/install/graph_msgs/share/graph_msgs/cmake/graph_msgs__rosidl_typesupport_cppExport.cmake
-- Installing: /ros2_ws/install/graph_msgs/share/graph_msgs/cmake/graph_msgs__rosidl_typesupport_cppExport-noconfig.cmake
-- Installing: /ros2_ws/install/graph_msgs/share/graph_msgs/cmake/export_graph_msgs__rosidl_generator_pyExport.cmake
-- Installing: /ros2_ws/install/graph_msgs/share/graph_msgs/cmake/export_graph_msgs__rosidl_generator_pyExport-noconfig.cmake
-- Installing: /ros2_ws/install/graph_msgs/share/graph_msgs/cmake/rosidl_cmake-extras.cmake
-- Installing: /ros2_ws/install/graph_msgs/share/graph_msgs/cmake/ament_cmake_export_dependencies-extras.cmake
-- Installing: /ros2_ws/install/graph_msgs/share/graph_msgs/cmake/ament_cmake_export_include_directories-extras.cmake
-- Installing: /ros2_ws/install/graph_msgs/share/graph_msgs/cmake/ament_cmake_export_libraries-extras.cmake
-- Installing: /ros2_ws/install/graph_msgs/share/graph_msgs/cmake/ament_cmake_export_targets-extras.cmake
-- Installing: /ros2_ws/install/graph_msgs/share/graph_msgs/cmake/rosidl_cmake_export_typesupport_targets-extras.cmake
-- Installing: /ros2_ws/install/graph_msgs/share/graph_msgs/cmake/rosidl_cmake_export_typesupport_libraries-extras.cmake
-- Installing: /ros2_ws/install/graph_msgs/share/graph_msgs/cmake/graph_msgsConfig.cmake
-- Installing: /ros2_ws/install/graph_msgs/share/graph_msgs/cmake/graph_msgsConfig-version.cmake
-- Installing: /ros2_ws/install/graph_msgs/share/graph_msgs/package.xml
