[0.089s] Invoking command in '/ros2_ws/build/graph_msgs': CMAKE_PREFIX_PATH=${CMAKE_PREFIX_PATH}:/opt/ros/humble /usr/bin/cmake /ros2_ws/src/graph_msgs -DCMAKE_INSTALL_PREFIX=/ros2_ws/install/graph_msgs
[0.419s] -- The C compiler identification is GNU 11.4.0
[0.609s] -- The CXX compiler identification is GNU 11.4.0
[0.638s] -- Detecting C compiler ABI info
[0.782s] -- Detecting C compiler ABI info - done
[0.796s] -- Check for working C compiler: /usr/bin/cc - skipped
[0.797s] -- Detecting C compile features
[0.797s] -- Detecting C compile features - done
[0.804s] -- Detecting CXX compiler ABI info
[0.974s] -- Detecting CXX compiler ABI info - done
[0.982s] -- Check for working CXX compiler: /usr/bin/c++ - skipped
[0.982s] -- Detecting CXX compile features
[0.982s] -- Detecting CXX compile features - done
[0.988s] -- Found ament_cmake: 1.3.12 (/opt/ros/humble/share/ament_cmake/cmake)
[1.341s] -- Found Python3: /usr/bin/python3 (found version "3.10.12") found components: Interpreter 
[1.606s] -- Found rosidl_default_generators: 1.2.0 (/opt/ros/humble/share/rosidl_default_generators/cmake)
[1.620s] -- Using all available rosidl_typesupport_c: rosidl_typesupport_fastrtps_c;rosidl_typesupport_introspection_c
[1.637s] -- Found rosidl_adapter: 3.1.7 (/opt/ros/humble/share/rosidl_adapter/cmake)
[1.746s] -- Using all available rosidl_typesupport_cpp: rosidl_typesupport_fastrtps_cpp;rosidl_typesupport_introspection_cpp
[1.829s] -- Found geometry_msgs: 4.9.0 (/opt/ros/humble/share/geometry_msgs/cmake)
[1.914s] -- Found nav_msgs: 4.9.0 (/opt/ros/humble/share/nav_msgs/cmake)
[2.559s] -- Found ament_cmake_ros: 0.10.0 (/opt/ros/humble/share/ament_cmake_ros/cmake)
[3.019s] -- Using all available rosidl_typesupport_c: rosidl_typesupport_fastrtps_c;rosidl_typesupport_introspection_c
[3.729s] -- Using all available rosidl_typesupport_cpp: rosidl_typesupport_fastrtps_cpp;rosidl_typesupport_introspection_cpp
[3.778s] -- Found PythonInterp: /usr/bin/python3 (found suitable version "3.10.12", minimum required is "3.6") 
[3.784s] -- Found python_cmake_module: 0.10.0 (/opt/ros/humble/share/python_cmake_module/cmake)
[3.857s] -- Found PythonLibs: /usr/lib/aarch64-linux-gnu/libpython3.10.so (found suitable version "3.10.12", minimum required is "3.5") 
[3.857s] -- Using PYTHON_EXECUTABLE: /usr/bin/python3
[3.857s] -- Using PYTHON_INCLUDE_DIRS: /usr/include/python3.10
[3.858s] -- Using PYTHON_LIBRARIES: /usr/lib/aarch64-linux-gnu/libpython3.10.so
[3.899s] -- Found PythonExtra: .so  
[4.162s] -- Found ament_lint_auto: 0.12.14 (/opt/ros/humble/share/ament_lint_auto/cmake)
[4.217s] -- Added test 'copyright' to check source files copyright and LICENSE
[4.223s] -- Added test 'lint_cmake' to check CMake code style
[4.227s] -- Added test 'xmllint' to check XML markup files
[4.234s] -- Configuring done
[4.397s] -- Generating done
[4.421s] -- Build files have been written to: /ros2_ws/build/graph_msgs
[4.452s] Invoked command in '/ros2_ws/build/graph_msgs' returned '0': CMAKE_PREFIX_PATH=${CMAKE_PREFIX_PATH}:/opt/ros/humble /usr/bin/cmake /ros2_ws/src/graph_msgs -DCMAKE_INSTALL_PREFIX=/ros2_ws/install/graph_msgs
[4.452s] Invoking command in '/ros2_ws/build/graph_msgs': CMAKE_PREFIX_PATH=${CMAKE_PREFIX_PATH}:/opt/ros/humble /usr/bin/cmake --build /ros2_ws/build/graph_msgs -- -j12 -l12
[5.899s] [  1%] [34m[1mGenerating C code for ROS interfaces[0m
[5.899s] [  2%] [34m[1mGenerating C++ code for ROS interfaces[0m
[5.899s] [  2%] Built target ament_cmake_python_copy_graph_msgs
[5.900s] running egg_info
[5.900s] creating graph_msgs.egg-info
[5.900s] writing graph_msgs.egg-info/PKG-INFO
[5.900s] writing dependency_links to graph_msgs.egg-info/dependency_links.txt
[5.900s] writing top-level names to graph_msgs.egg-info/top_level.txt
[5.900s] writing manifest file 'graph_msgs.egg-info/SOURCES.txt'
[5.900s] reading manifest file 'graph_msgs.egg-info/SOURCES.txt'
[5.900s] writing manifest file 'graph_msgs.egg-info/SOURCES.txt'
[5.935s] [  2%] Built target ament_cmake_python_build_graph_msgs_egg
[8.210s] [  2%] Built target graph_msgs__cpp
[8.292s] [  3%] [34m[1mGenerating C++ type support dispatch for ROS interfaces[0m
[8.311s] [  4%] [34m[1mGenerating C++ type support for eProsima Fast-RTPS[0m
[8.373s] [  5%] [34m[1mGenerating C++ introspection for ROS interfaces[0m
[8.688s] [  6%] [32mBuilding C object CMakeFiles/graph_msgs__rosidl_generator_c.dir/rosidl_generator_c/graph_msgs/msg/detail/property__functions.c.o[0m
[8.757s] [  7%] [32mBuilding C object CMakeFiles/graph_msgs__rosidl_generator_c.dir/rosidl_generator_c/graph_msgs/msg/detail/edge__functions.c.o[0m
[8.783s] [  8%] [32mBuilding C object CMakeFiles/graph_msgs__rosidl_generator_c.dir/rosidl_generator_c/graph_msgs/msg/detail/vertex__functions.c.o[0m
[8.793s] [  9%] [32mBuilding C object CMakeFiles/graph_msgs__rosidl_generator_c.dir/rosidl_generator_c/graph_msgs/msg/detail/graph_meta_data__functions.c.o[0m
[8.865s] [ 10%] [32mBuilding C object CMakeFiles/graph_msgs__rosidl_generator_c.dir/rosidl_generator_c/graph_msgs/msg/detail/graph__functions.c.o[0m
[8.905s] [ 11%] [32mBuilding C object CMakeFiles/graph_msgs__rosidl_generator_c.dir/rosidl_generator_c/graph_msgs/srv/detail/save_graph__functions.c.o[0m
[8.940s] [ 12%] [32mBuilding C object CMakeFiles/graph_msgs__rosidl_generator_c.dir/rosidl_generator_c/graph_msgs/srv/detail/load_graph__functions.c.o[0m
[8.940s] [ 13%] [32mBuilding C object CMakeFiles/graph_msgs__rosidl_generator_c.dir/rosidl_generator_c/graph_msgs/srv/detail/get_graph__functions.c.o[0m
[9.008s] [ 14%] [32mBuilding C object CMakeFiles/graph_msgs__rosidl_generator_c.dir/rosidl_generator_c/graph_msgs/srv/detail/get_graph_plan__functions.c.o[0m
[9.587s] [ 15%] [32m[1mLinking C shared library libgraph_msgs__rosidl_generator_c.so[0m
[9.845s] [ 15%] Built target graph_msgs__rosidl_generator_c
[9.944s] [ 16%] [34m[1mGenerating C type support for eProsima Fast-RTPS[0m
[10.089s] [ 17%] [34m[1mGenerating C type support dispatch for ROS interfaces[0m
[10.126s] [ 18%] [34m[1mGenerating C introspection for ROS interfaces[0m
[14.435s] [ 20%] [32mBuilding CXX object CMakeFiles/graph_msgs__rosidl_typesupport_cpp.dir/rosidl_typesupport_cpp/graph_msgs/msg/property__type_support.cpp.o[0m
[14.458s] [ 21%] [32mBuilding CXX object CMakeFiles/graph_msgs__rosidl_typesupport_cpp.dir/rosidl_typesupport_cpp/graph_msgs/msg/vertex__type_support.cpp.o[0m
[14.560s] [ 22%] [32mBuilding CXX object CMakeFiles/graph_msgs__rosidl_typesupport_cpp.dir/rosidl_typesupport_cpp/graph_msgs/msg/edge__type_support.cpp.o[0m
[14.562s] [ 23%] [32mBuilding CXX object CMakeFiles/graph_msgs__rosidl_typesupport_cpp.dir/rosidl_typesupport_cpp/graph_msgs/msg/graph_meta_data__type_support.cpp.o[0m
[14.573s] [ 24%] [32mBuilding CXX object CMakeFiles/graph_msgs__rosidl_typesupport_cpp.dir/rosidl_typesupport_cpp/graph_msgs/msg/graph__type_support.cpp.o[0m
[14.669s] [ 25%] [32mBuilding CXX object CMakeFiles/graph_msgs__rosidl_typesupport_cpp.dir/rosidl_typesupport_cpp/graph_msgs/srv/get_graph__type_support.cpp.o[0m
[14.674s] [ 26%] [32mBuilding CXX object CMakeFiles/graph_msgs__rosidl_typesupport_introspection_cpp.dir/rosidl_typesupport_introspection_cpp/graph_msgs/msg/detail/property__type_support.cpp.o[0m
[15.208s] [ 27%] [32mBuilding CXX object CMakeFiles/graph_msgs__rosidl_typesupport_introspection_cpp.dir/rosidl_typesupport_introspection_cpp/graph_msgs/msg/detail/vertex__type_support.cpp.o[0m
[15.477s] [ 28%] [32mBuilding CXX object CMakeFiles/graph_msgs__rosidl_typesupport_fastrtps_c.dir/rosidl_typesupport_fastrtps_c/graph_msgs/msg/detail/property__type_support_c.cpp.o[0m
[16.022s] [ 29%] [32mBuilding CXX object CMakeFiles/graph_msgs__rosidl_typesupport_c.dir/rosidl_typesupport_c/graph_msgs/msg/property__type_support.cpp.o[0m
[16.113s] [ 30%] [32mBuilding CXX object CMakeFiles/graph_msgs__rosidl_typesupport_fastrtps_c.dir/rosidl_typesupport_fastrtps_c/graph_msgs/msg/detail/vertex__type_support_c.cpp.o[0m
[16.248s] [ 31%] [32mBuilding CXX object CMakeFiles/graph_msgs__rosidl_typesupport_cpp.dir/rosidl_typesupport_cpp/graph_msgs/srv/save_graph__type_support.cpp.o[0m
[16.458s] [ 32%] [32mBuilding CXX object CMakeFiles/graph_msgs__rosidl_typesupport_c.dir/rosidl_typesupport_c/graph_msgs/msg/vertex__type_support.cpp.o[0m
[16.605s] [ 33%] [32mBuilding CXX object CMakeFiles/graph_msgs__rosidl_typesupport_cpp.dir/rosidl_typesupport_cpp/graph_msgs/srv/load_graph__type_support.cpp.o[0m
[16.656s] [ 34%] [32mBuilding CXX object CMakeFiles/graph_msgs__rosidl_typesupport_cpp.dir/rosidl_typesupport_cpp/graph_msgs/srv/get_graph_plan__type_support.cpp.o[0m
[16.859s] [ 35%] [32mBuilding C object CMakeFiles/graph_msgs__rosidl_typesupport_introspection_c.dir/rosidl_typesupport_introspection_c/graph_msgs/msg/detail/property__type_support.c.o[0m
[16.916s] [ 36%] [32mBuilding CXX object CMakeFiles/graph_msgs__rosidl_typesupport_c.dir/rosidl_typesupport_c/graph_msgs/msg/edge__type_support.cpp.o[0m
[16.917s] [ 37%] [32mBuilding CXX object CMakeFiles/graph_msgs__rosidl_typesupport_c.dir/rosidl_typesupport_c/graph_msgs/msg/graph_meta_data__type_support.cpp.o[0m
[17.035s] [ 38%] [32mBuilding CXX object CMakeFiles/graph_msgs__rosidl_typesupport_fastrtps_c.dir/rosidl_typesupport_fastrtps_c/graph_msgs/msg/detail/edge__type_support_c.cpp.o[0m
[17.242s] [ 41%] [32mBuilding CXX object CMakeFiles/graph_msgs__rosidl_typesupport_c.dir/rosidl_typesupport_c/graph_msgs/msg/graph__type_support.cpp.o[0m
[17.245s] [ 41%] [32mBuilding CXX object CMakeFiles/graph_msgs__rosidl_typesupport_c.dir/rosidl_typesupport_c/graph_msgs/srv/get_graph__type_support.cpp.o[0m
[17.333s] [ 42%] [32mBuilding C object CMakeFiles/graph_msgs__rosidl_typesupport_introspection_c.dir/rosidl_typesupport_introspection_c/graph_msgs/msg/detail/vertex__type_support.c.o[0m
[17.692s] [ 43%] [32mBuilding CXX object CMakeFiles/graph_msgs__rosidl_typesupport_c.dir/rosidl_typesupport_c/graph_msgs/srv/save_graph__type_support.cpp.o[0m
[17.710s] [ 44%] [32mBuilding CXX object CMakeFiles/graph_msgs__rosidl_typesupport_c.dir/rosidl_typesupport_c/graph_msgs/srv/load_graph__type_support.cpp.o[0m
[17.843s] [ 45%] [32mBuilding C object CMakeFiles/graph_msgs__rosidl_typesupport_introspection_c.dir/rosidl_typesupport_introspection_c/graph_msgs/msg/detail/edge__type_support.c.o[0m
[18.183s] [ 46%] [32mBuilding CXX object CMakeFiles/graph_msgs__rosidl_typesupport_c.dir/rosidl_typesupport_c/graph_msgs/srv/get_graph_plan__type_support.cpp.o[0m
[18.213s] [ 47%] [32mBuilding C object CMakeFiles/graph_msgs__rosidl_typesupport_introspection_c.dir/rosidl_typesupport_introspection_c/graph_msgs/msg/detail/graph_meta_data__type_support.c.o[0m
[18.388s] [ 48%] [32mBuilding CXX object CMakeFiles/graph_msgs__rosidl_typesupport_introspection_cpp.dir/rosidl_typesupport_introspection_cpp/graph_msgs/msg/detail/edge__type_support.cpp.o[0m
[18.415s] [ 49%] [32mBuilding CXX object CMakeFiles/graph_msgs__rosidl_typesupport_fastrtps_c.dir/rosidl_typesupport_fastrtps_c/graph_msgs/msg/detail/graph_meta_data__type_support_c.cpp.o[0m
[18.429s] [ 50%] [32mBuilding C object CMakeFiles/graph_msgs__rosidl_typesupport_introspection_c.dir/rosidl_typesupport_introspection_c/graph_msgs/msg/detail/graph__type_support.c.o[0m
[18.435s] [ 51%] [32mBuilding CXX object CMakeFiles/graph_msgs__rosidl_typesupport_introspection_cpp.dir/rosidl_typesupport_introspection_cpp/graph_msgs/msg/detail/graph_meta_data__type_support.cpp.o[0m
[18.717s] [ 52%] [32m[1mLinking CXX shared library libgraph_msgs__rosidl_typesupport_c.so[0m
[18.953s] [ 52%] Built target graph_msgs__rosidl_typesupport_c
[19.005s] [ 53%] [32mBuilding C object CMakeFiles/graph_msgs__rosidl_typesupport_introspection_c.dir/rosidl_typesupport_introspection_c/graph_msgs/srv/detail/get_graph__type_support.c.o[0m
[19.105s] [ 54%] [32mBuilding C object CMakeFiles/graph_msgs__rosidl_typesupport_introspection_c.dir/rosidl_typesupport_introspection_c/graph_msgs/srv/detail/save_graph__type_support.c.o[0m
[19.407s] [ 55%] [32mBuilding C object CMakeFiles/graph_msgs__rosidl_typesupport_introspection_c.dir/rosidl_typesupport_introspection_c/graph_msgs/srv/detail/load_graph__type_support.c.o[0m
[19.489s] [ 57%] [32mBuilding CXX object CMakeFiles/graph_msgs__rosidl_typesupport_introspection_cpp.dir/rosidl_typesupport_introspection_cpp/graph_msgs/msg/detail/graph__type_support.cpp.o[0m
[19.492s] [ 58%] [32mBuilding CXX object CMakeFiles/graph_msgs__rosidl_typesupport_introspection_cpp.dir/rosidl_typesupport_introspection_cpp/graph_msgs/srv/detail/get_graph__type_support.cpp.o[0m
[19.495s] [ 58%] [32mBuilding CXX object CMakeFiles/graph_msgs__rosidl_typesupport_fastrtps_c.dir/rosidl_typesupport_fastrtps_c/graph_msgs/msg/detail/graph__type_support_c.cpp.o[0m
[19.761s] [ 60%] [32mBuilding C object CMakeFiles/graph_msgs__rosidl_typesupport_introspection_c.dir/rosidl_typesupport_introspection_c/graph_msgs/srv/detail/get_graph_plan__type_support.c.o[0m
[19.918s] [ 61%] [32m[1mLinking C shared library libgraph_msgs__rosidl_typesupport_introspection_c.so[0m
[20.056s] [ 62%] [32mBuilding CXX object CMakeFiles/graph_msgs__rosidl_typesupport_introspection_cpp.dir/rosidl_typesupport_introspection_cpp/graph_msgs/srv/detail/save_graph__type_support.cpp.o[0m
[20.234s] [ 62%] Built target graph_msgs__rosidl_typesupport_introspection_c
[20.285s] [ 63%] [32mBuilding CXX object CMakeFiles/graph_msgs__rosidl_typesupport_introspection_cpp.dir/rosidl_typesupport_introspection_cpp/graph_msgs/srv/detail/load_graph__type_support.cpp.o[0m
[20.296s] [ 64%] [32mBuilding CXX object CMakeFiles/graph_msgs__rosidl_typesupport_fastrtps_cpp.dir/rosidl_typesupport_fastrtps_cpp/graph_msgs/msg/detail/dds_fastrtps/property__type_support.cpp.o[0m
[20.534s] [ 65%] [32mBuilding CXX object CMakeFiles/graph_msgs__rosidl_typesupport_fastrtps_c.dir/rosidl_typesupport_fastrtps_c/graph_msgs/srv/detail/get_graph__type_support_c.cpp.o[0m
[20.909s] [ 67%] [32mBuilding CXX object CMakeFiles/graph_msgs__rosidl_typesupport_fastrtps_c.dir/rosidl_typesupport_fastrtps_c/graph_msgs/srv/detail/save_graph__type_support_c.cpp.o[0m
[20.909s] [ 67%] [32mBuilding CXX object CMakeFiles/graph_msgs__rosidl_typesupport_fastrtps_c.dir/rosidl_typesupport_fastrtps_c/graph_msgs/srv/detail/load_graph__type_support_c.cpp.o[0m
[21.169s] [ 68%] [32m[1mLinking CXX shared library libgraph_msgs__rosidl_typesupport_cpp.so[0m
[21.255s] [ 69%] [32mBuilding CXX object CMakeFiles/graph_msgs__rosidl_typesupport_introspection_cpp.dir/rosidl_typesupport_introspection_cpp/graph_msgs/srv/detail/get_graph_plan__type_support.cpp.o[0m
[21.549s] [ 70%] [32mBuilding CXX object CMakeFiles/graph_msgs__rosidl_typesupport_fastrtps_c.dir/rosidl_typesupport_fastrtps_c/graph_msgs/srv/detail/get_graph_plan__type_support_c.cpp.o[0m
[21.577s] [ 70%] Built target graph_msgs__rosidl_typesupport_cpp
[21.617s] [ 72%] [32mBuilding CXX object CMakeFiles/graph_msgs__rosidl_typesupport_fastrtps_cpp.dir/rosidl_typesupport_fastrtps_cpp/graph_msgs/msg/detail/dds_fastrtps/edge__type_support.cpp.o[0m
[21.619s] [ 72%] [32mBuilding CXX object CMakeFiles/graph_msgs__rosidl_typesupport_fastrtps_cpp.dir/rosidl_typesupport_fastrtps_cpp/graph_msgs/msg/detail/dds_fastrtps/vertex__type_support.cpp.o[0m
[21.626s] [ 73%] [32mBuilding CXX object CMakeFiles/graph_msgs__rosidl_typesupport_fastrtps_cpp.dir/rosidl_typesupport_fastrtps_cpp/graph_msgs/msg/detail/dds_fastrtps/graph_meta_data__type_support.cpp.o[0m
[21.733s] [ 74%] [32mBuilding CXX object CMakeFiles/graph_msgs__rosidl_typesupport_fastrtps_cpp.dir/rosidl_typesupport_fastrtps_cpp/graph_msgs/msg/detail/dds_fastrtps/graph__type_support.cpp.o[0m
[21.869s] [ 75%] [32mBuilding CXX object CMakeFiles/graph_msgs__rosidl_typesupport_fastrtps_cpp.dir/rosidl_typesupport_fastrtps_cpp/graph_msgs/srv/detail/dds_fastrtps/get_graph__type_support.cpp.o[0m
[23.633s] [ 76%] [32m[1mLinking CXX shared library libgraph_msgs__rosidl_typesupport_fastrtps_c.so[0m
[24.011s] [ 76%] Built target graph_msgs__rosidl_typesupport_fastrtps_c
[24.434s] [ 77%] [32mBuilding CXX object CMakeFiles/graph_msgs__rosidl_typesupport_fastrtps_cpp.dir/rosidl_typesupport_fastrtps_cpp/graph_msgs/srv/detail/dds_fastrtps/get_graph_plan__type_support.cpp.o[0m
[25.174s] [ 78%] [32m[1mLinking CXX shared library libgraph_msgs__rosidl_typesupport_introspection_cpp.so[0m
[25.589s] [ 78%] Built target graph_msgs__rosidl_typesupport_introspection_cpp
[26.061s] [ 80%] [32mBuilding CXX object CMakeFiles/graph_msgs__rosidl_typesupport_fastrtps_cpp.dir/rosidl_typesupport_fastrtps_cpp/graph_msgs/srv/detail/dds_fastrtps/load_graph__type_support.cpp.o[0m
[28.056s] [ 81%] [32mBuilding CXX object CMakeFiles/graph_msgs__rosidl_typesupport_fastrtps_cpp.dir/rosidl_typesupport_fastrtps_cpp/graph_msgs/srv/detail/dds_fastrtps/save_graph__type_support.cpp.o[0m
[30.073s] [ 82%] [32m[1mLinking CXX shared library libgraph_msgs__rosidl_typesupport_fastrtps_cpp.so[0m
[30.609s] [ 82%] Built target graph_msgs__rosidl_typesupport_fastrtps_cpp
[30.684s] [ 82%] Built target graph_msgs
[30.777s] [ 83%] [34m[1mGenerating Python code for ROS interfaces[0m
[37.237s] [ 83%] Built target graph_msgs__py
[37.404s] [ 84%] [32mBuilding C object CMakeFiles/graph_msgs__rosidl_generator_py.dir/rosidl_generator_py/graph_msgs/msg/_property_s.c.o[0m
[37.692s] [ 85%] [32mBuilding C object CMakeFiles/graph_msgs__rosidl_generator_py.dir/rosidl_generator_py/graph_msgs/srv/_get_graph_plan_s.c.o[0m
[38.076s] [ 86%] [32mBuilding C object CMakeFiles/graph_msgs__rosidl_generator_py.dir/rosidl_generator_py/graph_msgs/srv/_load_graph_s.c.o[0m
[38.425s] [ 87%] [32mBuilding C object CMakeFiles/graph_msgs__rosidl_generator_py.dir/rosidl_generator_py/graph_msgs/srv/_save_graph_s.c.o[0m
[38.742s] [ 88%] [32mBuilding C object CMakeFiles/graph_msgs__rosidl_generator_py.dir/rosidl_generator_py/graph_msgs/srv/_get_graph_s.c.o[0m
[39.213s] [ 89%] [32mBuilding C object CMakeFiles/graph_msgs__rosidl_generator_py.dir/rosidl_generator_py/graph_msgs/msg/_graph_s.c.o[0m
[39.522s] [ 90%] [32mBuilding C object CMakeFiles/graph_msgs__rosidl_generator_py.dir/rosidl_generator_py/graph_msgs/msg/_graph_meta_data_s.c.o[0m
[39.815s] [ 91%] [32mBuilding C object CMakeFiles/graph_msgs__rosidl_generator_py.dir/rosidl_generator_py/graph_msgs/msg/_edge_s.c.o[0m
[40.089s] [ 92%] [32mBuilding C object CMakeFiles/graph_msgs__rosidl_generator_py.dir/rosidl_generator_py/graph_msgs/msg/_vertex_s.c.o[0m
[40.420s] [ 93%] [32m[1mLinking C shared library rosidl_generator_py/graph_msgs/libgraph_msgs__rosidl_generator_py.so[0m
[40.626s] [ 93%] Built target graph_msgs__rosidl_generator_py
[40.665s] [ 94%] [32mBuilding C object CMakeFiles/graph_msgs__rosidl_typesupport_fastrtps_c__pyext.dir/rosidl_generator_py/graph_msgs/_graph_msgs_s.ep.rosidl_typesupport_fastrtps_c.c.o[0m
[40.996s] [ 95%] [32m[1mLinking C shared library rosidl_generator_py/graph_msgs/graph_msgs_s__rosidl_typesupport_fastrtps_c.cpython-310-aarch64-linux-gnu.so[0m
[41.245s] [ 95%] Built target graph_msgs__rosidl_typesupport_fastrtps_c__pyext
[41.410s] [ 96%] [32mBuilding C object CMakeFiles/graph_msgs__rosidl_typesupport_c__pyext.dir/rosidl_generator_py/graph_msgs/_graph_msgs_s.ep.rosidl_typesupport_c.c.o[0m
[41.985s] [ 97%] [32m[1mLinking C shared library rosidl_generator_py/graph_msgs/graph_msgs_s__rosidl_typesupport_c.cpython-310-aarch64-linux-gnu.so[0m
[42.163s] [ 97%] Built target graph_msgs__rosidl_typesupport_c__pyext
[42.294s] [ 98%] [32mBuilding C object CMakeFiles/graph_msgs__rosidl_typesupport_introspection_c__pyext.dir/rosidl_generator_py/graph_msgs/_graph_msgs_s.ep.rosidl_typesupport_introspection_c.c.o[0m
[42.579s] [100%] [32m[1mLinking C shared library rosidl_generator_py/graph_msgs/graph_msgs_s__rosidl_typesupport_introspection_c.cpython-310-aarch64-linux-gnu.so[0m
[42.655s] [100%] Built target graph_msgs__rosidl_typesupport_introspection_c__pyext
[42.721s] Invoked command in '/ros2_ws/build/graph_msgs' returned '0': CMAKE_PREFIX_PATH=${CMAKE_PREFIX_PATH}:/opt/ros/humble /usr/bin/cmake --build /ros2_ws/build/graph_msgs -- -j12 -l12
[42.729s] Invoking command in '/ros2_ws/build/graph_msgs': CMAKE_PREFIX_PATH=${CMAKE_PREFIX_PATH}:/opt/ros/humble /usr/bin/cmake --install /ros2_ws/build/graph_msgs
[43.048s] -- Install configuration: ""
[43.048s] -- Installing: /ros2_ws/install/graph_msgs/share/ament_index/resource_index/rosidl_interfaces/graph_msgs
[43.048s] -- Installing: /ros2_ws/install/graph_msgs/include/graph_msgs/graph_msgs
[43.048s] -- Installing: /ros2_ws/install/graph_msgs/include/graph_msgs/graph_msgs/msg
[43.048s] -- Installing: /ros2_ws/install/graph_msgs/include/graph_msgs/graph_msgs/msg/property.h
[43.048s] -- Installing: /ros2_ws/install/graph_msgs/include/graph_msgs/graph_msgs/msg/vertex.h
[43.049s] -- Installing: /ros2_ws/install/graph_msgs/include/graph_msgs/graph_msgs/msg/graph_meta_data.h
[43.049s] -- Installing: /ros2_ws/install/graph_msgs/include/graph_msgs/graph_msgs/msg/detail
[43.049s] -- Installing: /ros2_ws/install/graph_msgs/include/graph_msgs/graph_msgs/msg/detail/vertex__functions.c
[43.049s] -- Installing: /ros2_ws/install/graph_msgs/include/graph_msgs/graph_msgs/msg/detail/property__functions.c
[43.049s] -- Installing: /ros2_ws/install/graph_msgs/include/graph_msgs/graph_msgs/msg/detail/edge__functions.c
[43.049s] -- Installing: /ros2_ws/install/graph_msgs/include/graph_msgs/graph_msgs/msg/detail/graph_meta_data__functions.h
[43.049s] -- Installing: /ros2_ws/install/graph_msgs/include/graph_msgs/graph_msgs/msg/detail/edge__functions.h
[43.049s] -- Installing: /ros2_ws/install/graph_msgs/include/graph_msgs/graph_msgs/msg/detail/graph_meta_data__struct.h
[43.049s] -- Installing: /ros2_ws/install/graph_msgs/include/graph_msgs/graph_msgs/msg/detail/graph__functions.h
[43.049s] -- Installing: /ros2_ws/install/graph_msgs/include/graph_msgs/graph_msgs/msg/detail/graph_meta_data__type_support.h
[43.050s] -- Installing: /ros2_ws/install/graph_msgs/include/graph_msgs/graph_msgs/msg/detail/vertex__struct.h
[43.050s] -- Installing: /ros2_ws/install/graph_msgs/include/graph_msgs/graph_msgs/msg/detail/property__functions.h
[43.050s] -- Installing: /ros2_ws/install/graph_msgs/include/graph_msgs/graph_msgs/msg/detail/graph__struct.h
[43.050s] -- Installing: /ros2_ws/install/graph_msgs/include/graph_msgs/graph_msgs/msg/detail/property__type_support.h
[43.050s] -- Installing: /ros2_ws/install/graph_msgs/include/graph_msgs/graph_msgs/msg/detail/edge__type_support.h
[43.050s] -- Installing: /ros2_ws/install/graph_msgs/include/graph_msgs/graph_msgs/msg/detail/vertex__type_support.h
[43.050s] -- Installing: /ros2_ws/install/graph_msgs/include/graph_msgs/graph_msgs/msg/detail/graph__functions.c
[43.050s] -- Installing: /ros2_ws/install/graph_msgs/include/graph_msgs/graph_msgs/msg/detail/property__struct.h
[43.050s] -- Installing: /ros2_ws/install/graph_msgs/include/graph_msgs/graph_msgs/msg/detail/graph__type_support.h
[43.050s] -- Installing: /ros2_ws/install/graph_msgs/include/graph_msgs/graph_msgs/msg/detail/edge__struct.h
[43.050s] -- Installing: /ros2_ws/install/graph_msgs/include/graph_msgs/graph_msgs/msg/detail/vertex__functions.h
[43.051s] -- Installing: /ros2_ws/install/graph_msgs/include/graph_msgs/graph_msgs/msg/detail/graph_meta_data__functions.c
[43.051s] -- Installing: /ros2_ws/install/graph_msgs/include/graph_msgs/graph_msgs/msg/rosidl_generator_c__visibility_control.h
[43.051s] -- Installing: /ros2_ws/install/graph_msgs/include/graph_msgs/graph_msgs/msg/edge.h
[43.051s] -- Installing: /ros2_ws/install/graph_msgs/include/graph_msgs/graph_msgs/msg/graph.h
[43.051s] -- Installing: /ros2_ws/install/graph_msgs/include/graph_msgs/graph_msgs/srv
[43.051s] -- Installing: /ros2_ws/install/graph_msgs/include/graph_msgs/graph_msgs/srv/save_graph.h
[43.051s] -- Installing: /ros2_ws/install/graph_msgs/include/graph_msgs/graph_msgs/srv/detail
[43.051s] -- Installing: /ros2_ws/install/graph_msgs/include/graph_msgs/graph_msgs/srv/detail/get_graph__type_support.h
[43.051s] -- Installing: /ros2_ws/install/graph_msgs/include/graph_msgs/graph_msgs/srv/detail/save_graph__type_support.h
[43.051s] -- Installing: /ros2_ws/install/graph_msgs/include/graph_msgs/graph_msgs/srv/detail/get_graph__functions.c
[43.051s] -- Installing: /ros2_ws/install/graph_msgs/include/graph_msgs/graph_msgs/srv/detail/load_graph__functions.h
[43.051s] -- Installing: /ros2_ws/install/graph_msgs/include/graph_msgs/graph_msgs/srv/detail/save_graph__functions.h
[43.052s] -- Installing: /ros2_ws/install/graph_msgs/include/graph_msgs/graph_msgs/srv/detail/save_graph__functions.c
[43.052s] -- Installing: /ros2_ws/install/graph_msgs/include/graph_msgs/graph_msgs/srv/detail/load_graph__functions.c
[43.052s] -- Installing: /ros2_ws/install/graph_msgs/include/graph_msgs/graph_msgs/srv/detail/load_graph__type_support.h
[43.052s] -- Installing: /ros2_ws/install/graph_msgs/include/graph_msgs/graph_msgs/srv/detail/get_graph_plan__struct.h
[43.052s] -- Installing: /ros2_ws/install/graph_msgs/include/graph_msgs/graph_msgs/srv/detail/save_graph__struct.h
[43.052s] -- Installing: /ros2_ws/install/graph_msgs/include/graph_msgs/graph_msgs/srv/detail/get_graph_plan__functions.c
[43.052s] -- Installing: /ros2_ws/install/graph_msgs/include/graph_msgs/graph_msgs/srv/detail/get_graph_plan__type_support.h
[43.052s] -- Installing: /ros2_ws/install/graph_msgs/include/graph_msgs/graph_msgs/srv/detail/load_graph__struct.h
[43.052s] -- Installing: /ros2_ws/install/graph_msgs/include/graph_msgs/graph_msgs/srv/detail/get_graph_plan__functions.h
[43.052s] -- Installing: /ros2_ws/install/graph_msgs/include/graph_msgs/graph_msgs/srv/detail/get_graph__functions.h
[43.052s] -- Installing: /ros2_ws/install/graph_msgs/include/graph_msgs/graph_msgs/srv/detail/get_graph__struct.h
[43.052s] -- Installing: /ros2_ws/install/graph_msgs/include/graph_msgs/graph_msgs/srv/load_graph.h
[43.053s] -- Installing: /ros2_ws/install/graph_msgs/include/graph_msgs/graph_msgs/srv/get_graph_plan.h
[43.053s] -- Installing: /ros2_ws/install/graph_msgs/include/graph_msgs/graph_msgs/srv/get_graph.h
[43.053s] -- Installing: /ros2_ws/install/graph_msgs/share/graph_msgs/environment/library_path.sh
[43.053s] -- Installing: /ros2_ws/install/graph_msgs/share/graph_msgs/environment/library_path.dsv
[43.053s] -- Installing: /ros2_ws/install/graph_msgs/lib/libgraph_msgs__rosidl_generator_c.so
[43.053s] -- Set runtime path of "/ros2_ws/install/graph_msgs/lib/libgraph_msgs__rosidl_generator_c.so" to ""
[43.053s] -- Up-to-date: /ros2_ws/install/graph_msgs/include/graph_msgs/graph_msgs
[43.053s] -- Up-to-date: /ros2_ws/install/graph_msgs/include/graph_msgs/graph_msgs/msg
[43.053s] -- Up-to-date: /ros2_ws/install/graph_msgs/include/graph_msgs/graph_msgs/msg/detail
[43.053s] -- Installing: /ros2_ws/install/graph_msgs/include/graph_msgs/graph_msgs/msg/detail/graph__rosidl_typesupport_fastrtps_c.h
[43.053s] -- Installing: /ros2_ws/install/graph_msgs/include/graph_msgs/graph_msgs/msg/detail/graph_meta_data__rosidl_typesupport_fastrtps_c.h
[43.053s] -- Installing: /ros2_ws/install/graph_msgs/include/graph_msgs/graph_msgs/msg/detail/property__rosidl_typesupport_fastrtps_c.h
[43.053s] -- Installing: /ros2_ws/install/graph_msgs/include/graph_msgs/graph_msgs/msg/detail/edge__rosidl_typesupport_fastrtps_c.h
[43.054s] -- Installing: /ros2_ws/install/graph_msgs/include/graph_msgs/graph_msgs/msg/detail/vertex__rosidl_typesupport_fastrtps_c.h
[43.054s] -- Installing: /ros2_ws/install/graph_msgs/include/graph_msgs/graph_msgs/msg/rosidl_typesupport_fastrtps_c__visibility_control.h
[43.054s] -- Up-to-date: /ros2_ws/install/graph_msgs/include/graph_msgs/graph_msgs/srv
[43.054s] -- Up-to-date: /ros2_ws/install/graph_msgs/include/graph_msgs/graph_msgs/srv/detail
[43.068s] -- Installing: /ros2_ws/install/graph_msgs/include/graph_msgs/graph_msgs/srv/detail/load_graph__rosidl_typesupport_fastrtps_c.h
[43.068s] -- Installing: /ros2_ws/install/graph_msgs/include/graph_msgs/graph_msgs/srv/detail/save_graph__rosidl_typesupport_fastrtps_c.h
[43.068s] -- Installing: /ros2_ws/install/graph_msgs/include/graph_msgs/graph_msgs/srv/detail/get_graph_plan__rosidl_typesupport_fastrtps_c.h
[43.069s] -- Installing: /ros2_ws/install/graph_msgs/include/graph_msgs/graph_msgs/srv/detail/get_graph__rosidl_typesupport_fastrtps_c.h
[43.069s] -- Installing: /ros2_ws/install/graph_msgs/lib/libgraph_msgs__rosidl_typesupport_fastrtps_c.so
[43.069s] -- Set runtime path of "/ros2_ws/install/graph_msgs/lib/libgraph_msgs__rosidl_typesupport_fastrtps_c.so" to ""
[43.069s] -- Up-to-date: /ros2_ws/install/graph_msgs/include/graph_msgs/graph_msgs
[43.069s] -- Up-to-date: /ros2_ws/install/graph_msgs/include/graph_msgs/graph_msgs/msg
[43.069s] -- Installing: /ros2_ws/install/graph_msgs/include/graph_msgs/graph_msgs/msg/rosidl_typesupport_introspection_c__visibility_control.h
[43.069s] -- Up-to-date: /ros2_ws/install/graph_msgs/include/graph_msgs/graph_msgs/msg/detail
[43.069s] -- Installing: /ros2_ws/install/graph_msgs/include/graph_msgs/graph_msgs/msg/detail/graph__type_support.c
[43.069s] -- Installing: /ros2_ws/install/graph_msgs/include/graph_msgs/graph_msgs/msg/detail/graph__rosidl_typesupport_introspection_c.h
[43.069s] -- Installing: /ros2_ws/install/graph_msgs/include/graph_msgs/graph_msgs/msg/detail/graph_meta_data__type_support.c
[43.069s] -- Installing: /ros2_ws/install/graph_msgs/include/graph_msgs/graph_msgs/msg/detail/edge__type_support.c
[43.069s] -- Installing: /ros2_ws/install/graph_msgs/include/graph_msgs/graph_msgs/msg/detail/property__rosidl_typesupport_introspection_c.h
[43.070s] -- Installing: /ros2_ws/install/graph_msgs/include/graph_msgs/graph_msgs/msg/detail/vertex__rosidl_typesupport_introspection_c.h
[43.070s] -- Installing: /ros2_ws/install/graph_msgs/include/graph_msgs/graph_msgs/msg/detail/edge__rosidl_typesupport_introspection_c.h
[43.070s] -- Installing: /ros2_ws/install/graph_msgs/include/graph_msgs/graph_msgs/msg/detail/property__type_support.c
[43.070s] -- Installing: /ros2_ws/install/graph_msgs/include/graph_msgs/graph_msgs/msg/detail/vertex__type_support.c
[43.070s] -- Installing: /ros2_ws/install/graph_msgs/include/graph_msgs/graph_msgs/msg/detail/graph_meta_data__rosidl_typesupport_introspection_c.h
[43.070s] -- Up-to-date: /ros2_ws/install/graph_msgs/include/graph_msgs/graph_msgs/srv
[43.070s] -- Up-to-date: /ros2_ws/install/graph_msgs/include/graph_msgs/graph_msgs/srv/detail
[43.070s] -- Installing: /ros2_ws/install/graph_msgs/include/graph_msgs/graph_msgs/srv/detail/get_graph_plan__rosidl_typesupport_introspection_c.h
[43.070s] -- Installing: /ros2_ws/install/graph_msgs/include/graph_msgs/graph_msgs/srv/detail/load_graph__rosidl_typesupport_introspection_c.h
[43.070s] -- Installing: /ros2_ws/install/graph_msgs/include/graph_msgs/graph_msgs/srv/detail/get_graph__type_support.c
[43.070s] -- Installing: /ros2_ws/install/graph_msgs/include/graph_msgs/graph_msgs/srv/detail/get_graph_plan__type_support.c
[43.070s] -- Installing: /ros2_ws/install/graph_msgs/include/graph_msgs/graph_msgs/srv/detail/load_graph__type_support.c
[43.070s] -- Installing: /ros2_ws/install/graph_msgs/include/graph_msgs/graph_msgs/srv/detail/save_graph__type_support.c
[43.071s] -- Installing: /ros2_ws/install/graph_msgs/include/graph_msgs/graph_msgs/srv/detail/get_graph__rosidl_typesupport_introspection_c.h
[43.071s] -- Installing: /ros2_ws/install/graph_msgs/include/graph_msgs/graph_msgs/srv/detail/save_graph__rosidl_typesupport_introspection_c.h
[43.071s] -- Installing: /ros2_ws/install/graph_msgs/lib/libgraph_msgs__rosidl_typesupport_introspection_c.so
[43.071s] -- Set runtime path of "/ros2_ws/install/graph_msgs/lib/libgraph_msgs__rosidl_typesupport_introspection_c.so" to ""
[43.071s] -- Installing: /ros2_ws/install/graph_msgs/lib/libgraph_msgs__rosidl_typesupport_c.so
[43.071s] -- Set runtime path of "/ros2_ws/install/graph_msgs/lib/libgraph_msgs__rosidl_typesupport_c.so" to ""
[43.071s] -- Up-to-date: /ros2_ws/install/graph_msgs/include/graph_msgs/graph_msgs
[43.071s] -- Up-to-date: /ros2_ws/install/graph_msgs/include/graph_msgs/graph_msgs/msg
[43.071s] -- Installing: /ros2_ws/install/graph_msgs/include/graph_msgs/graph_msgs/msg/rosidl_generator_cpp__visibility_control.hpp
[43.071s] -- Installing: /ros2_ws/install/graph_msgs/include/graph_msgs/graph_msgs/msg/graph_meta_data.hpp
[43.071s] -- Installing: /ros2_ws/install/graph_msgs/include/graph_msgs/graph_msgs/msg/edge.hpp
[43.071s] -- Installing: /ros2_ws/install/graph_msgs/include/graph_msgs/graph_msgs/msg/vertex.hpp
[43.071s] -- Up-to-date: /ros2_ws/install/graph_msgs/include/graph_msgs/graph_msgs/msg/detail
[43.072s] -- Installing: /ros2_ws/install/graph_msgs/include/graph_msgs/graph_msgs/msg/detail/graph_meta_data__type_support.hpp
[43.072s] -- Installing: /ros2_ws/install/graph_msgs/include/graph_msgs/graph_msgs/msg/detail/graph_meta_data__struct.hpp
[43.072s] -- Installing: /ros2_ws/install/graph_msgs/include/graph_msgs/graph_msgs/msg/detail/graph__builder.hpp
[43.072s] -- Installing: /ros2_ws/install/graph_msgs/include/graph_msgs/graph_msgs/msg/detail/vertex__struct.hpp
[43.072s] -- Installing: /ros2_ws/install/graph_msgs/include/graph_msgs/graph_msgs/msg/detail/graph__type_support.hpp
[43.072s] -- Installing: /ros2_ws/install/graph_msgs/include/graph_msgs/graph_msgs/msg/detail/graph_meta_data__traits.hpp
[43.072s] -- Installing: /ros2_ws/install/graph_msgs/include/graph_msgs/graph_msgs/msg/detail/edge__builder.hpp
[43.072s] -- Installing: /ros2_ws/install/graph_msgs/include/graph_msgs/graph_msgs/msg/detail/vertex__builder.hpp
[43.072s] -- Installing: /ros2_ws/install/graph_msgs/include/graph_msgs/graph_msgs/msg/detail/edge__type_support.hpp
[43.072s] -- Installing: /ros2_ws/install/graph_msgs/include/graph_msgs/graph_msgs/msg/detail/graph_meta_data__builder.hpp
[43.072s] -- Installing: /ros2_ws/install/graph_msgs/include/graph_msgs/graph_msgs/msg/detail/property__struct.hpp
[43.072s] -- Installing: /ros2_ws/install/graph_msgs/include/graph_msgs/graph_msgs/msg/detail/vertex__traits.hpp
[43.073s] -- Installing: /ros2_ws/install/graph_msgs/include/graph_msgs/graph_msgs/msg/detail/property__traits.hpp
[43.073s] -- Installing: /ros2_ws/install/graph_msgs/include/graph_msgs/graph_msgs/msg/detail/edge__struct.hpp
[43.073s] -- Installing: /ros2_ws/install/graph_msgs/include/graph_msgs/graph_msgs/msg/detail/graph__traits.hpp
[43.073s] -- Installing: /ros2_ws/install/graph_msgs/include/graph_msgs/graph_msgs/msg/detail/property__builder.hpp
[43.073s] -- Installing: /ros2_ws/install/graph_msgs/include/graph_msgs/graph_msgs/msg/detail/vertex__type_support.hpp
[43.073s] -- Installing: /ros2_ws/install/graph_msgs/include/graph_msgs/graph_msgs/msg/detail/edge__traits.hpp
[43.073s] -- Installing: /ros2_ws/install/graph_msgs/include/graph_msgs/graph_msgs/msg/detail/graph__struct.hpp
[43.073s] -- Installing: /ros2_ws/install/graph_msgs/include/graph_msgs/graph_msgs/msg/detail/property__type_support.hpp
[43.073s] -- Installing: /ros2_ws/install/graph_msgs/include/graph_msgs/graph_msgs/msg/graph.hpp
[43.073s] -- Installing: /ros2_ws/install/graph_msgs/include/graph_msgs/graph_msgs/msg/property.hpp
[43.073s] -- Up-to-date: /ros2_ws/install/graph_msgs/include/graph_msgs/graph_msgs/srv
[43.073s] -- Installing: /ros2_ws/install/graph_msgs/include/graph_msgs/graph_msgs/srv/save_graph.hpp
[43.073s] -- Up-to-date: /ros2_ws/install/graph_msgs/include/graph_msgs/graph_msgs/srv/detail
[43.074s] -- Installing: /ros2_ws/install/graph_msgs/include/graph_msgs/graph_msgs/srv/detail/get_graph__type_support.hpp
[43.074s] -- Installing: /ros2_ws/install/graph_msgs/include/graph_msgs/graph_msgs/srv/detail/save_graph__builder.hpp
[43.074s] -- Installing: /ros2_ws/install/graph_msgs/include/graph_msgs/graph_msgs/srv/detail/get_graph_plan__struct.hpp
[43.074s] -- Installing: /ros2_ws/install/graph_msgs/include/graph_msgs/graph_msgs/srv/detail/load_graph__type_support.hpp
[43.074s] -- Installing: /ros2_ws/install/graph_msgs/include/graph_msgs/graph_msgs/srv/detail/get_graph__traits.hpp
[43.074s] -- Installing: /ros2_ws/install/graph_msgs/include/graph_msgs/graph_msgs/srv/detail/get_graph__builder.hpp
[43.074s] -- Installing: /ros2_ws/install/graph_msgs/include/graph_msgs/graph_msgs/srv/detail/save_graph__type_support.hpp
[43.074s] -- Installing: /ros2_ws/install/graph_msgs/include/graph_msgs/graph_msgs/srv/detail/get_graph_plan__traits.hpp
[43.074s] -- Installing: /ros2_ws/install/graph_msgs/include/graph_msgs/graph_msgs/srv/detail/load_graph__traits.hpp
[43.074s] -- Installing: /ros2_ws/install/graph_msgs/include/graph_msgs/graph_msgs/srv/detail/save_graph__traits.hpp
[43.074s] -- Installing: /ros2_ws/install/graph_msgs/include/graph_msgs/graph_msgs/srv/detail/get_graph__struct.hpp
[43.074s] -- Installing: /ros2_ws/install/graph_msgs/include/graph_msgs/graph_msgs/srv/detail/get_graph_plan__builder.hpp
[43.074s] -- Installing: /ros2_ws/install/graph_msgs/include/graph_msgs/graph_msgs/srv/detail/save_graph__struct.hpp
[43.075s] -- Installing: /ros2_ws/install/graph_msgs/include/graph_msgs/graph_msgs/srv/detail/get_graph_plan__type_support.hpp
[43.075s] -- Installing: /ros2_ws/install/graph_msgs/include/graph_msgs/graph_msgs/srv/detail/load_graph__builder.hpp
[43.075s] -- Installing: /ros2_ws/install/graph_msgs/include/graph_msgs/graph_msgs/srv/detail/load_graph__struct.hpp
[43.075s] -- Installing: /ros2_ws/install/graph_msgs/include/graph_msgs/graph_msgs/srv/get_graph.hpp
[43.075s] -- Installing: /ros2_ws/install/graph_msgs/include/graph_msgs/graph_msgs/srv/load_graph.hpp
[43.075s] -- Installing: /ros2_ws/install/graph_msgs/include/graph_msgs/graph_msgs/srv/get_graph_plan.hpp
[43.075s] -- Up-to-date: /ros2_ws/install/graph_msgs/include/graph_msgs/graph_msgs
[43.075s] -- Up-to-date: /ros2_ws/install/graph_msgs/include/graph_msgs/graph_msgs/msg
[43.075s] -- Up-to-date: /ros2_ws/install/graph_msgs/include/graph_msgs/graph_msgs/msg/detail
[43.075s] -- Installing: /ros2_ws/install/graph_msgs/include/graph_msgs/graph_msgs/msg/detail/property__rosidl_typesupport_fastrtps_cpp.hpp
[43.075s] -- Installing: /ros2_ws/install/graph_msgs/include/graph_msgs/graph_msgs/msg/detail/vertex__rosidl_typesupport_fastrtps_cpp.hpp
[43.075s] -- Installing: /ros2_ws/install/graph_msgs/include/graph_msgs/graph_msgs/msg/detail/graph__rosidl_typesupport_fastrtps_cpp.hpp
[43.075s] -- Installing: /ros2_ws/install/graph_msgs/include/graph_msgs/graph_msgs/msg/detail/dds_fastrtps
[43.075s] -- Installing: /ros2_ws/install/graph_msgs/include/graph_msgs/graph_msgs/msg/detail/edge__rosidl_typesupport_fastrtps_cpp.hpp
[43.076s] -- Installing: /ros2_ws/install/graph_msgs/include/graph_msgs/graph_msgs/msg/detail/graph_meta_data__rosidl_typesupport_fastrtps_cpp.hpp
[43.076s] -- Installing: /ros2_ws/install/graph_msgs/include/graph_msgs/graph_msgs/msg/rosidl_typesupport_fastrtps_cpp__visibility_control.h
[43.076s] -- Up-to-date: /ros2_ws/install/graph_msgs/include/graph_msgs/graph_msgs/srv
[43.076s] -- Up-to-date: /ros2_ws/install/graph_msgs/include/graph_msgs/graph_msgs/srv/detail
[43.076s] -- Installing: /ros2_ws/install/graph_msgs/include/graph_msgs/graph_msgs/srv/detail/get_graph__rosidl_typesupport_fastrtps_cpp.hpp
[43.076s] -- Installing: /ros2_ws/install/graph_msgs/include/graph_msgs/graph_msgs/srv/detail/load_graph__rosidl_typesupport_fastrtps_cpp.hpp
[43.076s] -- Installing: /ros2_ws/install/graph_msgs/include/graph_msgs/graph_msgs/srv/detail/get_graph_plan__rosidl_typesupport_fastrtps_cpp.hpp
[43.076s] -- Installing: /ros2_ws/install/graph_msgs/include/graph_msgs/graph_msgs/srv/detail/save_graph__rosidl_typesupport_fastrtps_cpp.hpp
[43.076s] -- Installing: /ros2_ws/install/graph_msgs/include/graph_msgs/graph_msgs/srv/detail/dds_fastrtps
[43.076s] -- Installing: /ros2_ws/install/graph_msgs/lib/libgraph_msgs__rosidl_typesupport_fastrtps_cpp.so
[43.076s] -- Set runtime path of "/ros2_ws/install/graph_msgs/lib/libgraph_msgs__rosidl_typesupport_fastrtps_cpp.so" to ""
[43.076s] -- Up-to-date: /ros2_ws/install/graph_msgs/include/graph_msgs/graph_msgs
[43.076s] -- Up-to-date: /ros2_ws/install/graph_msgs/include/graph_msgs/graph_msgs/msg
[43.077s] -- Up-to-date: /ros2_ws/install/graph_msgs/include/graph_msgs/graph_msgs/msg/detail
[43.077s] -- Installing: /ros2_ws/install/graph_msgs/include/graph_msgs/graph_msgs/msg/detail/graph__rosidl_typesupport_introspection_cpp.hpp
[43.077s] -- Installing: /ros2_ws/install/graph_msgs/include/graph_msgs/graph_msgs/msg/detail/graph_meta_data__rosidl_typesupport_introspection_cpp.hpp
[43.077s] -- Installing: /ros2_ws/install/graph_msgs/include/graph_msgs/graph_msgs/msg/detail/edge__rosidl_typesupport_introspection_cpp.hpp
[43.077s] -- Installing: /ros2_ws/install/graph_msgs/include/graph_msgs/graph_msgs/msg/detail/property__type_support.cpp
[43.077s] -- Installing: /ros2_ws/install/graph_msgs/include/graph_msgs/graph_msgs/msg/detail/property__rosidl_typesupport_introspection_cpp.hpp
[43.077s] -- Installing: /ros2_ws/install/graph_msgs/include/graph_msgs/graph_msgs/msg/detail/vertex__type_support.cpp
[43.077s] -- Installing: /ros2_ws/install/graph_msgs/include/graph_msgs/graph_msgs/msg/detail/vertex__rosidl_typesupport_introspection_cpp.hpp
[43.077s] -- Installing: /ros2_ws/install/graph_msgs/include/graph_msgs/graph_msgs/msg/detail/edge__type_support.cpp
[43.077s] -- Installing: /ros2_ws/install/graph_msgs/include/graph_msgs/graph_msgs/msg/detail/graph_meta_data__type_support.cpp
[43.077s] -- Installing: /ros2_ws/install/graph_msgs/include/graph_msgs/graph_msgs/msg/detail/graph__type_support.cpp
[43.077s] -- Up-to-date: /ros2_ws/install/graph_msgs/include/graph_msgs/graph_msgs/srv
[43.077s] -- Up-to-date: /ros2_ws/install/graph_msgs/include/graph_msgs/graph_msgs/srv/detail
[43.078s] -- Installing: /ros2_ws/install/graph_msgs/include/graph_msgs/graph_msgs/srv/detail/load_graph__rosidl_typesupport_introspection_cpp.hpp
[43.078s] -- Installing: /ros2_ws/install/graph_msgs/include/graph_msgs/graph_msgs/srv/detail/load_graph__type_support.cpp
[43.078s] -- Installing: /ros2_ws/install/graph_msgs/include/graph_msgs/graph_msgs/srv/detail/get_graph__type_support.cpp
[43.078s] -- Installing: /ros2_ws/install/graph_msgs/include/graph_msgs/graph_msgs/srv/detail/get_graph_plan__rosidl_typesupport_introspection_cpp.hpp
[43.078s] -- Installing: /ros2_ws/install/graph_msgs/include/graph_msgs/graph_msgs/srv/detail/get_graph_plan__type_support.cpp
[43.078s] -- Installing: /ros2_ws/install/graph_msgs/include/graph_msgs/graph_msgs/srv/detail/get_graph__rosidl_typesupport_introspection_cpp.hpp
[43.078s] -- Installing: /ros2_ws/install/graph_msgs/include/graph_msgs/graph_msgs/srv/detail/save_graph__rosidl_typesupport_introspection_cpp.hpp
[43.078s] -- Installing: /ros2_ws/install/graph_msgs/include/graph_msgs/graph_msgs/srv/detail/save_graph__type_support.cpp
[43.078s] -- Installing: /ros2_ws/install/graph_msgs/lib/libgraph_msgs__rosidl_typesupport_introspection_cpp.so
[43.078s] -- Set runtime path of "/ros2_ws/install/graph_msgs/lib/libgraph_msgs__rosidl_typesupport_introspection_cpp.so" to ""
[43.078s] -- Installing: /ros2_ws/install/graph_msgs/lib/libgraph_msgs__rosidl_typesupport_cpp.so
[43.078s] -- Set runtime path of "/ros2_ws/install/graph_msgs/lib/libgraph_msgs__rosidl_typesupport_cpp.so" to ""
[43.078s] -- Installing: /ros2_ws/install/graph_msgs/share/graph_msgs/environment/pythonpath.sh
[43.079s] -- Installing: /ros2_ws/install/graph_msgs/share/graph_msgs/environment/pythonpath.dsv
[43.079s] -- Installing: /ros2_ws/install/graph_msgs/local/lib/python3.10/dist-packages/graph_msgs-1.0.0-py3.10.egg-info
[43.079s] -- Installing: /ros2_ws/install/graph_msgs/local/lib/python3.10/dist-packages/graph_msgs-1.0.0-py3.10.egg-info/dependency_links.txt
[43.079s] -- Installing: /ros2_ws/install/graph_msgs/local/lib/python3.10/dist-packages/graph_msgs-1.0.0-py3.10.egg-info/PKG-INFO
[43.079s] -- Installing: /ros2_ws/install/graph_msgs/local/lib/python3.10/dist-packages/graph_msgs-1.0.0-py3.10.egg-info/SOURCES.txt
[43.079s] -- Installing: /ros2_ws/install/graph_msgs/local/lib/python3.10/dist-packages/graph_msgs-1.0.0-py3.10.egg-info/top_level.txt
[43.079s] -- Installing: /ros2_ws/install/graph_msgs/local/lib/python3.10/dist-packages/graph_msgs
[43.079s] -- Installing: /ros2_ws/install/graph_msgs/local/lib/python3.10/dist-packages/graph_msgs/libgraph_msgs__rosidl_generator_py.so
[43.079s] -- Installing: /ros2_ws/install/graph_msgs/local/lib/python3.10/dist-packages/graph_msgs/_graph_msgs_s.ep.rosidl_typesupport_c.c
[43.079s] -- Installing: /ros2_ws/install/graph_msgs/local/lib/python3.10/dist-packages/graph_msgs/graph_msgs_s__rosidl_typesupport_c.cpython-310-aarch64-linux-gnu.so
[43.079s] -- Installing: /ros2_ws/install/graph_msgs/local/lib/python3.10/dist-packages/graph_msgs/_graph_msgs_s.ep.rosidl_typesupport_introspection_c.c
[43.083s] -- Installing: /ros2_ws/install/graph_msgs/local/lib/python3.10/dist-packages/graph_msgs/msg
[43.083s] -- Installing: /ros2_ws/install/graph_msgs/local/lib/python3.10/dist-packages/graph_msgs/msg/_graph_meta_data_s.c
[43.095s] -- Installing: /ros2_ws/install/graph_msgs/local/lib/python3.10/dist-packages/graph_msgs/msg/_edge_s.c
[43.095s] -- Installing: /ros2_ws/install/graph_msgs/local/lib/python3.10/dist-packages/graph_msgs/msg/_edge.py
[43.095s] -- Installing: /ros2_ws/install/graph_msgs/local/lib/python3.10/dist-packages/graph_msgs/msg/_vertex_s.c
[43.096s] -- Installing: /ros2_ws/install/graph_msgs/local/lib/python3.10/dist-packages/graph_msgs/msg/_graph_meta_data.py
[43.096s] -- Installing: /ros2_ws/install/graph_msgs/local/lib/python3.10/dist-packages/graph_msgs/msg/_graph.py
[43.096s] -- Installing: /ros2_ws/install/graph_msgs/local/lib/python3.10/dist-packages/graph_msgs/msg/__init__.py
[43.096s] -- Installing: /ros2_ws/install/graph_msgs/local/lib/python3.10/dist-packages/graph_msgs/msg/_property_s.c
[43.096s] -- Installing: /ros2_ws/install/graph_msgs/local/lib/python3.10/dist-packages/graph_msgs/msg/_vertex.py
[43.096s] -- Installing: /ros2_ws/install/graph_msgs/local/lib/python3.10/dist-packages/graph_msgs/msg/_property.py
[43.096s] -- Installing: /ros2_ws/install/graph_msgs/local/lib/python3.10/dist-packages/graph_msgs/msg/_graph_s.c
[43.096s] -- Installing: /ros2_ws/install/graph_msgs/local/lib/python3.10/dist-packages/graph_msgs/graph_msgs_s__rosidl_typesupport_fastrtps_c.cpython-310-aarch64-linux-gnu.so
[43.096s] -- Installing: /ros2_ws/install/graph_msgs/local/lib/python3.10/dist-packages/graph_msgs/__init__.py
[43.096s] -- Installing: /ros2_ws/install/graph_msgs/local/lib/python3.10/dist-packages/graph_msgs/graph_msgs_s__rosidl_typesupport_introspection_c.cpython-310-aarch64-linux-gnu.so
[43.096s] -- Installing: /ros2_ws/install/graph_msgs/local/lib/python3.10/dist-packages/graph_msgs/_graph_msgs_s.ep.rosidl_typesupport_fastrtps_c.c
[43.097s] -- Installing: /ros2_ws/install/graph_msgs/local/lib/python3.10/dist-packages/graph_msgs/srv
[43.097s] -- Installing: /ros2_ws/install/graph_msgs/local/lib/python3.10/dist-packages/graph_msgs/srv/_load_graph_s.c
[43.097s] -- Installing: /ros2_ws/install/graph_msgs/local/lib/python3.10/dist-packages/graph_msgs/srv/_load_graph.py
[43.097s] -- Installing: /ros2_ws/install/graph_msgs/local/lib/python3.10/dist-packages/graph_msgs/srv/_save_graph.py
[43.097s] -- Installing: /ros2_ws/install/graph_msgs/local/lib/python3.10/dist-packages/graph_msgs/srv/_get_graph_s.c
[43.097s] -- Installing: /ros2_ws/install/graph_msgs/local/lib/python3.10/dist-packages/graph_msgs/srv/_get_graph_plan_s.c
[43.097s] -- Installing: /ros2_ws/install/graph_msgs/local/lib/python3.10/dist-packages/graph_msgs/srv/_get_graph.py
[43.097s] -- Installing: /ros2_ws/install/graph_msgs/local/lib/python3.10/dist-packages/graph_msgs/srv/_get_graph_plan.py
[43.097s] -- Installing: /ros2_ws/install/graph_msgs/local/lib/python3.10/dist-packages/graph_msgs/srv/__init__.py
[43.097s] -- Installing: /ros2_ws/install/graph_msgs/local/lib/python3.10/dist-packages/graph_msgs/srv/_save_graph_s.c
[43.186s] Listing '/ros2_ws/install/graph_msgs/local/lib/python3.10/dist-packages/graph_msgs'...
[43.186s] Compiling '/ros2_ws/install/graph_msgs/local/lib/python3.10/dist-packages/graph_msgs/__init__.py'...
[43.186s] Listing '/ros2_ws/install/graph_msgs/local/lib/python3.10/dist-packages/graph_msgs/msg'...
[43.186s] Compiling '/ros2_ws/install/graph_msgs/local/lib/python3.10/dist-packages/graph_msgs/msg/__init__.py'...
[43.186s] Compiling '/ros2_ws/install/graph_msgs/local/lib/python3.10/dist-packages/graph_msgs/msg/_edge.py'...
[43.186s] Compiling '/ros2_ws/install/graph_msgs/local/lib/python3.10/dist-packages/graph_msgs/msg/_graph.py'...
[43.186s] Compiling '/ros2_ws/install/graph_msgs/local/lib/python3.10/dist-packages/graph_msgs/msg/_graph_meta_data.py'...
[43.186s] Compiling '/ros2_ws/install/graph_msgs/local/lib/python3.10/dist-packages/graph_msgs/msg/_property.py'...
[43.186s] Compiling '/ros2_ws/install/graph_msgs/local/lib/python3.10/dist-packages/graph_msgs/msg/_vertex.py'...
[43.186s] Listing '/ros2_ws/install/graph_msgs/local/lib/python3.10/dist-packages/graph_msgs/srv'...
[43.186s] Compiling '/ros2_ws/install/graph_msgs/local/lib/python3.10/dist-packages/graph_msgs/srv/__init__.py'...
[43.187s] Compiling '/ros2_ws/install/graph_msgs/local/lib/python3.10/dist-packages/graph_msgs/srv/_get_graph.py'...
[43.187s] Compiling '/ros2_ws/install/graph_msgs/local/lib/python3.10/dist-packages/graph_msgs/srv/_get_graph_plan.py'...
[43.187s] Compiling '/ros2_ws/install/graph_msgs/local/lib/python3.10/dist-packages/graph_msgs/srv/_load_graph.py'...
[43.187s] Compiling '/ros2_ws/install/graph_msgs/local/lib/python3.10/dist-packages/graph_msgs/srv/_save_graph.py'...
[43.201s] -- Installing: /ros2_ws/install/graph_msgs/local/lib/python3.10/dist-packages/graph_msgs/graph_msgs_s__rosidl_typesupport_fastrtps_c.cpython-310-aarch64-linux-gnu.so
[43.201s] -- Set runtime path of "/ros2_ws/install/graph_msgs/local/lib/python3.10/dist-packages/graph_msgs/graph_msgs_s__rosidl_typesupport_fastrtps_c.cpython-310-aarch64-linux-gnu.so" to ""
[43.201s] -- Installing: /ros2_ws/install/graph_msgs/local/lib/python3.10/dist-packages/graph_msgs/graph_msgs_s__rosidl_typesupport_introspection_c.cpython-310-aarch64-linux-gnu.so
[43.203s] -- Set runtime path of "/ros2_ws/install/graph_msgs/local/lib/python3.10/dist-packages/graph_msgs/graph_msgs_s__rosidl_typesupport_introspection_c.cpython-310-aarch64-linux-gnu.so" to ""
[43.203s] -- Installing: /ros2_ws/install/graph_msgs/local/lib/python3.10/dist-packages/graph_msgs/graph_msgs_s__rosidl_typesupport_c.cpython-310-aarch64-linux-gnu.so
[43.204s] -- Set runtime path of "/ros2_ws/install/graph_msgs/local/lib/python3.10/dist-packages/graph_msgs/graph_msgs_s__rosidl_typesupport_c.cpython-310-aarch64-linux-gnu.so" to ""
[43.204s] -- Installing: /ros2_ws/install/graph_msgs/lib/libgraph_msgs__rosidl_generator_py.so
[43.204s] -- Set runtime path of "/ros2_ws/install/graph_msgs/lib/libgraph_msgs__rosidl_generator_py.so" to ""
[43.204s] -- Installing: /ros2_ws/install/graph_msgs/share/graph_msgs/msg/Property.idl
[43.204s] -- Installing: /ros2_ws/install/graph_msgs/share/graph_msgs/msg/Vertex.idl
[43.204s] -- Installing: /ros2_ws/install/graph_msgs/share/graph_msgs/msg/Edge.idl
[43.205s] -- Installing: /ros2_ws/install/graph_msgs/share/graph_msgs/msg/GraphMetaData.idl
[43.205s] -- Installing: /ros2_ws/install/graph_msgs/share/graph_msgs/msg/Graph.idl
[43.205s] -- Installing: /ros2_ws/install/graph_msgs/share/graph_msgs/srv/GetGraph.idl
[43.205s] -- Installing: /ros2_ws/install/graph_msgs/share/graph_msgs/srv/SaveGraph.idl
[43.205s] -- Installing: /ros2_ws/install/graph_msgs/share/graph_msgs/srv/LoadGraph.idl
[43.205s] -- Installing: /ros2_ws/install/graph_msgs/share/graph_msgs/srv/GetGraphPlan.idl
[43.205s] -- Installing: /ros2_ws/install/graph_msgs/share/graph_msgs/msg/Property.msg
[43.205s] -- Installing: /ros2_ws/install/graph_msgs/share/graph_msgs/msg/Vertex.msg
[43.205s] -- Installing: /ros2_ws/install/graph_msgs/share/graph_msgs/msg/Edge.msg
[43.205s] -- Installing: /ros2_ws/install/graph_msgs/share/graph_msgs/msg/GraphMetaData.msg
[43.205s] -- Installing: /ros2_ws/install/graph_msgs/share/graph_msgs/msg/Graph.msg
[43.206s] -- Installing: /ros2_ws/install/graph_msgs/share/graph_msgs/srv/GetGraph.srv
[43.206s] -- Installing: /ros2_ws/install/graph_msgs/share/graph_msgs/srv/GetGraph_Request.msg
[43.206s] -- Installing: /ros2_ws/install/graph_msgs/share/graph_msgs/srv/GetGraph_Response.msg
[43.206s] -- Installing: /ros2_ws/install/graph_msgs/share/graph_msgs/srv/SaveGraph.srv
[43.206s] -- Installing: /ros2_ws/install/graph_msgs/share/graph_msgs/srv/SaveGraph_Request.msg
[43.206s] -- Installing: /ros2_ws/install/graph_msgs/share/graph_msgs/srv/SaveGraph_Response.msg
[43.206s] -- Installing: /ros2_ws/install/graph_msgs/share/graph_msgs/srv/LoadGraph.srv
[43.207s] -- Installing: /ros2_ws/install/graph_msgs/share/graph_msgs/srv/LoadGraph_Request.msg
[43.207s] -- Installing: /ros2_ws/install/graph_msgs/share/graph_msgs/srv/LoadGraph_Response.msg
[43.207s] -- Installing: /ros2_ws/install/graph_msgs/share/graph_msgs/srv/GetGraphPlan.srv
[43.207s] -- Installing: /ros2_ws/install/graph_msgs/share/graph_msgs/srv/GetGraphPlan_Request.msg
[43.208s] -- Installing: /ros2_ws/install/graph_msgs/share/graph_msgs/srv/GetGraphPlan_Response.msg
[43.208s] -- Up-to-date: /ros2_ws/install/graph_msgs/share/graph_msgs/msg
[43.208s] -- Up-to-date: /ros2_ws/install/graph_msgs/share/graph_msgs/msg/Property.msg
[43.208s] -- Up-to-date: /ros2_ws/install/graph_msgs/share/graph_msgs/msg/GraphMetaData.msg
[43.208s] -- Up-to-date: /ros2_ws/install/graph_msgs/share/graph_msgs/msg/Edge.msg
[43.208s] -- Up-to-date: /ros2_ws/install/graph_msgs/share/graph_msgs/msg/Vertex.msg
[43.208s] -- Up-to-date: /ros2_ws/install/graph_msgs/share/graph_msgs/msg/Graph.msg
[43.208s] -- Up-to-date: /ros2_ws/install/graph_msgs/share/graph_msgs/srv
[43.208s] -- Up-to-date: /ros2_ws/install/graph_msgs/share/graph_msgs/srv/GetGraphPlan.srv
[43.208s] -- Up-to-date: /ros2_ws/install/graph_msgs/share/graph_msgs/srv/GetGraph.srv
[43.209s] -- Up-to-date: /ros2_ws/install/graph_msgs/share/graph_msgs/srv/SaveGraph.srv
[43.209s] -- Up-to-date: /ros2_ws/install/graph_msgs/share/graph_msgs/srv/LoadGraph.srv
[43.209s] -- Installing: /ros2_ws/install/graph_msgs/share/ament_index/resource_index/package_run_dependencies/graph_msgs
[43.209s] -- Installing: /ros2_ws/install/graph_msgs/share/ament_index/resource_index/parent_prefix_path/graph_msgs
[43.209s] -- Installing: /ros2_ws/install/graph_msgs/share/graph_msgs/environment/ament_prefix_path.sh
[43.209s] -- Installing: /ros2_ws/install/graph_msgs/share/graph_msgs/environment/ament_prefix_path.dsv
[43.209s] -- Installing: /ros2_ws/install/graph_msgs/share/graph_msgs/environment/path.sh
[43.210s] -- Installing: /ros2_ws/install/graph_msgs/share/graph_msgs/environment/path.dsv
[43.210s] -- Installing: /ros2_ws/install/graph_msgs/share/graph_msgs/local_setup.bash
[43.210s] -- Installing: /ros2_ws/install/graph_msgs/share/graph_msgs/local_setup.sh
[43.210s] -- Installing: /ros2_ws/install/graph_msgs/share/graph_msgs/local_setup.zsh
[43.210s] -- Installing: /ros2_ws/install/graph_msgs/share/graph_msgs/local_setup.dsv
[43.210s] -- Installing: /ros2_ws/install/graph_msgs/share/graph_msgs/package.dsv
[43.210s] -- Installing: /ros2_ws/install/graph_msgs/share/ament_index/resource_index/packages/graph_msgs
[43.211s] -- Installing: /ros2_ws/install/graph_msgs/share/graph_msgs/cmake/export_graph_msgs__rosidl_generator_cExport.cmake
[43.211s] -- Installing: /ros2_ws/install/graph_msgs/share/graph_msgs/cmake/export_graph_msgs__rosidl_generator_cExport-noconfig.cmake
[43.212s] -- Installing: /ros2_ws/install/graph_msgs/share/graph_msgs/cmake/export_graph_msgs__rosidl_typesupport_fastrtps_cExport.cmake
[43.212s] -- Installing: /ros2_ws/install/graph_msgs/share/graph_msgs/cmake/export_graph_msgs__rosidl_typesupport_fastrtps_cExport-noconfig.cmake
[43.212s] -- Installing: /ros2_ws/install/graph_msgs/share/graph_msgs/cmake/graph_msgs__rosidl_typesupport_introspection_cExport.cmake
[43.212s] -- Installing: /ros2_ws/install/graph_msgs/share/graph_msgs/cmake/graph_msgs__rosidl_typesupport_introspection_cExport-noconfig.cmake
[43.212s] -- Installing: /ros2_ws/install/graph_msgs/share/graph_msgs/cmake/graph_msgs__rosidl_typesupport_cExport.cmake
[43.212s] -- Installing: /ros2_ws/install/graph_msgs/share/graph_msgs/cmake/graph_msgs__rosidl_typesupport_cExport-noconfig.cmake
[43.213s] -- Installing: /ros2_ws/install/graph_msgs/share/graph_msgs/cmake/export_graph_msgs__rosidl_generator_cppExport.cmake
[43.213s] -- Installing: /ros2_ws/install/graph_msgs/share/graph_msgs/cmake/export_graph_msgs__rosidl_typesupport_fastrtps_cppExport.cmake
[43.213s] -- Installing: /ros2_ws/install/graph_msgs/share/graph_msgs/cmake/export_graph_msgs__rosidl_typesupport_fastrtps_cppExport-noconfig.cmake
[43.213s] -- Installing: /ros2_ws/install/graph_msgs/share/graph_msgs/cmake/graph_msgs__rosidl_typesupport_introspection_cppExport.cmake
[43.214s] -- Installing: /ros2_ws/install/graph_msgs/share/graph_msgs/cmake/graph_msgs__rosidl_typesupport_introspection_cppExport-noconfig.cmake
[43.214s] -- Installing: /ros2_ws/install/graph_msgs/share/graph_msgs/cmake/graph_msgs__rosidl_typesupport_cppExport.cmake
[43.218s] -- Installing: /ros2_ws/install/graph_msgs/share/graph_msgs/cmake/graph_msgs__rosidl_typesupport_cppExport-noconfig.cmake
[43.219s] -- Installing: /ros2_ws/install/graph_msgs/share/graph_msgs/cmake/export_graph_msgs__rosidl_generator_pyExport.cmake
[43.219s] -- Installing: /ros2_ws/install/graph_msgs/share/graph_msgs/cmake/export_graph_msgs__rosidl_generator_pyExport-noconfig.cmake
[43.219s] -- Installing: /ros2_ws/install/graph_msgs/share/graph_msgs/cmake/rosidl_cmake-extras.cmake
[43.219s] -- Installing: /ros2_ws/install/graph_msgs/share/graph_msgs/cmake/ament_cmake_export_dependencies-extras.cmake
[43.219s] -- Installing: /ros2_ws/install/graph_msgs/share/graph_msgs/cmake/ament_cmake_export_include_directories-extras.cmake
[43.219s] -- Installing: /ros2_ws/install/graph_msgs/share/graph_msgs/cmake/ament_cmake_export_libraries-extras.cmake
[43.219s] -- Installing: /ros2_ws/install/graph_msgs/share/graph_msgs/cmake/ament_cmake_export_targets-extras.cmake
[43.219s] -- Installing: /ros2_ws/install/graph_msgs/share/graph_msgs/cmake/rosidl_cmake_export_typesupport_targets-extras.cmake
[43.219s] -- Installing: /ros2_ws/install/graph_msgs/share/graph_msgs/cmake/rosidl_cmake_export_typesupport_libraries-extras.cmake
[43.219s] -- Installing: /ros2_ws/install/graph_msgs/share/graph_msgs/cmake/graph_msgsConfig.cmake
[43.219s] -- Installing: /ros2_ws/install/graph_msgs/share/graph_msgs/cmake/graph_msgsConfig-version.cmake
[43.220s] -- Installing: /ros2_ws/install/graph_msgs/share/graph_msgs/package.xml
[43.336s] Invoked command in '/ros2_ws/build/graph_msgs' returned '0': CMAKE_PREFIX_PATH=${CMAKE_PREFIX_PATH}:/opt/ros/humble /usr/bin/cmake --install /ros2_ws/build/graph_msgs
