-- The C compiler identification is GNU 11.4.0
-- The CXX compiler identification is GNU 11.4.0
-- Detecting C compiler ABI info
-- Detecting C compiler ABI info - done
-- Check for working C compiler: /usr/bin/cc - skipped
-- Detecting C compile features
-- Detecting C compile features - done
-- Detecting CXX compiler ABI info
-- Detecting CXX compiler ABI info - done
-- Check for working CXX compiler: /usr/bin/c++ - skipped
-- Detecting CXX compile features
-- Detecting CXX compile features - done
-- Found ament_cmake: 1.3.12 (/opt/ros/humble/share/ament_cmake/cmake)
-- Found Python3: /usr/bin/python3 (found version "3.10.12") found components: Interpreter 
-- Found rclcpp: 16.0.15 (/opt/ros/humble/share/rclcpp/cmake)
-- Found rosidl_generator_c: 3.1.7 (/opt/ros/humble/share/rosidl_generator_c/cmake)
-- Found rosidl_adapter: 3.1.7 (/opt/ros/humble/share/rosidl_adapter/cmake)
-- Found rosidl_generator_cpp: 3.1.7 (/opt/ros/humble/share/rosidl_generator_cpp/cmake)
-- Using all available rosidl_typesupport_c: rosidl_typesupport_fastrtps_c;rosidl_typesupport_introspection_c
-- Using all available rosidl_typesupport_cpp: rosidl_typesupport_fastrtps_cpp;rosidl_typesupport_introspection_cpp
-- Found rmw_implementation_cmake: 6.1.2 (/opt/ros/humble/share/rmw_implementation_cmake/cmake)
-- Found rmw_fastrtps_cpp: 6.2.8 (/opt/ros/humble/share/rmw_fastrtps_cpp/cmake)
-- Found OpenSSL: /usr/lib/aarch64-linux-gnu/libcrypto.so (found version "3.0.2")  
-- Found FastRTPS: /opt/ros/humble/include  
-- Using RMW implementation 'rmw_fastrtps_cpp' as default
-- Looking for pthread.h
-- Looking for pthread.h - found
-- Performing Test CMAKE_HAVE_LIBC_PTHREAD
-- Performing Test CMAKE_HAVE_LIBC_PTHREAD - Success
-- Found Threads: TRUE  
-- Found rclpy: 3.3.17 (/opt/ros/humble/share/rclpy/cmake)
-- Found global_path_graph_planner: 2.0.0 (/ros2_ws/install/global_path_graph_planner/share/global_path_graph_planner/cmake)
-- Found eigen3_cmake_module: 0.1.1 (/opt/ros/humble/share/eigen3_cmake_module/cmake)
-- Found Eigen3: TRUE (found version "3.4.0") 
-- Ensuring Eigen3 include directory is part of orocos-kdl CMake target
-- Found graph_server: 1.0.0 (/ros2_ws/install/graph_server/share/graph_server/cmake)
-- Found lower_level_controller: 2.0.0 (/ros2_ws/install/lower_level_controller/share/lower_level_controller/cmake)
-- Found reader_modules: 2.0.0 (/ros2_ws/install/reader_modules/share/reader_modules/cmake)
-- Found ament_lint_auto: 0.12.14 (/opt/ros/humble/share/ament_lint_auto/cmake)
-- Added test 'copyright' to check source files copyright and LICENSE
-- Added test 'cppcheck' to perform static code analysis on C / C++ code
-- Configured cppcheck include dirs: /ros2_ws/src/anscer_agv_bringup/include
-- Configured cppcheck exclude dirs and/or files: 
-- Added test 'cpplint' to check C / C++ code against the Google style
-- Configured cpplint exclude dirs and/or files: 
-- Added test 'flake8' to check Python code syntax and style conventions
-- Added test 'lint_cmake' to check CMake code style
-- Added test 'pep257' to check Python code against some of the docstring style conventions in PEP 257
-- Added test 'uncrustify' to check C / C++ code style
-- Configured uncrustify additional arguments: 
-- Added test 'xmllint' to check XML markup files
-- Configuring done
-- Generating done
-- Build files have been written to: /ros2_ws/build/anscer_agv_bringup
-- Install configuration: ""
-- Installing: /ros2_ws/install/anscer_agv_bringup/share/anscer_agv_bringup//launch
-- Installing: /ros2_ws/install/anscer_agv_bringup/share/anscer_agv_bringup//launch/start_anscer_agv.launch.py
-- Installing: /ros2_ws/install/anscer_agv_bringup/share/ament_index/resource_index/package_run_dependencies/anscer_agv_bringup
-- Installing: /ros2_ws/install/anscer_agv_bringup/share/ament_index/resource_index/parent_prefix_path/anscer_agv_bringup
-- Installing: /ros2_ws/install/anscer_agv_bringup/share/anscer_agv_bringup/environment/ament_prefix_path.sh
-- Installing: /ros2_ws/install/anscer_agv_bringup/share/anscer_agv_bringup/environment/ament_prefix_path.dsv
-- Installing: /ros2_ws/install/anscer_agv_bringup/share/anscer_agv_bringup/environment/path.sh
-- Installing: /ros2_ws/install/anscer_agv_bringup/share/anscer_agv_bringup/environment/path.dsv
-- Installing: /ros2_ws/install/anscer_agv_bringup/share/anscer_agv_bringup/local_setup.bash
-- Installing: /ros2_ws/install/anscer_agv_bringup/share/anscer_agv_bringup/local_setup.sh
-- Installing: /ros2_ws/install/anscer_agv_bringup/share/anscer_agv_bringup/local_setup.zsh
-- Installing: /ros2_ws/install/anscer_agv_bringup/share/anscer_agv_bringup/local_setup.dsv
-- Installing: /ros2_ws/install/anscer_agv_bringup/share/anscer_agv_bringup/package.dsv
-- Installing: /ros2_ws/install/anscer_agv_bringup/share/ament_index/resource_index/packages/anscer_agv_bringup
-- Installing: /ros2_ws/install/anscer_agv_bringup/share/anscer_agv_bringup/cmake/anscer_agv_bringupConfig.cmake
-- Installing: /ros2_ws/install/anscer_agv_bringup/share/anscer_agv_bringup/cmake/anscer_agv_bringupConfig-version.cmake
-- Installing: /ros2_ws/install/anscer_agv_bringup/share/anscer_agv_bringup/package.xml
