[0.069s] Invoking command in '/ros2_ws/build/anscer_agv_bringup': CMAKE_PREFIX_PATH=/ros2_ws/install/qr_mission_scheduler:/ros2_ws/install/global_path_graph_planner:/ros2_ws/install/graph_server:/ros2_ws/install/global_path_graph:/ros2_ws/install/graph_creator:/ros2_ws/install/tag_monitor:/ros2_ws/install/reader_modules:/ros2_ws/install/lower_level_controller:/ros2_ws/install/graph_creator_msgs:/ros2_ws/install/wms_data:/ros2_ws/install/twist_mux:/ros2_ws/install/robot_pose_publisher:/ros2_ws/install/qr_navigation:/ros2_ws/install/power_control:/ros2_ws/install/lift_action:/ros2_ws/install/graph_msgs:/ros2_ws/install/anscer_msgs:/ros2_ws/install/anscer_description:/ros2_ws/install/start_robot_bringup:/ros2_ws/install/anscer_agv_bringup:/ros2_ws/install/rosbridge_server:/ros2_ws/install/navigation_speed_control:/ros2_ws/install/graph_visual_control:/ros2_ws/install/graph_control:/ros2_ws/install/graph_creator_rviz_plugin:/ros2_ws/install/emergency_handler:/ros2_ws/install/brake_action:/ros2_ws/install/anscer_teleop:/ros2_ws/install/acr_robot_controller:/opt/ros/humble LD_LIBRARY_PATH=/ros2_ws/install/qr_mission_scheduler/lib:/ros2_ws/install/global_path_graph_planner/lib:/ros2_ws/install/global_path_graph/lib:/ros2_ws/install/graph_creator/lib:/ros2_ws/install/graph_creator_msgs/lib:/ros2_ws/install/wms_data/lib:/ros2_ws/install/twist_mux/lib:/ros2_ws/install/qr_navigation/lib:/ros2_ws/install/lift_action/lib:/ros2_ws/install/graph_msgs/lib:/ros2_ws/install/anscer_msgs/lib:/ros2_ws/install/rosbridge_server/lib:/ros2_ws/install/graph_control/lib:/ros2_ws/install/graph_creator_rviz_plugin/lib:/opt/ros/humble/opt/rviz_ogre_vendor/lib:/opt/ros/humble/lib/aarch64-linux-gnu:/opt/ros/humble/lib /usr/bin/cmake /ros2_ws/src/anscer_agv_bringup -DCMAKE_INSTALL_PREFIX=/ros2_ws/install/anscer_agv_bringup
[0.183s] -- The C compiler identification is GNU 11.4.0
[0.270s] -- The CXX compiler identification is GNU 11.4.0
[0.289s] -- Detecting C compiler ABI info
[0.405s] -- Detecting C compiler ABI info - done
[0.426s] -- Check for working C compiler: /usr/bin/cc - skipped
[0.427s] -- Detecting C compile features
[0.427s] -- Detecting C compile features - done
[0.434s] -- Detecting CXX compiler ABI info
[0.567s] -- Detecting CXX compiler ABI info - done
[0.591s] -- Check for working CXX compiler: /usr/bin/c++ - skipped
[0.591s] -- Detecting CXX compile features
[0.593s] -- Detecting CXX compile features - done
[0.604s] -- Found ament_cmake: 1.3.12 (/opt/ros/humble/share/ament_cmake/cmake)
[0.854s] -- Found Python3: /usr/bin/python3 (found version "3.10.12") found components: Interpreter 
[1.082s] -- Found rclcpp: 16.0.15 (/opt/ros/humble/share/rclcpp/cmake)
[1.170s] -- Found rosidl_generator_c: 3.1.7 (/opt/ros/humble/share/rosidl_generator_c/cmake)
[1.183s] -- Found rosidl_adapter: 3.1.7 (/opt/ros/humble/share/rosidl_adapter/cmake)
[1.200s] -- Found rosidl_generator_cpp: 3.1.7 (/opt/ros/humble/share/rosidl_generator_cpp/cmake)
[1.223s] -- Using all available rosidl_typesupport_c: rosidl_typesupport_fastrtps_c;rosidl_typesupport_introspection_c
[1.255s] -- Using all available rosidl_typesupport_cpp: rosidl_typesupport_fastrtps_cpp;rosidl_typesupport_introspection_cpp
[1.345s] -- Found rmw_implementation_cmake: 6.1.2 (/opt/ros/humble/share/rmw_implementation_cmake/cmake)
[1.353s] -- Found rmw_fastrtps_cpp: 6.2.8 (/opt/ros/humble/share/rmw_fastrtps_cpp/cmake)
[1.514s] -- Found OpenSSL: /usr/lib/aarch64-linux-gnu/libcrypto.so (found version "3.0.2")  
[1.553s] -- Found FastRTPS: /opt/ros/humble/include  
[1.617s] -- Using RMW implementation 'rmw_fastrtps_cpp' as default
[1.638s] -- Looking for pthread.h
[1.758s] -- Looking for pthread.h - found
[1.758s] -- Performing Test CMAKE_HAVE_LIBC_PTHREAD
[1.934s] -- Performing Test CMAKE_HAVE_LIBC_PTHREAD - Success
[1.938s] -- Found Threads: TRUE  
[2.055s] -- Found rclpy: 3.3.17 (/opt/ros/humble/share/rclpy/cmake)
[2.055s] -- Found global_path_graph_planner: 2.0.0 (/ros2_ws/install/global_path_graph_planner/share/global_path_graph_planner/cmake)
[2.391s] -- Found eigen3_cmake_module: 0.1.1 (/opt/ros/humble/share/eigen3_cmake_module/cmake)
[2.393s] -- Found Eigen3: TRUE (found version "3.4.0") 
[2.393s] -- Ensuring Eigen3 include directory is part of orocos-kdl CMake target
[2.470s] -- Found graph_server: 1.0.0 (/ros2_ws/install/graph_server/share/graph_server/cmake)
[2.471s] -- Found lower_level_controller: 2.0.0 (/ros2_ws/install/lower_level_controller/share/lower_level_controller/cmake)
[2.472s] -- Found reader_modules: 2.0.0 (/ros2_ws/install/reader_modules/share/reader_modules/cmake)
[2.477s] -- Found ament_lint_auto: 0.12.14 (/opt/ros/humble/share/ament_lint_auto/cmake)
[2.632s] -- Added test 'copyright' to check source files copyright and LICENSE
[2.633s] -- Added test 'cppcheck' to perform static code analysis on C / C++ code
[2.634s] -- Configured cppcheck include dirs: /ros2_ws/src/anscer_agv_bringup/include
[2.634s] -- Configured cppcheck exclude dirs and/or files: 
[2.635s] -- Added test 'cpplint' to check C / C++ code against the Google style
[2.635s] -- Configured cpplint exclude dirs and/or files: 
[2.636s] -- Added test 'flake8' to check Python code syntax and style conventions
[2.637s] -- Added test 'lint_cmake' to check CMake code style
[2.639s] -- Added test 'pep257' to check Python code against some of the docstring style conventions in PEP 257
[2.640s] -- Added test 'uncrustify' to check C / C++ code style
[2.640s] -- Configured uncrustify additional arguments: 
[2.641s] -- Added test 'xmllint' to check XML markup files
[2.644s] -- Configuring done
[2.656s] -- Generating done
[2.662s] -- Build files have been written to: /ros2_ws/build/anscer_agv_bringup
[2.685s] Invoked command in '/ros2_ws/build/anscer_agv_bringup' returned '0': CMAKE_PREFIX_PATH=/ros2_ws/install/qr_mission_scheduler:/ros2_ws/install/global_path_graph_planner:/ros2_ws/install/graph_server:/ros2_ws/install/global_path_graph:/ros2_ws/install/graph_creator:/ros2_ws/install/tag_monitor:/ros2_ws/install/reader_modules:/ros2_ws/install/lower_level_controller:/ros2_ws/install/graph_creator_msgs:/ros2_ws/install/wms_data:/ros2_ws/install/twist_mux:/ros2_ws/install/robot_pose_publisher:/ros2_ws/install/qr_navigation:/ros2_ws/install/power_control:/ros2_ws/install/lift_action:/ros2_ws/install/graph_msgs:/ros2_ws/install/anscer_msgs:/ros2_ws/install/anscer_description:/ros2_ws/install/start_robot_bringup:/ros2_ws/install/anscer_agv_bringup:/ros2_ws/install/rosbridge_server:/ros2_ws/install/navigation_speed_control:/ros2_ws/install/graph_visual_control:/ros2_ws/install/graph_control:/ros2_ws/install/graph_creator_rviz_plugin:/ros2_ws/install/emergency_handler:/ros2_ws/install/brake_action:/ros2_ws/install/anscer_teleop:/ros2_ws/install/acr_robot_controller:/opt/ros/humble LD_LIBRARY_PATH=/ros2_ws/install/qr_mission_scheduler/lib:/ros2_ws/install/global_path_graph_planner/lib:/ros2_ws/install/global_path_graph/lib:/ros2_ws/install/graph_creator/lib:/ros2_ws/install/graph_creator_msgs/lib:/ros2_ws/install/wms_data/lib:/ros2_ws/install/twist_mux/lib:/ros2_ws/install/qr_navigation/lib:/ros2_ws/install/lift_action/lib:/ros2_ws/install/graph_msgs/lib:/ros2_ws/install/anscer_msgs/lib:/ros2_ws/install/rosbridge_server/lib:/ros2_ws/install/graph_control/lib:/ros2_ws/install/graph_creator_rviz_plugin/lib:/opt/ros/humble/opt/rviz_ogre_vendor/lib:/opt/ros/humble/lib/aarch64-linux-gnu:/opt/ros/humble/lib /usr/bin/cmake /ros2_ws/src/anscer_agv_bringup -DCMAKE_INSTALL_PREFIX=/ros2_ws/install/anscer_agv_bringup
[2.689s] Invoking command in '/ros2_ws/build/anscer_agv_bringup': CMAKE_PREFIX_PATH=/ros2_ws/install/qr_mission_scheduler:/ros2_ws/install/global_path_graph_planner:/ros2_ws/install/graph_server:/ros2_ws/install/global_path_graph:/ros2_ws/install/graph_creator:/ros2_ws/install/tag_monitor:/ros2_ws/install/reader_modules:/ros2_ws/install/lower_level_controller:/ros2_ws/install/graph_creator_msgs:/ros2_ws/install/wms_data:/ros2_ws/install/twist_mux:/ros2_ws/install/robot_pose_publisher:/ros2_ws/install/qr_navigation:/ros2_ws/install/power_control:/ros2_ws/install/lift_action:/ros2_ws/install/graph_msgs:/ros2_ws/install/anscer_msgs:/ros2_ws/install/anscer_description:/ros2_ws/install/start_robot_bringup:/ros2_ws/install/anscer_agv_bringup:/ros2_ws/install/rosbridge_server:/ros2_ws/install/navigation_speed_control:/ros2_ws/install/graph_visual_control:/ros2_ws/install/graph_control:/ros2_ws/install/graph_creator_rviz_plugin:/ros2_ws/install/emergency_handler:/ros2_ws/install/brake_action:/ros2_ws/install/anscer_teleop:/ros2_ws/install/acr_robot_controller:/opt/ros/humble LD_LIBRARY_PATH=/ros2_ws/install/qr_mission_scheduler/lib:/ros2_ws/install/global_path_graph_planner/lib:/ros2_ws/install/global_path_graph/lib:/ros2_ws/install/graph_creator/lib:/ros2_ws/install/graph_creator_msgs/lib:/ros2_ws/install/wms_data/lib:/ros2_ws/install/twist_mux/lib:/ros2_ws/install/qr_navigation/lib:/ros2_ws/install/lift_action/lib:/ros2_ws/install/graph_msgs/lib:/ros2_ws/install/anscer_msgs/lib:/ros2_ws/install/rosbridge_server/lib:/ros2_ws/install/graph_control/lib:/ros2_ws/install/graph_creator_rviz_plugin/lib:/opt/ros/humble/opt/rviz_ogre_vendor/lib:/opt/ros/humble/lib/aarch64-linux-gnu:/opt/ros/humble/lib /usr/bin/cmake --build /ros2_ws/build/anscer_agv_bringup -- -j12 -l12
[2.770s] Invoked command in '/ros2_ws/build/anscer_agv_bringup' returned '0': CMAKE_PREFIX_PATH=/ros2_ws/install/qr_mission_scheduler:/ros2_ws/install/global_path_graph_planner:/ros2_ws/install/graph_server:/ros2_ws/install/global_path_graph:/ros2_ws/install/graph_creator:/ros2_ws/install/tag_monitor:/ros2_ws/install/reader_modules:/ros2_ws/install/lower_level_controller:/ros2_ws/install/graph_creator_msgs:/ros2_ws/install/wms_data:/ros2_ws/install/twist_mux:/ros2_ws/install/robot_pose_publisher:/ros2_ws/install/qr_navigation:/ros2_ws/install/power_control:/ros2_ws/install/lift_action:/ros2_ws/install/graph_msgs:/ros2_ws/install/anscer_msgs:/ros2_ws/install/anscer_description:/ros2_ws/install/start_robot_bringup:/ros2_ws/install/anscer_agv_bringup:/ros2_ws/install/rosbridge_server:/ros2_ws/install/navigation_speed_control:/ros2_ws/install/graph_visual_control:/ros2_ws/install/graph_control:/ros2_ws/install/graph_creator_rviz_plugin:/ros2_ws/install/emergency_handler:/ros2_ws/install/brake_action:/ros2_ws/install/anscer_teleop:/ros2_ws/install/acr_robot_controller:/opt/ros/humble LD_LIBRARY_PATH=/ros2_ws/install/qr_mission_scheduler/lib:/ros2_ws/install/global_path_graph_planner/lib:/ros2_ws/install/global_path_graph/lib:/ros2_ws/install/graph_creator/lib:/ros2_ws/install/graph_creator_msgs/lib:/ros2_ws/install/wms_data/lib:/ros2_ws/install/twist_mux/lib:/ros2_ws/install/qr_navigation/lib:/ros2_ws/install/lift_action/lib:/ros2_ws/install/graph_msgs/lib:/ros2_ws/install/anscer_msgs/lib:/ros2_ws/install/rosbridge_server/lib:/ros2_ws/install/graph_control/lib:/ros2_ws/install/graph_creator_rviz_plugin/lib:/opt/ros/humble/opt/rviz_ogre_vendor/lib:/opt/ros/humble/lib/aarch64-linux-gnu:/opt/ros/humble/lib /usr/bin/cmake --build /ros2_ws/build/anscer_agv_bringup -- -j12 -l12
[2.774s] Invoking command in '/ros2_ws/build/anscer_agv_bringup': CMAKE_PREFIX_PATH=/ros2_ws/install/qr_mission_scheduler:/ros2_ws/install/global_path_graph_planner:/ros2_ws/install/graph_server:/ros2_ws/install/global_path_graph:/ros2_ws/install/graph_creator:/ros2_ws/install/tag_monitor:/ros2_ws/install/reader_modules:/ros2_ws/install/lower_level_controller:/ros2_ws/install/graph_creator_msgs:/ros2_ws/install/wms_data:/ros2_ws/install/twist_mux:/ros2_ws/install/robot_pose_publisher:/ros2_ws/install/qr_navigation:/ros2_ws/install/power_control:/ros2_ws/install/lift_action:/ros2_ws/install/graph_msgs:/ros2_ws/install/anscer_msgs:/ros2_ws/install/anscer_description:/ros2_ws/install/start_robot_bringup:/ros2_ws/install/anscer_agv_bringup:/ros2_ws/install/rosbridge_server:/ros2_ws/install/navigation_speed_control:/ros2_ws/install/graph_visual_control:/ros2_ws/install/graph_control:/ros2_ws/install/graph_creator_rviz_plugin:/ros2_ws/install/emergency_handler:/ros2_ws/install/brake_action:/ros2_ws/install/anscer_teleop:/ros2_ws/install/acr_robot_controller:/opt/ros/humble LD_LIBRARY_PATH=/ros2_ws/install/qr_mission_scheduler/lib:/ros2_ws/install/global_path_graph_planner/lib:/ros2_ws/install/global_path_graph/lib:/ros2_ws/install/graph_creator/lib:/ros2_ws/install/graph_creator_msgs/lib:/ros2_ws/install/wms_data/lib:/ros2_ws/install/twist_mux/lib:/ros2_ws/install/qr_navigation/lib:/ros2_ws/install/lift_action/lib:/ros2_ws/install/graph_msgs/lib:/ros2_ws/install/anscer_msgs/lib:/ros2_ws/install/rosbridge_server/lib:/ros2_ws/install/graph_control/lib:/ros2_ws/install/graph_creator_rviz_plugin/lib:/opt/ros/humble/opt/rviz_ogre_vendor/lib:/opt/ros/humble/lib/aarch64-linux-gnu:/opt/ros/humble/lib /usr/bin/cmake --install /ros2_ws/build/anscer_agv_bringup
[2.795s] -- Install configuration: ""
[2.795s] -- Installing: /ros2_ws/install/anscer_agv_bringup/share/anscer_agv_bringup//launch
[2.795s] -- Installing: /ros2_ws/install/anscer_agv_bringup/share/anscer_agv_bringup//launch/start_anscer_agv.launch.py
[2.819s] -- Installing: /ros2_ws/install/anscer_agv_bringup/share/ament_index/resource_index/package_run_dependencies/anscer_agv_bringup
[2.819s] -- Installing: /ros2_ws/install/anscer_agv_bringup/share/ament_index/resource_index/parent_prefix_path/anscer_agv_bringup
[2.819s] -- Installing: /ros2_ws/install/anscer_agv_bringup/share/anscer_agv_bringup/environment/ament_prefix_path.sh
[2.819s] -- Installing: /ros2_ws/install/anscer_agv_bringup/share/anscer_agv_bringup/environment/ament_prefix_path.dsv
[2.820s] -- Installing: /ros2_ws/install/anscer_agv_bringup/share/anscer_agv_bringup/environment/path.sh
[2.820s] -- Installing: /ros2_ws/install/anscer_agv_bringup/share/anscer_agv_bringup/environment/path.dsv
[2.820s] -- Installing: /ros2_ws/install/anscer_agv_bringup/share/anscer_agv_bringup/local_setup.bash
[2.820s] -- Installing: /ros2_ws/install/anscer_agv_bringup/share/anscer_agv_bringup/local_setup.sh
[2.821s] -- Installing: /ros2_ws/install/anscer_agv_bringup/share/anscer_agv_bringup/local_setup.zsh
[2.821s] -- Installing: /ros2_ws/install/anscer_agv_bringup/share/anscer_agv_bringup/local_setup.dsv
[2.821s] -- Installing: /ros2_ws/install/anscer_agv_bringup/share/anscer_agv_bringup/package.dsv
[2.821s] -- Installing: /ros2_ws/install/anscer_agv_bringup/share/ament_index/resource_index/packages/anscer_agv_bringup
[2.821s] -- Installing: /ros2_ws/install/anscer_agv_bringup/share/anscer_agv_bringup/cmake/anscer_agv_bringupConfig.cmake
[2.822s] -- Installing: /ros2_ws/install/anscer_agv_bringup/share/anscer_agv_bringup/cmake/anscer_agv_bringupConfig-version.cmake
[2.822s] -- Installing: /ros2_ws/install/anscer_agv_bringup/share/anscer_agv_bringup/package.xml
[2.827s] Invoked command in '/ros2_ws/build/anscer_agv_bringup' returned '0': CMAKE_PREFIX_PATH=/ros2_ws/install/qr_mission_scheduler:/ros2_ws/install/global_path_graph_planner:/ros2_ws/install/graph_server:/ros2_ws/install/global_path_graph:/ros2_ws/install/graph_creator:/ros2_ws/install/tag_monitor:/ros2_ws/install/reader_modules:/ros2_ws/install/lower_level_controller:/ros2_ws/install/graph_creator_msgs:/ros2_ws/install/wms_data:/ros2_ws/install/twist_mux:/ros2_ws/install/robot_pose_publisher:/ros2_ws/install/qr_navigation:/ros2_ws/install/power_control:/ros2_ws/install/lift_action:/ros2_ws/install/graph_msgs:/ros2_ws/install/anscer_msgs:/ros2_ws/install/anscer_description:/ros2_ws/install/start_robot_bringup:/ros2_ws/install/anscer_agv_bringup:/ros2_ws/install/rosbridge_server:/ros2_ws/install/navigation_speed_control:/ros2_ws/install/graph_visual_control:/ros2_ws/install/graph_control:/ros2_ws/install/graph_creator_rviz_plugin:/ros2_ws/install/emergency_handler:/ros2_ws/install/brake_action:/ros2_ws/install/anscer_teleop:/ros2_ws/install/acr_robot_controller:/opt/ros/humble LD_LIBRARY_PATH=/ros2_ws/install/qr_mission_scheduler/lib:/ros2_ws/install/global_path_graph_planner/lib:/ros2_ws/install/global_path_graph/lib:/ros2_ws/install/graph_creator/lib:/ros2_ws/install/graph_creator_msgs/lib:/ros2_ws/install/wms_data/lib:/ros2_ws/install/twist_mux/lib:/ros2_ws/install/qr_navigation/lib:/ros2_ws/install/lift_action/lib:/ros2_ws/install/graph_msgs/lib:/ros2_ws/install/anscer_msgs/lib:/ros2_ws/install/rosbridge_server/lib:/ros2_ws/install/graph_control/lib:/ros2_ws/install/graph_creator_rviz_plugin/lib:/opt/ros/humble/opt/rviz_ogre_vendor/lib:/opt/ros/humble/lib/aarch64-linux-gnu:/opt/ros/humble/lib /usr/bin/cmake --install /ros2_ws/build/anscer_agv_bringup
