[0.177s] DEBUG:colcon:Command line arguments: ['/usr/bin/colcon', 'build', '--packages-select', 'graph_visual_control', '--symlink-install']
[0.177s] DEBUG:colcon:Parsed command line arguments: Namespace(log_base=None, log_level=None, verb_name='build', build_base='build', install_base='install', merge_install=False, symlink_install=True, test_result_base=None, continue_on_error=False, executor='parallel', parallel_workers=12, event_handlers=None, ignore_user_meta=False, metas=['./colcon.meta'], base_paths=['.'], packages_ignore=None, packages_ignore_regex=None, paths=None, packages_up_to=None, packages_up_to_regex=None, packages_above=None, packages_above_and_dependencies=None, packages_above_depth=None, packages_select_by_dep=None, packages_skip_by_dep=None, packages_skip_up_to=None, packages_select_build_failed=False, packages_skip_build_finished=False, packages_select_test_failures=False, packages_skip_test_passed=False, packages_select=['graph_visual_control'], packages_skip=None, packages_select_regex=None, packages_skip_regex=None, packages_start=None, packages_end=None, cmake_args=None, cmake_target=None, cmake_target_skip_unavailable=False, cmake_clean_cache=False, cmake_clean_first=False, cmake_force_configure=False, ament_cmake_args=None, catkin_cmake_args=None, catkin_skip_building_tests=False, mixin_files=None, mixin=None, verb_parser=<colcon_mixin.mixin.mixin_argument.MixinArgumentDecorator object at 0xffff8f294b50>, verb_extension=<colcon_core.verb.build.BuildVerb object at 0xffff8f294640>, main=<bound method BuildVerb.main of <colcon_core.verb.build.BuildVerb object at 0xffff8f294640>>, mixin_verb=('build',))
[0.399s] Level 1:colcon.colcon_core.package_discovery:discover_packages(colcon_meta) check parameters
[0.400s] INFO:colcon.colcon_metadata.package_discovery.colcon_meta:Using configuration from '/root/.colcon/metadata/default/Gazebo.meta'
[0.401s] INFO:colcon.colcon_metadata.package_discovery.colcon_meta:Using configuration from '/root/.colcon/metadata/default/fastdds.meta'
[0.402s] INFO:colcon.colcon_metadata.package_discovery.colcon_meta:Using configuration from '/root/.colcon/metadata/default/fastrtps.meta'
[0.402s] Level 1:colcon.colcon_core.package_discovery:discover_packages(recursive) check parameters
[0.402s] Level 1:colcon.colcon_core.package_discovery:discover_packages(ignore) check parameters
[0.402s] Level 1:colcon.colcon_core.package_discovery:discover_packages(path) check parameters
[0.402s] Level 1:colcon.colcon_core.package_discovery:discover_packages(colcon_meta) discover
[0.402s] Level 1:colcon.colcon_core.package_discovery:discover_packages(recursive) discover
[0.402s] INFO:colcon.colcon_core.package_discovery:Crawling recursively for packages in '/ros2_ws/src/graph_visual_control'
[0.402s] Level 1:colcon.colcon_core.package_identification:_identify(.) by extensions ['ignore', 'ignore_ament_install']
[0.402s] Level 1:colcon.colcon_core.package_identification:_identify(.) by extension 'ignore'
[0.402s] Level 1:colcon.colcon_core.package_identification:_identify(.) by extension 'ignore_ament_install'
[0.402s] Level 1:colcon.colcon_core.package_identification:_identify(.) by extensions ['colcon_pkg']
[0.403s] Level 1:colcon.colcon_core.package_identification:_identify(.) by extension 'colcon_pkg'
[0.403s] Level 1:colcon.colcon_core.package_identification:_identify(.) by extensions ['colcon_meta']
[0.403s] Level 1:colcon.colcon_core.package_identification:_identify(.) by extension 'colcon_meta'
[0.403s] Level 1:colcon.colcon_core.package_identification:_identify(.) by extensions ['ros']
[0.403s] Level 1:colcon.colcon_core.package_identification:_identify(.) by extension 'ros'
[0.424s] DEBUG:colcon.colcon_core.package_identification:Package '.' with type 'ros.ament_cmake' and name 'graph_visual_control'
[0.424s] Level 1:colcon.colcon_core.package_discovery:discover_packages(recursive) using defaults
[0.424s] Level 1:colcon.colcon_core.package_discovery:discover_packages(ignore) discover
[0.424s] Level 1:colcon.colcon_core.package_discovery:discover_packages(ignore) using defaults
[0.424s] Level 1:colcon.colcon_core.package_discovery:discover_packages(path) discover
[0.424s] Level 1:colcon.colcon_core.package_discovery:discover_packages(path) using defaults
[0.453s] Level 5:colcon.colcon_core.verb:set package 'graph_visual_control' build argument 'cmake_args' from command line to 'None'
[0.453s] Level 5:colcon.colcon_core.verb:set package 'graph_visual_control' build argument 'cmake_target' from command line to 'None'
[0.453s] Level 5:colcon.colcon_core.verb:set package 'graph_visual_control' build argument 'cmake_target_skip_unavailable' from command line to 'False'
[0.453s] Level 5:colcon.colcon_core.verb:set package 'graph_visual_control' build argument 'cmake_clean_cache' from command line to 'False'
[0.453s] Level 5:colcon.colcon_core.verb:set package 'graph_visual_control' build argument 'cmake_clean_first' from command line to 'False'
[0.453s] Level 5:colcon.colcon_core.verb:set package 'graph_visual_control' build argument 'cmake_force_configure' from command line to 'False'
[0.453s] Level 5:colcon.colcon_core.verb:set package 'graph_visual_control' build argument 'ament_cmake_args' from command line to 'None'
[0.453s] Level 5:colcon.colcon_core.verb:set package 'graph_visual_control' build argument 'catkin_cmake_args' from command line to 'None'
[0.453s] Level 5:colcon.colcon_core.verb:set package 'graph_visual_control' build argument 'catkin_skip_building_tests' from command line to 'False'
[0.453s] DEBUG:colcon.colcon_core.verb:Building package 'graph_visual_control' with the following arguments: {'ament_cmake_args': None, 'build_base': '/ros2_ws/src/graph_visual_control/build/graph_visual_control', 'catkin_cmake_args': None, 'catkin_skip_building_tests': False, 'cmake_args': None, 'cmake_clean_cache': False, 'cmake_clean_first': False, 'cmake_force_configure': False, 'cmake_target': None, 'cmake_target_skip_unavailable': False, 'install_base': '/ros2_ws/src/graph_visual_control/install/graph_visual_control', 'merge_install': False, 'path': '/ros2_ws/src/graph_visual_control', 'symlink_install': True, 'test_result_base': None}
[0.454s] INFO:colcon.colcon_core.executor:Executing jobs using 'parallel' executor
[0.455s] DEBUG:colcon.colcon_parallel_executor.executor.parallel:run_until_complete
[0.456s] INFO:colcon.colcon_ros.task.ament_cmake.build:Building ROS package in '/ros2_ws/src/graph_visual_control' with build type 'ament_cmake'
[0.456s] INFO:colcon.colcon_cmake.task.cmake.build:Building CMake package in '/ros2_ws/src/graph_visual_control'
[0.460s] INFO:colcon.colcon_core.plugin_system:Skipping extension 'colcon_core.shell.bat': Not used on non-Windows systems
[0.460s] INFO:colcon.colcon_core.shell:Skip shell extension 'powershell' for command environment: Not usable outside of PowerShell
[0.460s] DEBUG:colcon.colcon_core.shell:Skip shell extension 'dsv' for command environment
[0.478s] DEBUG:colcon.colcon_core.event_handler.log_command:Invoking command in '/ros2_ws/src/graph_visual_control/build/graph_visual_control': CMAKE_PREFIX_PATH=${CMAKE_PREFIX_PATH}:/opt/ros/humble /usr/bin/cmake --build /ros2_ws/src/graph_visual_control/build/graph_visual_control -- -j12 -l12
[11.012s] DEBUG:colcon.colcon_core.event_handler.log_command:Invoked command in '/ros2_ws/src/graph_visual_control/build/graph_visual_control' returned '2': CMAKE_PREFIX_PATH=${CMAKE_PREFIX_PATH}:/opt/ros/humble /usr/bin/cmake --build /ros2_ws/src/graph_visual_control/build/graph_visual_control -- -j12 -l12
[11.013s] Level 1:colcon.colcon_core.environment:create_environment_scripts_only(graph_visual_control)
[11.017s] Level 1:colcon.colcon_core.environment:checking '/ros2_ws/src/graph_visual_control/install/graph_visual_control' for CMake module files
[11.018s] Level 1:colcon.colcon_core.environment:checking '/ros2_ws/src/graph_visual_control/install/graph_visual_control' for CMake config files
[11.018s] Level 1:colcon.colcon_core.shell:create_environment_hook('graph_visual_control', 'cmake_prefix_path')
[11.018s] INFO:colcon.colcon_core.shell:Creating environment hook '/ros2_ws/src/graph_visual_control/install/graph_visual_control/share/graph_visual_control/hook/cmake_prefix_path.ps1'
[11.019s] INFO:colcon.colcon_core.shell:Creating environment descriptor '/ros2_ws/src/graph_visual_control/install/graph_visual_control/share/graph_visual_control/hook/cmake_prefix_path.dsv'
[11.020s] INFO:colcon.colcon_core.shell:Creating environment hook '/ros2_ws/src/graph_visual_control/install/graph_visual_control/share/graph_visual_control/hook/cmake_prefix_path.sh'
[11.026s] Level 1:colcon.colcon_core.environment:checking '/ros2_ws/src/graph_visual_control/install/graph_visual_control/lib'
[11.026s] Level 1:colcon.colcon_core.environment:checking '/ros2_ws/src/graph_visual_control/install/graph_visual_control/bin'
[11.027s] Level 1:colcon.colcon_core.environment:checking '/ros2_ws/src/graph_visual_control/install/graph_visual_control/lib/pkgconfig/graph_visual_control.pc'
[11.029s] Level 1:colcon.colcon_core.environment:checking '/ros2_ws/src/graph_visual_control/install/graph_visual_control/lib/python3.10/site-packages'
[11.029s] Level 1:colcon.colcon_core.environment:checking '/ros2_ws/src/graph_visual_control/install/graph_visual_control/bin'
[11.030s] INFO:colcon.colcon_core.shell:Creating package script '/ros2_ws/src/graph_visual_control/install/graph_visual_control/share/graph_visual_control/package.ps1'
[11.031s] INFO:colcon.colcon_core.shell:Creating package descriptor '/ros2_ws/src/graph_visual_control/install/graph_visual_control/share/graph_visual_control/package.dsv'
[11.032s] INFO:colcon.colcon_core.shell:Creating package script '/ros2_ws/src/graph_visual_control/install/graph_visual_control/share/graph_visual_control/package.sh'
[11.060s] INFO:colcon.colcon_core.shell:Creating package script '/ros2_ws/src/graph_visual_control/install/graph_visual_control/share/graph_visual_control/package.bash'
[11.064s] INFO:colcon.colcon_core.shell:Creating package script '/ros2_ws/src/graph_visual_control/install/graph_visual_control/share/graph_visual_control/package.zsh'
[11.065s] Level 1:colcon.colcon_core.environment:create_file_with_runtime_dependencies(/ros2_ws/src/graph_visual_control/install/graph_visual_control/share/colcon-core/packages/graph_visual_control)
[11.076s] DEBUG:colcon.colcon_parallel_executor.executor.parallel:closing loop
[11.076s] DEBUG:colcon.colcon_parallel_executor.executor.parallel:loop closed
[11.076s] DEBUG:colcon.colcon_parallel_executor.executor.parallel:run_until_complete finished with '2'
[11.076s] DEBUG:colcon.colcon_core.event_reactor:joining thread
[11.085s] INFO:colcon.colcon_core.plugin_system:Skipping extension 'colcon_notification.desktop_notification.notify_send': Could not find 'notify-send'
[11.085s] INFO:colcon.colcon_core.plugin_system:Skipping extension 'colcon_notification.desktop_notification.terminal_notifier': Not used on non-Darwin systems
[11.085s] INFO:colcon.colcon_core.plugin_system:Skipping extension 'colcon_notification.desktop_notification.win32': Not used on non-Windows systems
[11.085s] INFO:colcon.colcon_notification.desktop_notification:Sending desktop notification using 'notify2'
[11.085s] DEBUG:colcon.colcon_notification.desktop_notification.notify2:Failed to initialize notify2: org.freedesktop.DBus.Error.NotSupported: Unable to autolaunch a dbus-daemon without a $DISPLAY for X11
[11.085s] DEBUG:colcon.colcon_core.event_reactor:joined thread
[11.086s] INFO:colcon.colcon_core.shell:Creating prefix script '/ros2_ws/src/graph_visual_control/install/local_setup.ps1'
[11.087s] INFO:colcon.colcon_core.shell:Creating prefix util module '/ros2_ws/src/graph_visual_control/install/_local_setup_util_ps1.py'
[11.091s] INFO:colcon.colcon_core.shell:Creating prefix chain script '/ros2_ws/src/graph_visual_control/install/setup.ps1'
[11.097s] INFO:colcon.colcon_core.shell:Creating prefix script '/ros2_ws/src/graph_visual_control/install/local_setup.sh'
[11.098s] INFO:colcon.colcon_core.shell:Creating prefix util module '/ros2_ws/src/graph_visual_control/install/_local_setup_util_sh.py'
[11.099s] INFO:colcon.colcon_core.shell:Creating prefix chain script '/ros2_ws/src/graph_visual_control/install/setup.sh'
[11.102s] INFO:colcon.colcon_core.shell:Creating prefix script '/ros2_ws/src/graph_visual_control/install/local_setup.bash'
[11.102s] INFO:colcon.colcon_core.shell:Creating prefix chain script '/ros2_ws/src/graph_visual_control/install/setup.bash'
[11.105s] INFO:colcon.colcon_core.shell:Creating prefix script '/ros2_ws/src/graph_visual_control/install/local_setup.zsh'
[11.106s] INFO:colcon.colcon_core.shell:Creating prefix chain script '/ros2_ws/src/graph_visual_control/install/setup.zsh'
