[0.040s] Invoking command in '/ros2_ws/build/acr_robot_controller': CMAKE_PREFIX_PATH=/ros2_ws/install/anscer_msgs:/ros2_ws/install/start_robot_bringup:/ros2_ws/install/anscer_agv_bringup:/ros2_ws/install/lower_level_controller:/ros2_ws/install/wms_data:/ros2_ws/install/twist_mux:/ros2_ws/install/tag_monitor:/ros2_ws/install/rosbridge_server:/ros2_ws/install/robot_pose_publisher:/ros2_ws/install/reader_modules:/ros2_ws/install/qr_navigation:/ros2_ws/install/qr_mission_scheduler:/ros2_ws/install/power_control:/ros2_ws/install/navigation_speed_control:/ros2_ws/install/lift_action:/ros2_ws/install/graph_visual_control:/ros2_ws/install/graph_server:/ros2_ws/install/global_path_graph_planner:/ros2_ws/install/global_path_graph:/ros2_ws/install/graph_creator:/ros2_ws/install/graph_creator_msgs:/ros2_ws/install/graph_control:/ros2_ws/install/graph_msgs:/ros2_ws/install/graph_creator_rviz_plugin:/ros2_ws/install/emergency_handler:/ros2_ws/install/brake_action:/ros2_ws/install/anscer_teleop:/ros2_ws/install/acr_robot_controller:/ros2_ws/install/anscer_description:/opt/ros/humble LD_LIBRARY_PATH=/ros2_ws/install/anscer_msgs/lib:/ros2_ws/install/wms_data/lib:/ros2_ws/install/twist_mux/lib:/ros2_ws/install/rosbridge_server/lib:/ros2_ws/install/qr_navigation/lib:/ros2_ws/install/qr_mission_scheduler/lib:/ros2_ws/install/lift_action/lib:/ros2_ws/install/global_path_graph_planner/lib:/ros2_ws/install/global_path_graph/lib:/ros2_ws/install/graph_creator/lib:/ros2_ws/install/graph_creator_msgs/lib:/ros2_ws/install/graph_control/lib:/ros2_ws/install/graph_msgs/lib:/ros2_ws/install/graph_creator_rviz_plugin/lib:/opt/ros/humble/opt/rviz_ogre_vendor/lib:/opt/ros/humble/lib/aarch64-linux-gnu:/opt/ros/humble/lib /usr/bin/cmake /ros2_ws/src/acr_robot_controller -DCMAKE_INSTALL_PREFIX=/ros2_ws/install/acr_robot_controller
[0.136s] -- The C compiler identification is GNU 11.4.0
[0.225s] -- The CXX compiler identification is GNU 11.4.0
[0.236s] -- Detecting C compiler ABI info
[0.360s] -- Detecting C compiler ABI info - done
[0.368s] -- Check for working C compiler: /usr/bin/cc - skipped
[0.369s] -- Detecting C compile features
[0.369s] -- Detecting C compile features - done
[0.374s] -- Detecting CXX compiler ABI info
[0.510s] -- Detecting CXX compiler ABI info - done
[0.523s] -- Check for working CXX compiler: /usr/bin/c++ - skipped
[0.524s] -- Detecting CXX compile features
[0.525s] -- Detecting CXX compile features - done
[0.534s] -- Found ament_cmake: 1.3.12 (/opt/ros/humble/share/ament_cmake/cmake)
[0.818s] -- Found Python3: /usr/bin/python3 (found version "3.10.12") found components: Interpreter 
[1.020s] -- Found rclcpp: 16.0.15 (/opt/ros/humble/share/rclcpp/cmake)
[1.106s] -- Found rosidl_generator_c: 3.1.7 (/opt/ros/humble/share/rosidl_generator_c/cmake)
[1.118s] -- Found rosidl_adapter: 3.1.7 (/opt/ros/humble/share/rosidl_adapter/cmake)
[1.134s] -- Found rosidl_generator_cpp: 3.1.7 (/opt/ros/humble/share/rosidl_generator_cpp/cmake)
[1.159s] -- Using all available rosidl_typesupport_c: rosidl_typesupport_fastrtps_c;rosidl_typesupport_introspection_c
[1.191s] -- Using all available rosidl_typesupport_cpp: rosidl_typesupport_fastrtps_cpp;rosidl_typesupport_introspection_cpp
[1.281s] -- Found rmw_implementation_cmake: 6.1.2 (/opt/ros/humble/share/rmw_implementation_cmake/cmake)
[1.288s] -- Found rmw_fastrtps_cpp: 6.2.8 (/opt/ros/humble/share/rmw_fastrtps_cpp/cmake)
[1.451s] -- Found OpenSSL: /usr/lib/aarch64-linux-gnu/libcrypto.so (found version "3.0.2")  
[1.498s] -- Found FastRTPS: /opt/ros/humble/include  
[1.574s] -- Using RMW implementation 'rmw_fastrtps_cpp' as default
[1.596s] -- Looking for pthread.h
[1.727s] -- Looking for pthread.h - found
[1.728s] -- Performing Test CMAKE_HAVE_LIBC_PTHREAD
[1.857s] -- Performing Test CMAKE_HAVE_LIBC_PTHREAD - Success
[1.857s] -- Found Threads: TRUE  
[1.940s] -- Found geometry_msgs: 4.9.0 (/opt/ros/humble/share/geometry_msgs/cmake)
[1.961s] -- Found nav_msgs: 4.9.0 (/opt/ros/humble/share/nav_msgs/cmake)
[1.987s] -- Found sensor_msgs: 4.9.0 (/opt/ros/humble/share/sensor_msgs/cmake)
[2.013s] -- Found tf2: 0.25.16 (/opt/ros/humble/share/tf2/cmake)
[2.032s] -- Found tf2_ros: 0.25.16 (/opt/ros/humble/share/tf2_ros/cmake)
[2.180s] -- Found tf2_geometry_msgs: 0.25.16 (/opt/ros/humble/share/tf2_geometry_msgs/cmake)
[2.211s] -- Found eigen3_cmake_module: 0.1.1 (/opt/ros/humble/share/eigen3_cmake_module/cmake)
[2.213s] -- Found Eigen3: TRUE (found version "3.4.0") 
[2.213s] -- Ensuring Eigen3 include directory is part of orocos-kdl CMake target
[2.215s] -- Found anscer_msgs: 0.0.0 (/ros2_ws/install/anscer_msgs/share/anscer_msgs/cmake)
[2.262s] -- Found ament_lint_auto: 0.12.14 (/opt/ros/humble/share/ament_lint_auto/cmake)
[2.439s] -- Added test 'copyright' to check source files copyright and LICENSE
[2.443s] -- Added test 'cppcheck' to perform static code analysis on C / C++ code
[2.445s] -- Configured cppcheck include dirs: /ros2_ws/src/acr_robot_controller/include/acr_robot_controller
[2.445s] -- Configured cppcheck exclude dirs and/or files: 
[2.448s] -- Added test 'cpplint' to check C / C++ code against the Google style
[2.448s] -- Configured cpplint exclude dirs and/or files: 
[2.449s] -- Added test 'flake8' to check Python code syntax and style conventions
[2.450s] -- Added test 'lint_cmake' to check CMake code style
[2.452s] -- Added test 'pep257' to check Python code against some of the docstring style conventions in PEP 257
[2.455s] -- Added test 'uncrustify' to check C / C++ code style
[2.455s] -- Configured uncrustify additional arguments: 
[2.457s] -- Added test 'xmllint' to check XML markup files
[2.462s] -- Configuring done
[2.499s] -- Generating done
[2.508s] -- Build files have been written to: /ros2_ws/build/acr_robot_controller
[2.537s] Invoked command in '/ros2_ws/build/acr_robot_controller' returned '0': CMAKE_PREFIX_PATH=/ros2_ws/install/anscer_msgs:/ros2_ws/install/start_robot_bringup:/ros2_ws/install/anscer_agv_bringup:/ros2_ws/install/lower_level_controller:/ros2_ws/install/wms_data:/ros2_ws/install/twist_mux:/ros2_ws/install/tag_monitor:/ros2_ws/install/rosbridge_server:/ros2_ws/install/robot_pose_publisher:/ros2_ws/install/reader_modules:/ros2_ws/install/qr_navigation:/ros2_ws/install/qr_mission_scheduler:/ros2_ws/install/power_control:/ros2_ws/install/navigation_speed_control:/ros2_ws/install/lift_action:/ros2_ws/install/graph_visual_control:/ros2_ws/install/graph_server:/ros2_ws/install/global_path_graph_planner:/ros2_ws/install/global_path_graph:/ros2_ws/install/graph_creator:/ros2_ws/install/graph_creator_msgs:/ros2_ws/install/graph_control:/ros2_ws/install/graph_msgs:/ros2_ws/install/graph_creator_rviz_plugin:/ros2_ws/install/emergency_handler:/ros2_ws/install/brake_action:/ros2_ws/install/anscer_teleop:/ros2_ws/install/acr_robot_controller:/ros2_ws/install/anscer_description:/opt/ros/humble LD_LIBRARY_PATH=/ros2_ws/install/anscer_msgs/lib:/ros2_ws/install/wms_data/lib:/ros2_ws/install/twist_mux/lib:/ros2_ws/install/rosbridge_server/lib:/ros2_ws/install/qr_navigation/lib:/ros2_ws/install/qr_mission_scheduler/lib:/ros2_ws/install/lift_action/lib:/ros2_ws/install/global_path_graph_planner/lib:/ros2_ws/install/global_path_graph/lib:/ros2_ws/install/graph_creator/lib:/ros2_ws/install/graph_creator_msgs/lib:/ros2_ws/install/graph_control/lib:/ros2_ws/install/graph_msgs/lib:/ros2_ws/install/graph_creator_rviz_plugin/lib:/opt/ros/humble/opt/rviz_ogre_vendor/lib:/opt/ros/humble/lib/aarch64-linux-gnu:/opt/ros/humble/lib /usr/bin/cmake /ros2_ws/src/acr_robot_controller -DCMAKE_INSTALL_PREFIX=/ros2_ws/install/acr_robot_controller
[2.539s] Invoking command in '/ros2_ws/build/acr_robot_controller': CMAKE_PREFIX_PATH=/ros2_ws/install/anscer_msgs:/ros2_ws/install/start_robot_bringup:/ros2_ws/install/anscer_agv_bringup:/ros2_ws/install/lower_level_controller:/ros2_ws/install/wms_data:/ros2_ws/install/twist_mux:/ros2_ws/install/tag_monitor:/ros2_ws/install/rosbridge_server:/ros2_ws/install/robot_pose_publisher:/ros2_ws/install/reader_modules:/ros2_ws/install/qr_navigation:/ros2_ws/install/qr_mission_scheduler:/ros2_ws/install/power_control:/ros2_ws/install/navigation_speed_control:/ros2_ws/install/lift_action:/ros2_ws/install/graph_visual_control:/ros2_ws/install/graph_server:/ros2_ws/install/global_path_graph_planner:/ros2_ws/install/global_path_graph:/ros2_ws/install/graph_creator:/ros2_ws/install/graph_creator_msgs:/ros2_ws/install/graph_control:/ros2_ws/install/graph_msgs:/ros2_ws/install/graph_creator_rviz_plugin:/ros2_ws/install/emergency_handler:/ros2_ws/install/brake_action:/ros2_ws/install/anscer_teleop:/ros2_ws/install/acr_robot_controller:/ros2_ws/install/anscer_description:/opt/ros/humble LD_LIBRARY_PATH=/ros2_ws/install/anscer_msgs/lib:/ros2_ws/install/wms_data/lib:/ros2_ws/install/twist_mux/lib:/ros2_ws/install/rosbridge_server/lib:/ros2_ws/install/qr_navigation/lib:/ros2_ws/install/qr_mission_scheduler/lib:/ros2_ws/install/lift_action/lib:/ros2_ws/install/global_path_graph_planner/lib:/ros2_ws/install/global_path_graph/lib:/ros2_ws/install/graph_creator/lib:/ros2_ws/install/graph_creator_msgs/lib:/ros2_ws/install/graph_control/lib:/ros2_ws/install/graph_msgs/lib:/ros2_ws/install/graph_creator_rviz_plugin/lib:/opt/ros/humble/opt/rviz_ogre_vendor/lib:/opt/ros/humble/lib/aarch64-linux-gnu:/opt/ros/humble/lib /usr/bin/cmake --build /ros2_ws/build/acr_robot_controller -- -j12 -l12
[2.642s] [ 28%] [32mBuilding CXX object CMakeFiles/acr_robot_controller.dir/src/LowerLevelInterface.cpp.o[0m
[2.642s] [ 28%] [32mBuilding CXX object CMakeFiles/acr_robot_controller.dir/src/acr_robot_controller_node.cpp.o[0m
[2.642s] [ 42%] [32mBuilding CXX object CMakeFiles/acr_robot_controller.dir/src/RosClass.cpp.o[0m
[2.643s] [ 57%] [32mBuilding CXX object CMakeFiles/acr_robot_controller.dir/src/RoboteqController.cpp.o[0m
[2.647s] [ 71%] [32mBuilding CXX object CMakeFiles/acr_robot_controller.dir/src/LowerLevelComputations.cpp.o[0m
[2.675s] [ 85%] [32mBuilding CXX object CMakeFiles/acr_robot_controller.dir/src/RoboteqDevice.cpp.o[0m
[33.850s] [100%] [32m[1mLinking CXX executable acr_robot_controller[0m
[36.033s] [100%] Built target acr_robot_controller
[36.530s] Invoked command in '/ros2_ws/build/acr_robot_controller' returned '0': CMAKE_PREFIX_PATH=/ros2_ws/install/anscer_msgs:/ros2_ws/install/start_robot_bringup:/ros2_ws/install/anscer_agv_bringup:/ros2_ws/install/lower_level_controller:/ros2_ws/install/wms_data:/ros2_ws/install/twist_mux:/ros2_ws/install/tag_monitor:/ros2_ws/install/rosbridge_server:/ros2_ws/install/robot_pose_publisher:/ros2_ws/install/reader_modules:/ros2_ws/install/qr_navigation:/ros2_ws/install/qr_mission_scheduler:/ros2_ws/install/power_control:/ros2_ws/install/navigation_speed_control:/ros2_ws/install/lift_action:/ros2_ws/install/graph_visual_control:/ros2_ws/install/graph_server:/ros2_ws/install/global_path_graph_planner:/ros2_ws/install/global_path_graph:/ros2_ws/install/graph_creator:/ros2_ws/install/graph_creator_msgs:/ros2_ws/install/graph_control:/ros2_ws/install/graph_msgs:/ros2_ws/install/graph_creator_rviz_plugin:/ros2_ws/install/emergency_handler:/ros2_ws/install/brake_action:/ros2_ws/install/anscer_teleop:/ros2_ws/install/acr_robot_controller:/ros2_ws/install/anscer_description:/opt/ros/humble LD_LIBRARY_PATH=/ros2_ws/install/anscer_msgs/lib:/ros2_ws/install/wms_data/lib:/ros2_ws/install/twist_mux/lib:/ros2_ws/install/rosbridge_server/lib:/ros2_ws/install/qr_navigation/lib:/ros2_ws/install/qr_mission_scheduler/lib:/ros2_ws/install/lift_action/lib:/ros2_ws/install/global_path_graph_planner/lib:/ros2_ws/install/global_path_graph/lib:/ros2_ws/install/graph_creator/lib:/ros2_ws/install/graph_creator_msgs/lib:/ros2_ws/install/graph_control/lib:/ros2_ws/install/graph_msgs/lib:/ros2_ws/install/graph_creator_rviz_plugin/lib:/opt/ros/humble/opt/rviz_ogre_vendor/lib:/opt/ros/humble/lib/aarch64-linux-gnu:/opt/ros/humble/lib /usr/bin/cmake --build /ros2_ws/build/acr_robot_controller -- -j12 -l12
[36.533s] Invoking command in '/ros2_ws/build/acr_robot_controller': CMAKE_PREFIX_PATH=/ros2_ws/install/anscer_msgs:/ros2_ws/install/start_robot_bringup:/ros2_ws/install/anscer_agv_bringup:/ros2_ws/install/lower_level_controller:/ros2_ws/install/wms_data:/ros2_ws/install/twist_mux:/ros2_ws/install/tag_monitor:/ros2_ws/install/rosbridge_server:/ros2_ws/install/robot_pose_publisher:/ros2_ws/install/reader_modules:/ros2_ws/install/qr_navigation:/ros2_ws/install/qr_mission_scheduler:/ros2_ws/install/power_control:/ros2_ws/install/navigation_speed_control:/ros2_ws/install/lift_action:/ros2_ws/install/graph_visual_control:/ros2_ws/install/graph_server:/ros2_ws/install/global_path_graph_planner:/ros2_ws/install/global_path_graph:/ros2_ws/install/graph_creator:/ros2_ws/install/graph_creator_msgs:/ros2_ws/install/graph_control:/ros2_ws/install/graph_msgs:/ros2_ws/install/graph_creator_rviz_plugin:/ros2_ws/install/emergency_handler:/ros2_ws/install/brake_action:/ros2_ws/install/anscer_teleop:/ros2_ws/install/acr_robot_controller:/ros2_ws/install/anscer_description:/opt/ros/humble LD_LIBRARY_PATH=/ros2_ws/install/anscer_msgs/lib:/ros2_ws/install/wms_data/lib:/ros2_ws/install/twist_mux/lib:/ros2_ws/install/rosbridge_server/lib:/ros2_ws/install/qr_navigation/lib:/ros2_ws/install/qr_mission_scheduler/lib:/ros2_ws/install/lift_action/lib:/ros2_ws/install/global_path_graph_planner/lib:/ros2_ws/install/global_path_graph/lib:/ros2_ws/install/graph_creator/lib:/ros2_ws/install/graph_creator_msgs/lib:/ros2_ws/install/graph_control/lib:/ros2_ws/install/graph_msgs/lib:/ros2_ws/install/graph_creator_rviz_plugin/lib:/opt/ros/humble/opt/rviz_ogre_vendor/lib:/opt/ros/humble/lib/aarch64-linux-gnu:/opt/ros/humble/lib /usr/bin/cmake --install /ros2_ws/build/acr_robot_controller
[36.941s] -- Install configuration: ""
[36.941s] -- Installing: /ros2_ws/install/acr_robot_controller/lib/acr_robot_controller/acr_robot_controller
[36.953s] -- Set runtime path of "/ros2_ws/install/acr_robot_controller/lib/acr_robot_controller/acr_robot_controller" to ""
[36.953s] -- Installing: /ros2_ws/install/acr_robot_controller/share/acr_robot_controller/launch
[36.953s] -- Installing: /ros2_ws/install/acr_robot_controller/share/acr_robot_controller/launch/acr_robot_controller.launch.py
[36.953s] -- Installing: /ros2_ws/install/acr_robot_controller/share/acr_robot_controller/config
[36.953s] -- Installing: /ros2_ws/install/acr_robot_controller/share/acr_robot_controller/config/acr_robot_controller.yaml
[36.954s] -- Installing: /ros2_ws/install/acr_robot_controller/share/ament_index/resource_index/package_run_dependencies/acr_robot_controller
[36.954s] -- Installing: /ros2_ws/install/acr_robot_controller/share/ament_index/resource_index/parent_prefix_path/acr_robot_controller
[36.954s] -- Installing: /ros2_ws/install/acr_robot_controller/share/acr_robot_controller/environment/ament_prefix_path.sh
[36.954s] -- Installing: /ros2_ws/install/acr_robot_controller/share/acr_robot_controller/environment/ament_prefix_path.dsv
[36.955s] -- Installing: /ros2_ws/install/acr_robot_controller/share/acr_robot_controller/environment/path.sh
[36.955s] -- Installing: /ros2_ws/install/acr_robot_controller/share/acr_robot_controller/environment/path.dsv
[36.955s] -- Installing: /ros2_ws/install/acr_robot_controller/share/acr_robot_controller/local_setup.bash
[36.955s] -- Installing: /ros2_ws/install/acr_robot_controller/share/acr_robot_controller/local_setup.sh
[36.955s] -- Installing: /ros2_ws/install/acr_robot_controller/share/acr_robot_controller/local_setup.zsh
[36.956s] -- Installing: /ros2_ws/install/acr_robot_controller/share/acr_robot_controller/local_setup.dsv
[36.956s] -- Installing: /ros2_ws/install/acr_robot_controller/share/acr_robot_controller/package.dsv
[36.957s] -- Installing: /ros2_ws/install/acr_robot_controller/share/ament_index/resource_index/packages/acr_robot_controller
[36.957s] -- Installing: /ros2_ws/install/acr_robot_controller/share/acr_robot_controller/cmake/acr_robot_controllerConfig.cmake
[36.957s] -- Installing: /ros2_ws/install/acr_robot_controller/share/acr_robot_controller/cmake/acr_robot_controllerConfig-version.cmake
[36.957s] -- Installing: /ros2_ws/install/acr_robot_controller/share/acr_robot_controller/package.xml
[36.961s] Invoked command in '/ros2_ws/build/acr_robot_controller' returned '0': CMAKE_PREFIX_PATH=/ros2_ws/install/anscer_msgs:/ros2_ws/install/start_robot_bringup:/ros2_ws/install/anscer_agv_bringup:/ros2_ws/install/lower_level_controller:/ros2_ws/install/wms_data:/ros2_ws/install/twist_mux:/ros2_ws/install/tag_monitor:/ros2_ws/install/rosbridge_server:/ros2_ws/install/robot_pose_publisher:/ros2_ws/install/reader_modules:/ros2_ws/install/qr_navigation:/ros2_ws/install/qr_mission_scheduler:/ros2_ws/install/power_control:/ros2_ws/install/navigation_speed_control:/ros2_ws/install/lift_action:/ros2_ws/install/graph_visual_control:/ros2_ws/install/graph_server:/ros2_ws/install/global_path_graph_planner:/ros2_ws/install/global_path_graph:/ros2_ws/install/graph_creator:/ros2_ws/install/graph_creator_msgs:/ros2_ws/install/graph_control:/ros2_ws/install/graph_msgs:/ros2_ws/install/graph_creator_rviz_plugin:/ros2_ws/install/emergency_handler:/ros2_ws/install/brake_action:/ros2_ws/install/anscer_teleop:/ros2_ws/install/acr_robot_controller:/ros2_ws/install/anscer_description:/opt/ros/humble LD_LIBRARY_PATH=/ros2_ws/install/anscer_msgs/lib:/ros2_ws/install/wms_data/lib:/ros2_ws/install/twist_mux/lib:/ros2_ws/install/rosbridge_server/lib:/ros2_ws/install/qr_navigation/lib:/ros2_ws/install/qr_mission_scheduler/lib:/ros2_ws/install/lift_action/lib:/ros2_ws/install/global_path_graph_planner/lib:/ros2_ws/install/global_path_graph/lib:/ros2_ws/install/graph_creator/lib:/ros2_ws/install/graph_creator_msgs/lib:/ros2_ws/install/graph_control/lib:/ros2_ws/install/graph_msgs/lib:/ros2_ws/install/graph_creator_rviz_plugin/lib:/opt/ros/humble/opt/rviz_ogre_vendor/lib:/opt/ros/humble/lib/aarch64-linux-gnu:/opt/ros/humble/lib /usr/bin/cmake --install /ros2_ws/build/acr_robot_controller
