[0.052s] Invoking command in '/ros2_ws/build/anscer_teleop': CMAKE_PREFIX_PATH=${CMAKE_PREFIX_PATH}:/opt/ros/humble /usr/bin/cmake /ros2_ws/src/anscer_teleop -DCMAKE_INSTALL_PREFIX=/ros2_ws/install/anscer_teleop
[3.151s] -- The C compiler identification is GNU 11.4.0
[3.152s] -- The CXX compiler identification is GNU 11.4.0
[3.152s] -- Detecting C compiler ABI info
[3.152s] -- Detecting C compiler ABI info - done
[3.152s] -- Check for working C compiler: /usr/bin/cc - skipped
[3.152s] -- Detecting C compile features
[3.152s] -- Detecting C compile features - done
[3.152s] -- Detecting CXX compiler ABI info
[3.152s] -- Detecting CXX compiler ABI info - done
[3.152s] -- Check for working CXX compiler: /usr/bin/c++ - skipped
[3.152s] -- Detecting CXX compile features
[3.152s] -- Detecting CXX compile features - done
[3.152s] -- Found ament_cmake: 1.3.12 (/opt/ros/humble/share/ament_cmake/cmake)
[3.153s] -- Found Python3: /usr/bin/python3 (found version "3.10.12") found components: Interpreter 
[3.153s] -- Found rclcpp: 16.0.15 (/opt/ros/humble/share/rclcpp/cmake)
[3.153s] -- Found rosidl_generator_c: 3.1.7 (/opt/ros/humble/share/rosidl_generator_c/cmake)
[3.153s] -- Found rosidl_adapter: 3.1.7 (/opt/ros/humble/share/rosidl_adapter/cmake)
[3.153s] -- Found rosidl_generator_cpp: 3.1.7 (/opt/ros/humble/share/rosidl_generator_cpp/cmake)
[3.153s] -- Using all available rosidl_typesupport_c: rosidl_typesupport_fastrtps_c;rosidl_typesupport_introspection_c
[3.153s] -- Using all available rosidl_typesupport_cpp: rosidl_typesupport_fastrtps_cpp;rosidl_typesupport_introspection_cpp
[3.153s] -- Found rmw_implementation_cmake: 6.1.2 (/opt/ros/humble/share/rmw_implementation_cmake/cmake)
[3.153s] -- Found rmw_fastrtps_cpp: 6.2.8 (/opt/ros/humble/share/rmw_fastrtps_cpp/cmake)
[3.153s] -- Found OpenSSL: /usr/lib/aarch64-linux-gnu/libcrypto.so (found version "3.0.2")  
[3.153s] -- Found FastRTPS: /opt/ros/humble/include  
[3.153s] -- Using RMW implementation 'rmw_fastrtps_cpp' as default
[3.153s] -- Looking for pthread.h
[3.154s] -- Looking for pthread.h - found
[3.154s] -- Performing Test CMAKE_HAVE_LIBC_PTHREAD
[3.154s] -- Performing Test CMAKE_HAVE_LIBC_PTHREAD - Success
[3.154s] -- Found Threads: TRUE  
[3.157s] -- Found geometry_msgs: 4.9.0 (/opt/ros/humble/share/geometry_msgs/cmake)
[3.158s] -- Found ament_lint_auto: 0.12.14 (/opt/ros/humble/share/ament_lint_auto/cmake)
[3.158s] -- Added test 'cppcheck' to perform static code analysis on C / C++ code
[3.158s] -- Configured cppcheck include dirs: /ros2_ws/src/anscer_teleop/include
[3.158s] -- Configured cppcheck exclude dirs and/or files: 
[3.158s] -- Added test 'flake8' to check Python code syntax and style conventions
[3.158s] -- Added test 'lint_cmake' to check CMake code style
[3.158s] -- Added test 'pep257' to check Python code against some of the docstring style conventions in PEP 257
[3.158s] -- Added test 'uncrustify' to check C / C++ code style
[3.158s] -- Configured uncrustify additional arguments: 
[3.158s] -- Added test 'xmllint' to check XML markup files
[3.158s] -- Configuring done
[3.159s] -- Generating done
[3.159s] -- Build files have been written to: /ros2_ws/build/anscer_teleop
[3.167s] Invoked command in '/ros2_ws/build/anscer_teleop' returned '0': CMAKE_PREFIX_PATH=${CMAKE_PREFIX_PATH}:/opt/ros/humble /usr/bin/cmake /ros2_ws/src/anscer_teleop -DCMAKE_INSTALL_PREFIX=/ros2_ws/install/anscer_teleop
[3.167s] Invoking command in '/ros2_ws/build/anscer_teleop': CMAKE_PREFIX_PATH=${CMAKE_PREFIX_PATH}:/opt/ros/humble /usr/bin/cmake --build /ros2_ws/build/anscer_teleop -- -j12 -l12
[3.273s] [ 50%] [32mBuilding CXX object CMakeFiles/anscer_teleop_key.dir/src/anscer_teleop_key.cpp.o[0m
[26.818s] [100%] [32m[1mLinking CXX executable anscer_teleop_key[0m
[27.965s] [100%] Built target anscer_teleop_key
[28.019s] Invoked command in '/ros2_ws/build/anscer_teleop' returned '0': CMAKE_PREFIX_PATH=${CMAKE_PREFIX_PATH}:/opt/ros/humble /usr/bin/cmake --build /ros2_ws/build/anscer_teleop -- -j12 -l12
[28.021s] Invoking command in '/ros2_ws/build/anscer_teleop': CMAKE_PREFIX_PATH=${CMAKE_PREFIX_PATH}:/opt/ros/humble /usr/bin/cmake --install /ros2_ws/build/anscer_teleop
[42.954s] -- Install configuration: ""
[42.954s] -- Installing: /ros2_ws/install/anscer_teleop/lib/anscer_teleop/anscer_teleop_key
[42.954s] -- Set runtime path of "/ros2_ws/install/anscer_teleop/lib/anscer_teleop/anscer_teleop_key" to ""
[42.954s] -- Installing: /ros2_ws/install/anscer_teleop/share/anscer_teleop//launch
[42.954s] -- Installing: /ros2_ws/install/anscer_teleop/share/anscer_teleop//launch/anscer_teleop_key_simple.launch.py
[42.954s] -- Installing: /ros2_ws/install/anscer_teleop/share/anscer_teleop//launch/anscer_teleop_key.launch.py
[42.954s] -- Installing: /ros2_ws/install/anscer_teleop/share/ament_index/resource_index/package_run_dependencies/anscer_teleop
[42.955s] -- Installing: /ros2_ws/install/anscer_teleop/share/ament_index/resource_index/parent_prefix_path/anscer_teleop
[42.955s] -- Installing: /ros2_ws/install/anscer_teleop/share/anscer_teleop/environment/ament_prefix_path.sh
[42.955s] -- Installing: /ros2_ws/install/anscer_teleop/share/anscer_teleop/environment/ament_prefix_path.dsv
[42.955s] -- Installing: /ros2_ws/install/anscer_teleop/share/anscer_teleop/environment/path.sh
[42.955s] -- Installing: /ros2_ws/install/anscer_teleop/share/anscer_teleop/environment/path.dsv
[42.955s] -- Installing: /ros2_ws/install/anscer_teleop/share/anscer_teleop/local_setup.bash
[42.955s] -- Installing: /ros2_ws/install/anscer_teleop/share/anscer_teleop/local_setup.sh
[42.955s] -- Installing: /ros2_ws/install/anscer_teleop/share/anscer_teleop/local_setup.zsh
[42.955s] -- Installing: /ros2_ws/install/anscer_teleop/share/anscer_teleop/local_setup.dsv
[42.955s] -- Installing: /ros2_ws/install/anscer_teleop/share/anscer_teleop/package.dsv
[42.955s] -- Installing: /ros2_ws/install/anscer_teleop/share/ament_index/resource_index/packages/anscer_teleop
[42.955s] -- Installing: /ros2_ws/install/anscer_teleop/share/anscer_teleop/cmake/anscer_teleopConfig.cmake
[42.955s] -- Installing: /ros2_ws/install/anscer_teleop/share/anscer_teleop/cmake/anscer_teleopConfig-version.cmake
[42.956s] -- Installing: /ros2_ws/install/anscer_teleop/share/anscer_teleop/package.xml
[43.021s] Invoked command in '/ros2_ws/build/anscer_teleop' returned '0': CMAKE_PREFIX_PATH=${CMAKE_PREFIX_PATH}:/opt/ros/humble /usr/bin/cmake --install /ros2_ws/build/anscer_teleop
