[0.020s] Invoking command in '/ros2_ws/src/graph_visual_control/build/graph_visual_control': CMAKE_PREFIX_PATH=${CMAKE_PREFIX_PATH}:/opt/ros/humble /usr/bin/cmake /ros2_ws/src/graph_visual_control -DAMENT_CMAKE_SYMLINK_INSTALL=1 -DCMAKE_INSTALL_PREFIX=/ros2_ws/src/graph_visual_control/install/graph_visual_control
[0.042s] -- Found ament_cmake: 1.3.12 (/opt/ros/humble/share/ament_cmake/cmake)
[0.242s] -- Override CMake install command with custom implementation using symlinks instead of copying resources
[0.259s] -- Found rclcpp: 16.0.15 (/opt/ros/humble/share/rclcpp/cmake)
[0.301s] -- Found rosidl_generator_c: 3.1.7 (/opt/ros/humble/share/rosidl_generator_c/cmake)
[0.304s] -- Found rosidl_adapter: 3.1.7 (/opt/ros/humble/share/rosidl_adapter/cmake)
[0.312s] -- Found rosidl_generator_cpp: 3.1.7 (/opt/ros/humble/share/rosidl_generator_cpp/cmake)
[0.326s] -- Using all available rosidl_typesupport_c: rosidl_typesupport_fastrtps_c;rosidl_typesupport_introspection_c
[0.342s] -- Using all available rosidl_typesupport_cpp: rosidl_typesupport_fastrtps_cpp;rosidl_typesupport_introspection_cpp
[0.384s] -- Found rmw_implementation_cmake: 6.1.2 (/opt/ros/humble/share/rmw_implementation_cmake/cmake)
[0.387s] -- Found rmw_fastrtps_cpp: 6.2.8 (/opt/ros/humble/share/rmw_fastrtps_cpp/cmake)
[0.536s] -- Using RMW implementation 'rmw_fastrtps_cpp' as default
[0.599s] -- Found rclcpp_action: 16.0.15 (/opt/ros/humble/share/rclcpp_action/cmake)
[0.636s] -- Found rclcpp_components: 16.0.15 (/opt/ros/humble/share/rclcpp_components/cmake)
[0.659s] -- Found geometry_msgs: 4.9.0 (/opt/ros/humble/share/geometry_msgs/cmake)
[0.675s] -- Found nav_msgs: 4.9.0 (/opt/ros/humble/share/nav_msgs/cmake)
[0.696s] -- Found visualization_msgs: 4.9.0 (/opt/ros/humble/share/visualization_msgs/cmake)
[0.742s] -- Found interactive_markers: 2.3.2 (/opt/ros/humble/share/interactive_markers/cmake)
[0.749s] -- Found nav2_msgs: 1.1.18 (/opt/ros/humble/share/nav2_msgs/cmake)
[0.778s] -- Found tf2_ros: 0.25.16 (/opt/ros/humble/share/tf2_ros/cmake)
[0.814s] -- Found tf2_geometry_msgs: 0.25.16 (/opt/ros/humble/share/tf2_geometry_msgs/cmake)
[0.818s] -- Found eigen3_cmake_module: 0.1.1 (/opt/ros/humble/share/eigen3_cmake_module/cmake)
[0.820s] -- Ensuring Eigen3 include directory is part of orocos-kdl CMake target
[0.822s] -- Found graph_msgs: 1.0.0 (/ros2_ws/install/graph_msgs/share/graph_msgs/cmake)
[0.849s] -- Found anscer_msgs: 0.0.0 (/ros2_ws/install/anscer_msgs/share/anscer_msgs/cmake)
[0.892s] -- Found ament_lint_auto: 0.12.14 (/opt/ros/humble/share/ament_lint_auto/cmake)
[1.015s] -- Added test 'copyright' to check source files copyright and LICENSE
[1.024s] -- Added test 'cppcheck' to perform static code analysis on C / C++ code
[1.025s] -- Configured cppcheck include dirs: /ros2_ws/src/graph_visual_control/include
[1.025s] -- Configured cppcheck exclude dirs and/or files: 
[1.033s] -- Added test 'cpplint' to check C / C++ code against the Google style
[1.034s] -- Configured cpplint exclude dirs and/or files: 
[1.035s] -- Added test 'flake8' to check Python code syntax and style conventions
[1.037s] -- Added test 'lint_cmake' to check CMake code style
[1.038s] -- Added test 'pep257' to check Python code against some of the docstring style conventions in PEP 257
[1.046s] -- Added test 'uncrustify' to check C / C++ code style
[1.046s] -- Configured uncrustify additional arguments: 
[1.048s] -- Added test 'xmllint' to check XML markup files
[1.049s] -- Configuring done
[1.091s] -- Generating done
[1.108s] -- Build files have been written to: /ros2_ws/src/graph_visual_control/build/graph_visual_control
[1.135s] Invoked command in '/ros2_ws/src/graph_visual_control/build/graph_visual_control' returned '0': CMAKE_PREFIX_PATH=${CMAKE_PREFIX_PATH}:/opt/ros/humble /usr/bin/cmake /ros2_ws/src/graph_visual_control -DAMENT_CMAKE_SYMLINK_INSTALL=1 -DCMAKE_INSTALL_PREFIX=/ros2_ws/src/graph_visual_control/install/graph_visual_control
[1.139s] Invoking command in '/ros2_ws/src/graph_visual_control/build/graph_visual_control': CMAKE_PREFIX_PATH=${CMAKE_PREFIX_PATH}:/opt/ros/humble /usr/bin/cmake --build /ros2_ws/src/graph_visual_control/build/graph_visual_control -- -j12 -l12
[1.231s] [ 50%] [32mBuilding CXX object CMakeFiles/graph_viz_ctrl.dir/src/graph_viz_ctrl.cpp.o[0m
[19.727s] [100%] [32m[1mLinking CXX executable graph_viz_ctrl[0m
[20.836s] [100%] Built target graph_viz_ctrl
[20.863s] Invoked command in '/ros2_ws/src/graph_visual_control/build/graph_visual_control' returned '0': CMAKE_PREFIX_PATH=${CMAKE_PREFIX_PATH}:/opt/ros/humble /usr/bin/cmake --build /ros2_ws/src/graph_visual_control/build/graph_visual_control -- -j12 -l12
[20.879s] Invoking command in '/ros2_ws/src/graph_visual_control/build/graph_visual_control': CMAKE_PREFIX_PATH=${CMAKE_PREFIX_PATH}:/opt/ros/humble /usr/bin/cmake --install /ros2_ws/src/graph_visual_control/build/graph_visual_control
[20.891s] -- Install configuration: ""
[20.892s] -- Execute custom install script
[20.892s] -- Symlinking: /ros2_ws/src/graph_visual_control/install/graph_visual_control/lib/graph_visual_control/graph_viz_ctrl
[20.905s] -- Symlinking: /ros2_ws/src/graph_visual_control/install/graph_visual_control/share/ament_index/resource_index/package_run_dependencies/graph_visual_control
[20.919s] -- Symlinking: /ros2_ws/src/graph_visual_control/install/graph_visual_control/share/ament_index/resource_index/parent_prefix_path/graph_visual_control
[20.931s] -- Symlinking: /ros2_ws/src/graph_visual_control/install/graph_visual_control/share/graph_visual_control/environment/ament_prefix_path.sh
[20.952s] -- Symlinking: /ros2_ws/src/graph_visual_control/install/graph_visual_control/share/graph_visual_control/environment/ament_prefix_path.dsv
[20.968s] -- Symlinking: /ros2_ws/src/graph_visual_control/install/graph_visual_control/share/graph_visual_control/environment/path.sh
[20.982s] -- Symlinking: /ros2_ws/src/graph_visual_control/install/graph_visual_control/share/graph_visual_control/environment/path.dsv
[21.005s] -- Symlinking: /ros2_ws/src/graph_visual_control/install/graph_visual_control/share/graph_visual_control/local_setup.bash
[21.020s] -- Symlinking: /ros2_ws/src/graph_visual_control/install/graph_visual_control/share/graph_visual_control/local_setup.sh
[21.044s] -- Symlinking: /ros2_ws/src/graph_visual_control/install/graph_visual_control/share/graph_visual_control/local_setup.zsh
[21.058s] -- Symlinking: /ros2_ws/src/graph_visual_control/install/graph_visual_control/share/graph_visual_control/local_setup.dsv
[21.076s] -- Symlinking: /ros2_ws/src/graph_visual_control/install/graph_visual_control/share/graph_visual_control/package.dsv
[21.095s] -- Symlinking: /ros2_ws/src/graph_visual_control/install/graph_visual_control/share/ament_index/resource_index/packages/graph_visual_control
[21.111s] -- Symlinking: /ros2_ws/src/graph_visual_control/install/graph_visual_control/share/graph_visual_control/cmake/graph_visual_controlConfig.cmake
[21.132s] -- Symlinking: /ros2_ws/src/graph_visual_control/install/graph_visual_control/share/graph_visual_control/cmake/graph_visual_controlConfig-version.cmake
[21.152s] -- Symlinking: /ros2_ws/src/graph_visual_control/install/graph_visual_control/share/graph_visual_control/package.xml
[21.165s] -- Installing: /ros2_ws/src/graph_visual_control/install/graph_visual_control/include/graph_visual_control
[21.165s] -- Installing: /ros2_ws/src/graph_visual_control/install/graph_visual_control/include/graph_visual_control/graph_visual_control
[21.165s] -- Installing: /ros2_ws/src/graph_visual_control/install/graph_visual_control/include/graph_visual_control/graph_visual_control/graph_viz_ctrl.hpp
[21.166s] -- Installing: /ros2_ws/src/graph_visual_control/install/graph_visual_control/share/graph_visual_control/launch
[21.166s] -- Installing: /ros2_ws/src/graph_visual_control/install/graph_visual_control/share/graph_visual_control/launch/graph_visual_control.launch.py
[21.176s] Invoked command in '/ros2_ws/src/graph_visual_control/build/graph_visual_control' returned '0': CMAKE_PREFIX_PATH=${CMAKE_PREFIX_PATH}:/opt/ros/humble /usr/bin/cmake --install /ros2_ws/src/graph_visual_control/build/graph_visual_control
