-- The C compiler identification is GNU 11.4.0
-- The CXX compiler identification is GNU 11.4.0
-- Detecting C compiler ABI info
-- Detecting C compiler ABI info - done
-- Check for working C compiler: /usr/bin/cc - skipped
-- Detecting C compile features
-- Detecting C compile features - done
-- Detecting CXX compiler ABI info
-- Detecting CXX compiler ABI info - done
-- Check for working CXX compiler: /usr/bin/c++ - skipped
-- Detecting CXX compile features
-- Detecting CXX compile features - done
-- Found ament_cmake: 1.3.12 (/opt/ros/humble/share/ament_cmake/cmake)
-- Found Python3: /usr/bin/python3 (found version "3.10.12") found components: Interpreter 
-- Found rclcpp: 16.0.15 (/opt/ros/humble/share/rclcpp/cmake)
-- Found rosidl_generator_c: 3.1.7 (/opt/ros/humble/share/rosidl_generator_c/cmake)
-- Found rosidl_adapter: 3.1.7 (/opt/ros/humble/share/rosidl_adapter/cmake)
-- Found rosidl_generator_cpp: 3.1.7 (/opt/ros/humble/share/rosidl_generator_cpp/cmake)
-- Using all available rosidl_typesupport_c: rosidl_typesupport_fastrtps_c;rosidl_typesupport_introspection_c
-- Using all available rosidl_typesupport_cpp: rosidl_typesupport_fastrtps_cpp;rosidl_typesupport_introspection_cpp
-- Found rmw_implementation_cmake: 6.1.2 (/opt/ros/humble/share/rmw_implementation_cmake/cmake)
-- Found rmw_fastrtps_cpp: 6.2.8 (/opt/ros/humble/share/rmw_fastrtps_cpp/cmake)
-- Found OpenSSL: /usr/lib/aarch64-linux-gnu/libcrypto.so (found version "3.0.2")  
-- Found FastRTPS: /opt/ros/humble/include  
-- Using RMW implementation 'rmw_fastrtps_cpp' as default
-- Looking for pthread.h
-- Looking for pthread.h - found
-- Performing Test CMAKE_HAVE_LIBC_PTHREAD
-- Performing Test CMAKE_HAVE_LIBC_PTHREAD - Success
-- Found Threads: TRUE  
-- Found geometry_msgs: 4.9.0 (/opt/ros/humble/share/geometry_msgs/cmake)
-- Found nav_msgs: 4.9.0 (/opt/ros/humble/share/nav_msgs/cmake)
-- Found graph_msgs: 1.0.0 (/ros2_ws/install/graph_msgs/share/graph_msgs/cmake)
-- Found ament_lint_auto: 0.12.14 (/opt/ros/humble/share/ament_lint_auto/cmake)
-- Added test 'copyright' to check source files copyright and LICENSE
-- Added test 'cppcheck' to perform static code analysis on C / C++ code
-- Configured cppcheck include dirs: /ros2_ws/src/graph_server/include
-- Configured cppcheck exclude dirs and/or files: 
-- Added test 'cpplint' to check C / C++ code against the Google style
-- Configured cpplint exclude dirs and/or files: 
-- Added test 'flake8' to check Python code syntax and style conventions
-- Added test 'lint_cmake' to check CMake code style
-- Added test 'pep257' to check Python code against some of the docstring style conventions in PEP 257
-- Added test 'uncrustify' to check C / C++ code style
-- Configured uncrustify additional arguments: 
-- Added test 'xmllint' to check XML markup files
-- Configuring done
-- Generating done
-- Build files have been written to: /ros2_ws/build/graph_server
[ 50%] [32mBuilding CXX object CMakeFiles/graph_server.dir/src/graph_server.cpp.o[0m
[100%] [32m[1mLinking CXX executable graph_server[0m
[100%] Built target graph_server
-- Install configuration: ""
-- Installing: /ros2_ws/install/graph_server/lib/graph_server/graph_server
-- Set runtime path of "/ros2_ws/install/graph_server/lib/graph_server/graph_server" to ""
-- Installing: /ros2_ws/install/graph_server/include/
-- Installing: /ros2_ws/install/graph_server/include//graph_server
-- Installing: /ros2_ws/install/graph_server/include//graph_server/graph_server.hpp
-- Installing: /ros2_ws/install/graph_server/share/graph_server/config
-- Installing: /ros2_ws/install/graph_server/share/graph_server/config/graph_server_params.yaml
-- Installing: /ros2_ws/install/graph_server/share/graph_server/launch
-- Installing: /ros2_ws/install/graph_server/share/graph_server/launch/graph_server.launch.py
-- Installing: /ros2_ws/install/graph_server/share/graph_server/graphs
-- Installing: /ros2_ws/install/graph_server/share/graph_server/graphs/arapl_v6.graphml
-- Installing: /ros2_ws/install/graph_server/share/graph_server/graphs/arapl_v6_old.graphml
-- Installing: /ros2_ws/install/graph_server/share/ament_index/resource_index/package_run_dependencies/graph_server
-- Installing: /ros2_ws/install/graph_server/share/ament_index/resource_index/parent_prefix_path/graph_server
-- Installing: /ros2_ws/install/graph_server/share/graph_server/environment/ament_prefix_path.sh
-- Installing: /ros2_ws/install/graph_server/share/graph_server/environment/ament_prefix_path.dsv
-- Installing: /ros2_ws/install/graph_server/share/graph_server/environment/path.sh
-- Installing: /ros2_ws/install/graph_server/share/graph_server/environment/path.dsv
-- Installing: /ros2_ws/install/graph_server/share/graph_server/local_setup.bash
-- Installing: /ros2_ws/install/graph_server/share/graph_server/local_setup.sh
-- Installing: /ros2_ws/install/graph_server/share/graph_server/local_setup.zsh
-- Installing: /ros2_ws/install/graph_server/share/graph_server/local_setup.dsv
-- Installing: /ros2_ws/install/graph_server/share/graph_server/package.dsv
-- Installing: /ros2_ws/install/graph_server/share/ament_index/resource_index/packages/graph_server
-- Installing: /ros2_ws/install/graph_server/share/graph_server/cmake/graph_serverConfig.cmake
-- Installing: /ros2_ws/install/graph_server/share/graph_server/cmake/graph_serverConfig-version.cmake
-- Installing: /ros2_ws/install/graph_server/share/graph_server/package.xml
