[0.050s] Invoking command in '/ros2_ws/build/graph_control': CMAKE_PREFIX_PATH=/ros2_ws/install/graph_msgs:/ros2_ws/install/start_robot_bringup:/ros2_ws/install/anscer_agv_bringup:/ros2_ws/install/lower_level_controller:/ros2_ws/install/wms_data:/ros2_ws/install/twist_mux:/ros2_ws/install/tag_monitor:/ros2_ws/install/rosbridge_server:/ros2_ws/install/robot_pose_publisher:/ros2_ws/install/reader_modules:/ros2_ws/install/qr_navigation:/ros2_ws/install/qr_mission_scheduler:/ros2_ws/install/power_control:/ros2_ws/install/navigation_speed_control:/ros2_ws/install/lift_action:/ros2_ws/install/graph_visual_control:/ros2_ws/install/graph_server:/ros2_ws/install/global_path_graph_planner:/ros2_ws/install/global_path_graph:/ros2_ws/install/graph_creator:/ros2_ws/install/graph_creator_msgs:/ros2_ws/install/graph_control:/ros2_ws/install/graph_creator_rviz_plugin:/ros2_ws/install/emergency_handler:/ros2_ws/install/brake_action:/ros2_ws/install/anscer_teleop:/ros2_ws/install/acr_robot_controller:/ros2_ws/install/anscer_msgs:/ros2_ws/install/anscer_description:/opt/ros/humble LD_LIBRARY_PATH=/ros2_ws/install/graph_msgs/lib:/ros2_ws/install/wms_data/lib:/ros2_ws/install/twist_mux/lib:/ros2_ws/install/rosbridge_server/lib:/ros2_ws/install/qr_navigation/lib:/ros2_ws/install/qr_mission_scheduler/lib:/ros2_ws/install/lift_action/lib:/ros2_ws/install/global_path_graph_planner/lib:/ros2_ws/install/global_path_graph/lib:/ros2_ws/install/graph_creator/lib:/ros2_ws/install/graph_creator_msgs/lib:/ros2_ws/install/graph_control/lib:/ros2_ws/install/graph_creator_rviz_plugin/lib:/ros2_ws/install/anscer_msgs/lib:/opt/ros/humble/opt/rviz_ogre_vendor/lib:/opt/ros/humble/lib/aarch64-linux-gnu:/opt/ros/humble/lib /usr/bin/cmake /ros2_ws/src/graph_control -DCMAKE_INSTALL_PREFIX=/ros2_ws/install/graph_control
[5.870s] -- The C compiler identification is GNU 11.4.0
[5.870s] -- The CXX compiler identification is GNU 11.4.0
[5.870s] -- Detecting C compiler ABI info
[5.871s] -- Detecting C compiler ABI info - done
[5.871s] -- Check for working C compiler: /usr/bin/cc - skipped
[5.871s] -- Detecting C compile features
[5.871s] -- Detecting C compile features - done
[5.871s] -- Detecting CXX compiler ABI info
[5.871s] -- Detecting CXX compiler ABI info - done
[5.871s] -- Check for working CXX compiler: /usr/bin/c++ - skipped
[5.871s] -- Detecting CXX compile features
[5.871s] -- Detecting CXX compile features - done
[5.871s] -- Found ament_cmake: 1.3.12 (/opt/ros/humble/share/ament_cmake/cmake)
[5.871s] -- Found Python3: /usr/bin/python3 (found version "3.10.12") found components: Interpreter 
[5.871s] -- Found rclcpp: 16.0.15 (/opt/ros/humble/share/rclcpp/cmake)
[5.872s] -- Found rosidl_generator_c: 3.1.7 (/opt/ros/humble/share/rosidl_generator_c/cmake)
[5.872s] -- Found rosidl_adapter: 3.1.7 (/opt/ros/humble/share/rosidl_adapter/cmake)
[5.872s] -- Found rosidl_generator_cpp: 3.1.7 (/opt/ros/humble/share/rosidl_generator_cpp/cmake)
[5.872s] -- Using all available rosidl_typesupport_c: rosidl_typesupport_fastrtps_c;rosidl_typesupport_introspection_c
[5.872s] -- Using all available rosidl_typesupport_cpp: rosidl_typesupport_fastrtps_cpp;rosidl_typesupport_introspection_cpp
[5.872s] -- Found rmw_implementation_cmake: 6.1.2 (/opt/ros/humble/share/rmw_implementation_cmake/cmake)
[5.872s] -- Found rmw_fastrtps_cpp: 6.2.8 (/opt/ros/humble/share/rmw_fastrtps_cpp/cmake)
[5.872s] -- Found OpenSSL: /usr/lib/aarch64-linux-gnu/libcrypto.so (found version "3.0.2")  
[5.872s] -- Found FastRTPS: /opt/ros/humble/include  
[5.872s] -- Using RMW implementation 'rmw_fastrtps_cpp' as default
[5.872s] -- Looking for pthread.h
[5.873s] -- Looking for pthread.h - found
[5.873s] -- Performing Test CMAKE_HAVE_LIBC_PTHREAD
[5.873s] -- Performing Test CMAKE_HAVE_LIBC_PTHREAD - Success
[5.873s] -- Found Threads: TRUE  
[5.873s] -- Found rclpy: 3.3.17 (/opt/ros/humble/share/rclpy/cmake)
[5.873s] -- Found pluginlib: 5.1.0 (/opt/ros/humble/share/pluginlib/cmake)
[5.873s] -- Found geometry_msgs: 4.9.0 (/opt/ros/humble/share/geometry_msgs/cmake)
[5.873s] -- Found nav_msgs: 4.9.0 (/opt/ros/humble/share/nav_msgs/cmake)
[5.873s] -- Found graph_msgs: 1.0.0 (/ros2_ws/install/graph_msgs/share/graph_msgs/cmake)
[5.873s] -- Found action_msgs: 1.2.2 (/opt/ros/humble/share/action_msgs/cmake)
[5.873s] -- Found nav2_msgs: 1.1.18 (/opt/ros/humble/share/nav2_msgs/cmake)
[5.873s] -- Found tf2: 0.25.16 (/opt/ros/humble/share/tf2/cmake)
[5.873s] -- Found tf2_ros: 0.25.16 (/opt/ros/humble/share/tf2_ros/cmake)
[5.874s] -- Found tf2_geometry_msgs: 0.25.16 (/opt/ros/humble/share/tf2_geometry_msgs/cmake)
[5.874s] -- Found eigen3_cmake_module: 0.1.1 (/opt/ros/humble/share/eigen3_cmake_module/cmake)
[5.874s] -- Found Eigen3: TRUE (found version "3.4.0") 
[5.874s] -- Ensuring Eigen3 include directory is part of orocos-kdl CMake target
[5.874s] -- Found ament_lint_auto: 0.12.14 (/opt/ros/humble/share/ament_lint_auto/cmake)
[5.874s] -- Added test 'cppcheck' to perform static code analysis on C / C++ code
[5.874s] -- Configured cppcheck include dirs: /ros2_ws/src/graph_control/include
[5.874s] -- Configured cppcheck exclude dirs and/or files: 
[5.874s] -- Added test 'lint_cmake' to check CMake code style
[5.874s] -- Added test 'uncrustify' to check C / C++ code style
[5.874s] -- Configured uncrustify additional arguments: 
[5.874s] -- Added test 'xmllint' to check XML markup files
[5.874s] -- Configuring done
[5.875s] -- Generating done
[5.875s] -- Build files have been written to: /ros2_ws/build/graph_control
[5.880s] Invoked command in '/ros2_ws/build/graph_control' returned '0': CMAKE_PREFIX_PATH=/ros2_ws/install/graph_msgs:/ros2_ws/install/start_robot_bringup:/ros2_ws/install/anscer_agv_bringup:/ros2_ws/install/lower_level_controller:/ros2_ws/install/wms_data:/ros2_ws/install/twist_mux:/ros2_ws/install/tag_monitor:/ros2_ws/install/rosbridge_server:/ros2_ws/install/robot_pose_publisher:/ros2_ws/install/reader_modules:/ros2_ws/install/qr_navigation:/ros2_ws/install/qr_mission_scheduler:/ros2_ws/install/power_control:/ros2_ws/install/navigation_speed_control:/ros2_ws/install/lift_action:/ros2_ws/install/graph_visual_control:/ros2_ws/install/graph_server:/ros2_ws/install/global_path_graph_planner:/ros2_ws/install/global_path_graph:/ros2_ws/install/graph_creator:/ros2_ws/install/graph_creator_msgs:/ros2_ws/install/graph_control:/ros2_ws/install/graph_creator_rviz_plugin:/ros2_ws/install/emergency_handler:/ros2_ws/install/brake_action:/ros2_ws/install/anscer_teleop:/ros2_ws/install/acr_robot_controller:/ros2_ws/install/anscer_msgs:/ros2_ws/install/anscer_description:/opt/ros/humble LD_LIBRARY_PATH=/ros2_ws/install/graph_msgs/lib:/ros2_ws/install/wms_data/lib:/ros2_ws/install/twist_mux/lib:/ros2_ws/install/rosbridge_server/lib:/ros2_ws/install/qr_navigation/lib:/ros2_ws/install/qr_mission_scheduler/lib:/ros2_ws/install/lift_action/lib:/ros2_ws/install/global_path_graph_planner/lib:/ros2_ws/install/global_path_graph/lib:/ros2_ws/install/graph_creator/lib:/ros2_ws/install/graph_creator_msgs/lib:/ros2_ws/install/graph_control/lib:/ros2_ws/install/graph_creator_rviz_plugin/lib:/ros2_ws/install/anscer_msgs/lib:/opt/ros/humble/opt/rviz_ogre_vendor/lib:/opt/ros/humble/lib/aarch64-linux-gnu:/opt/ros/humble/lib /usr/bin/cmake /ros2_ws/src/graph_control -DCMAKE_INSTALL_PREFIX=/ros2_ws/install/graph_control
[5.881s] Invoking command in '/ros2_ws/build/graph_control': CMAKE_PREFIX_PATH=/ros2_ws/install/graph_msgs:/ros2_ws/install/start_robot_bringup:/ros2_ws/install/anscer_agv_bringup:/ros2_ws/install/lower_level_controller:/ros2_ws/install/wms_data:/ros2_ws/install/twist_mux:/ros2_ws/install/tag_monitor:/ros2_ws/install/rosbridge_server:/ros2_ws/install/robot_pose_publisher:/ros2_ws/install/reader_modules:/ros2_ws/install/qr_navigation:/ros2_ws/install/qr_mission_scheduler:/ros2_ws/install/power_control:/ros2_ws/install/navigation_speed_control:/ros2_ws/install/lift_action:/ros2_ws/install/graph_visual_control:/ros2_ws/install/graph_server:/ros2_ws/install/global_path_graph_planner:/ros2_ws/install/global_path_graph:/ros2_ws/install/graph_creator:/ros2_ws/install/graph_creator_msgs:/ros2_ws/install/graph_control:/ros2_ws/install/graph_creator_rviz_plugin:/ros2_ws/install/emergency_handler:/ros2_ws/install/brake_action:/ros2_ws/install/anscer_teleop:/ros2_ws/install/acr_robot_controller:/ros2_ws/install/anscer_msgs:/ros2_ws/install/anscer_description:/opt/ros/humble LD_LIBRARY_PATH=/ros2_ws/install/graph_msgs/lib:/ros2_ws/install/wms_data/lib:/ros2_ws/install/twist_mux/lib:/ros2_ws/install/rosbridge_server/lib:/ros2_ws/install/qr_navigation/lib:/ros2_ws/install/qr_mission_scheduler/lib:/ros2_ws/install/lift_action/lib:/ros2_ws/install/global_path_graph_planner/lib:/ros2_ws/install/global_path_graph/lib:/ros2_ws/install/graph_creator/lib:/ros2_ws/install/graph_creator_msgs/lib:/ros2_ws/install/graph_control/lib:/ros2_ws/install/graph_creator_rviz_plugin/lib:/ros2_ws/install/anscer_msgs/lib:/opt/ros/humble/opt/rviz_ogre_vendor/lib:/opt/ros/humble/lib/aarch64-linux-gnu:/opt/ros/humble/lib /usr/bin/cmake --build /ros2_ws/build/graph_control -- -j12 -l12
[6.911s] [ 50%] [32mBuilding CXX object CMakeFiles/graph_control_plugin_loader.dir/src/graph_control_plugin_loader.cpp.o[0m
[17.434s] [100%] [32m[1mLinking CXX shared library libgraph_control_plugin_loader.so[0m
[17.868s] [100%] Built target graph_control_plugin_loader
[17.889s] Invoked command in '/ros2_ws/build/graph_control' returned '0': CMAKE_PREFIX_PATH=/ros2_ws/install/graph_msgs:/ros2_ws/install/start_robot_bringup:/ros2_ws/install/anscer_agv_bringup:/ros2_ws/install/lower_level_controller:/ros2_ws/install/wms_data:/ros2_ws/install/twist_mux:/ros2_ws/install/tag_monitor:/ros2_ws/install/rosbridge_server:/ros2_ws/install/robot_pose_publisher:/ros2_ws/install/reader_modules:/ros2_ws/install/qr_navigation:/ros2_ws/install/qr_mission_scheduler:/ros2_ws/install/power_control:/ros2_ws/install/navigation_speed_control:/ros2_ws/install/lift_action:/ros2_ws/install/graph_visual_control:/ros2_ws/install/graph_server:/ros2_ws/install/global_path_graph_planner:/ros2_ws/install/global_path_graph:/ros2_ws/install/graph_creator:/ros2_ws/install/graph_creator_msgs:/ros2_ws/install/graph_control:/ros2_ws/install/graph_creator_rviz_plugin:/ros2_ws/install/emergency_handler:/ros2_ws/install/brake_action:/ros2_ws/install/anscer_teleop:/ros2_ws/install/acr_robot_controller:/ros2_ws/install/anscer_msgs:/ros2_ws/install/anscer_description:/opt/ros/humble LD_LIBRARY_PATH=/ros2_ws/install/graph_msgs/lib:/ros2_ws/install/wms_data/lib:/ros2_ws/install/twist_mux/lib:/ros2_ws/install/rosbridge_server/lib:/ros2_ws/install/qr_navigation/lib:/ros2_ws/install/qr_mission_scheduler/lib:/ros2_ws/install/lift_action/lib:/ros2_ws/install/global_path_graph_planner/lib:/ros2_ws/install/global_path_graph/lib:/ros2_ws/install/graph_creator/lib:/ros2_ws/install/graph_creator_msgs/lib:/ros2_ws/install/graph_control/lib:/ros2_ws/install/graph_creator_rviz_plugin/lib:/ros2_ws/install/anscer_msgs/lib:/opt/ros/humble/opt/rviz_ogre_vendor/lib:/opt/ros/humble/lib/aarch64-linux-gnu:/opt/ros/humble/lib /usr/bin/cmake --build /ros2_ws/build/graph_control -- -j12 -l12
[17.893s] Invoking command in '/ros2_ws/build/graph_control': CMAKE_PREFIX_PATH=/ros2_ws/install/graph_msgs:/ros2_ws/install/start_robot_bringup:/ros2_ws/install/anscer_agv_bringup:/ros2_ws/install/lower_level_controller:/ros2_ws/install/wms_data:/ros2_ws/install/twist_mux:/ros2_ws/install/tag_monitor:/ros2_ws/install/rosbridge_server:/ros2_ws/install/robot_pose_publisher:/ros2_ws/install/reader_modules:/ros2_ws/install/qr_navigation:/ros2_ws/install/qr_mission_scheduler:/ros2_ws/install/power_control:/ros2_ws/install/navigation_speed_control:/ros2_ws/install/lift_action:/ros2_ws/install/graph_visual_control:/ros2_ws/install/graph_server:/ros2_ws/install/global_path_graph_planner:/ros2_ws/install/global_path_graph:/ros2_ws/install/graph_creator:/ros2_ws/install/graph_creator_msgs:/ros2_ws/install/graph_control:/ros2_ws/install/graph_creator_rviz_plugin:/ros2_ws/install/emergency_handler:/ros2_ws/install/brake_action:/ros2_ws/install/anscer_teleop:/ros2_ws/install/acr_robot_controller:/ros2_ws/install/anscer_msgs:/ros2_ws/install/anscer_description:/opt/ros/humble LD_LIBRARY_PATH=/ros2_ws/install/graph_msgs/lib:/ros2_ws/install/wms_data/lib:/ros2_ws/install/twist_mux/lib:/ros2_ws/install/rosbridge_server/lib:/ros2_ws/install/qr_navigation/lib:/ros2_ws/install/qr_mission_scheduler/lib:/ros2_ws/install/lift_action/lib:/ros2_ws/install/global_path_graph_planner/lib:/ros2_ws/install/global_path_graph/lib:/ros2_ws/install/graph_creator/lib:/ros2_ws/install/graph_creator_msgs/lib:/ros2_ws/install/graph_control/lib:/ros2_ws/install/graph_creator_rviz_plugin/lib:/ros2_ws/install/anscer_msgs/lib:/opt/ros/humble/opt/rviz_ogre_vendor/lib:/opt/ros/humble/lib/aarch64-linux-gnu:/opt/ros/humble/lib /usr/bin/cmake --install /ros2_ws/build/graph_control
[17.905s] -- Install configuration: ""
[17.906s] -- Installing: /ros2_ws/install/graph_control/lib/libgraph_control_plugin_loader.so
[17.909s] -- Set runtime path of "/ros2_ws/install/graph_control/lib/libgraph_control_plugin_loader.so" to ""
[17.909s] -- Installing: /ros2_ws/install/graph_control/include/graph_control
[17.909s] -- Installing: /ros2_ws/install/graph_control/include/graph_control/graph_control
[17.909s] -- Installing: /ros2_ws/install/graph_control/include/graph_control/graph_control/base_graph_control.hpp
[17.909s] -- Installing: /ros2_ws/install/graph_control/include/graph_control/graph_control/graph_control_plugin_loader.hpp
[17.910s] -- Installing: /ros2_ws/install/graph_control/share/graph_control/environment/library_path.sh
[17.910s] -- Installing: /ros2_ws/install/graph_control/share/graph_control/environment/library_path.dsv
[17.910s] -- Installing: /ros2_ws/install/graph_control/share/ament_index/resource_index/package_run_dependencies/graph_control
[17.910s] -- Installing: /ros2_ws/install/graph_control/share/ament_index/resource_index/parent_prefix_path/graph_control
[17.910s] -- Installing: /ros2_ws/install/graph_control/share/graph_control/environment/ament_prefix_path.sh
[17.911s] -- Installing: /ros2_ws/install/graph_control/share/graph_control/environment/ament_prefix_path.dsv
[17.911s] -- Installing: /ros2_ws/install/graph_control/share/graph_control/environment/path.sh
[17.911s] -- Installing: /ros2_ws/install/graph_control/share/graph_control/environment/path.dsv
[17.911s] -- Installing: /ros2_ws/install/graph_control/share/graph_control/local_setup.bash
[17.911s] -- Installing: /ros2_ws/install/graph_control/share/graph_control/local_setup.sh
[17.912s] -- Installing: /ros2_ws/install/graph_control/share/graph_control/local_setup.zsh
[17.912s] -- Installing: /ros2_ws/install/graph_control/share/graph_control/local_setup.dsv
[17.912s] -- Installing: /ros2_ws/install/graph_control/share/graph_control/package.dsv
[17.912s] -- Installing: /ros2_ws/install/graph_control/share/ament_index/resource_index/packages/graph_control
[17.913s] -- Installing: /ros2_ws/install/graph_control/share/graph_control/cmake/export_graph_controlExport.cmake
[17.913s] -- Installing: /ros2_ws/install/graph_control/share/graph_control/cmake/export_graph_controlExport-noconfig.cmake
[17.913s] -- Installing: /ros2_ws/install/graph_control/share/graph_control/cmake/ament_cmake_export_targets-extras.cmake
[17.914s] -- Installing: /ros2_ws/install/graph_control/share/graph_control/cmake/ament_cmake_export_dependencies-extras.cmake
[17.914s] -- Installing: /ros2_ws/install/graph_control/share/graph_control/cmake/ament_cmake_export_include_directories-extras.cmake
[17.914s] -- Installing: /ros2_ws/install/graph_control/share/graph_control/cmake/graph_controlConfig.cmake
[17.914s] -- Installing: /ros2_ws/install/graph_control/share/graph_control/cmake/graph_controlConfig-version.cmake
[17.914s] -- Installing: /ros2_ws/install/graph_control/share/graph_control/package.xml
[17.919s] Invoked command in '/ros2_ws/build/graph_control' returned '0': CMAKE_PREFIX_PATH=/ros2_ws/install/graph_msgs:/ros2_ws/install/start_robot_bringup:/ros2_ws/install/anscer_agv_bringup:/ros2_ws/install/lower_level_controller:/ros2_ws/install/wms_data:/ros2_ws/install/twist_mux:/ros2_ws/install/tag_monitor:/ros2_ws/install/rosbridge_server:/ros2_ws/install/robot_pose_publisher:/ros2_ws/install/reader_modules:/ros2_ws/install/qr_navigation:/ros2_ws/install/qr_mission_scheduler:/ros2_ws/install/power_control:/ros2_ws/install/navigation_speed_control:/ros2_ws/install/lift_action:/ros2_ws/install/graph_visual_control:/ros2_ws/install/graph_server:/ros2_ws/install/global_path_graph_planner:/ros2_ws/install/global_path_graph:/ros2_ws/install/graph_creator:/ros2_ws/install/graph_creator_msgs:/ros2_ws/install/graph_control:/ros2_ws/install/graph_creator_rviz_plugin:/ros2_ws/install/emergency_handler:/ros2_ws/install/brake_action:/ros2_ws/install/anscer_teleop:/ros2_ws/install/acr_robot_controller:/ros2_ws/install/anscer_msgs:/ros2_ws/install/anscer_description:/opt/ros/humble LD_LIBRARY_PATH=/ros2_ws/install/graph_msgs/lib:/ros2_ws/install/wms_data/lib:/ros2_ws/install/twist_mux/lib:/ros2_ws/install/rosbridge_server/lib:/ros2_ws/install/qr_navigation/lib:/ros2_ws/install/qr_mission_scheduler/lib:/ros2_ws/install/lift_action/lib:/ros2_ws/install/global_path_graph_planner/lib:/ros2_ws/install/global_path_graph/lib:/ros2_ws/install/graph_creator/lib:/ros2_ws/install/graph_creator_msgs/lib:/ros2_ws/install/graph_control/lib:/ros2_ws/install/graph_creator_rviz_plugin/lib:/ros2_ws/install/anscer_msgs/lib:/opt/ros/humble/opt/rviz_ogre_vendor/lib:/opt/ros/humble/lib/aarch64-linux-gnu:/opt/ros/humble/lib /usr/bin/cmake --install /ros2_ws/build/graph_control
